Using worker: worker-linux-docker-94583312.prod.travis-ci.org:travis-linux-4

travis_fold:start:system_info[0K[33;1mBuild system information[0m
Build language: java
Build group: stable
Build dist: precise
[34m[1mBuild image provisioning date and time[0m
Thu Feb  5 15:09:33 UTC 2015
[34m[1mOperating System Details[0m
Distributor ID:	Ubuntu
Description:	Ubuntu 12.04.5 LTS
Release:	12.04
Codename:	precise
[34m[1mLinux Version[0m
3.13.0-29-generic
[34m[1mCookbooks Version[0m
a68419e https://github.com/travis-ci/travis-cookbooks/tree/a68419e
[34m[1mGCC version[0m
gcc (Ubuntu/Linaro 4.6.3-1ubuntu5) 4.6.3
Copyright (C) 2011 Free Software Foundation, Inc.
This is free software; see the source for copying conditions.  There is NO
warranty; not even for MERCHANTABILITY or FITNESS FOR A PARTICULAR PURPOSE.

[34m[1mLLVM version[0m
clang version 3.4 (tags/RELEASE_34/final)
Target: x86_64-unknown-linux-gnu
Thread model: posix
[34m[1mPre-installed Ruby versions[0m
ruby-1.9.3-p551
[34m[1mPre-installed Node.js versions[0m
v0.10.36
[34m[1mPre-installed Go versions[0m
1.4.1
[34m[1mRedis version[0m
redis-server 2.8.19
[34m[1mriak version[0m
2.0.2
[34m[1mMongoDB version[0m
MongoDB 2.4.12
[34m[1mCouchDB version[0m
couchdb 1.6.1
[34m[1mNeo4j version[0m
1.9.4
[34m[1mRabbitMQ Version[0m
3.4.3
[34m[1mElasticSearch version[0m
1.4.0
[34m[1mInstalled Sphinx versions[0m
2.0.10
2.1.9
2.2.6
[34m[1mDefault Sphinx version[0m
2.2.6
[34m[1mInstalled Firefox version[0m
firefox 31.0esr
[34m[1mPhantomJS version[0m
1.9.8
[34m[1mant -version[0m
Apache Ant(TM) version 1.8.2 compiled on December 3 2011
[34m[1mmvn -version[0m
Apache Maven 3.2.5 (12a6b3acb947671f09b81f49094c53f426d8cea1; 2014-12-14T17:29:23+00:00)
Maven home: /usr/local/maven
Java version: 1.7.0_76, vendor: Oracle Corporation
Java home: /usr/lib/jvm/java-7-oracle/jre
Default locale: en_US, platform encoding: ANSI_X3.4-1968
OS name: "linux", version: "3.13.0-29-generic", arch: "amd64", family: "unix"
travis_fold:end:system_info[0K
travis_fold:start:fix.CVE-2015-7547[0K$ export DEBIAN_FRONTEND=noninteractive
W: Size of file /var/lib/apt/lists/us.archive.ubuntu.com_ubuntu_dists_precise-backports_multiverse_source_Sources.gz is not what the server reported 5886 5888
W: Size of file /var/lib/apt/lists/ppa.launchpad.net_ubuntugis_ppa_ubuntu_dists_precise_main_binary-amd64_Packages.gz is not what the server reported 36669 36677
W: Size of file /var/lib/apt/lists/ppa.launchpad.net_ubuntugis_ppa_ubuntu_dists_precise_main_binary-i386_Packages.gz is not what the server reported 36729 36733
Reading package lists...
Building dependency tree...
Reading state information...
The following extra packages will be installed:
  libc-bin libc-dev-bin libc6-dev
Suggested packages:
  glibc-doc
The following packages will be upgraded:
  libc-bin libc-dev-bin libc6 libc6-dev
4 upgraded, 0 newly installed, 0 to remove and 248 not upgraded.
Need to get 8,840 kB of archives.
After this operation, 14.3 kB disk space will be freed.
Get:1 http://us.archive.ubuntu.com/ubuntu/ precise-updates/main libc6-dev amd64 2.15-0ubuntu10.15 [2,943 kB]
Get:2 http://us.archive.ubuntu.com/ubuntu/ precise-updates/main libc-dev-bin amd64 2.15-0ubuntu10.15 [84.7 kB]
Get:3 http://us.archive.ubuntu.com/ubuntu/ precise-updates/main libc-bin amd64 2.15-0ubuntu10.15 [1,177 kB]
Get:4 http://us.archive.ubuntu.com/ubuntu/ precise-updates/main libc6 amd64 2.15-0ubuntu10.15 [4,636 kB]
Fetched 8,840 kB in 0s (24.3 MB/s)
Preconfiguring packages ...
(Reading database ... (Reading database ... 5%(Reading database ... 10%(Reading database ... 15%(Reading database ... 20%(Reading database ... 25%(Reading database ... 30%(Reading database ... 35%(Reading database ... 40%(Reading database ... 45%(Reading database ... 50%(Reading database ... 55%(Reading database ... 60%(Reading database ... 65%(Reading database ... 70%(Reading database ... 75%(Reading database ... 80%(Reading database ... 85%(Reading database ... 90%(Reading database ... 95%(Reading database ... 100%(Reading database ... 72019 files and directories currently installed.)
Preparing to replace libc6-dev 2.15-0ubuntu10.10 (using .../libc6-dev_2.15-0ubuntu10.15_amd64.deb) ...
Unpacking replacement libc6-dev ...
Preparing to replace libc-dev-bin 2.15-0ubuntu10.10 (using .../libc-dev-bin_2.15-0ubuntu10.15_amd64.deb) ...
Unpacking replacement libc-dev-bin ...
Preparing to replace libc-bin 2.15-0ubuntu10.10 (using .../libc-bin_2.15-0ubuntu10.15_amd64.deb) ...
Unpacking replacement libc-bin ...
Processing triggers for man-db ...
Setting up libc-bin (2.15-0ubuntu10.15) ...
(Reading database ... (Reading database ... 5%(Reading database ... 10%(Reading database ... 15%(Reading database ... 20%(Reading database ... 25%(Reading database ... 30%(Reading database ... 35%(Reading database ... 40%(Reading database ... 45%(Reading database ... 50%(Reading database ... 55%(Reading database ... 60%(Reading database ... 65%(Reading database ... 70%(Reading database ... 75%(Reading database ... 80%(Reading database ... 85%(Reading database ... 90%(Reading database ... 95%(Reading database ... 100%(Reading database ... 72018 files and directories currently installed.)
Preparing to replace libc6 2.15-0ubuntu10.10 (using .../libc6_2.15-0ubuntu10.15_amd64.deb) ...
Unpacking replacement libc6 ...
Setting up libc6 (2.15-0ubuntu10.15) ...
Setting up libc-dev-bin (2.15-0ubuntu10.15) ...
Setting up libc6-dev (2.15-0ubuntu10.15) ...
Processing triggers for libc-bin ...
ldconfig deferred processing now taking place
travis_fold:end:fix.CVE-2015-7547[0Ktravis_fold:start:git.checkout[0Ktravis_time:start:1931db8e[0K$ git clone --depth=50 https://github.com/apache/storm.git apache/storm
Cloning into 'apache/storm'...
remote: Counting objects: 21075, done.[K
remote: Compressing objects:   0% (1/8393)   [Kremote: Compressing objects:   1% (84/8393)   [Kremote: Compressing objects:   2% (168/8393)   [Kremote: Compressing objects:   3% (252/8393)   [Kremote: Compressing objects:   4% (336/8393)   [Kremote: Compressing objects:   5% (420/8393)   [Kremote: Compressing objects:   6% (504/8393)   [Kremote: Compressing objects:   7% (588/8393)   [Kremote: Compressing objects:   8% (672/8393)   [Kremote: Compressing objects:   9% (756/8393)   [Kremote: Compressing objects:  10% (840/8393)   [Kremote: Compressing objects:  11% (924/8393)   [Kremote: Compressing objects:  12% (1008/8393)   [Kremote: Compressing objects:  13% (1092/8393)   [Kremote: Compressing objects:  14% (1176/8393)   [Kremote: Compressing objects:  15% (1259/8393)   [Kremote: Compressing objects:  16% (1343/8393)   [Kremote: Compressing objects:  17% (1427/8393)   [Kremote: Compressing objects:  18% (1511/8393)   [Kremote: Compressing objects:  19% (1595/8393)   [Kremote: Compressing objects:  20% (1679/8393)   [Kremote: Compressing objects:  21% (1763/8393)   [Kremote: Compressing objects:  22% (1847/8393)   [Kremote: Compressing objects:  23% (1931/8393)   [Kremote: Compressing objects:  24% (2015/8393)   [Kremote: Compressing objects:  25% (2099/8393)   [Kremote: Compressing objects:  26% (2183/8393)   [Kremote: Compressing objects:  27% (2267/8393)   [Kremote: Compressing objects:  28% (2351/8393)   [Kremote: Compressing objects:  29% (2434/8393)   [Kremote: Compressing objects:  30% (2518/8393)   [Kremote: Compressing objects:  31% (2602/8393)   [Kremote: Compressing objects:  32% (2686/8393)   [Kremote: Compressing objects:  33% (2770/8393)   [Kremote: Compressing objects:  34% (2854/8393)   [Kremote: Compressing objects:  35% (2938/8393)   [Kremote: Compressing objects:  36% (3022/8393)   [Kremote: Compressing objects:  37% (3106/8393)   [Kremote: Compressing objects:  38% (3190/8393)   [Kremote: Compressing objects:  39% (3274/8393)   [Kremote: Compressing objects:  40% (3358/8393)   [Kremote: Compressing objects:  41% (3442/8393)   [Kremote: Compressing objects:  42% (3526/8393)   [Kremote: Compressing objects:  43% (3609/8393)   [Kremote: Compressing objects:  44% (3693/8393)   [Kremote: Compressing objects:  45% (3777/8393)   [Kremote: Compressing objects:  46% (3861/8393)   [Kremote: Compressing objects:  47% (3945/8393)   [Kremote: Compressing objects:  48% (4029/8393)   [Kremote: Compressing objects:  49% (4113/8393)   [Kremote: Compressing objects:  50% (4197/8393)   [Kremote: Compressing objects:  51% (4281/8393)   [Kremote: Compressing objects:  52% (4365/8393)   [Kremote: Compressing objects:  53% (4449/8393)   [Kremote: Compressing objects:  54% (4533/8393)   [Kremote: Compressing objects:  55% (4617/8393)   [Kremote: Compressing objects:  56% (4701/8393)   [Kremote: Compressing objects:  57% (4785/8393)   [Kremote: Compressing objects:  58% (4868/8393)   [Kremote: Compressing objects:  59% (4952/8393)   [Kremote: Compressing objects:  60% (5036/8393)   [Kremote: Compressing objects:  61% (5120/8393)   [Kremote: Compressing objects:  62% (5204/8393)   [Kremote: Compressing objects:  63% (5288/8393)   [Kremote: Compressing objects:  64% (5372/8393)   [Kremote: Compressing objects:  65% (5456/8393)   [Kremote: Compressing objects:  66% (5540/8393)   [Kremote: Compressing objects:  67% (5624/8393)   [Kremote: Compressing objects:  68% (5708/8393)   [Kremote: Compressing objects:  69% (5792/8393)   [Kremote: Compressing objects:  70% (5876/8393)   [Kremote: Compressing objects:  71% (5960/8393)   [Kremote: Compressing objects:  72% (6043/8393)   [Kremote: Compressing objects:  73% (6127/8393)   [Kremote: Compressing objects:  74% (6211/8393)   [Kremote: Compressing objects:  75% (6295/8393)   [Kremote: Compressing objects:  76% (6379/8393)   [Kremote: Compressing objects:  77% (6463/8393)   [Kremote: Compressing objects:  78% (6547/8393)   [Kremote: Compressing objects:  79% (6631/8393)   [Kremote: Compressing objects:  80% (6715/8393)   [Kremote: Compressing objects:  81% (6799/8393)   [Kremote: Compressing objects:  82% (6883/8393)   [Kremote: Compressing objects:  83% (6967/8393)   [Kremote: Compressing objects:  84% (7051/8393)   [Kremote: Compressing objects:  85% (7135/8393)   [Kremote: Compressing objects:  86% (7218/8393)   [Kremote: Compressing objects:  87% (7302/8393)   [Kremote: Compressing objects:  88% (7386/8393)   [Kremote: Compressing objects:  89% (7470/8393)   [Kremote: Compressing objects:  90% (7554/8393)   [Kremote: Compressing objects:  91% (7638/8393)   [Kremote: Compressing objects:  92% (7722/8393)   [Kremote: Compressing objects:  93% (7806/8393)   [Kremote: Compressing objects:  94% (7890/8393)   [Kremote: Compressing objects:  95% (7974/8393)   [Kremote: Compressing objects:  96% (8058/8393)   [Kremote: Compressing objects:  97% (8142/8393)   [Kremote: Compressing objects:  98% (8226/8393)   [Kremote: Compressing objects:  99% (8310/8393)   [Kremote: Compressing objects: 100% (8393/8393)   [Kremote: Compressing objects: 100% (8393/8393), done.[K
Receiving objects:   0% (1/21075)   Receiving objects:   1% (211/21075)   Receiving objects:   2% (422/21075)   Receiving objects:   3% (633/21075)   Receiving objects:   4% (843/21075)   Receiving objects:   5% (1054/21075)   Receiving objects:   6% (1265/21075)   Receiving objects:   7% (1476/21075)   Receiving objects:   8% (1686/21075)   Receiving objects:   9% (1897/21075)   Receiving objects:  10% (2108/21075)   Receiving objects:  11% (2319/21075)   Receiving objects:  12% (2529/21075)   Receiving objects:  13% (2740/21075)   Receiving objects:  14% (2951/21075)   Receiving objects:  15% (3162/21075)   Receiving objects:  16% (3372/21075)   Receiving objects:  17% (3583/21075)   Receiving objects:  18% (3794/21075)   Receiving objects:  19% (4005/21075)   Receiving objects:  20% (4215/21075)   Receiving objects:  21% (4426/21075)   Receiving objects:  22% (4637/21075)   Receiving objects:  23% (4848/21075)   Receiving objects:  24% (5058/21075)   Receiving objects:  25% (5269/21075)   Receiving objects:  26% (5480/21075)   Receiving objects:  27% (5691/21075)   Receiving objects:  28% (5901/21075)   Receiving objects:  29% (6112/21075)   Receiving objects:  30% (6323/21075)   Receiving objects:  31% (6534/21075)   Receiving objects:  32% (6744/21075)   Receiving objects:  33% (6955/21075)   Receiving objects:  34% (7166/21075)   Receiving objects:  35% (7377/21075)   Receiving objects:  36% (7587/21075)   Receiving objects:  37% (7798/21075)   Receiving objects:  38% (8009/21075)   Receiving objects:  39% (8220/21075)   Receiving objects:  40% (8430/21075)   Receiving objects:  41% (8641/21075)   Receiving objects:  42% (8852/21075)   Receiving objects:  43% (9063/21075)   Receiving objects:  44% (9273/21075)   Receiving objects:  45% (9484/21075)   Receiving objects:  46% (9695/21075)   Receiving objects:  47% (9906/21075)   Receiving objects:  48% (10116/21075)   Receiving objects:  49% (10327/21075)   Receiving objects:  50% (10538/21075)   Receiving objects:  51% (10749/21075)   Receiving objects:  52% (10959/21075)   Receiving objects:  53% (11170/21075)   Receiving objects:  54% (11381/21075)   Receiving objects:  55% (11592/21075)   Receiving objects:  56% (11802/21075)   Receiving objects:  57% (12013/21075)   Receiving objects:  58% (12224/21075)   Receiving objects:  59% (12435/21075)   Receiving objects:  60% (12645/21075)   Receiving objects:  61% (12856/21075)   Receiving objects:  62% (13067/21075)   Receiving objects:  63% (13278/21075)   Receiving objects:  64% (13488/21075)   Receiving objects:  65% (13699/21075)   Receiving objects:  66% (13910/21075)   Receiving objects:  67% (14121/21075)   Receiving objects:  68% (14331/21075)   Receiving objects:  69% (14542/21075)   Receiving objects:  70% (14753/21075)   Receiving objects:  71% (14964/21075)   Receiving objects:  72% (15174/21075)   Receiving objects:  73% (15385/21075)   Receiving objects:  74% (15596/21075), 13.22 MiB | 26.39 MiB/s   Receiving objects:  75% (15807/21075), 13.22 MiB | 26.39 MiB/s   Receiving objects:  76% (16017/21075), 13.22 MiB | 26.39 MiB/s   Receiving objects:  77% (16228/21075), 13.22 MiB | 26.39 MiB/s   Receiving objects:  78% (16439/21075), 13.22 MiB | 26.39 MiB/s   Receiving objects:  79% (16650/21075), 13.22 MiB | 26.39 MiB/s   Receiving objects:  80% (16860/21075), 13.22 MiB | 26.39 MiB/s   Receiving objects:  81% (17071/21075), 13.22 MiB | 26.39 MiB/s   Receiving objects:  82% (17282/21075), 13.22 MiB | 26.39 MiB/s   Receiving objects:  83% (17493/21075), 13.22 MiB | 26.39 MiB/s   Receiving objects:  84% (17703/21075), 13.22 MiB | 26.39 MiB/s   Receiving objects:  85% (17914/21075), 13.22 MiB | 26.39 MiB/s   Receiving objects:  86% (18125/21075), 13.22 MiB | 26.39 MiB/s   Receiving objects:  87% (18336/21075), 13.22 MiB | 26.39 MiB/s   Receiving objects:  88% (18546/21075), 13.22 MiB | 26.39 MiB/s   Receiving objects:  89% (18757/21075), 13.22 MiB | 26.39 MiB/s   Receiving objects:  90% (18968/21075), 13.22 MiB | 26.39 MiB/s   Receiving objects:  91% (19179/21075), 13.22 MiB | 26.39 MiB/s   Receiving objects:  92% (19389/21075), 13.22 MiB | 26.39 MiB/s   Receiving objects:  93% (19600/21075), 13.22 MiB | 26.39 MiB/s   Receiving objects:  94% (19811/21075), 13.22 MiB | 26.39 MiB/s   Receiving objects:  95% (20022/21075), 13.22 MiB | 26.39 MiB/s   Receiving objects:  96% (20232/21075), 13.22 MiB | 26.39 MiB/s   Receiving objects:  97% (20443/21075), 13.22 MiB | 26.39 MiB/s   Receiving objects:  98% (20654/21075), 13.22 MiB | 26.39 MiB/s   Receiving objects:  99% (20865/21075), 13.22 MiB | 26.39 MiB/s   remote: Total 21075 (delta 10163), reused 18249 (delta 7925), pack-reused 0[K
Receiving objects: 100% (21075/21075), 13.22 MiB | 26.39 MiB/s   Receiving objects: 100% (21075/21075), 17.13 MiB | 26.39 MiB/s, done.
Resolving deltas:   0% (0/10163)   Resolving deltas:   1% (145/10163)   Resolving deltas:   2% (205/10163)   Resolving deltas:   3% (317/10163)   Resolving deltas:   4% (413/10163)   Resolving deltas:   5% (523/10163)   Resolving deltas:   6% (611/10163)   Resolving deltas:   7% (715/10163)   Resolving deltas:   8% (851/10163)   Resolving deltas:   9% (917/10163)   Resolving deltas:  10% (1035/10163)   Resolving deltas:  11% (1165/10163)   Resolving deltas:  12% (1228/10163)   Resolving deltas:  13% (1329/10163)   Resolving deltas:  14% (1428/10163)   Resolving deltas:  15% (1525/10163)   Resolving deltas:  16% (1629/10163)   Resolving deltas:  17% (1728/10163)   Resolving deltas:  18% (1832/10163)   Resolving deltas:  19% (1936/10163)   Resolving deltas:  20% (2034/10163)   Resolving deltas:  21% (2137/10163)   Resolving deltas:  22% (2237/10163)   Resolving deltas:  23% (2341/10163)   Resolving deltas:  24% (2440/10163)   Resolving deltas:  25% (2550/10163)   Resolving deltas:  29% (3009/10163)   Resolving deltas:  30% (3059/10163)   Resolving deltas:  31% (3156/10163)   Resolving deltas:  32% (3315/10163)   Resolving deltas:  33% (3384/10163)   Resolving deltas:  34% (3473/10163)   Resolving deltas:  35% (3576/10163)   Resolving deltas:  36% (3671/10163)   Resolving deltas:  37% (3762/10163)   Resolving deltas:  38% (3876/10163)   Resolving deltas:  39% (3983/10163)   Resolving deltas:  40% (4069/10163)   Resolving deltas:  41% (4168/10163)   Resolving deltas:  42% (4282/10163)   Resolving deltas:  43% (4383/10163)   Resolving deltas:  44% (4476/10163)   Resolving deltas:  45% (4576/10163)   Resolving deltas:  46% (4676/10163)   Resolving deltas:  47% (4790/10163)   Resolving deltas:  48% (4888/10163)   Resolving deltas:  49% (4981/10163)   Resolving deltas:  50% (5086/10163)   Resolving deltas:  51% (5195/10163)   Resolving deltas:  52% (5293/10163)   Resolving deltas:  53% (5387/10163)   Resolving deltas:  54% (5491/10163)   Resolving deltas:  55% (5592/10163)   Resolving deltas:  56% (5714/10163)   Resolving deltas:  57% (5801/10163)   Resolving deltas:  58% (5895/10163)   Resolving deltas:  59% (5997/10163)   Resolving deltas:  60% (6103/10163)   Resolving deltas:  61% (6202/10163)   Resolving deltas:  62% (6309/10163)   Resolving deltas:  63% (6406/10163)   Resolving deltas:  64% (6550/10163)   Resolving deltas:  65% (6606/10163)   Resolving deltas:  66% (6743/10163)   Resolving deltas:  67% (6817/10163)   Resolving deltas:  73% (7499/10163)   Resolving deltas:  74% (7522/10163)   Resolving deltas:  75% (7632/10163)   Resolving deltas:  76% (7803/10163)   Resolving deltas:  77% (7887/10163)   Resolving deltas:  78% (7930/10163)   Resolving deltas:  81% (8235/10163)   Resolving deltas:  82% (8338/10163)   Resolving deltas:  83% (8440/10163)   Resolving deltas:  84% (8542/10163)   Resolving deltas:  85% (8640/10163)   Resolving deltas:  86% (8763/10163)   Resolving deltas:  87% (8848/10163)   Resolving deltas:  88% (8968/10163)   Resolving deltas:  89% (9146/10163)   Resolving deltas:  90% (9182/10163)   Resolving deltas:  91% (9250/10163)   Resolving deltas:  92% (9364/10163)   Resolving deltas:  93% (9453/10163)   Resolving deltas:  94% (9563/10163)   Resolving deltas:  95% (9655/10163)   Resolving deltas:  96% (9757/10163)   Resolving deltas:  97% (9861/10163)   Resolving deltas:  98% (9987/10163)   Resolving deltas:  99% (10062/10163)   Resolving deltas: 100% (10163/10163)   Resolving deltas: 100% (10163/10163), done.
Checking connectivity... done.

travis_time:end:1931db8e:start=1468027669322288810,finish=1468027671811436498,duration=2489147688[0K$ cd apache/storm
travis_time:start:04524720[0K$ git fetch origin +refs/pull/1548/merge:
remote: Counting objects: 4615, done.[K
remote: Compressing objects:   0% (1/2000)   [Kremote: Compressing objects:   1% (20/2000)   [Kremote: Compressing objects:   2% (40/2000)   [Kremote: Compressing objects:   3% (60/2000)   [Kremote: Compressing objects:   4% (80/2000)   [Kremote: Compressing objects:   5% (100/2000)   [Kremote: Compressing objects:   6% (120/2000)   [Kremote: Compressing objects:   7% (140/2000)   [Kremote: Compressing objects:   8% (160/2000)   [Kremote: Compressing objects:   9% (180/2000)   [Kremote: Compressing objects:  10% (200/2000)   [Kremote: Compressing objects:  11% (220/2000)   [Kremote: Compressing objects:  12% (240/2000)   [Kremote: Compressing objects:  13% (260/2000)   [Kremote: Compressing objects:  14% (280/2000)   [Kremote: Compressing objects:  15% (300/2000)   [Kremote: Compressing objects:  16% (320/2000)   [Kremote: Compressing objects:  17% (340/2000)   [Kremote: Compressing objects:  18% (360/2000)   [Kremote: Compressing objects:  19% (380/2000)   [Kremote: Compressing objects:  20% (400/2000)   [Kremote: Compressing objects:  21% (420/2000)   [Kremote: Compressing objects:  22% (440/2000)   [Kremote: Compressing objects:  23% (460/2000)   [Kremote: Compressing objects:  24% (480/2000)   [Kremote: Compressing objects:  25% (500/2000)   [Kremote: Compressing objects:  26% (520/2000)   [Kremote: Compressing objects:  27% (540/2000)   [Kremote: Compressing objects:  28% (560/2000)   [Kremote: Compressing objects:  29% (580/2000)   [Kremote: Compressing objects:  30% (600/2000)   [Kremote: Compressing objects:  31% (620/2000)   [Kremote: Compressing objects:  32% (640/2000)   [Kremote: Compressing objects:  33% (660/2000)   [Kremote: Compressing objects:  34% (680/2000)   [Kremote: Compressing objects:  35% (700/2000)   [Kremote: Compressing objects:  36% (720/2000)   [Kremote: Compressing objects:  37% (740/2000)   [Kremote: Compressing objects:  38% (760/2000)   [Kremote: Compressing objects:  39% (780/2000)   [Kremote: Compressing objects:  40% (800/2000)   [Kremote: Compressing objects:  41% (820/2000)   [Kremote: Compressing objects:  42% (840/2000)   [Kremote: Compressing objects:  43% (860/2000)   [Kremote: Compressing objects:  44% (880/2000)   [Kremote: Compressing objects:  45% (900/2000)   [Kremote: Compressing objects:  46% (920/2000)   [Kremote: Compressing objects:  47% (940/2000)   [Kremote: Compressing objects:  48% (960/2000)   [Kremote: Compressing objects:  49% (980/2000)   [Kremote: Compressing objects:  50% (1000/2000)   [Kremote: Compressing objects:  51% (1020/2000)   [Kremote: Compressing objects:  52% (1040/2000)   [Kremote: Compressing objects:  53% (1060/2000)   [Kremote: Compressing objects:  54% (1080/2000)   [Kremote: Compressing objects:  55% (1100/2000)   [Kremote: Compressing objects:  56% (1120/2000)   [Kremote: Compressing objects:  57% (1140/2000)   [Kremote: Compressing objects:  58% (1160/2000)   [Kremote: Compressing objects:  59% (1180/2000)   [Kremote: Compressing objects:  60% (1200/2000)   [Kremote: Compressing objects:  61% (1220/2000)   [Kremote: Compressing objects:  62% (1240/2000)   [Kremote: Compressing objects:  63% (1260/2000)   [Kremote: Compressing objects:  64% (1280/2000)   [Kremote: Compressing objects:  65% (1300/2000)   [Kremote: Compressing objects:  66% (1320/2000)   [Kremote: Compressing objects:  67% (1340/2000)   [Kremote: Compressing objects:  68% (1360/2000)   [Kremote: Compressing objects:  69% (1380/2000)   [Kremote: Compressing objects:  70% (1400/2000)   [Kremote: Compressing objects:  71% (1420/2000)   [Kremote: Compressing objects:  72% (1440/2000)   [Kremote: Compressing objects:  73% (1460/2000)   [Kremote: Compressing objects:  74% (1480/2000)   [Kremote: Compressing objects:  75% (1500/2000)   [Kremote: Compressing objects:  76% (1520/2000)   [Kremote: Compressing objects:  77% (1540/2000)   [Kremote: Compressing objects:  78% (1560/2000)   [Kremote: Compressing objects:  79% (1580/2000)   [Kremote: Compressing objects:  80% (1600/2000)   [Kremote: Compressing objects:  81% (1620/2000)   [Kremote: Compressing objects:  82% (1640/2000)   [Kremote: Compressing objects:  83% (1660/2000)   [Kremote: Compressing objects:  84% (1680/2000)   [Kremote: Compressing objects:  85% (1700/2000)   [Kremote: Compressing objects:  86% (1720/2000)   [Kremote: Compressing objects:  87% (1740/2000)   [Kremote: Compressing objects:  88% (1760/2000)   [Kremote: Compressing objects:  89% (1780/2000)   [Kremote: Compressing objects:  90% (1800/2000)   [Kremote: Compressing objects:  91% (1820/2000)   [Kremote: Compressing objects:  92% (1840/2000)   [Kremote: Compressing objects:  93% (1860/2000)   [Kremote: Compressing objects:  94% (1880/2000)   [Kremote: Compressing objects:  95% (1900/2000)   [Kremote: Compressing objects:  96% (1920/2000)   [Kremote: Compressing objects:  97% (1940/2000)   [Kremote: Compressing objects:  98% (1960/2000)   [Kremote: Compressing objects:  99% (1980/2000)   [Kremote: Compressing objects: 100% (2000/2000)   [Kremote: Compressing objects: 100% (2000/2000), done.[K
Receiving objects:   0% (1/4615)   Receiving objects:   1% (47/4615)   Receiving objects:   2% (93/4615)   Receiving objects:   3% (139/4615)   Receiving objects:   4% (185/4615)   Receiving objects:   5% (231/4615)   Receiving objects:   6% (277/4615)   Receiving objects:   7% (324/4615)   Receiving objects:   8% (370/4615)   Receiving objects:   9% (416/4615)   Receiving objects:  10% (462/4615)   Receiving objects:  11% (508/4615)   Receiving objects:  12% (554/4615)   Receiving objects:  13% (600/4615)   Receiving objects:  14% (647/4615)   Receiving objects:  15% (693/4615)   Receiving objects:  16% (739/4615)   Receiving objects:  17% (785/4615)   Receiving objects:  18% (831/4615)   Receiving objects:  19% (877/4615)   Receiving objects:  20% (923/4615)   Receiving objects:  21% (970/4615)   Receiving objects:  22% (1016/4615)   Receiving objects:  23% (1062/4615)   Receiving objects:  24% (1108/4615)   Receiving objects:  25% (1154/4615)   Receiving objects:  26% (1200/4615)   Receiving objects:  27% (1247/4615)   Receiving objects:  28% (1293/4615)   Receiving objects:  29% (1339/4615)   Receiving objects:  30% (1385/4615)   Receiving objects:  31% (1431/4615)   Receiving objects:  32% (1477/4615)   Receiving objects:  33% (1523/4615)   Receiving objects:  34% (1570/4615)   Receiving objects:  35% (1616/4615)   Receiving objects:  36% (1662/4615)   Receiving objects:  37% (1708/4615)   Receiving objects:  38% (1754/4615)   Receiving objects:  39% (1800/4615)   Receiving objects:  40% (1846/4615)   Receiving objects:  41% (1893/4615)   Receiving objects:  42% (1939/4615)   Receiving objects:  43% (1985/4615)   Receiving objects:  44% (2031/4615)   Receiving objects:  45% (2077/4615)   Receiving objects:  46% (2123/4615)   Receiving objects:  47% (2170/4615)   Receiving objects:  48% (2216/4615)   Receiving objects:  49% (2262/4615)   Receiving objects:  50% (2308/4615)   Receiving objects:  51% (2354/4615)   Receiving objects:  52% (2400/4615)   Receiving objects:  53% (2446/4615)   Receiving objects:  54% (2493/4615)   Receiving objects:  55% (2539/4615)   Receiving objects:  56% (2585/4615)   Receiving objects:  57% (2631/4615)   Receiving objects:  58% (2677/4615)   Receiving objects:  59% (2723/4615)   Receiving objects:  60% (2769/4615)   Receiving objects:  61% (2816/4615)   Receiving objects:  62% (2862/4615)   Receiving objects:  63% (2908/4615)   Receiving objects:  64% (2954/4615)   Receiving objects:  65% (3000/4615)   Receiving objects:  66% (3046/4615)   Receiving objects:  67% (3093/4615)   Receiving objects:  68% (3139/4615)   Receiving objects:  69% (3185/4615)   Receiving objects:  70% (3231/4615)   Receiving objects:  71% (3277/4615)   Receiving objects:  72% (3323/4615)   Receiving objects:  73% (3369/4615)   Receiving objects:  74% (3416/4615)   Receiving objects:  75% (3462/4615)   Receiving objects:  76% (3508/4615)   Receiving objects:  77% (3554/4615)   Receiving objects:  78% (3600/4615)   Receiving objects:  79% (3646/4615)   Receiving objects:  80% (3692/4615)   Receiving objects:  81% (3739/4615)   Receiving objects:  82% (3785/4615)   Receiving objects:  83% (3831/4615)   Receiving objects:  84% (3877/4615)   Receiving objects:  85% (3923/4615)   Receiving objects:  86% (3969/4615)   Receiving objects:  87% (4016/4615)   Receiving objects:  88% (4062/4615)   Receiving objects:  89% (4108/4615)   remote: Total 4615 (delta 2127), reused 4056 (delta 1626), pack-reused 0[K
Receiving objects:  90% (4154/4615)   Receiving objects:  91% (4200/4615)   Receiving objects:  92% (4246/4615)   Receiving objects:  93% (4292/4615)   Receiving objects:  94% (4339/4615)   Receiving objects:  95% (4385/4615)   Receiving objects:  96% (4431/4615)   Receiving objects:  97% (4477/4615)   Receiving objects:  98% (4523/4615)   Receiving objects:  99% (4569/4615)   Receiving objects: 100% (4615/4615)   Receiving objects: 100% (4615/4615), 917.61 KiB | 0 bytes/s, done.
Resolving deltas:   0% (0/2127)   Resolving deltas:   2% (49/2127)   Resolving deltas:   4% (100/2127)   Resolving deltas:   5% (107/2127)   Resolving deltas:   6% (139/2127)   Resolving deltas:   8% (171/2127)   Resolving deltas:  12% (258/2127)   Resolving deltas:  13% (282/2127)   Resolving deltas:  14% (300/2127)   Resolving deltas:  15% (322/2127)   Resolving deltas:  16% (345/2127)   Resolving deltas:  25% (544/2127)   Resolving deltas:  26% (555/2127)   Resolving deltas:  27% (576/2127)   Resolving deltas:  28% (598/2127)   Resolving deltas:  29% (617/2127)   Resolving deltas:  30% (650/2127)   Resolving deltas:  31% (669/2127)   Resolving deltas:  34% (725/2127)   Resolving deltas:  36% (774/2127)   Resolving deltas:  37% (787/2127)   Resolving deltas:  38% (822/2127)   Resolving deltas:  39% (832/2127)   Resolving deltas:  40% (851/2127)   Resolving deltas:  41% (888/2127)   Resolving deltas:  42% (895/2127)   Resolving deltas:  43% (923/2127)   Resolving deltas:  44% (936/2127)   Resolving deltas:  49% (1048/2127)   Resolving deltas:  50% (1072/2127)   Resolving deltas:  51% (1086/2127)   Resolving deltas:  52% (1109/2127)   Resolving deltas:  60% (1281/2127)   Resolving deltas:  61% (1306/2127)   Resolving deltas:  62% (1326/2127)   Resolving deltas:  63% (1342/2127)   Resolving deltas:  64% (1363/2127)   Resolving deltas:  65% (1400/2127)   Resolving deltas:  66% (1419/2127)   Resolving deltas:  67% (1429/2127)   Resolving deltas:  68% (1447/2127)   Resolving deltas:  69% (1472/2127)   Resolving deltas:  70% (1490/2127)   Resolving deltas:  71% (1511/2127)   Resolving deltas:  72% (1545/2127)   Resolving deltas:  73% (1558/2127)   Resolving deltas:  76% (1636/2127)   Resolving deltas:  77% (1642/2127)   Resolving deltas:  78% (1665/2127)   Resolving deltas:  79% (1681/2127)   Resolving deltas:  80% (1702/2127)   Resolving deltas:  81% (1726/2127)   Resolving deltas:  82% (1745/2127)   Resolving deltas:  83% (1767/2127)   Resolving deltas:  84% (1789/2127)   Resolving deltas:  85% (1812/2127)   Resolving deltas:  86% (1834/2127)   Resolving deltas:  87% (1852/2127)   Resolving deltas:  88% (1874/2127)   Resolving deltas:  90% (1926/2127)   Resolving deltas:  91% (1937/2127)   Resolving deltas:  92% (1957/2127)   Resolving deltas:  93% (1989/2127)   Resolving deltas:  94% (2001/2127)   Resolving deltas:  95% (2021/2127)   Resolving deltas:  96% (2045/2127)   Resolving deltas:  97% (2077/2127)   Resolving deltas:  98% (2094/2127)   Resolving deltas:  99% (2114/2127)   Resolving deltas: 100% (2127/2127)   Resolving deltas: 100% (2127/2127), completed with 197 local objects.
From https://github.com/apache/storm
 * branch            refs/pull/1548/merge -> FETCH_HEAD

travis_time:end:04524720:start=1468027671815144732,finish=1468027672596417535,duration=781272803[0K$ git checkout -qf FETCH_HEAD
travis_fold:end:git.checkout[0K
[33;1mThis job is running on container-based infrastructure, which does not allow use of 'sudo', setuid and setguid executables.[0m
[33;1mIf you require sudo, add 'sudo: required' to your .travis.yml[0m
[33;1mSee https://docs.travis-ci.com/user/workers/container-based-infrastructure/ for details.[0m

[33;1mSetting environment variables from .travis.yml[0m
$ export MODULES='!storm-core'

$ jdk_switcher use oraclejdk7
Switching to Oracle JDK7 (java-7-oracle), JAVA_HOME will be set to /usr/lib/jvm/java-7-oracle
travis_fold:start:cache.1[0KSetting up build cache
$ export CASHER_DIR=$HOME/.casher
travis_time:start:02d2a2d3[0K$ Installing caching utilities

travis_time:end:02d2a2d3:start=1468027674349841845,finish=1468027674439044383,duration=89202538[0Ktravis_time:start:196f31bb[0K
travis_time:end:196f31bb:start=1468027674443803364,finish=1468027674446932286,duration=3128922[0Ktravis_time:start:01502bdd[0K[32;1mattempting to download cache archive[0m
[32;1mfetching PR.1548/cache-linux-precise-0b3559b5dae2b3e32156c6d840f23972d650aa066922e3318f7e5db8246681fa--jdk-oraclejdk7.tgz[0m
[32;1mfetching PR.1548/cache--jdk-oraclejdk7.tgz[0m
[32;1mfetching 1.x-branch/cache-linux-precise-0b3559b5dae2b3e32156c6d840f23972d650aa066922e3318f7e5db8246681fa--jdk-oraclejdk7.tgz[0m
[32;1mfound cache[0m

travis_time:end:01502bdd:start=1468027674450771931,finish=1468027691747001832,duration=17296229901[0Ktravis_time:start:09665a20[0K
travis_time:end:09665a20:start=1468027691750795579,finish=1468027691754077755,duration=3282176[0Ktravis_time:start:0f430798[0K[32;1madding /home/travis/.m2/repository to cache[0m
[32;1madding /home/travis/.rvm to cache[0m
[32;1madding /home/travis/.nvm to cache[0m

travis_time:end:0f430798:start=1468027691757950383,finish=1468027708984761788,duration=17226811405[0Ktravis_fold:end:cache.1[0K$ java -Xmx32m -version
java version "1.7.0_76"
Java(TM) SE Runtime Environment (build 1.7.0_76-b13)
Java HotSpot(TM) 64-Bit Server VM (build 24.76-b04, mixed mode)
$ javac -J-Xmx32m -version
javac 1.7.0_76
travis_fold:start:before_install.1[0Ktravis_time:start:06cc2b80[0K$ rvm use 2.1.5 --install
[32mUsing /home/travis/.rvm/gems/ruby-2.1.5[0m

travis_time:end:06cc2b80:start=1468027709314169818,finish=1468027709549114215,duration=234944397[0Ktravis_fold:end:before_install.1[0Ktravis_fold:start:before_install.2[0Ktravis_time:start:075322e6[0K$ nvm install 0.12.2
v0.12.2 is already installed.
Now using node v0.12.2

travis_time:end:075322e6:start=1468027709553241360,finish=1468027709814833807,duration=261592447[0Ktravis_fold:end:before_install.2[0Ktravis_fold:start:before_install.3[0Ktravis_time:start:18ce2f4a[0K$ nvm use 0.12.2
Now using node v0.12.2

travis_time:end:18ce2f4a:start=1468027709818925099,finish=1468027709874364843,duration=55439744[0Ktravis_fold:end:before_install.3[0Ktravis_fold:start:install[0Ktravis_time:start:021bf926[0K$ /bin/bash ./dev-tools/travis/travis-install.sh `pwd`
Python version :   Python 2.7.3
Maven version  :   Apache Maven 3.2.5 (12a6b3acb947671f09b81f49094c53f426d8cea1; 2014-12-14T17:29:23+00:00) Maven home: /usr/local/maven Java version: 1.7.0_76, vendor: Oracle Corporation Java home: /usr/lib/jvm/java-7-oracle/jre Default locale: en_US, platform encoding: UTF-8 OS name: "linux", version: "3.13.0-40-generic", arch: "amd64", family: "unix"
['mvn', 'clean', 'install', '-DskipTests', '-Pnative', '--batch-mode'] writing to install.txt
1 seconds 1 log lines11 seconds 273 log lines28 seconds 308 log lines40 seconds 317 log lines51 seconds 542 log lines66 seconds 621 log lines77 seconds 828 log lines87 seconds 885 log lines98 seconds 1136 log lines117 seconds 1420 log lines127 seconds 1735 log lines138 seconds 2112 log lines148 seconds 2398 log lines159 seconds 2547 log lines159 seconds 2548 log lines
['mvn', 'clean', 'install', '-DskipTests', '-Pnative', '--batch-mode'] done 0

travis_time:end:021bf926:start=1468027709878461506,finish=1468027869538695313,duration=159660233807[0Ktravis_fold:end:install[0Ktravis_time:start:263d1e5a[0K$ /bin/bash ./dev-tools/travis/travis-script.sh `pwd` $MODULES
Python version :   Python 2.7.3
Ruby version   :   ruby 2.1.5p273 (2014-11-13 revision 48405) [x86_64-linux]
NodeJs version :  
Maven version  :   Apache Maven 3.2.5 (12a6b3acb947671f09b81f49094c53f426d8cea1; 2014-12-14T17:29:23+00:00) Maven home: /usr/local/maven Java version: 1.7.0_76, vendor: Oracle Corporation Java home: /usr/lib/jvm/java-7-oracle/jre Default locale: en_US, platform encoding: UTF-8 OS name: "linux", version: "3.13.0-40-generic", arch: "amd64", family: "unix"
[INFO] Scanning for projects...
[INFO] ------------------------------------------------------------------------
[INFO] Reactor Build Order:
[INFO] 
[INFO] Storm
[INFO] multilang-javascript
[INFO] multilang-python
[INFO] multilang-ruby
[INFO] maven-shade-clojure-transformer
[INFO] storm-maven-plugins
[INFO] storm-rename-hack
[INFO] storm-kafka
[INFO] storm-hdfs
[INFO] storm-hbase
[INFO] storm-hive
[INFO] storm-jdbc
[INFO] storm-redis
[INFO] storm-eventhubs
[INFO] flux
[INFO] flux-wrappers
[INFO] flux-core
[INFO] flux-examples
[INFO] storm-sql-runtime
[INFO] storm-sql-core
[INFO] storm-sql-kafka
[INFO] sql
[INFO] storm-elasticsearch
[INFO] storm-solr
[INFO] storm-metrics
[INFO] storm-cassandra
[INFO] storm-mqtt-parent
[INFO] storm-mqtt
[INFO] storm-mqtt-examples
[INFO] storm-mongodb
[INFO] storm-starter
[INFO] storm-kafka-client
[INFO] storm-opentsdb
[INFO] storm-kafka-monitor
[INFO]                                                                         
[INFO] ------------------------------------------------------------------------
[INFO] Building Storm 1.1.0-SNAPSHOT
[INFO] ------------------------------------------------------------------------
[INFO] 
[INFO] --- maven-remote-resources-plugin:1.2.1:process (default) @ storm ---
[INFO] 
[INFO] --- apache-rat-plugin:0.11:check (default) @ storm ---
[INFO] 51 implicit excludes (use -debug for more details).
[INFO] Exclude: **/target/**
[INFO] Exclude: **/*.iml
[INFO] Exclude: **/.idea/**
[INFO] Exclude: **/metastore_db/**
[INFO] Exclude: **/build/**
[INFO] Exclude: **/CHANGELOG.md
[INFO] Exclude: **/README.md
[INFO] Exclude: **/README.markdown
[INFO] Exclude: **/DEVELOPER.md
[INFO] Exclude: **/BYLAWS.md
[INFO] Exclude: **/STORM-UI-REST-API.md
[INFO] Exclude: SECURITY.md
[INFO] Exclude: VERSION
[INFO] Exclude: TODO
[INFO] Exclude: **/src/py/**
[INFO] Exclude: **/src/ui/public/js/jquery.dataTables.1.10.4.min.js
[INFO] Exclude: **/src/ui/public/css/jquery.dataTables.1.10.4.min.css
[INFO] Exclude: **/src/ui/public/images/*
[INFO] Exclude: **/src/ui/public/js/bootstrap-3.3.1.min.js
[INFO] Exclude: **/src/ui/public/css/bootstrap-3.3.1.min.css
[INFO] Exclude: **/src/ui/public/js/dataTables.bootstrap.min.js
[INFO] Exclude: **/src/ui/public/css/dataTables.bootstrap.css
[INFO] Exclude: **/src/ui/public/js/jsonFormatter.min.js
[INFO] Exclude: **/src/ui/public/css/jsonFormatter.min.css
[INFO] Exclude: **/src/ui/public/js/jquery-1.11.1.min.js
[INFO] Exclude: **/src/ui/public/js/jquery.cookies.2.2.0.min.js
[INFO] Exclude: **/src/ui/public/js/moment.min.js
[INFO] Exclude: **/src/ui/public/js/jquery.blockUI.min.js
[INFO] Exclude: **/src/ui/public/js/url.min.js
[INFO] Exclude: **/src/ui/public/js/arbor.js
[INFO] Exclude: **/src/ui/public/js/arbor-graphics.js
[INFO] Exclude: **/src/ui/public/js/arbor-tween.js
[INFO] Exclude: **/src/ui/public/js/jquery.mustache.js
[INFO] Exclude: **/src/ui/public/js/typeahead.jquery.min.js
[INFO] Exclude: **/dependency-reduced-pom.xml
[INFO] Exclude: **/docs/**
[INFO] Exclude: **/.git/**
[INFO] Exclude: **/derby.log
[INFO] Exclude: **/src/dev/**
[INFO] Exclude: **/src/codegen/config.fmpp
[INFO] Exclude: **/src/codegen/data/Parser.tdd
[INFO] Exclude: **/src/test/resources/FixedAvroSerializer.config
[INFO] 1759 resources included (use -debug for more details)
Warning:  org.apache.xerces.jaxp.SAXParserImpl$JAXPSAXParser: Property 'http://www.oracle.com/xml/jaxp/properties/entityExpansionLimit' is not recognized.
Compiler warnings:
  WARNING:  'org.apache.xerces.jaxp.SAXParserImpl: Property 'http://javax.xml.XMLConstants/property/accessExternalDTD' is not recognized.'
Warning:  org.apache.xerces.parsers.SAXParser: Feature 'http://javax.xml.XMLConstants/feature/secure-processing' is not recognized.
Warning:  org.apache.xerces.parsers.SAXParser: Property 'http://javax.xml.XMLConstants/property/accessExternalDTD' is not recognized.
Warning:  org.apache.xerces.parsers.SAXParser: Property 'http://www.oracle.com/xml/jaxp/properties/entityExpansionLimit' is not recognized.
[INFO] Rat check: Summary of files. Unapproved: 0 unknown: 0 generated: 0 approved: 1746 licence.
[INFO]                                                                         
[INFO] ------------------------------------------------------------------------
[INFO] Building multilang-javascript 1.1.0-SNAPSHOT
[INFO] ------------------------------------------------------------------------
[INFO] 
[INFO] --- maven-remote-resources-plugin:1.2.1:process (default) @ multilang-javascript ---
[INFO] 
[INFO] --- maven-resources-plugin:2.5:resources (default-resources) @ multilang-javascript ---
[debug] execute contextualize
[INFO] Using 'UTF-8' encoding to copy filtered resources.
[INFO] Copying 1 resource
[INFO] Copying 3 resources
[INFO] 
[INFO] --- maven-compiler-plugin:3.1:compile (default-compile) @ multilang-javascript ---
[INFO] No sources to compile
[INFO] 
[INFO] --- maven-resources-plugin:2.5:testResources (default-testResources) @ multilang-javascript ---
[debug] execute contextualize
[INFO] Using 'UTF-8' encoding to copy filtered resources.
[INFO] skip non existing resourceDirectory /home/travis/build/apache/storm/storm-multilang/javascript/src/test/resources
[INFO] Copying 3 resources
[INFO] 
[INFO] --- maven-compiler-plugin:3.1:testCompile (default-testCompile) @ multilang-javascript ---
[INFO] No sources to compile
[INFO] 
[INFO] --- maven-surefire-plugin:2.18.1:test (default-test) @ multilang-javascript ---
[INFO] 
[INFO] --- apache-rat-plugin:0.11:check (default) @ multilang-javascript ---
[INFO] 51 implicit excludes (use -debug for more details).
[INFO] Exclude: **/target/**
[INFO] Exclude: **/*.iml
[INFO] Exclude: **/.idea/**
[INFO] Exclude: **/metastore_db/**
[INFO] Exclude: **/build/**
[INFO] Exclude: **/CHANGELOG.md
[INFO] Exclude: **/README.md
[INFO] Exclude: **/README.markdown
[INFO] Exclude: **/DEVELOPER.md
[INFO] Exclude: **/BYLAWS.md
[INFO] Exclude: **/STORM-UI-REST-API.md
[INFO] Exclude: SECURITY.md
[INFO] Exclude: VERSION
[INFO] Exclude: TODO
[INFO] Exclude: **/src/py/**
[INFO] Exclude: **/src/ui/public/js/jquery.dataTables.1.10.4.min.js
[INFO] Exclude: **/src/ui/public/css/jquery.dataTables.1.10.4.min.css
[INFO] Exclude: **/src/ui/public/images/*
[INFO] Exclude: **/src/ui/public/js/bootstrap-3.3.1.min.js
[INFO] Exclude: **/src/ui/public/css/bootstrap-3.3.1.min.css
[INFO] Exclude: **/src/ui/public/js/dataTables.bootstrap.min.js
[INFO] Exclude: **/src/ui/public/css/dataTables.bootstrap.css
[INFO] Exclude: **/src/ui/public/js/jsonFormatter.min.js
[INFO] Exclude: **/src/ui/public/css/jsonFormatter.min.css
[INFO] Exclude: **/src/ui/public/js/jquery-1.11.1.min.js
[INFO] Exclude: **/src/ui/public/js/jquery.cookies.2.2.0.min.js
[INFO] Exclude: **/src/ui/public/js/moment.min.js
[INFO] Exclude: **/src/ui/public/js/jquery.blockUI.min.js
[INFO] Exclude: **/src/ui/public/js/url.min.js
[INFO] Exclude: **/src/ui/public/js/arbor.js
[INFO] Exclude: **/src/ui/public/js/arbor-graphics.js
[INFO] Exclude: **/src/ui/public/js/arbor-tween.js
[INFO] Exclude: **/src/ui/public/js/jquery.mustache.js
[INFO] Exclude: **/src/ui/public/js/typeahead.jquery.min.js
[INFO] Exclude: **/dependency-reduced-pom.xml
[INFO] Exclude: **/docs/**
[INFO] Exclude: **/.git/**
[INFO] Exclude: **/derby.log
[INFO] Exclude: **/src/dev/**
[INFO] Exclude: **/src/codegen/config.fmpp
[INFO] Exclude: **/src/codegen/data/Parser.tdd
[INFO] Exclude: **/src/test/resources/FixedAvroSerializer.config
[INFO] 2 resources included (use -debug for more details)
Warning:  org.apache.xerces.jaxp.SAXParserImpl$JAXPSAXParser: Property 'http://www.oracle.com/xml/jaxp/properties/entityExpansionLimit' is not recognized.
Compiler warnings:
  WARNING:  'org.apache.xerces.jaxp.SAXParserImpl: Property 'http://javax.xml.XMLConstants/property/accessExternalDTD' is not recognized.'
Warning:  org.apache.xerces.parsers.SAXParser: Feature 'http://javax.xml.XMLConstants/feature/secure-processing' is not recognized.
Warning:  org.apache.xerces.parsers.SAXParser: Property 'http://javax.xml.XMLConstants/property/accessExternalDTD' is not recognized.
Warning:  org.apache.xerces.parsers.SAXParser: Property 'http://www.oracle.com/xml/jaxp/properties/entityExpansionLimit' is not recognized.
[INFO] Rat check: Summary of files. Unapproved: 0 unknown: 0 generated: 0 approved: 2 licence.
[INFO]                                                                         
[INFO] ------------------------------------------------------------------------
[INFO] Building multilang-python 1.1.0-SNAPSHOT
[INFO] ------------------------------------------------------------------------
[INFO] 
[INFO] --- maven-remote-resources-plugin:1.2.1:process (default) @ multilang-python ---
[INFO] 
[INFO] --- maven-resources-plugin:2.5:resources (default-resources) @ multilang-python ---
[debug] execute contextualize
[INFO] Using 'UTF-8' encoding to copy filtered resources.
[INFO] Copying 1 resource
[INFO] Copying 3 resources
[INFO] 
[INFO] --- maven-compiler-plugin:3.1:compile (default-compile) @ multilang-python ---
[INFO] No sources to compile
[INFO] 
[INFO] --- maven-resources-plugin:2.5:testResources (default-testResources) @ multilang-python ---
[debug] execute contextualize
[INFO] Using 'UTF-8' encoding to copy filtered resources.
[INFO] skip non existing resourceDirectory /home/travis/build/apache/storm/storm-multilang/python/src/test/resources
[INFO] Copying 3 resources
[INFO] 
[INFO] --- maven-compiler-plugin:3.1:testCompile (default-testCompile) @ multilang-python ---
[INFO] No sources to compile
[INFO] 
[INFO] --- maven-surefire-plugin:2.18.1:test (default-test) @ multilang-python ---
[INFO] 
[INFO] --- apache-rat-plugin:0.11:check (default) @ multilang-python ---
[INFO] 51 implicit excludes (use -debug for more details).
[INFO] Exclude: **/target/**
[INFO] Exclude: **/*.iml
[INFO] Exclude: **/.idea/**
[INFO] Exclude: **/metastore_db/**
[INFO] Exclude: **/build/**
[INFO] Exclude: **/CHANGELOG.md
[INFO] Exclude: **/README.md
[INFO] Exclude: **/README.markdown
[INFO] Exclude: **/DEVELOPER.md
[INFO] Exclude: **/BYLAWS.md
[INFO] Exclude: **/STORM-UI-REST-API.md
[INFO] Exclude: SECURITY.md
[INFO] Exclude: VERSION
[INFO] Exclude: TODO
[INFO] Exclude: **/src/py/**
[INFO] Exclude: **/src/ui/public/js/jquery.dataTables.1.10.4.min.js
[INFO] Exclude: **/src/ui/public/css/jquery.dataTables.1.10.4.min.css
[INFO] Exclude: **/src/ui/public/images/*
[INFO] Exclude: **/src/ui/public/js/bootstrap-3.3.1.min.js
[INFO] Exclude: **/src/ui/public/css/bootstrap-3.3.1.min.css
[INFO] Exclude: **/src/ui/public/js/dataTables.bootstrap.min.js
[INFO] Exclude: **/src/ui/public/css/dataTables.bootstrap.css
[INFO] Exclude: **/src/ui/public/js/jsonFormatter.min.js
[INFO] Exclude: **/src/ui/public/css/jsonFormatter.min.css
[INFO] Exclude: **/src/ui/public/js/jquery-1.11.1.min.js
[INFO] Exclude: **/src/ui/public/js/jquery.cookies.2.2.0.min.js
[INFO] Exclude: **/src/ui/public/js/moment.min.js
[INFO] Exclude: **/src/ui/public/js/jquery.blockUI.min.js
[INFO] Exclude: **/src/ui/public/js/url.min.js
[INFO] Exclude: **/src/ui/public/js/arbor.js
[INFO] Exclude: **/src/ui/public/js/arbor-graphics.js
[INFO] Exclude: **/src/ui/public/js/arbor-tween.js
[INFO] Exclude: **/src/ui/public/js/jquery.mustache.js
[INFO] Exclude: **/src/ui/public/js/typeahead.jquery.min.js
[INFO] Exclude: **/dependency-reduced-pom.xml
[INFO] Exclude: **/docs/**
[INFO] Exclude: **/.git/**
[INFO] Exclude: **/derby.log
[INFO] Exclude: **/src/dev/**
[INFO] Exclude: **/src/codegen/config.fmpp
[INFO] Exclude: **/src/codegen/data/Parser.tdd
[INFO] Exclude: **/src/test/resources/FixedAvroSerializer.config
[INFO] 2 resources included (use -debug for more details)
Warning:  org.apache.xerces.jaxp.SAXParserImpl$JAXPSAXParser: Property 'http://www.oracle.com/xml/jaxp/properties/entityExpansionLimit' is not recognized.
Compiler warnings:
  WARNING:  'org.apache.xerces.jaxp.SAXParserImpl: Property 'http://javax.xml.XMLConstants/property/accessExternalDTD' is not recognized.'
Warning:  org.apache.xerces.parsers.SAXParser: Feature 'http://javax.xml.XMLConstants/feature/secure-processing' is not recognized.
Warning:  org.apache.xerces.parsers.SAXParser: Property 'http://javax.xml.XMLConstants/property/accessExternalDTD' is not recognized.
Warning:  org.apache.xerces.parsers.SAXParser: Property 'http://www.oracle.com/xml/jaxp/properties/entityExpansionLimit' is not recognized.
[INFO] Rat check: Summary of files. Unapproved: 0 unknown: 0 generated: 0 approved: 2 licence.
[INFO]                                                                         
[INFO] ------------------------------------------------------------------------
[INFO] Building multilang-ruby 1.1.0-SNAPSHOT
[INFO] ------------------------------------------------------------------------
[INFO] 
[INFO] --- maven-remote-resources-plugin:1.2.1:process (default) @ multilang-ruby ---
[INFO] 
[INFO] --- maven-resources-plugin:2.5:resources (default-resources) @ multilang-ruby ---
[debug] execute contextualize
[INFO] Using 'UTF-8' encoding to copy filtered resources.
[INFO] Copying 1 resource
[INFO] Copying 3 resources
[INFO] 
[INFO] --- maven-compiler-plugin:3.1:compile (default-compile) @ multilang-ruby ---
[INFO] No sources to compile
[INFO] 
[INFO] --- maven-resources-plugin:2.5:testResources (default-testResources) @ multilang-ruby ---
[debug] execute contextualize
[INFO] Using 'UTF-8' encoding to copy filtered resources.
[INFO] skip non existing resourceDirectory /home/travis/build/apache/storm/storm-multilang/ruby/src/test/resources
[INFO] Copying 3 resources
[INFO] 
[INFO] --- maven-compiler-plugin:3.1:testCompile (default-testCompile) @ multilang-ruby ---
[INFO] No sources to compile
[INFO] 
[INFO] --- maven-surefire-plugin:2.18.1:test (default-test) @ multilang-ruby ---
[INFO] 
[INFO] --- apache-rat-plugin:0.11:check (default) @ multilang-ruby ---
[INFO] 51 implicit excludes (use -debug for more details).
[INFO] Exclude: **/target/**
[INFO] Exclude: **/*.iml
[INFO] Exclude: **/.idea/**
[INFO] Exclude: **/metastore_db/**
[INFO] Exclude: **/build/**
[INFO] Exclude: **/CHANGELOG.md
[INFO] Exclude: **/README.md
[INFO] Exclude: **/README.markdown
[INFO] Exclude: **/DEVELOPER.md
[INFO] Exclude: **/BYLAWS.md
[INFO] Exclude: **/STORM-UI-REST-API.md
[INFO] Exclude: SECURITY.md
[INFO] Exclude: VERSION
[INFO] Exclude: TODO
[INFO] Exclude: **/src/py/**
[INFO] Exclude: **/src/ui/public/js/jquery.dataTables.1.10.4.min.js
[INFO] Exclude: **/src/ui/public/css/jquery.dataTables.1.10.4.min.css
[INFO] Exclude: **/src/ui/public/images/*
[INFO] Exclude: **/src/ui/public/js/bootstrap-3.3.1.min.js
[INFO] Exclude: **/src/ui/public/css/bootstrap-3.3.1.min.css
[INFO] Exclude: **/src/ui/public/js/dataTables.bootstrap.min.js
[INFO] Exclude: **/src/ui/public/css/dataTables.bootstrap.css
[INFO] Exclude: **/src/ui/public/js/jsonFormatter.min.js
[INFO] Exclude: **/src/ui/public/css/jsonFormatter.min.css
[INFO] Exclude: **/src/ui/public/js/jquery-1.11.1.min.js
[INFO] Exclude: **/src/ui/public/js/jquery.cookies.2.2.0.min.js
[INFO] Exclude: **/src/ui/public/js/moment.min.js
[INFO] Exclude: **/src/ui/public/js/jquery.blockUI.min.js
[INFO] Exclude: **/src/ui/public/js/url.min.js
[INFO] Exclude: **/src/ui/public/js/arbor.js
[INFO] Exclude: **/src/ui/public/js/arbor-graphics.js
[INFO] Exclude: **/src/ui/public/js/arbor-tween.js
[INFO] Exclude: **/src/ui/public/js/jquery.mustache.js
[INFO] Exclude: **/src/ui/public/js/typeahead.jquery.min.js
[INFO] Exclude: **/dependency-reduced-pom.xml
[INFO] Exclude: **/docs/**
[INFO] Exclude: **/.git/**
[INFO] Exclude: **/derby.log
[INFO] Exclude: **/src/dev/**
[INFO] Exclude: **/src/codegen/config.fmpp
[INFO] Exclude: **/src/codegen/data/Parser.tdd
[INFO] Exclude: **/src/test/resources/FixedAvroSerializer.config
[INFO] 2 resources included (use -debug for more details)
Warning:  org.apache.xerces.jaxp.SAXParserImpl$JAXPSAXParser: Property 'http://www.oracle.com/xml/jaxp/properties/entityExpansionLimit' is not recognized.
Compiler warnings:
  WARNING:  'org.apache.xerces.jaxp.SAXParserImpl: Property 'http://javax.xml.XMLConstants/property/accessExternalDTD' is not recognized.'
Warning:  org.apache.xerces.parsers.SAXParser: Feature 'http://javax.xml.XMLConstants/feature/secure-processing' is not recognized.
Warning:  org.apache.xerces.parsers.SAXParser: Property 'http://javax.xml.XMLConstants/property/accessExternalDTD' is not recognized.
Warning:  org.apache.xerces.parsers.SAXParser: Property 'http://www.oracle.com/xml/jaxp/properties/entityExpansionLimit' is not recognized.
[INFO] Rat check: Summary of files. Unapproved: 0 unknown: 0 generated: 0 approved: 2 licence.
[INFO]                                                                         
[INFO] ------------------------------------------------------------------------
[INFO] Building maven-shade-clojure-transformer 1.1.0-SNAPSHOT
[INFO] ------------------------------------------------------------------------
[INFO] 
[INFO] --- maven-remote-resources-plugin:1.2.1:process (default) @ maven-shade-clojure-transformer ---
[INFO] 
[INFO] --- maven-resources-plugin:2.5:resources (default-resources) @ maven-shade-clojure-transformer ---
[debug] execute contextualize
[INFO] Using 'UTF-8' encoding to copy filtered resources.
[INFO] skip non existing resourceDirectory /home/travis/build/apache/storm/storm-buildtools/maven-shade-clojure-transformer/src/main/resources
[INFO] Copying 3 resources
[INFO] 
[INFO] --- maven-compiler-plugin:3.1:compile (default-compile) @ maven-shade-clojure-transformer ---
[INFO] Nothing to compile - all classes are up to date
[INFO] 
[INFO] --- maven-resources-plugin:2.5:testResources (default-testResources) @ maven-shade-clojure-transformer ---
[debug] execute contextualize
[INFO] Using 'UTF-8' encoding to copy filtered resources.
[INFO] skip non existing resourceDirectory /home/travis/build/apache/storm/storm-buildtools/maven-shade-clojure-transformer/src/test/resources
[INFO] Copying 3 resources
[INFO] 
[INFO] --- maven-compiler-plugin:3.1:testCompile (default-testCompile) @ maven-shade-clojure-transformer ---
[INFO] No sources to compile
[INFO] 
[INFO] --- maven-surefire-plugin:2.18.1:test (default-test) @ maven-shade-clojure-transformer ---
[INFO] 
[INFO] --- apache-rat-plugin:0.11:check (default) @ maven-shade-clojure-transformer ---
[INFO] 51 implicit excludes (use -debug for more details).
[INFO] Exclude: **/target/**
[INFO] Exclude: **/*.iml
[INFO] Exclude: **/.idea/**
[INFO] Exclude: **/metastore_db/**
[INFO] Exclude: **/build/**
[INFO] Exclude: **/CHANGELOG.md
[INFO] Exclude: **/README.md
[INFO] Exclude: **/README.markdown
[INFO] Exclude: **/DEVELOPER.md
[INFO] Exclude: **/BYLAWS.md
[INFO] Exclude: **/STORM-UI-REST-API.md
[INFO] Exclude: SECURITY.md
[INFO] Exclude: VERSION
[INFO] Exclude: TODO
[INFO] Exclude: **/src/py/**
[INFO] Exclude: **/src/ui/public/js/jquery.dataTables.1.10.4.min.js
[INFO] Exclude: **/src/ui/public/css/jquery.dataTables.1.10.4.min.css
[INFO] Exclude: **/src/ui/public/images/*
[INFO] Exclude: **/src/ui/public/js/bootstrap-3.3.1.min.js
[INFO] Exclude: **/src/ui/public/css/bootstrap-3.3.1.min.css
[INFO] Exclude: **/src/ui/public/js/dataTables.bootstrap.min.js
[INFO] Exclude: **/src/ui/public/css/dataTables.bootstrap.css
[INFO] Exclude: **/src/ui/public/js/jsonFormatter.min.js
[INFO] Exclude: **/src/ui/public/css/jsonFormatter.min.css
[INFO] Exclude: **/src/ui/public/js/jquery-1.11.1.min.js
[INFO] Exclude: **/src/ui/public/js/jquery.cookies.2.2.0.min.js
[INFO] Exclude: **/src/ui/public/js/moment.min.js
[INFO] Exclude: **/src/ui/public/js/jquery.blockUI.min.js
[INFO] Exclude: **/src/ui/public/js/url.min.js
[INFO] Exclude: **/src/ui/public/js/arbor.js
[INFO] Exclude: **/src/ui/public/js/arbor-graphics.js
[INFO] Exclude: **/src/ui/public/js/arbor-tween.js
[INFO] Exclude: **/src/ui/public/js/jquery.mustache.js
[INFO] Exclude: **/src/ui/public/js/typeahead.jquery.min.js
[INFO] Exclude: **/dependency-reduced-pom.xml
[INFO] Exclude: **/docs/**
[INFO] Exclude: **/.git/**
[INFO] Exclude: **/derby.log
[INFO] Exclude: **/src/dev/**
[INFO] Exclude: **/src/codegen/config.fmpp
[INFO] Exclude: **/src/codegen/data/Parser.tdd
[INFO] Exclude: **/src/test/resources/FixedAvroSerializer.config
[INFO] 2 resources included (use -debug for more details)
Warning:  org.apache.xerces.jaxp.SAXParserImpl$JAXPSAXParser: Property 'http://www.oracle.com/xml/jaxp/properties/entityExpansionLimit' is not recognized.
Compiler warnings:
  WARNING:  'org.apache.xerces.jaxp.SAXParserImpl: Property 'http://javax.xml.XMLConstants/property/accessExternalDTD' is not recognized.'
Warning:  org.apache.xerces.parsers.SAXParser: Feature 'http://javax.xml.XMLConstants/feature/secure-processing' is not recognized.
Warning:  org.apache.xerces.parsers.SAXParser: Property 'http://javax.xml.XMLConstants/property/accessExternalDTD' is not recognized.
Warning:  org.apache.xerces.parsers.SAXParser: Property 'http://www.oracle.com/xml/jaxp/properties/entityExpansionLimit' is not recognized.
[INFO] Rat check: Summary of files. Unapproved: 0 unknown: 0 generated: 0 approved: 2 licence.
[INFO]                                                                         
[INFO] ------------------------------------------------------------------------
[INFO] Building storm-maven-plugins 1.1.0-SNAPSHOT
[INFO] ------------------------------------------------------------------------
[INFO] 
[INFO] --- maven-remote-resources-plugin:1.2.1:process (default) @ storm-maven-plugins ---
[INFO] 
[INFO] --- maven-resources-plugin:2.5:resources (default-resources) @ storm-maven-plugins ---
[debug] execute contextualize
[INFO] Using 'UTF-8' encoding to copy filtered resources.
[INFO] skip non existing resourceDirectory /home/travis/build/apache/storm/storm-buildtools/storm-maven-plugins/src/main/resources
[INFO] Copying 3 resources
[INFO] 
[INFO] --- maven-compiler-plugin:3.1:compile (default-compile) @ storm-maven-plugins ---
[INFO] Nothing to compile - all classes are up to date
[INFO] 
[INFO] --- maven-plugin-plugin:3.0:descriptor (default-descriptor) @ storm-maven-plugins ---
[INFO] Using 'UTF-8' encoding to read mojo metadata.
[INFO] Applying mojo extractor for language: java-annotations
[INFO] Mojo extractor for language: java-annotations found 1 mojo descriptors.
[INFO] Applying mojo extractor for language: java
[INFO] Mojo extractor for language: java found 0 mojo descriptors.
[INFO] Applying mojo extractor for language: bsh
[INFO] Mojo extractor for language: bsh found 0 mojo descriptors.
[INFO] 
[INFO] --- maven-plugin-plugin:3.0:descriptor (mojo-descriptor) @ storm-maven-plugins ---
[INFO] Using 'UTF-8' encoding to read mojo metadata.
[INFO] Applying mojo extractor for language: java-annotations
[INFO] Mojo extractor for language: java-annotations found 1 mojo descriptors.
[INFO] Applying mojo extractor for language: java
[INFO] Mojo extractor for language: java found 0 mojo descriptors.
[INFO] Applying mojo extractor for language: bsh
[INFO] Mojo extractor for language: bsh found 0 mojo descriptors.
[INFO] 
[INFO] --- maven-resources-plugin:2.5:testResources (default-testResources) @ storm-maven-plugins ---
[debug] execute contextualize
[INFO] Using 'UTF-8' encoding to copy filtered resources.
[INFO] skip non existing resourceDirectory /home/travis/build/apache/storm/storm-buildtools/storm-maven-plugins/src/test/resources
[INFO] Copying 3 resources
[INFO] 
[INFO] --- maven-compiler-plugin:3.1:testCompile (default-testCompile) @ storm-maven-plugins ---
[INFO] No sources to compile
[INFO] 
[INFO] --- maven-surefire-plugin:2.18.1:test (default-test) @ storm-maven-plugins ---
[INFO] 
[INFO] --- apache-rat-plugin:0.11:check (default) @ storm-maven-plugins ---
[INFO] 51 implicit excludes (use -debug for more details).
[INFO] Exclude: **/target/**
[INFO] Exclude: **/*.iml
[INFO] Exclude: **/.idea/**
[INFO] Exclude: **/metastore_db/**
[INFO] Exclude: **/build/**
[INFO] Exclude: **/CHANGELOG.md
[INFO] Exclude: **/README.md
[INFO] Exclude: **/README.markdown
[INFO] Exclude: **/DEVELOPER.md
[INFO] Exclude: **/BYLAWS.md
[INFO] Exclude: **/STORM-UI-REST-API.md
[INFO] Exclude: SECURITY.md
[INFO] Exclude: VERSION
[INFO] Exclude: TODO
[INFO] Exclude: **/src/py/**
[INFO] Exclude: **/src/ui/public/js/jquery.dataTables.1.10.4.min.js
[INFO] Exclude: **/src/ui/public/css/jquery.dataTables.1.10.4.min.css
[INFO] Exclude: **/src/ui/public/images/*
[INFO] Exclude: **/src/ui/public/js/bootstrap-3.3.1.min.js
[INFO] Exclude: **/src/ui/public/css/bootstrap-3.3.1.min.css
[INFO] Exclude: **/src/ui/public/js/dataTables.bootstrap.min.js
[INFO] Exclude: **/src/ui/public/css/dataTables.bootstrap.css
[INFO] Exclude: **/src/ui/public/js/jsonFormatter.min.js
[INFO] Exclude: **/src/ui/public/css/jsonFormatter.min.css
[INFO] Exclude: **/src/ui/public/js/jquery-1.11.1.min.js
[INFO] Exclude: **/src/ui/public/js/jquery.cookies.2.2.0.min.js
[INFO] Exclude: **/src/ui/public/js/moment.min.js
[INFO] Exclude: **/src/ui/public/js/jquery.blockUI.min.js
[INFO] Exclude: **/src/ui/public/js/url.min.js
[INFO] Exclude: **/src/ui/public/js/arbor.js
[INFO] Exclude: **/src/ui/public/js/arbor-graphics.js
[INFO] Exclude: **/src/ui/public/js/arbor-tween.js
[INFO] Exclude: **/src/ui/public/js/jquery.mustache.js
[INFO] Exclude: **/src/ui/public/js/typeahead.jquery.min.js
[INFO] Exclude: **/dependency-reduced-pom.xml
[INFO] Exclude: **/docs/**
[INFO] Exclude: **/.git/**
[INFO] Exclude: **/derby.log
[INFO] Exclude: **/src/dev/**
[INFO] Exclude: **/src/codegen/config.fmpp
[INFO] Exclude: **/src/codegen/data/Parser.tdd
[INFO] Exclude: **/src/test/resources/FixedAvroSerializer.config
[INFO] 3 resources included (use -debug for more details)
Warning:  org.apache.xerces.jaxp.SAXParserImpl$JAXPSAXParser: Property 'http://www.oracle.com/xml/jaxp/properties/entityExpansionLimit' is not recognized.
Compiler warnings:
  WARNING:  'org.apache.xerces.jaxp.SAXParserImpl: Property 'http://javax.xml.XMLConstants/property/accessExternalDTD' is not recognized.'
Warning:  org.apache.xerces.parsers.SAXParser: Feature 'http://javax.xml.XMLConstants/feature/secure-processing' is not recognized.
Warning:  org.apache.xerces.parsers.SAXParser: Property 'http://javax.xml.XMLConstants/property/accessExternalDTD' is not recognized.
Warning:  org.apache.xerces.parsers.SAXParser: Property 'http://www.oracle.com/xml/jaxp/properties/entityExpansionLimit' is not recognized.
[INFO] Rat check: Summary of files. Unapproved: 0 unknown: 0 generated: 0 approved: 3 licence.
[INFO]                                                                         
[INFO] ------------------------------------------------------------------------
[INFO] Building storm-rename-hack 1.1.0-SNAPSHOT
[INFO] ------------------------------------------------------------------------
[INFO] Downloading: https://repository.apache.org/snapshots/org/apache/storm/storm-core/1.1.0-SNAPSHOT/maven-metadata.xml
[INFO] Downloaded: https://repository.apache.org/snapshots/org/apache/storm/storm-core/1.1.0-SNAPSHOT/maven-metadata.xml (2 KB at 3.6 KB/sec)
[INFO] 
[INFO] --- maven-remote-resources-plugin:1.2.1:process (default) @ storm-rename-hack ---
[INFO] 
[INFO] --- maven-resources-plugin:2.5:resources (default-resources) @ storm-rename-hack ---
[debug] execute contextualize
[INFO] Using 'UTF-8' encoding to copy filtered resources.
[INFO] skip non existing resourceDirectory /home/travis/build/apache/storm/storm-rename-hack/src/main/resources
[INFO] Copying 3 resources
[INFO] 
[INFO] --- maven-compiler-plugin:3.1:compile (default-compile) @ storm-rename-hack ---
[INFO] Nothing to compile - all classes are up to date
[INFO] 
[INFO] --- maven-resources-plugin:2.5:testResources (default-testResources) @ storm-rename-hack ---
[debug] execute contextualize
[INFO] Using 'UTF-8' encoding to copy filtered resources.
[INFO] skip non existing resourceDirectory /home/travis/build/apache/storm/storm-rename-hack/src/test/resources
[INFO] Copying 3 resources
[INFO] 
[INFO] --- maven-compiler-plugin:3.1:testCompile (default-testCompile) @ storm-rename-hack ---
[INFO] No sources to compile
[INFO] 
[INFO] --- maven-surefire-plugin:2.18.1:test (default-test) @ storm-rename-hack ---
[INFO] 
[INFO] --- apache-rat-plugin:0.11:check (default) @ storm-rename-hack ---
[INFO] 51 implicit excludes (use -debug for more details).
[INFO] Exclude: **/target/**
[INFO] Exclude: **/*.iml
[INFO] Exclude: **/.idea/**
[INFO] Exclude: **/metastore_db/**
[INFO] Exclude: **/build/**
[INFO] Exclude: **/CHANGELOG.md
[INFO] Exclude: **/README.md
[INFO] Exclude: **/README.markdown
[INFO] Exclude: **/DEVELOPER.md
[INFO] Exclude: **/BYLAWS.md
[INFO] Exclude: **/STORM-UI-REST-API.md
[INFO] Exclude: SECURITY.md
[INFO] Exclude: VERSION
[INFO] Exclude: TODO
[INFO] Exclude: **/src/py/**
[INFO] Exclude: **/src/ui/public/js/jquery.dataTables.1.10.4.min.js
[INFO] Exclude: **/src/ui/public/css/jquery.dataTables.1.10.4.min.css
[INFO] Exclude: **/src/ui/public/images/*
[INFO] Exclude: **/src/ui/public/js/bootstrap-3.3.1.min.js
[INFO] Exclude: **/src/ui/public/css/bootstrap-3.3.1.min.css
[INFO] Exclude: **/src/ui/public/js/dataTables.bootstrap.min.js
[INFO] Exclude: **/src/ui/public/css/dataTables.bootstrap.css
[INFO] Exclude: **/src/ui/public/js/jsonFormatter.min.js
[INFO] Exclude: **/src/ui/public/css/jsonFormatter.min.css
[INFO] Exclude: **/src/ui/public/js/jquery-1.11.1.min.js
[INFO] Exclude: **/src/ui/public/js/jquery.cookies.2.2.0.min.js
[INFO] Exclude: **/src/ui/public/js/moment.min.js
[INFO] Exclude: **/src/ui/public/js/jquery.blockUI.min.js
[INFO] Exclude: **/src/ui/public/js/url.min.js
[INFO] Exclude: **/src/ui/public/js/arbor.js
[INFO] Exclude: **/src/ui/public/js/arbor-graphics.js
[INFO] Exclude: **/src/ui/public/js/arbor-tween.js
[INFO] Exclude: **/src/ui/public/js/jquery.mustache.js
[INFO] Exclude: **/src/ui/public/js/typeahead.jquery.min.js
[INFO] Exclude: **/dependency-reduced-pom.xml
[INFO] Exclude: **/docs/**
[INFO] Exclude: **/.git/**
[INFO] Exclude: **/derby.log
[INFO] Exclude: **/src/dev/**
[INFO] Exclude: **/src/codegen/config.fmpp
[INFO] Exclude: **/src/codegen/data/Parser.tdd
[INFO] Exclude: **/src/test/resources/FixedAvroSerializer.config
[INFO] 10 resources included (use -debug for more details)
Warning:  org.apache.xerces.jaxp.SAXParserImpl$JAXPSAXParser: Property 'http://www.oracle.com/xml/jaxp/properties/entityExpansionLimit' is not recognized.
Compiler warnings:
  WARNING:  'org.apache.xerces.jaxp.SAXParserImpl: Property 'http://javax.xml.XMLConstants/property/accessExternalDTD' is not recognized.'
Warning:  org.apache.xerces.parsers.SAXParser: Feature 'http://javax.xml.XMLConstants/feature/secure-processing' is not recognized.
Warning:  org.apache.xerces.parsers.SAXParser: Property 'http://javax.xml.XMLConstants/property/accessExternalDTD' is not recognized.
Warning:  org.apache.xerces.parsers.SAXParser: Property 'http://www.oracle.com/xml/jaxp/properties/entityExpansionLimit' is not recognized.
[INFO] Rat check: Summary of files. Unapproved: 0 unknown: 0 generated: 0 approved: 10 licence.
[INFO]                                                                         
[INFO] ------------------------------------------------------------------------
[INFO] Building storm-kafka 1.1.0-SNAPSHOT
[INFO] ------------------------------------------------------------------------
[INFO] 
[INFO] --- jacoco-maven-plugin:0.7.2.201409121644:prepare-agent (jacoco-initialize) @ storm-kafka ---
[INFO] argLine set to -javaagent:/home/travis/.m2/repository/org/jacoco/org.jacoco.agent/0.7.2.201409121644/org.jacoco.agent-0.7.2.201409121644-runtime.jar=destfile=/home/travis/build/apache/storm/external/storm-kafka/target/jacoco.exec
[INFO] 
[INFO] --- maven-remote-resources-plugin:1.2.1:process (default) @ storm-kafka ---
[INFO] 
[INFO] --- maven-resources-plugin:2.5:resources (default-resources) @ storm-kafka ---
[debug] execute contextualize
[INFO] Using 'UTF-8' encoding to copy filtered resources.
[INFO] skip non existing resourceDirectory /home/travis/build/apache/storm/external/storm-kafka/src/main/resources
[INFO] Copying 3 resources
[INFO] 
[INFO] --- maven-compiler-plugin:3.1:compile (default-compile) @ storm-kafka ---
[INFO] Nothing to compile - all classes are up to date
[INFO] 
[INFO] --- maven-resources-plugin:2.5:testResources (default-testResources) @ storm-kafka ---
[debug] execute contextualize
[INFO] Using 'UTF-8' encoding to copy filtered resources.
[INFO] skip non existing resourceDirectory /home/travis/build/apache/storm/external/storm-kafka/src/test/resources
[INFO] Copying 3 resources
[INFO] 
[INFO] --- maven-compiler-plugin:3.1:testCompile (default-testCompile) @ storm-kafka ---
[INFO] Nothing to compile - all classes are up to date
[INFO] 
[INFO] --- maven-surefire-plugin:2.18.1:test (default-test) @ storm-kafka ---
[INFO] Surefire report directory: /home/travis/build/apache/storm/external/storm-kafka/target/surefire-reports
[INFO] parallel='none', perCoreThreadCount=true, threadCount=0, useUnlimitedThreads=false, threadCountSuites=0, threadCountClasses=0, threadCountMethods=0, parallelOptimized=true

-------------------------------------------------------
 T E S T S
-------------------------------------------------------
Running org.apache.storm.kafka.KafkaErrorTest
Tests run: 5, Failures: 0, Errors: 0, Skipped: 0, Time elapsed: 0.397 sec - in org.apache.storm.kafka.KafkaErrorTest
Running org.apache.storm.kafka.KafkaUtilsTest
Tests run: 18, Failures: 0, Errors: 0, Skipped: 0, Time elapsed: 29.31 sec - in org.apache.storm.kafka.KafkaUtilsTest
Running org.apache.storm.kafka.StringKeyValueSchemeTest
Tests run: 4, Failures: 0, Errors: 0, Skipped: 0, Time elapsed: 1.078 sec - in org.apache.storm.kafka.StringKeyValueSchemeTest
Running org.apache.storm.kafka.ZkCoordinatorTest
Tests run: 2, Failures: 0, Errors: 0, Skipped: 0, Time elapsed: 5.437 sec - in org.apache.storm.kafka.ZkCoordinatorTest
Running org.apache.storm.kafka.TridentKafkaTest
Tests run: 1, Failures: 0, Errors: 0, Skipped: 0, Time elapsed: 1.658 sec - in org.apache.storm.kafka.TridentKafkaTest
Running org.apache.storm.kafka.ExponentialBackoffMsgRetryManagerTest
Tests run: 12, Failures: 0, Errors: 0, Skipped: 0, Time elapsed: 1.721 sec - in org.apache.storm.kafka.ExponentialBackoffMsgRetryManagerTest
Running org.apache.storm.kafka.TestStringScheme
Tests run: 1, Failures: 0, Errors: 0, Skipped: 0, Time elapsed: 0 sec - in org.apache.storm.kafka.TestStringScheme
Running org.apache.storm.kafka.DynamicBrokersReaderTest
Tests run: 6, Failures: 0, Errors: 0, Skipped: 0, Time elapsed: 6.406 sec - in org.apache.storm.kafka.DynamicBrokersReaderTest
Running org.apache.storm.kafka.bolt.KafkaBoltTest
Tests run: 8, Failures: 0, Errors: 0, Skipped: 0, Time elapsed: 14.215 sec - in org.apache.storm.kafka.bolt.KafkaBoltTest

Results :

Tests run: 57, Failures: 0, Errors: 0, Skipped: 0

[INFO] 
[INFO] --- apache-rat-plugin:0.11:check (default) @ storm-kafka ---
[INFO] 51 implicit excludes (use -debug for more details).
[INFO] Exclude: **/target/**
[INFO] Exclude: **/*.iml
[INFO] Exclude: **/.idea/**
[INFO] Exclude: **/metastore_db/**
[INFO] Exclude: **/build/**
[INFO] Exclude: **/CHANGELOG.md
[INFO] Exclude: **/README.md
[INFO] Exclude: **/README.markdown
[INFO] Exclude: **/DEVELOPER.md
[INFO] Exclude: **/BYLAWS.md
[INFO] Exclude: **/STORM-UI-REST-API.md
[INFO] Exclude: SECURITY.md
[INFO] Exclude: VERSION
[INFO] Exclude: TODO
[INFO] Exclude: **/src/py/**
[INFO] Exclude: **/src/ui/public/js/jquery.dataTables.1.10.4.min.js
[INFO] Exclude: **/src/ui/public/css/jquery.dataTables.1.10.4.min.css
[INFO] Exclude: **/src/ui/public/images/*
[INFO] Exclude: **/src/ui/public/js/bootstrap-3.3.1.min.js
[INFO] Exclude: **/src/ui/public/css/bootstrap-3.3.1.min.css
[INFO] Exclude: **/src/ui/public/js/dataTables.bootstrap.min.js
[INFO] Exclude: **/src/ui/public/css/dataTables.bootstrap.css
[INFO] Exclude: **/src/ui/public/js/jsonFormatter.min.js
[INFO] Exclude: **/src/ui/public/css/jsonFormatter.min.css
[INFO] Exclude: **/src/ui/public/js/jquery-1.11.1.min.js
[INFO] Exclude: **/src/ui/public/js/jquery.cookies.2.2.0.min.js
[INFO] Exclude: **/src/ui/public/js/moment.min.js
[INFO] Exclude: **/src/ui/public/js/jquery.blockUI.min.js
[INFO] Exclude: **/src/ui/public/js/url.min.js
[INFO] Exclude: **/src/ui/public/js/arbor.js
[INFO] Exclude: **/src/ui/public/js/arbor-graphics.js
[INFO] Exclude: **/src/ui/public/js/arbor-tween.js
[INFO] Exclude: **/src/ui/public/js/jquery.mustache.js
[INFO] Exclude: **/src/ui/public/js/typeahead.jquery.min.js
[INFO] Exclude: **/dependency-reduced-pom.xml
[INFO] Exclude: **/docs/**
[INFO] Exclude: **/.git/**
[INFO] Exclude: **/derby.log
[INFO] Exclude: **/src/dev/**
[INFO] Exclude: **/src/codegen/config.fmpp
[INFO] Exclude: **/src/codegen/data/Parser.tdd
[INFO] Exclude: **/src/test/resources/FixedAvroSerializer.config
[INFO] 71 resources included (use -debug for more details)
Warning:  org.apache.xerces.jaxp.SAXParserImpl$JAXPSAXParser: Property 'http://www.oracle.com/xml/jaxp/properties/entityExpansionLimit' is not recognized.
Compiler warnings:
  WARNING:  'org.apache.xerces.jaxp.SAXParserImpl: Property 'http://javax.xml.XMLConstants/property/accessExternalDTD' is not recognized.'
Warning:  org.apache.xerces.parsers.SAXParser: Feature 'http://javax.xml.XMLConstants/feature/secure-processing' is not recognized.
Warning:  org.apache.xerces.parsers.SAXParser: Property 'http://javax.xml.XMLConstants/property/accessExternalDTD' is not recognized.
Warning:  org.apache.xerces.parsers.SAXParser: Property 'http://www.oracle.com/xml/jaxp/properties/entityExpansionLimit' is not recognized.
[INFO] Rat check: Summary of files. Unapproved: 0 unknown: 0 generated: 0 approved: 71 licence.
[INFO] 
[INFO] --- jacoco-maven-plugin:0.7.2.201409121644:report (jacoco-report) @ storm-kafka ---
[INFO] Skipping JaCoCo execution due to missing execution data file:/home/travis/build/apache/storm/external/storm-kafka/target/jacoco.exec
[INFO]                                                                         
[INFO] ------------------------------------------------------------------------
[INFO] Building storm-hdfs 1.1.0-SNAPSHOT
[INFO] ------------------------------------------------------------------------
[INFO] 
[INFO] --- maven-remote-resources-plugin:1.2.1:process (default) @ storm-hdfs ---
[INFO] 
[INFO] --- maven-resources-plugin:2.5:resources (default-resources) @ storm-hdfs ---
[debug] execute contextualize
[INFO] Using 'UTF-8' encoding to copy filtered resources.
[INFO] skip non existing resourceDirectory /home/travis/build/apache/storm/external/storm-hdfs/src/main/resources
[INFO] Copying 3 resources
[INFO] 
[INFO] --- maven-compiler-plugin:2.5.1:compile (default-compile) @ storm-hdfs ---
[INFO] Nothing to compile - all classes are up to date
[INFO] 
[INFO] --- maven-resources-plugin:2.5:testResources (default-testResources) @ storm-hdfs ---
[debug] execute contextualize
[INFO] Using 'UTF-8' encoding to copy filtered resources.
[INFO] Copying 2 resources
[INFO] Copying 3 resources
[INFO] 
[INFO] --- maven-compiler-plugin:2.5.1:testCompile (default-testCompile) @ storm-hdfs ---
[INFO] Nothing to compile - all classes are up to date
[INFO] 
[INFO] --- maven-surefire-plugin:2.18.1:test (default-test) @ storm-hdfs ---
[INFO] Surefire report directory: /home/travis/build/apache/storm/external/storm-hdfs/target/surefire-reports
[INFO] parallel='none', perCoreThreadCount=true, threadCount=0, useUnlimitedThreads=false, threadCountSuites=0, threadCountClasses=0, threadCountMethods=0, parallelOptimized=true

-------------------------------------------------------
 T E S T S
-------------------------------------------------------
Running org.apache.storm.hdfs.bolt.TestHdfsBolt
Tests run: 5, Failures: 0, Errors: 0, Skipped: 0, Time elapsed: 8.348 sec - in org.apache.storm.hdfs.bolt.TestHdfsBolt
Running org.apache.storm.hdfs.bolt.TestSequenceFileBolt
Tests run: 3, Failures: 0, Errors: 0, Skipped: 0, Time elapsed: 2.782 sec - in org.apache.storm.hdfs.bolt.TestSequenceFileBolt
Running org.apache.storm.hdfs.bolt.AvroGenericRecordBoltTest
Tests run: 2, Failures: 0, Errors: 0, Skipped: 0, Time elapsed: 1.565 sec - in org.apache.storm.hdfs.bolt.AvroGenericRecordBoltTest
Running org.apache.storm.hdfs.bolt.format.TestSimpleFileNameFormat
Tests run: 3, Failures: 0, Errors: 0, Skipped: 0, Time elapsed: 0.5 sec - in org.apache.storm.hdfs.bolt.format.TestSimpleFileNameFormat
Running org.apache.storm.hdfs.spout.TestDirLock
Tests run: 3, Failures: 0, Errors: 0, Skipped: 0, Time elapsed: 13.974 sec - in org.apache.storm.hdfs.spout.TestDirLock
Running org.apache.storm.hdfs.spout.TestHdfsSemantics
Tests run: 4, Failures: 0, Errors: 0, Skipped: 0, Time elapsed: 0.683 sec - in org.apache.storm.hdfs.spout.TestHdfsSemantics
Running org.apache.storm.hdfs.spout.TestHdfsSpout
Tests run: 10, Failures: 0, Errors: 0, Skipped: 0, Time elapsed: 9.285 sec - in org.apache.storm.hdfs.spout.TestHdfsSpout
Running org.apache.storm.hdfs.spout.TestProgressTracker
Tests run: 1, Failures: 0, Errors: 0, Skipped: 0, Time elapsed: 0.387 sec - in org.apache.storm.hdfs.spout.TestProgressTracker
Running org.apache.storm.hdfs.spout.TestFileLock
Tests run: 6, Failures: 0, Errors: 0, Skipped: 0, Time elapsed: 25.718 sec - in org.apache.storm.hdfs.spout.TestFileLock
Running org.apache.storm.hdfs.trident.format.TestSimpleFileNameFormat
Tests run: 3, Failures: 0, Errors: 0, Skipped: 0, Time elapsed: 0 sec - in org.apache.storm.hdfs.trident.format.TestSimpleFileNameFormat
Running org.apache.storm.hdfs.trident.HdfsStateTest
Tests run: 5, Failures: 0, Errors: 0, Skipped: 0, Time elapsed: 0.109 sec - in org.apache.storm.hdfs.trident.HdfsStateTest
Running org.apache.storm.hdfs.blobstore.BlobStoreTest
Tests run: 4, Failures: 0, Errors: 0, Skipped: 0, Time elapsed: 9.193 sec - in org.apache.storm.hdfs.blobstore.BlobStoreTest
Running org.apache.storm.hdfs.blobstore.HdfsBlobStoreImplTest
Tests run: 2, Failures: 0, Errors: 0, Skipped: 0, Time elapsed: 0.527 sec - in org.apache.storm.hdfs.blobstore.HdfsBlobStoreImplTest
Running org.apache.storm.hdfs.avro.TestFixedAvroSerializer
Tests run: 2, Failures: 0, Errors: 0, Skipped: 0, Time elapsed: 0.001 sec - in org.apache.storm.hdfs.avro.TestFixedAvroSerializer
Running org.apache.storm.hdfs.avro.TestGenericAvroSerializer
Tests run: 2, Failures: 0, Errors: 0, Skipped: 0, Time elapsed: 0 sec - in org.apache.storm.hdfs.avro.TestGenericAvroSerializer

Results :

Tests run: 55, Failures: 0, Errors: 0, Skipped: 0

[INFO] 
[INFO] --- apache-rat-plugin:0.11:check (default) @ storm-hdfs ---
[INFO] 51 implicit excludes (use -debug for more details).
[INFO] Exclude: **/target/**
[INFO] Exclude: **/*.iml
[INFO] Exclude: **/.idea/**
[INFO] Exclude: **/metastore_db/**
[INFO] Exclude: **/build/**
[INFO] Exclude: **/CHANGELOG.md
[INFO] Exclude: **/README.md
[INFO] Exclude: **/README.markdown
[INFO] Exclude: **/DEVELOPER.md
[INFO] Exclude: **/BYLAWS.md
[INFO] Exclude: **/STORM-UI-REST-API.md
[INFO] Exclude: SECURITY.md
[INFO] Exclude: VERSION
[INFO] Exclude: TODO
[INFO] Exclude: **/src/py/**
[INFO] Exclude: **/src/ui/public/js/jquery.dataTables.1.10.4.min.js
[INFO] Exclude: **/src/ui/public/css/jquery.dataTables.1.10.4.min.css
[INFO] Exclude: **/src/ui/public/images/*
[INFO] Exclude: **/src/ui/public/js/bootstrap-3.3.1.min.js
[INFO] Exclude: **/src/ui/public/css/bootstrap-3.3.1.min.css
[INFO] Exclude: **/src/ui/public/js/dataTables.bootstrap.min.js
[INFO] Exclude: **/src/ui/public/css/dataTables.bootstrap.css
[INFO] Exclude: **/src/ui/public/js/jsonFormatter.min.js
[INFO] Exclude: **/src/ui/public/css/jsonFormatter.min.css
[INFO] Exclude: **/src/ui/public/js/jquery-1.11.1.min.js
[INFO] Exclude: **/src/ui/public/js/jquery.cookies.2.2.0.min.js
[INFO] Exclude: **/src/ui/public/js/moment.min.js
[INFO] Exclude: **/src/ui/public/js/jquery.blockUI.min.js
[INFO] Exclude: **/src/ui/public/js/url.min.js
[INFO] Exclude: **/src/ui/public/js/arbor.js
[INFO] Exclude: **/src/ui/public/js/arbor-graphics.js
[INFO] Exclude: **/src/ui/public/js/arbor-tween.js
[INFO] Exclude: **/src/ui/public/js/jquery.mustache.js
[INFO] Exclude: **/src/ui/public/js/typeahead.jquery.min.js
[INFO] Exclude: **/dependency-reduced-pom.xml
[INFO] Exclude: **/docs/**
[INFO] Exclude: **/.git/**
[INFO] Exclude: **/derby.log
[INFO] Exclude: **/src/dev/**
[INFO] Exclude: **/src/codegen/config.fmpp
[INFO] Exclude: **/src/codegen/data/Parser.tdd
[INFO] Exclude: **/src/test/resources/FixedAvroSerializer.config
[INFO] 82 resources included (use -debug for more details)
Warning:  org.apache.xerces.jaxp.SAXParserImpl$JAXPSAXParser: Property 'http://www.oracle.com/xml/jaxp/properties/entityExpansionLimit' is not recognized.
Compiler warnings:
  WARNING:  'org.apache.xerces.jaxp.SAXParserImpl: Property 'http://javax.xml.XMLConstants/property/accessExternalDTD' is not recognized.'
Warning:  org.apache.xerces.parsers.SAXParser: Feature 'http://javax.xml.XMLConstants/feature/secure-processing' is not recognized.
Warning:  org.apache.xerces.parsers.SAXParser: Property 'http://javax.xml.XMLConstants/property/accessExternalDTD' is not recognized.
Warning:  org.apache.xerces.parsers.SAXParser: Property 'http://www.oracle.com/xml/jaxp/properties/entityExpansionLimit' is not recognized.
[INFO] Rat check: Summary of files. Unapproved: 0 unknown: 0 generated: 0 approved: 82 licence.
[INFO]                                                                         
[INFO] ------------------------------------------------------------------------
[INFO] Building storm-hbase 1.1.0-SNAPSHOT
[INFO] ------------------------------------------------------------------------
[INFO] 
[INFO] --- maven-remote-resources-plugin:1.2.1:process (default) @ storm-hbase ---
[INFO] 
[INFO] --- maven-resources-plugin:2.5:resources (default-resources) @ storm-hbase ---
[debug] execute contextualize
[INFO] Using 'UTF-8' encoding to copy filtered resources.
[INFO] skip non existing resourceDirectory /home/travis/build/apache/storm/external/storm-hbase/src/main/resources
[INFO] Copying 3 resources
[INFO] 
[INFO] --- maven-compiler-plugin:3.1:compile (default-compile) @ storm-hbase ---
[INFO] Nothing to compile - all classes are up to date
[INFO] 
[INFO] --- maven-resources-plugin:2.5:testResources (default-testResources) @ storm-hbase ---
[debug] execute contextualize
[INFO] Using 'UTF-8' encoding to copy filtered resources.
[INFO] skip non existing resourceDirectory /home/travis/build/apache/storm/external/storm-hbase/src/test/resources
[INFO] Copying 3 resources
[INFO] 
[INFO] --- maven-compiler-plugin:3.1:testCompile (default-testCompile) @ storm-hbase ---
[INFO] Nothing to compile - all classes are up to date
[INFO] 
[INFO] --- maven-surefire-plugin:2.18.1:test (default-test) @ storm-hbase ---
[INFO] 
[INFO] --- apache-rat-plugin:0.11:check (default) @ storm-hbase ---
[INFO] 51 implicit excludes (use -debug for more details).
[INFO] Exclude: **/target/**
[INFO] Exclude: **/*.iml
[INFO] Exclude: **/.idea/**
[INFO] Exclude: **/metastore_db/**
[INFO] Exclude: **/build/**
[INFO] Exclude: **/CHANGELOG.md
[INFO] Exclude: **/README.md
[INFO] Exclude: **/README.markdown
[INFO] Exclude: **/DEVELOPER.md
[INFO] Exclude: **/BYLAWS.md
[INFO] Exclude: **/STORM-UI-REST-API.md
[INFO] Exclude: SECURITY.md
[INFO] Exclude: VERSION
[INFO] Exclude: TODO
[INFO] Exclude: **/src/py/**
[INFO] Exclude: **/src/ui/public/js/jquery.dataTables.1.10.4.min.js
[INFO] Exclude: **/src/ui/public/css/jquery.dataTables.1.10.4.min.css
[INFO] Exclude: **/src/ui/public/images/*
[INFO] Exclude: **/src/ui/public/js/bootstrap-3.3.1.min.js
[INFO] Exclude: **/src/ui/public/css/bootstrap-3.3.1.min.css
[INFO] Exclude: **/src/ui/public/js/dataTables.bootstrap.min.js
[INFO] Exclude: **/src/ui/public/css/dataTables.bootstrap.css
[INFO] Exclude: **/src/ui/public/js/jsonFormatter.min.js
[INFO] Exclude: **/src/ui/public/css/jsonFormatter.min.css
[INFO] Exclude: **/src/ui/public/js/jquery-1.11.1.min.js
[INFO] Exclude: **/src/ui/public/js/jquery.cookies.2.2.0.min.js
[INFO] Exclude: **/src/ui/public/js/moment.min.js
[INFO] Exclude: **/src/ui/public/js/jquery.blockUI.min.js
[INFO] Exclude: **/src/ui/public/js/url.min.js
[INFO] Exclude: **/src/ui/public/js/arbor.js
[INFO] Exclude: **/src/ui/public/js/arbor-graphics.js
[INFO] Exclude: **/src/ui/public/js/arbor-tween.js
[INFO] Exclude: **/src/ui/public/js/jquery.mustache.js
[INFO] Exclude: **/src/ui/public/js/typeahead.jquery.min.js
[INFO] Exclude: **/dependency-reduced-pom.xml
[INFO] Exclude: **/docs/**
[INFO] Exclude: **/.git/**
[INFO] Exclude: **/derby.log
[INFO] Exclude: **/src/dev/**
[INFO] Exclude: **/src/codegen/config.fmpp
[INFO] Exclude: **/src/codegen/data/Parser.tdd
[INFO] Exclude: **/src/test/resources/FixedAvroSerializer.config
[INFO] 35 resources included (use -debug for more details)
Warning:  org.apache.xerces.jaxp.SAXParserImpl$JAXPSAXParser: Property 'http://www.oracle.com/xml/jaxp/properties/entityExpansionLimit' is not recognized.
Compiler warnings:
  WARNING:  'org.apache.xerces.jaxp.SAXParserImpl: Property 'http://javax.xml.XMLConstants/property/accessExternalDTD' is not recognized.'
Warning:  org.apache.xerces.parsers.SAXParser: Feature 'http://javax.xml.XMLConstants/feature/secure-processing' is not recognized.
Warning:  org.apache.xerces.parsers.SAXParser: Property 'http://javax.xml.XMLConstants/property/accessExternalDTD' is not recognized.
Warning:  org.apache.xerces.parsers.SAXParser: Property 'http://www.oracle.com/xml/jaxp/properties/entityExpansionLimit' is not recognized.
[INFO] Rat check: Summary of files. Unapproved: 0 unknown: 0 generated: 0 approved: 35 licence.
[INFO]                                                                         
[INFO] ------------------------------------------------------------------------
[INFO] Building storm-hive 1.1.0-SNAPSHOT
[INFO] ------------------------------------------------------------------------
[INFO] 
[INFO] --- maven-remote-resources-plugin:1.2.1:process (default) @ storm-hive ---
[INFO] Downloading: https://oss.sonatype.org/content/repositories/releases/net/hydromatic/linq4j/0.4/linq4j-0.4.pom
[INFO] Downloading: https://repository.apache.org/releases/net/hydromatic/linq4j/0.4/linq4j-0.4.pom
[INFO] Downloading: https://oss.sonatype.org/content/repositories/releases/net/hydromatic/quidem/0.1.1/quidem-0.1.1.pom
[INFO] Downloading: https://repository.apache.org/releases/net/hydromatic/quidem/0.1.1/quidem-0.1.1.pom
[INFO] Downloading: https://oss.sonatype.org/content/repositories/releases/org/pentaho/pentaho-aggdesigner-algorithm/5.1.3-jhyde/pentaho-aggdesigner-algorithm-5.1.3-jhyde.pom
[INFO] Downloading: https://repository.apache.org/releases/org/pentaho/pentaho-aggdesigner-algorithm/5.1.3-jhyde/pentaho-aggdesigner-algorithm-5.1.3-jhyde.pom
[INFO] Downloading: https://oss.sonatype.org/content/repositories/releases/eigenbase/eigenbase-properties/1.1.4/eigenbase-properties-1.1.4.pom
[INFO] Downloading: https://repository.apache.org/releases/eigenbase/eigenbase-properties/1.1.4/eigenbase-properties-1.1.4.pom
[INFO] 
[INFO] --- maven-resources-plugin:2.5:resources (default-resources) @ storm-hive ---
[debug] execute contextualize
[INFO] Using 'UTF-8' encoding to copy filtered resources.
[INFO] skip non existing resourceDirectory /home/travis/build/apache/storm/external/storm-hive/src/main/resources
[INFO] Copying 3 resources
[INFO] 
[INFO] --- maven-compiler-plugin:3.1:compile (default-compile) @ storm-hive ---
[INFO] Nothing to compile - all classes are up to date
[INFO] 
[INFO] --- maven-resources-plugin:2.5:testResources (default-testResources) @ storm-hive ---
[debug] execute contextualize
[INFO] Using 'UTF-8' encoding to copy filtered resources.
[INFO] skip non existing resourceDirectory /home/travis/build/apache/storm/external/storm-hive/src/test/resources
[INFO] Copying 3 resources
[INFO] 
[INFO] --- maven-compiler-plugin:3.1:testCompile (default-testCompile) @ storm-hive ---
[INFO] Nothing to compile - all classes are up to date
[INFO] 
[INFO] --- maven-clean-plugin:2.5:clean (cleanup) @ storm-hive ---
[INFO] 
[INFO] --- maven-surefire-plugin:2.18.1:test (default-test) @ storm-hive ---
[INFO] Surefire report directory: /home/travis/build/apache/storm/external/storm-hive/target/surefire-reports
[INFO] parallel='none', perCoreThreadCount=true, threadCount=0, useUnlimitedThreads=false, threadCountSuites=0, threadCountClasses=0, threadCountMethods=0, parallelOptimized=true

-------------------------------------------------------
 T E S T S
-------------------------------------------------------
Running org.apache.storm.hive.bolt.TestHiveBolt
Tests run: 11, Failures: 0, Errors: 0, Skipped: 0, Time elapsed: 13.823 sec - in org.apache.storm.hive.bolt.TestHiveBolt
Running org.apache.storm.hive.common.TestHiveWriter
Tests run: 3, Failures: 0, Errors: 0, Skipped: 0, Time elapsed: 2.23 sec - in org.apache.storm.hive.common.TestHiveWriter

Results :

Tests run: 14, Failures: 0, Errors: 0, Skipped: 0

[INFO] 
[INFO] --- apache-rat-plugin:0.11:check (default) @ storm-hive ---
[INFO] 51 implicit excludes (use -debug for more details).
[INFO] Exclude: **/target/**
[INFO] Exclude: **/*.iml
[INFO] Exclude: **/.idea/**
[INFO] Exclude: **/metastore_db/**
[INFO] Exclude: **/build/**
[INFO] Exclude: **/CHANGELOG.md
[INFO] Exclude: **/README.md
[INFO] Exclude: **/README.markdown
[INFO] Exclude: **/DEVELOPER.md
[INFO] Exclude: **/BYLAWS.md
[INFO] Exclude: **/STORM-UI-REST-API.md
[INFO] Exclude: SECURITY.md
[INFO] Exclude: VERSION
[INFO] Exclude: TODO
[INFO] Exclude: **/src/py/**
[INFO] Exclude: **/src/ui/public/js/jquery.dataTables.1.10.4.min.js
[INFO] Exclude: **/src/ui/public/css/jquery.dataTables.1.10.4.min.css
[INFO] Exclude: **/src/ui/public/images/*
[INFO] Exclude: **/src/ui/public/js/bootstrap-3.3.1.min.js
[INFO] Exclude: **/src/ui/public/css/bootstrap-3.3.1.min.css
[INFO] Exclude: **/src/ui/public/js/dataTables.bootstrap.min.js
[INFO] Exclude: **/src/ui/public/css/dataTables.bootstrap.css
[INFO] Exclude: **/src/ui/public/js/jsonFormatter.min.js
[INFO] Exclude: **/src/ui/public/css/jsonFormatter.min.css
[INFO] Exclude: **/src/ui/public/js/jquery-1.11.1.min.js
[INFO] Exclude: **/src/ui/public/js/jquery.cookies.2.2.0.min.js
[INFO] Exclude: **/src/ui/public/js/moment.min.js
[INFO] Exclude: **/src/ui/public/js/jquery.blockUI.min.js
[INFO] Exclude: **/src/ui/public/js/url.min.js
[INFO] Exclude: **/src/ui/public/js/arbor.js
[INFO] Exclude: **/src/ui/public/js/arbor-graphics.js
[INFO] Exclude: **/src/ui/public/js/arbor-tween.js
[INFO] Exclude: **/src/ui/public/js/jquery.mustache.js
[INFO] Exclude: **/src/ui/public/js/typeahead.jquery.min.js
[INFO] Exclude: **/dependency-reduced-pom.xml
[INFO] Exclude: **/docs/**
[INFO] Exclude: **/.git/**
[INFO] Exclude: **/derby.log
[INFO] Exclude: **/src/dev/**
[INFO] Exclude: **/src/codegen/config.fmpp
[INFO] Exclude: **/src/codegen/data/Parser.tdd
[INFO] Exclude: **/src/test/resources/FixedAvroSerializer.config
[INFO] 18 resources included (use -debug for more details)
Warning:  org.apache.xerces.jaxp.SAXParserImpl$JAXPSAXParser: Property 'http://www.oracle.com/xml/jaxp/properties/entityExpansionLimit' is not recognized.
Compiler warnings:
  WARNING:  'org.apache.xerces.jaxp.SAXParserImpl: Property 'http://javax.xml.XMLConstants/property/accessExternalDTD' is not recognized.'
Warning:  org.apache.xerces.parsers.SAXParser: Feature 'http://javax.xml.XMLConstants/feature/secure-processing' is not recognized.
Warning:  org.apache.xerces.parsers.SAXParser: Property 'http://javax.xml.XMLConstants/property/accessExternalDTD' is not recognized.
Warning:  org.apache.xerces.parsers.SAXParser: Property 'http://www.oracle.com/xml/jaxp/properties/entityExpansionLimit' is not recognized.
[INFO] Rat check: Summary of files. Unapproved: 0 unknown: 0 generated: 0 approved: 18 licence.
[INFO]                                                                         
[INFO] ------------------------------------------------------------------------
[INFO] Building storm-jdbc 1.1.0-SNAPSHOT
[INFO] ------------------------------------------------------------------------
[INFO] 
[INFO] --- maven-remote-resources-plugin:1.2.1:process (default) @ storm-jdbc ---
[INFO] 
[INFO] --- maven-resources-plugin:2.5:resources (default-resources) @ storm-jdbc ---
[debug] execute contextualize
[INFO] Using 'UTF-8' encoding to copy filtered resources.
[INFO] skip non existing resourceDirectory /home/travis/build/apache/storm/external/storm-jdbc/src/main/resources
[INFO] Copying 3 resources
[INFO] 
[INFO] --- maven-compiler-plugin:3.1:compile (default-compile) @ storm-jdbc ---
[INFO] Nothing to compile - all classes are up to date
[INFO] 
[INFO] --- maven-resources-plugin:2.5:testResources (default-testResources) @ storm-jdbc ---
[debug] execute contextualize
[INFO] Using 'UTF-8' encoding to copy filtered resources.
[INFO] skip non existing resourceDirectory /home/travis/build/apache/storm/external/storm-jdbc/src/test/resources
[INFO] Copying 3 resources
[INFO] 
[INFO] --- sql-maven-plugin:1.5:execute (create-db) @ storm-jdbc ---
[INFO] Executing file: /tmp/test.782597565sql
[INFO] 1 of 1 SQL statements executed successfully
[INFO] 
[INFO] --- maven-compiler-plugin:3.1:testCompile (default-testCompile) @ storm-jdbc ---
[INFO] Nothing to compile - all classes are up to date
[INFO] 
[INFO] --- maven-surefire-plugin:2.18.1:test (default-test) @ storm-jdbc ---
[INFO] Surefire report directory: /home/travis/build/apache/storm/external/storm-jdbc/target/surefire-reports
[INFO] parallel='none', perCoreThreadCount=true, threadCount=0, useUnlimitedThreads=false, threadCountSuites=0, threadCountClasses=0, threadCountMethods=0, parallelOptimized=true

-------------------------------------------------------
 T E S T S
-------------------------------------------------------
Running org.apache.storm.jdbc.bolt.JdbcInsertBoltTest
Tests run: 1, Failures: 0, Errors: 0, Skipped: 0, Time elapsed: 0.372 sec - in org.apache.storm.jdbc.bolt.JdbcInsertBoltTest
Running org.apache.storm.jdbc.bolt.JdbcLookupBoltTest
Tests run: 1, Failures: 0, Errors: 0, Skipped: 0, Time elapsed: 0.002 sec - in org.apache.storm.jdbc.bolt.JdbcLookupBoltTest
Running org.apache.storm.jdbc.common.UtilTest
Tests run: 2, Failures: 0, Errors: 0, Skipped: 0, Time elapsed: 0.001 sec - in org.apache.storm.jdbc.common.UtilTest
Running org.apache.storm.jdbc.common.JdbcClientTest
Tests run: 1, Failures: 0, Errors: 0, Skipped: 0, Time elapsed: 0.356 sec - in org.apache.storm.jdbc.common.JdbcClientTest

Results :

Tests run: 5, Failures: 0, Errors: 0, Skipped: 0

[INFO] 
[INFO] --- apache-rat-plugin:0.11:check (default) @ storm-jdbc ---
[INFO] 51 implicit excludes (use -debug for more details).
[INFO] Exclude: **/target/**
[INFO] Exclude: **/*.iml
[INFO] Exclude: **/.idea/**
[INFO] Exclude: **/metastore_db/**
[INFO] Exclude: **/build/**
[INFO] Exclude: **/CHANGELOG.md
[INFO] Exclude: **/README.md
[INFO] Exclude: **/README.markdown
[INFO] Exclude: **/DEVELOPER.md
[INFO] Exclude: **/BYLAWS.md
[INFO] Exclude: **/STORM-UI-REST-API.md
[INFO] Exclude: SECURITY.md
[INFO] Exclude: VERSION
[INFO] Exclude: TODO
[INFO] Exclude: **/src/py/**
[INFO] Exclude: **/src/ui/public/js/jquery.dataTables.1.10.4.min.js
[INFO] Exclude: **/src/ui/public/css/jquery.dataTables.1.10.4.min.css
[INFO] Exclude: **/src/ui/public/images/*
[INFO] Exclude: **/src/ui/public/js/bootstrap-3.3.1.min.js
[INFO] Exclude: **/src/ui/public/css/bootstrap-3.3.1.min.css
[INFO] Exclude: **/src/ui/public/js/dataTables.bootstrap.min.js
[INFO] Exclude: **/src/ui/public/css/dataTables.bootstrap.css
[INFO] Exclude: **/src/ui/public/js/jsonFormatter.min.js
[INFO] Exclude: **/src/ui/public/css/jsonFormatter.min.css
[INFO] Exclude: **/src/ui/public/js/jquery-1.11.1.min.js
[INFO] Exclude: **/src/ui/public/js/jquery.cookies.2.2.0.min.js
[INFO] Exclude: **/src/ui/public/js/moment.min.js
[INFO] Exclude: **/src/ui/public/js/jquery.blockUI.min.js
[INFO] Exclude: **/src/ui/public/js/url.min.js
[INFO] Exclude: **/src/ui/public/js/arbor.js
[INFO] Exclude: **/src/ui/public/js/arbor-graphics.js
[INFO] Exclude: **/src/ui/public/js/arbor-tween.js
[INFO] Exclude: **/src/ui/public/js/jquery.mustache.js
[INFO] Exclude: **/src/ui/public/js/typeahead.jquery.min.js
[INFO] Exclude: **/dependency-reduced-pom.xml
[INFO] Exclude: **/docs/**
[INFO] Exclude: **/.git/**
[INFO] Exclude: **/derby.log
[INFO] Exclude: **/src/dev/**
[INFO] Exclude: **/src/codegen/config.fmpp
[INFO] Exclude: **/src/codegen/data/Parser.tdd
[INFO] Exclude: **/src/test/resources/FixedAvroSerializer.config
[INFO] 26 resources included (use -debug for more details)
Warning:  org.apache.xerces.jaxp.SAXParserImpl$JAXPSAXParser: Property 'http://www.oracle.com/xml/jaxp/properties/entityExpansionLimit' is not recognized.
Compiler warnings:
  WARNING:  'org.apache.xerces.jaxp.SAXParserImpl: Property 'http://javax.xml.XMLConstants/property/accessExternalDTD' is not recognized.'
Warning:  org.apache.xerces.parsers.SAXParser: Feature 'http://javax.xml.XMLConstants/feature/secure-processing' is not recognized.
Warning:  org.apache.xerces.parsers.SAXParser: Property 'http://javax.xml.XMLConstants/property/accessExternalDTD' is not recognized.
Warning:  org.apache.xerces.parsers.SAXParser: Property 'http://www.oracle.com/xml/jaxp/properties/entityExpansionLimit' is not recognized.
[INFO] Rat check: Summary of files. Unapproved: 0 unknown: 0 generated: 0 approved: 26 licence.
[INFO]                                                                         
[INFO] ------------------------------------------------------------------------
[INFO] Building storm-redis 1.1.0-SNAPSHOT
[INFO] ------------------------------------------------------------------------
[INFO] 
[INFO] --- maven-remote-resources-plugin:1.2.1:process (default) @ storm-redis ---
[INFO] 
[INFO] --- maven-resources-plugin:2.5:resources (default-resources) @ storm-redis ---
[debug] execute contextualize
[INFO] Using 'UTF-8' encoding to copy filtered resources.
[INFO] skip non existing resourceDirectory /home/travis/build/apache/storm/external/storm-redis/src/main/resources
[INFO] Copying 3 resources
[INFO] 
[INFO] --- maven-compiler-plugin:3.1:compile (default-compile) @ storm-redis ---
[INFO] Nothing to compile - all classes are up to date
[INFO] 
[INFO] --- maven-resources-plugin:2.5:testResources (default-testResources) @ storm-redis ---
[debug] execute contextualize
[INFO] Using 'UTF-8' encoding to copy filtered resources.
[INFO] skip non existing resourceDirectory /home/travis/build/apache/storm/external/storm-redis/src/test/resources
[INFO] Copying 3 resources
[INFO] 
[INFO] --- maven-compiler-plugin:3.1:testCompile (default-testCompile) @ storm-redis ---
[INFO] Nothing to compile - all classes are up to date
[INFO] 
[INFO] --- maven-surefire-plugin:2.18.1:test (default-test) @ storm-redis ---
[INFO] Surefire report directory: /home/travis/build/apache/storm/external/storm-redis/target/surefire-reports
[INFO] parallel='none', perCoreThreadCount=true, threadCount=0, useUnlimitedThreads=false, threadCountSuites=0, threadCountClasses=0, threadCountMethods=0, parallelOptimized=true

-------------------------------------------------------
 T E S T S
-------------------------------------------------------
Running org.apache.storm.redis.state.RedisKeyValueStateProviderTest
Tests run: 2, Failures: 0, Errors: 0, Skipped: 0, Time elapsed: 0.54 sec - in org.apache.storm.redis.state.RedisKeyValueStateProviderTest
Running org.apache.storm.redis.state.DefaultStateSerializerTest
Tests run: 1, Failures: 0, Errors: 0, Skipped: 0, Time elapsed: 0.053 sec - in org.apache.storm.redis.state.DefaultStateSerializerTest
Running org.apache.storm.redis.state.RedisKeyValueStateTest
Tests run: 2, Failures: 0, Errors: 0, Skipped: 0, Time elapsed: 0.173 sec - in org.apache.storm.redis.state.RedisKeyValueStateTest

Results :

Tests run: 5, Failures: 0, Errors: 0, Skipped: 0

[INFO] 
[INFO] --- apache-rat-plugin:0.11:check (default) @ storm-redis ---
[INFO] 51 implicit excludes (use -debug for more details).
[INFO] Exclude: **/target/**
[INFO] Exclude: **/*.iml
[INFO] Exclude: **/.idea/**
[INFO] Exclude: **/metastore_db/**
[INFO] Exclude: **/build/**
[INFO] Exclude: **/CHANGELOG.md
[INFO] Exclude: **/README.md
[INFO] Exclude: **/README.markdown
[INFO] Exclude: **/DEVELOPER.md
[INFO] Exclude: **/BYLAWS.md
[INFO] Exclude: **/STORM-UI-REST-API.md
[INFO] Exclude: SECURITY.md
[INFO] Exclude: VERSION
[INFO] Exclude: TODO
[INFO] Exclude: **/src/py/**
[INFO] Exclude: **/src/ui/public/js/jquery.dataTables.1.10.4.min.js
[INFO] Exclude: **/src/ui/public/css/jquery.dataTables.1.10.4.min.css
[INFO] Exclude: **/src/ui/public/images/*
[INFO] Exclude: **/src/ui/public/js/bootstrap-3.3.1.min.js
[INFO] Exclude: **/src/ui/public/css/bootstrap-3.3.1.min.css
[INFO] Exclude: **/src/ui/public/js/dataTables.bootstrap.min.js
[INFO] Exclude: **/src/ui/public/css/dataTables.bootstrap.css
[INFO] Exclude: **/src/ui/public/js/jsonFormatter.min.js
[INFO] Exclude: **/src/ui/public/css/jsonFormatter.min.css
[INFO] Exclude: **/src/ui/public/js/jquery-1.11.1.min.js
[INFO] Exclude: **/src/ui/public/js/jquery.cookies.2.2.0.min.js
[INFO] Exclude: **/src/ui/public/js/moment.min.js
[INFO] Exclude: **/src/ui/public/js/jquery.blockUI.min.js
[INFO] Exclude: **/src/ui/public/js/url.min.js
[INFO] Exclude: **/src/ui/public/js/arbor.js
[INFO] Exclude: **/src/ui/public/js/arbor-graphics.js
[INFO] Exclude: **/src/ui/public/js/arbor-tween.js
[INFO] Exclude: **/src/ui/public/js/jquery.mustache.js
[INFO] Exclude: **/src/ui/public/js/typeahead.jquery.min.js
[INFO] Exclude: **/dependency-reduced-pom.xml
[INFO] Exclude: **/docs/**
[INFO] Exclude: **/.git/**
[INFO] Exclude: **/derby.log
[INFO] Exclude: **/src/dev/**
[INFO] Exclude: **/src/codegen/config.fmpp
[INFO] Exclude: **/src/codegen/data/Parser.tdd
[INFO] Exclude: **/src/test/resources/FixedAvroSerializer.config
[INFO] 47 resources included (use -debug for more details)
Warning:  org.apache.xerces.jaxp.SAXParserImpl$JAXPSAXParser: Property 'http://www.oracle.com/xml/jaxp/properties/entityExpansionLimit' is not recognized.
Compiler warnings:
  WARNING:  'org.apache.xerces.jaxp.SAXParserImpl: Property 'http://javax.xml.XMLConstants/property/accessExternalDTD' is not recognized.'
Warning:  org.apache.xerces.parsers.SAXParser: Feature 'http://javax.xml.XMLConstants/feature/secure-processing' is not recognized.
Warning:  org.apache.xerces.parsers.SAXParser: Property 'http://javax.xml.XMLConstants/property/accessExternalDTD' is not recognized.
Warning:  org.apache.xerces.parsers.SAXParser: Property 'http://www.oracle.com/xml/jaxp/properties/entityExpansionLimit' is not recognized.
[INFO] Rat check: Summary of files. Unapproved: 0 unknown: 0 generated: 0 approved: 47 licence.
[INFO]                                                                         
[INFO] ------------------------------------------------------------------------
[INFO] Building storm-eventhubs 1.1.0-SNAPSHOT
[INFO] ------------------------------------------------------------------------
[INFO] 
[INFO] --- maven-remote-resources-plugin:1.2.1:process (default) @ storm-eventhubs ---
[INFO] 
[INFO] --- maven-resources-plugin:2.5:resources (default-resources) @ storm-eventhubs ---
[debug] execute contextualize
[INFO] Using 'UTF-8' encoding to copy filtered resources.
[INFO] Copying 1 resource
[INFO] Copying 3 resources
[INFO] 
[INFO] --- maven-compiler-plugin:3.1:compile (default-compile) @ storm-eventhubs ---
[INFO] Nothing to compile - all classes are up to date
[INFO] 
[INFO] --- maven-resources-plugin:2.5:testResources (default-testResources) @ storm-eventhubs ---
[debug] execute contextualize
[INFO] Using 'UTF-8' encoding to copy filtered resources.
[INFO] skip non existing resourceDirectory /home/travis/build/apache/storm/external/storm-eventhubs/src/test/resources
[INFO] Copying 3 resources
[INFO] 
[INFO] --- maven-compiler-plugin:3.1:testCompile (default-testCompile) @ storm-eventhubs ---
[INFO] Nothing to compile - all classes are up to date
[INFO] 
[INFO] --- maven-surefire-plugin:2.18.1:test (default-test) @ storm-eventhubs ---
[INFO] Surefire report directory: /home/travis/build/apache/storm/external/storm-eventhubs/target/surefire-reports
[INFO] parallel='none', perCoreThreadCount=true, threadCount=0, useUnlimitedThreads=false, threadCountSuites=0, threadCountClasses=0, threadCountMethods=0, parallelOptimized=true

-------------------------------------------------------
 T E S T S
-------------------------------------------------------
Running org.apache.storm.eventhubs.trident.TestTransactionalTridentEmitter
Tests run: 2, Failures: 0, Errors: 0, Skipped: 0, Time elapsed: 0.415 sec - in org.apache.storm.eventhubs.trident.TestTransactionalTridentEmitter
Running org.apache.storm.eventhubs.spout.TestPartitionManager
Tests run: 8, Failures: 0, Errors: 0, Skipped: 0, Time elapsed: 0.031 sec - in org.apache.storm.eventhubs.spout.TestPartitionManager
Running org.apache.storm.eventhubs.spout.TestEventData
Tests run: 1, Failures: 0, Errors: 0, Skipped: 0, Time elapsed: 0 sec - in org.apache.storm.eventhubs.spout.TestEventData
Running org.apache.storm.eventhubs.spout.TestEventHubSpout
Tests run: 3, Failures: 0, Errors: 0, Skipped: 0, Time elapsed: 2.014 sec - in org.apache.storm.eventhubs.spout.TestEventHubSpout

Results :

Tests run: 14, Failures: 0, Errors: 0, Skipped: 0

[INFO] 
[INFO] --- apache-rat-plugin:0.11:check (default) @ storm-eventhubs ---
[INFO] 51 implicit excludes (use -debug for more details).
[INFO] Exclude: **/target/**
[INFO] Exclude: **/*.iml
[INFO] Exclude: **/.idea/**
[INFO] Exclude: **/metastore_db/**
[INFO] Exclude: **/build/**
[INFO] Exclude: **/CHANGELOG.md
[INFO] Exclude: **/README.md
[INFO] Exclude: **/README.markdown
[INFO] Exclude: **/DEVELOPER.md
[INFO] Exclude: **/BYLAWS.md
[INFO] Exclude: **/STORM-UI-REST-API.md
[INFO] Exclude: SECURITY.md
[INFO] Exclude: VERSION
[INFO] Exclude: TODO
[INFO] Exclude: **/src/py/**
[INFO] Exclude: **/src/ui/public/js/jquery.dataTables.1.10.4.min.js
[INFO] Exclude: **/src/ui/public/css/jquery.dataTables.1.10.4.min.css
[INFO] Exclude: **/src/ui/public/images/*
[INFO] Exclude: **/src/ui/public/js/bootstrap-3.3.1.min.js
[INFO] Exclude: **/src/ui/public/css/bootstrap-3.3.1.min.css
[INFO] Exclude: **/src/ui/public/js/dataTables.bootstrap.min.js
[INFO] Exclude: **/src/ui/public/css/dataTables.bootstrap.css
[INFO] Exclude: **/src/ui/public/js/jsonFormatter.min.js
[INFO] Exclude: **/src/ui/public/css/jsonFormatter.min.css
[INFO] Exclude: **/src/ui/public/js/jquery-1.11.1.min.js
[INFO] Exclude: **/src/ui/public/js/jquery.cookies.2.2.0.min.js
[INFO] Exclude: **/src/ui/public/js/moment.min.js
[INFO] Exclude: **/src/ui/public/js/jquery.blockUI.min.js
[INFO] Exclude: **/src/ui/public/js/url.min.js
[INFO] Exclude: **/src/ui/public/js/arbor.js
[INFO] Exclude: **/src/ui/public/js/arbor-graphics.js
[INFO] Exclude: **/src/ui/public/js/arbor-tween.js
[INFO] Exclude: **/src/ui/public/js/jquery.mustache.js
[INFO] Exclude: **/src/ui/public/js/typeahead.jquery.min.js
[INFO] Exclude: **/dependency-reduced-pom.xml
[INFO] Exclude: **/docs/**
[INFO] Exclude: **/.git/**
[INFO] Exclude: **/derby.log
[INFO] Exclude: **/src/dev/**
[INFO] Exclude: **/src/codegen/config.fmpp
[INFO] Exclude: **/src/codegen/data/Parser.tdd
[INFO] Exclude: **/src/test/resources/FixedAvroSerializer.config
[INFO] 52 resources included (use -debug for more details)
Warning:  org.apache.xerces.jaxp.SAXParserImpl$JAXPSAXParser: Property 'http://www.oracle.com/xml/jaxp/properties/entityExpansionLimit' is not recognized.
Compiler warnings:
  WARNING:  'org.apache.xerces.jaxp.SAXParserImpl: Property 'http://javax.xml.XMLConstants/property/accessExternalDTD' is not recognized.'
Warning:  org.apache.xerces.parsers.SAXParser: Feature 'http://javax.xml.XMLConstants/feature/secure-processing' is not recognized.
Warning:  org.apache.xerces.parsers.SAXParser: Property 'http://javax.xml.XMLConstants/property/accessExternalDTD' is not recognized.
Warning:  org.apache.xerces.parsers.SAXParser: Property 'http://www.oracle.com/xml/jaxp/properties/entityExpansionLimit' is not recognized.
[INFO] Rat check: Summary of files. Unapproved: 0 unknown: 0 generated: 0 approved: 52 licence.
[INFO]                                                                         
[INFO] ------------------------------------------------------------------------
[INFO] Building flux 1.1.0-SNAPSHOT
[INFO] ------------------------------------------------------------------------
[INFO] 
[INFO] --- maven-remote-resources-plugin:1.2.1:process (default) @ flux ---
[INFO] 
[INFO] --- apache-rat-plugin:0.11:check (default) @ flux ---
[INFO] 51 implicit excludes (use -debug for more details).
[INFO] Exclude: **/target/**
[INFO] Exclude: **/*.iml
[INFO] Exclude: **/.idea/**
[INFO] Exclude: **/metastore_db/**
[INFO] Exclude: **/build/**
[INFO] Exclude: **/CHANGELOG.md
[INFO] Exclude: **/README.md
[INFO] Exclude: **/README.markdown
[INFO] Exclude: **/DEVELOPER.md
[INFO] Exclude: **/BYLAWS.md
[INFO] Exclude: **/STORM-UI-REST-API.md
[INFO] Exclude: SECURITY.md
[INFO] Exclude: VERSION
[INFO] Exclude: TODO
[INFO] Exclude: **/src/py/**
[INFO] Exclude: **/src/ui/public/js/jquery.dataTables.1.10.4.min.js
[INFO] Exclude: **/src/ui/public/css/jquery.dataTables.1.10.4.min.css
[INFO] Exclude: **/src/ui/public/images/*
[INFO] Exclude: **/src/ui/public/js/bootstrap-3.3.1.min.js
[INFO] Exclude: **/src/ui/public/css/bootstrap-3.3.1.min.css
[INFO] Exclude: **/src/ui/public/js/dataTables.bootstrap.min.js
[INFO] Exclude: **/src/ui/public/css/dataTables.bootstrap.css
[INFO] Exclude: **/src/ui/public/js/jsonFormatter.min.js
[INFO] Exclude: **/src/ui/public/css/jsonFormatter.min.css
[INFO] Exclude: **/src/ui/public/js/jquery-1.11.1.min.js
[INFO] Exclude: **/src/ui/public/js/jquery.cookies.2.2.0.min.js
[INFO] Exclude: **/src/ui/public/js/moment.min.js
[INFO] Exclude: **/src/ui/public/js/jquery.blockUI.min.js
[INFO] Exclude: **/src/ui/public/js/url.min.js
[INFO] Exclude: **/src/ui/public/js/arbor.js
[INFO] Exclude: **/src/ui/public/js/arbor-graphics.js
[INFO] Exclude: **/src/ui/public/js/arbor-tween.js
[INFO] Exclude: **/src/ui/public/js/jquery.mustache.js
[INFO] Exclude: **/src/ui/public/js/typeahead.jquery.min.js
[INFO] Exclude: **/dependency-reduced-pom.xml
[INFO] Exclude: **/docs/**
[INFO] Exclude: **/.git/**
[INFO] Exclude: **/derby.log
[INFO] Exclude: **/src/dev/**
[INFO] Exclude: **/src/codegen/config.fmpp
[INFO] Exclude: **/src/codegen/data/Parser.tdd
[INFO] Exclude: **/src/test/resources/FixedAvroSerializer.config
[INFO] 69 resources included (use -debug for more details)
Warning:  org.apache.xerces.jaxp.SAXParserImpl$JAXPSAXParser: Property 'http://www.oracle.com/xml/jaxp/properties/entityExpansionLimit' is not recognized.
Compiler warnings:
  WARNING:  'org.apache.xerces.jaxp.SAXParserImpl: Property 'http://javax.xml.XMLConstants/property/accessExternalDTD' is not recognized.'
Warning:  org.apache.xerces.parsers.SAXParser: Feature 'http://javax.xml.XMLConstants/feature/secure-processing' is not recognized.
Warning:  org.apache.xerces.parsers.SAXParser: Property 'http://javax.xml.XMLConstants/property/accessExternalDTD' is not recognized.
Warning:  org.apache.xerces.parsers.SAXParser: Property 'http://www.oracle.com/xml/jaxp/properties/entityExpansionLimit' is not recognized.
[INFO] Rat check: Summary of files. Unapproved: 0 unknown: 0 generated: 0 approved: 68 licence.
[INFO]                                                                         
[INFO] ------------------------------------------------------------------------
[INFO] Building flux-wrappers 1.1.0-SNAPSHOT
[INFO] ------------------------------------------------------------------------
[INFO] 
[INFO] --- maven-remote-resources-plugin:1.2.1:process (default) @ flux-wrappers ---
[INFO] 
[INFO] --- maven-resources-plugin:2.5:resources (default-resources) @ flux-wrappers ---
[debug] execute contextualize
[INFO] Using 'UTF-8' encoding to copy filtered resources.
[INFO] Copying 2 resources
[INFO] Copying 3 resources
[INFO] 
[INFO] --- maven-compiler-plugin:3.3:compile (default-compile) @ flux-wrappers ---
[INFO] Nothing to compile - all classes are up to date
[INFO] 
[INFO] --- maven-resources-plugin:2.5:testResources (default-testResources) @ flux-wrappers ---
[debug] execute contextualize
[INFO] Using 'UTF-8' encoding to copy filtered resources.
[INFO] skip non existing resourceDirectory /home/travis/build/apache/storm/external/flux/flux-wrappers/src/test/resources
[INFO] Copying 3 resources
[INFO] 
[INFO] --- maven-compiler-plugin:3.3:testCompile (default-testCompile) @ flux-wrappers ---
[INFO] No sources to compile
[INFO] 
[INFO] --- maven-surefire-plugin:2.18.1:test (default-test) @ flux-wrappers ---
[INFO] 
[INFO] --- apache-rat-plugin:0.11:check (default) @ flux-wrappers ---
[INFO] 51 implicit excludes (use -debug for more details).
[INFO] Exclude: **/target/**
[INFO] Exclude: **/*.iml
[INFO] Exclude: **/.idea/**
[INFO] Exclude: **/metastore_db/**
[INFO] Exclude: **/build/**
[INFO] Exclude: **/CHANGELOG.md
[INFO] Exclude: **/README.md
[INFO] Exclude: **/README.markdown
[INFO] Exclude: **/DEVELOPER.md
[INFO] Exclude: **/BYLAWS.md
[INFO] Exclude: **/STORM-UI-REST-API.md
[INFO] Exclude: SECURITY.md
[INFO] Exclude: VERSION
[INFO] Exclude: TODO
[INFO] Exclude: **/src/py/**
[INFO] Exclude: **/src/ui/public/js/jquery.dataTables.1.10.4.min.js
[INFO] Exclude: **/src/ui/public/css/jquery.dataTables.1.10.4.min.css
[INFO] Exclude: **/src/ui/public/images/*
[INFO] Exclude: **/src/ui/public/js/bootstrap-3.3.1.min.js
[INFO] Exclude: **/src/ui/public/css/bootstrap-3.3.1.min.css
[INFO] Exclude: **/src/ui/public/js/dataTables.bootstrap.min.js
[INFO] Exclude: **/src/ui/public/css/dataTables.bootstrap.css
[INFO] Exclude: **/src/ui/public/js/jsonFormatter.min.js
[INFO] Exclude: **/src/ui/public/css/jsonFormatter.min.css
[INFO] Exclude: **/src/ui/public/js/jquery-1.11.1.min.js
[INFO] Exclude: **/src/ui/public/js/jquery.cookies.2.2.0.min.js
[INFO] Exclude: **/src/ui/public/js/moment.min.js
[INFO] Exclude: **/src/ui/public/js/jquery.blockUI.min.js
[INFO] Exclude: **/src/ui/public/js/url.min.js
[INFO] Exclude: **/src/ui/public/js/arbor.js
[INFO] Exclude: **/src/ui/public/js/arbor-graphics.js
[INFO] Exclude: **/src/ui/public/js/arbor-tween.js
[INFO] Exclude: **/src/ui/public/js/jquery.mustache.js
[INFO] Exclude: **/src/ui/public/js/typeahead.jquery.min.js
[INFO] Exclude: **/dependency-reduced-pom.xml
[INFO] Exclude: **/docs/**
[INFO] Exclude: **/.git/**
[INFO] Exclude: **/derby.log
[INFO] Exclude: **/src/dev/**
[INFO] Exclude: **/src/codegen/config.fmpp
[INFO] Exclude: **/src/codegen/data/Parser.tdd
[INFO] Exclude: **/src/test/resources/FixedAvroSerializer.config
[INFO] 6 resources included (use -debug for more details)
Warning:  org.apache.xerces.jaxp.SAXParserImpl$JAXPSAXParser: Property 'http://www.oracle.com/xml/jaxp/properties/entityExpansionLimit' is not recognized.
Compiler warnings:
  WARNING:  'org.apache.xerces.jaxp.SAXParserImpl: Property 'http://javax.xml.XMLConstants/property/accessExternalDTD' is not recognized.'
Warning:  org.apache.xerces.parsers.SAXParser: Feature 'http://javax.xml.XMLConstants/feature/secure-processing' is not recognized.
Warning:  org.apache.xerces.parsers.SAXParser: Property 'http://javax.xml.XMLConstants/property/accessExternalDTD' is not recognized.
Warning:  org.apache.xerces.parsers.SAXParser: Property 'http://www.oracle.com/xml/jaxp/properties/entityExpansionLimit' is not recognized.
[INFO] Rat check: Summary of files. Unapproved: 0 unknown: 0 generated: 0 approved: 6 licence.
[INFO]                                                                         
[INFO] ------------------------------------------------------------------------
[INFO] Building flux-core 1.1.0-SNAPSHOT
[INFO] ------------------------------------------------------------------------
[INFO] 
[INFO] --- maven-remote-resources-plugin:1.2.1:process (default) @ flux-core ---
[INFO] 
[INFO] --- maven-resources-plugin:2.5:resources (default-resources) @ flux-core ---
[debug] execute contextualize
[INFO] Using 'UTF-8' encoding to copy filtered resources.
[INFO] Copying 1 resource
[INFO] Copying 3 resources
[INFO] 
[INFO] --- maven-compiler-plugin:3.3:compile (default-compile) @ flux-core ---
[INFO] Nothing to compile - all classes are up to date
[INFO] 
[INFO] --- maven-resources-plugin:2.5:testResources (default-testResources) @ flux-core ---
[debug] execute contextualize
[INFO] Using 'UTF-8' encoding to copy filtered resources.
[INFO] Copying 18 resources
[INFO] Copying 3 resources
[INFO] 
[INFO] --- maven-compiler-plugin:3.3:testCompile (default-testCompile) @ flux-core ---
[INFO] Nothing to compile - all classes are up to date
[INFO] 
[INFO] --- maven-surefire-plugin:2.18.1:test (default-test) @ flux-core ---
[INFO] Surefire report directory: /home/travis/build/apache/storm/external/flux/flux-core/target/surefire-reports
[INFO] parallel='none', perCoreThreadCount=true, threadCount=0, useUnlimitedThreads=false, threadCountSuites=0, threadCountClasses=0, threadCountMethods=0, parallelOptimized=true

-------------------------------------------------------
 T E S T S
-------------------------------------------------------
Running org.apache.storm.flux.multilang.MultilangEnvirontmentTest
Tests run: 2, Failures: 1, Errors: 0, Skipped: 0, Time elapsed: 0.02 sec <<< FAILURE! - in org.apache.storm.flux.multilang.MultilangEnvirontmentTest
testInvokeNode(org.apache.storm.flux.multilang.MultilangEnvirontmentTest)  Time elapsed: 0.005 sec  <<< FAILURE!
java.lang.AssertionError: Exit value for node is 0. expected:<0> but was:<139>
	at org.junit.Assert.fail(Assert.java:88)
	at org.junit.Assert.failNotEquals(Assert.java:743)
	at org.junit.Assert.assertEquals(Assert.java:118)
	at org.junit.Assert.assertEquals(Assert.java:555)
	at org.apache.storm.flux.multilang.MultilangEnvirontmentTest.testInvokeNode(MultilangEnvirontmentTest.java:48)

Running org.apache.storm.flux.IntegrationTest
Tests run: 1, Failures: 0, Errors: 0, Skipped: 0, Time elapsed: 0 sec - in org.apache.storm.flux.IntegrationTest
Running org.apache.storm.flux.FluxBuilderTest
Tests run: 1, Failures: 0, Errors: 0, Skipped: 0, Time elapsed: 0.001 sec - in org.apache.storm.flux.FluxBuilderTest
Running org.apache.storm.flux.TCKTest
Tests run: 18, Failures: 0, Errors: 0, Skipped: 0, Time elapsed: 1.419 sec - in org.apache.storm.flux.TCKTest

Results :

Failed tests: 
  MultilangEnvirontmentTest.testInvokeNode:48 Exit value for node is 0. expected:<0> but was:<139>

Tests run: 22, Failures: 1, Errors: 0, Skipped: 0

[INFO]                                                                         
[INFO] ------------------------------------------------------------------------
[INFO] Skipping flux-examples
[INFO] This project has been banned from the build due to previous failures.
[INFO] ------------------------------------------------------------------------
[INFO]                                                                         
[INFO] ------------------------------------------------------------------------
[INFO] Building storm-sql-runtime 1.1.0-SNAPSHOT
[INFO] ------------------------------------------------------------------------
[INFO] 
[INFO] --- maven-remote-resources-plugin:1.2.1:process (default) @ storm-sql-runtime ---
[INFO] 
[INFO] --- maven-resources-plugin:2.5:resources (default-resources) @ storm-sql-runtime ---
[debug] execute contextualize
[INFO] Using 'UTF-8' encoding to copy filtered resources.
[INFO] skip non existing resourceDirectory /home/travis/build/apache/storm/external/sql/storm-sql-runtime/src/main/resources
[INFO] Copying 3 resources
[INFO] 
[INFO] --- maven-compiler-plugin:3.1:compile (default-compile) @ storm-sql-runtime ---
[INFO] Nothing to compile - all classes are up to date
[INFO] 
[INFO] --- maven-resources-plugin:2.5:testResources (default-testResources) @ storm-sql-runtime ---
[debug] execute contextualize
[INFO] Using 'UTF-8' encoding to copy filtered resources.
[INFO] skip non existing resourceDirectory /home/travis/build/apache/storm/external/sql/storm-sql-runtime/src/test/resources
[INFO] Copying 3 resources
[INFO] 
[INFO] --- maven-compiler-plugin:3.1:testCompile (default-testCompile) @ storm-sql-runtime ---
[INFO] Nothing to compile - all classes are up to date
[INFO] 
[INFO] --- maven-surefire-plugin:2.18.1:test (default-test) @ storm-sql-runtime ---
[INFO] Surefire report directory: /home/travis/build/apache/storm/external/sql/storm-sql-runtime/target/surefire-reports
[INFO] parallel='none', perCoreThreadCount=true, threadCount=0, useUnlimitedThreads=false, threadCountSuites=0, threadCountClasses=0, threadCountMethods=0, parallelOptimized=true

-------------------------------------------------------
 T E S T S
-------------------------------------------------------

Results :

Tests run: 0, Failures: 0, Errors: 0, Skipped: 0

[INFO] 
[INFO] --- apache-rat-plugin:0.11:check (default) @ storm-sql-runtime ---
[INFO] 51 implicit excludes (use -debug for more details).
[INFO] Exclude: **/target/**
[INFO] Exclude: **/*.iml
[INFO] Exclude: **/.idea/**
[INFO] Exclude: **/metastore_db/**
[INFO] Exclude: **/build/**
[INFO] Exclude: **/CHANGELOG.md
[INFO] Exclude: **/README.md
[INFO] Exclude: **/README.markdown
[INFO] Exclude: **/DEVELOPER.md
[INFO] Exclude: **/BYLAWS.md
[INFO] Exclude: **/STORM-UI-REST-API.md
[INFO] Exclude: SECURITY.md
[INFO] Exclude: VERSION
[INFO] Exclude: TODO
[INFO] Exclude: **/src/py/**
[INFO] Exclude: **/src/ui/public/js/jquery.dataTables.1.10.4.min.js
[INFO] Exclude: **/src/ui/public/css/jquery.dataTables.1.10.4.min.css
[INFO] Exclude: **/src/ui/public/images/*
[INFO] Exclude: **/src/ui/public/js/bootstrap-3.3.1.min.js
[INFO] Exclude: **/src/ui/public/css/bootstrap-3.3.1.min.css
[INFO] Exclude: **/src/ui/public/js/dataTables.bootstrap.min.js
[INFO] Exclude: **/src/ui/public/css/dataTables.bootstrap.css
[INFO] Exclude: **/src/ui/public/js/jsonFormatter.min.js
[INFO] Exclude: **/src/ui/public/css/jsonFormatter.min.css
[INFO] Exclude: **/src/ui/public/js/jquery-1.11.1.min.js
[INFO] Exclude: **/src/ui/public/js/jquery.cookies.2.2.0.min.js
[INFO] Exclude: **/src/ui/public/js/moment.min.js
[INFO] Exclude: **/src/ui/public/js/jquery.blockUI.min.js
[INFO] Exclude: **/src/ui/public/js/url.min.js
[INFO] Exclude: **/src/ui/public/js/arbor.js
[INFO] Exclude: **/src/ui/public/js/arbor-graphics.js
[INFO] Exclude: **/src/ui/public/js/arbor-tween.js
[INFO] Exclude: **/src/ui/public/js/jquery.mustache.js
[INFO] Exclude: **/src/ui/public/js/typeahead.jquery.min.js
[INFO] Exclude: **/dependency-reduced-pom.xml
[INFO] Exclude: **/docs/**
[INFO] Exclude: **/.git/**
[INFO] Exclude: **/derby.log
[INFO] Exclude: **/src/dev/**
[INFO] Exclude: **/src/codegen/config.fmpp
[INFO] Exclude: **/src/codegen/data/Parser.tdd
[INFO] Exclude: **/src/test/resources/FixedAvroSerializer.config
[INFO] 15 resources included (use -debug for more details)
Warning:  org.apache.xerces.jaxp.SAXParserImpl$JAXPSAXParser: Property 'http://www.oracle.com/xml/jaxp/properties/entityExpansionLimit' is not recognized.
Compiler warnings:
  WARNING:  'org.apache.xerces.jaxp.SAXParserImpl: Property 'http://javax.xml.XMLConstants/property/accessExternalDTD' is not recognized.'
Warning:  org.apache.xerces.parsers.SAXParser: Feature 'http://javax.xml.XMLConstants/feature/secure-processing' is not recognized.
Warning:  org.apache.xerces.parsers.SAXParser: Property 'http://javax.xml.XMLConstants/property/accessExternalDTD' is not recognized.
Warning:  org.apache.xerces.parsers.SAXParser: Property 'http://www.oracle.com/xml/jaxp/properties/entityExpansionLimit' is not recognized.
[INFO] Rat check: Summary of files. Unapproved: 0 unknown: 0 generated: 0 approved: 15 licence.
[INFO]                                                                         
[INFO] ------------------------------------------------------------------------
[INFO] Building storm-sql-core 1.1.0-SNAPSHOT
[INFO] ------------------------------------------------------------------------
[INFO] 
[INFO] --- maven-resources-plugin:2.5:copy-resources (copy-fmpp-resources) @ storm-sql-core ---
[debug] execute contextualize
[INFO] Using 'UTF-8' encoding to copy filtered resources.
[INFO] Copying 4 resources
[INFO] 
[INFO] --- maven-dependency-plugin:2.8:unpack (unpack-parser-template) @ storm-sql-core ---
[INFO] Configured Artifact: org.apache.calcite:calcite-core:?:jar
[INFO] Unpacking /home/travis/.m2/repository/org/apache/calcite/calcite-core/1.4.0-incubating/calcite-core-1.4.0-incubating.jar to /home/travis/build/apache/storm/external/sql/storm-sql-core/target with includes "**/Parser.jj" and excludes ""
[INFO] 
[INFO] --- fmpp-maven-plugin:1.0:generate (generate-fmpp-sources) @ storm-sql-core ---
- Executing: Parser.jj
log4j:WARN No appenders could be found for logger (freemarker.cache).
log4j:WARN Please initialize the log4j system properly.
[INFO] Done
[INFO] 
[INFO] --- javacc-maven-plugin:2.4:javacc (javacc) @ storm-sql-core ---
Java Compiler Compiler Version 4.0 (Parser Generator)
(type "javacc" with no arguments for help)
Reading from file /home/travis/build/apache/storm/external/sql/storm-sql-core/target/generated-sources/javacc/Parser.jj . . .
Note: UNICODE_INPUT option is specified. Please make sure you create the parser/lexer using a Reader with the correct character encoding.
Warning: Lookahead adequacy checking not being performed since option LOOKAHEAD is more than 1.  Set option FORCE_LA_CHECK to true to force checking.
Parser generated with 0 errors and 1 warnings.
[INFO] Processed 1 grammar
[INFO] 
[INFO] --- maven-resources-plugin:2.5:copy-resources (copy-java-sources) @ storm-sql-core ---
[debug] execute contextualize
[INFO] Using 'UTF-8' encoding to copy filtered resources.
[INFO] Copying 19 resources
[INFO] Copying 8 resources
[INFO] Copying 8 resources
[INFO] 
[INFO] --- build-helper-maven-plugin:1.5:add-source (add-generated-sources) @ storm-sql-core ---
[INFO] Source directory: /home/travis/build/apache/storm/external/sql/storm-sql-core/target/generated-sources added.
[INFO] 
[INFO] --- maven-remote-resources-plugin:1.2.1:process (default) @ storm-sql-core ---
[INFO] 
[INFO] --- maven-resources-plugin:2.5:resources (default-resources) @ storm-sql-core ---
[debug] execute contextualize
[INFO] Using 'UTF-8' encoding to copy filtered resources.
[INFO] skip non existing resourceDirectory /home/travis/build/apache/storm/external/sql/storm-sql-core/src/main/resources
[INFO] Copying 3 resources
[INFO] 
[INFO] --- maven-compiler-plugin:3.1:compile (default-compile) @ storm-sql-core ---
[INFO] Changes detected - recompiling the module!
[INFO] Compiling 26 source files to /home/travis/build/apache/storm/external/sql/storm-sql-core/target/classes
[WARNING] /home/travis/build/apache/storm/external/sql/storm-sql-core/target/generated-sources/org/apache/storm/sql/parser/impl/StormParserImpl.java: Some input files use or override a deprecated API.
[WARNING] /home/travis/build/apache/storm/external/sql/storm-sql-core/target/generated-sources/org/apache/storm/sql/parser/impl/StormParserImpl.java: Recompile with -Xlint:deprecation for details.
[WARNING] /home/travis/build/apache/storm/external/sql/storm-sql-core/target/generated-sources/org/apache/storm/sql/parser/impl/StormParserImpl.java: /home/travis/build/apache/storm/external/sql/storm-sql-core/target/generated-sources/org/apache/storm/sql/parser/impl/StormParserImpl.java uses unchecked or unsafe operations.
[WARNING] /home/travis/build/apache/storm/external/sql/storm-sql-core/target/generated-sources/org/apache/storm/sql/parser/impl/StormParserImpl.java: Recompile with -Xlint:unchecked for details.
[INFO] 
[INFO] --- maven-resources-plugin:2.5:testResources (default-testResources) @ storm-sql-core ---
[debug] execute contextualize
[INFO] Using 'UTF-8' encoding to copy filtered resources.
[INFO] skip non existing resourceDirectory /home/travis/build/apache/storm/external/sql/storm-sql-core/src/test/resources
[INFO] Copying 3 resources
[INFO] 
[INFO] --- maven-compiler-plugin:3.1:testCompile (default-testCompile) @ storm-sql-core ---
[INFO] Changes detected - recompiling the module!
[INFO] Compiling 15 source files to /home/travis/build/apache/storm/external/sql/storm-sql-core/target/test-classes
[WARNING] /home/travis/build/apache/storm/external/sql/storm-sql-core/target/generated-sources/org/apache/storm/sql/parser/impl/StormParserImpl.java: /home/travis/build/apache/storm/external/sql/storm-sql-core/target/generated-sources/org/apache/storm/sql/parser/impl/StormParserImpl.java uses or overrides a deprecated API.
[WARNING] /home/travis/build/apache/storm/external/sql/storm-sql-core/target/generated-sources/org/apache/storm/sql/parser/impl/StormParserImpl.java: Recompile with -Xlint:deprecation for details.
[WARNING] /home/travis/build/apache/storm/external/sql/storm-sql-core/target/generated-sources/org/apache/storm/sql/parser/impl/StormParserImpl.java: /home/travis/build/apache/storm/external/sql/storm-sql-core/target/generated-sources/org/apache/storm/sql/parser/impl/StormParserImpl.java uses unchecked or unsafe operations.
[WARNING] /home/travis/build/apache/storm/external/sql/storm-sql-core/target/generated-sources/org/apache/storm/sql/parser/impl/StormParserImpl.java: Recompile with -Xlint:unchecked for details.
[INFO] 
[INFO] --- maven-surefire-plugin:2.18.1:test (default-test) @ storm-sql-core ---
[INFO] Surefire report directory: /home/travis/build/apache/storm/external/sql/storm-sql-core/target/surefire-reports
[INFO] parallel='none', perCoreThreadCount=true, threadCount=0, useUnlimitedThreads=false, threadCountSuites=0, threadCountClasses=0, threadCountMethods=0, parallelOptimized=true

-------------------------------------------------------
 T E S T S
-------------------------------------------------------
Running org.apache.storm.sql.parser.TestSqlParser
Tests run: 4, Failures: 0, Errors: 0, Skipped: 0, Time elapsed: 0.341 sec - in org.apache.storm.sql.parser.TestSqlParser
Running org.apache.storm.sql.compiler.backends.trident.TestPlanCompiler
Tests run: 2, Failures: 0, Errors: 0, Skipped: 0, Time elapsed: 11.808 sec - in org.apache.storm.sql.compiler.backends.trident.TestPlanCompiler
Running org.apache.storm.sql.compiler.backends.standalone.TestPlanCompiler
Tests run: 4, Failures: 0, Errors: 0, Skipped: 0, Time elapsed: 0.61 sec - in org.apache.storm.sql.compiler.backends.standalone.TestPlanCompiler
Running org.apache.storm.sql.compiler.backends.standalone.TestRelNodeCompiler
Tests run: 1, Failures: 0, Errors: 0, Skipped: 0, Time elapsed: 0.007 sec - in org.apache.storm.sql.compiler.backends.standalone.TestRelNodeCompiler
Running org.apache.storm.sql.compiler.TestExprCompiler
Tests run: 3, Failures: 0, Errors: 0, Skipped: 0, Time elapsed: 0.015 sec - in org.apache.storm.sql.compiler.TestExprCompiler
Running org.apache.storm.sql.compiler.TestExprSemantic
Tests run: 10, Failures: 0, Errors: 0, Skipped: 0, Time elapsed: 0.641 sec - in org.apache.storm.sql.compiler.TestExprSemantic
Running org.apache.storm.sql.TestStormSql
Tests run: 15, Failures: 0, Errors: 0, Skipped: 0, Time elapsed: 0.878 sec - in org.apache.storm.sql.TestStormSql

Results :

Tests run: 39, Failures: 0, Errors: 0, Skipped: 0

[INFO] 
[INFO] --- apache-rat-plugin:0.11:check (default) @ storm-sql-core ---
[INFO] 51 implicit excludes (use -debug for more details).
[INFO] Exclude: **/target/**
[INFO] Exclude: **/*.iml
[INFO] Exclude: **/.idea/**
[INFO] Exclude: **/metastore_db/**
[INFO] Exclude: **/build/**
[INFO] Exclude: **/CHANGELOG.md
[INFO] Exclude: **/README.md
[INFO] Exclude: **/README.markdown
[INFO] Exclude: **/DEVELOPER.md
[INFO] Exclude: **/BYLAWS.md
[INFO] Exclude: **/STORM-UI-REST-API.md
[INFO] Exclude: SECURITY.md
[INFO] Exclude: VERSION
[INFO] Exclude: TODO
[INFO] Exclude: **/src/py/**
[INFO] Exclude: **/src/ui/public/js/jquery.dataTables.1.10.4.min.js
[INFO] Exclude: **/src/ui/public/css/jquery.dataTables.1.10.4.min.css
[INFO] Exclude: **/src/ui/public/images/*
[INFO] Exclude: **/src/ui/public/js/bootstrap-3.3.1.min.js
[INFO] Exclude: **/src/ui/public/css/bootstrap-3.3.1.min.css
[INFO] Exclude: **/src/ui/public/js/dataTables.bootstrap.min.js
[INFO] Exclude: **/src/ui/public/css/dataTables.bootstrap.css
[INFO] Exclude: **/src/ui/public/js/jsonFormatter.min.js
[INFO] Exclude: **/src/ui/public/css/jsonFormatter.min.css
[INFO] Exclude: **/src/ui/public/js/jquery-1.11.1.min.js
[INFO] Exclude: **/src/ui/public/js/jquery.cookies.2.2.0.min.js
[INFO] Exclude: **/src/ui/public/js/moment.min.js
[INFO] Exclude: **/src/ui/public/js/jquery.blockUI.min.js
[INFO] Exclude: **/src/ui/public/js/url.min.js
[INFO] Exclude: **/src/ui/public/js/arbor.js
[INFO] Exclude: **/src/ui/public/js/arbor-graphics.js
[INFO] Exclude: **/src/ui/public/js/arbor-tween.js
[INFO] Exclude: **/src/ui/public/js/jquery.mustache.js
[INFO] Exclude: **/src/ui/public/js/typeahead.jquery.min.js
[INFO] Exclude: **/dependency-reduced-pom.xml
[INFO] Exclude: **/docs/**
[INFO] Exclude: **/.git/**
[INFO] Exclude: **/derby.log
[INFO] Exclude: **/src/dev/**
[INFO] Exclude: **/src/codegen/config.fmpp
[INFO] Exclude: **/src/codegen/data/Parser.tdd
[INFO] Exclude: **/src/test/resources/FixedAvroSerializer.config
[INFO] 30 resources included (use -debug for more details)
Warning:  org.apache.xerces.jaxp.SAXParserImpl$JAXPSAXParser: Property 'http://www.oracle.com/xml/jaxp/properties/entityExpansionLimit' is not recognized.
Compiler warnings:
  WARNING:  'org.apache.xerces.jaxp.SAXParserImpl: Property 'http://javax.xml.XMLConstants/property/accessExternalDTD' is not recognized.'
Warning:  org.apache.xerces.parsers.SAXParser: Feature 'http://javax.xml.XMLConstants/feature/secure-processing' is not recognized.
Warning:  org.apache.xerces.parsers.SAXParser: Property 'http://javax.xml.XMLConstants/property/accessExternalDTD' is not recognized.
Warning:  org.apache.xerces.parsers.SAXParser: Property 'http://www.oracle.com/xml/jaxp/properties/entityExpansionLimit' is not recognized.
[INFO] Rat check: Summary of files. Unapproved: 0 unknown: 0 generated: 0 approved: 30 licence.
[INFO]                                                                         
[INFO] ------------------------------------------------------------------------
[INFO] Building storm-sql-kafka 1.1.0-SNAPSHOT
[INFO] ------------------------------------------------------------------------
[INFO] 
[INFO] --- maven-remote-resources-plugin:1.2.1:process (default) @ storm-sql-kafka ---
[INFO] 
[INFO] --- maven-resources-plugin:2.5:resources (default-resources) @ storm-sql-kafka ---
[debug] execute contextualize
[INFO] Using 'UTF-8' encoding to copy filtered resources.
[INFO] Copying 1 resource
[INFO] Copying 3 resources
[INFO] 
[INFO] --- maven-compiler-plugin:3.1:compile (default-compile) @ storm-sql-kafka ---
[INFO] Nothing to compile - all classes are up to date
[INFO] 
[INFO] --- maven-resources-plugin:2.5:testResources (default-testResources) @ storm-sql-kafka ---
[debug] execute contextualize
[INFO] Using 'UTF-8' encoding to copy filtered resources.
[INFO] skip non existing resourceDirectory /home/travis/build/apache/storm/external/sql/storm-sql-kafka/src/test/resources
[INFO] Copying 3 resources
[INFO] 
[INFO] --- maven-compiler-plugin:3.1:testCompile (default-testCompile) @ storm-sql-kafka ---
[INFO] Nothing to compile - all classes are up to date
[INFO] 
[INFO] --- maven-surefire-plugin:2.18.1:test (default-test) @ storm-sql-kafka ---
[INFO] Surefire report directory: /home/travis/build/apache/storm/external/sql/storm-sql-kafka/target/surefire-reports
[INFO] parallel='none', perCoreThreadCount=true, threadCount=0, useUnlimitedThreads=false, threadCountSuites=0, threadCountClasses=0, threadCountMethods=0, parallelOptimized=true

-------------------------------------------------------
 T E S T S
-------------------------------------------------------
Running org.apache.storm.sql.kafka.TestKafkaDataSourcesProvider
Tests run: 1, Failures: 0, Errors: 0, Skipped: 0, Time elapsed: 0.951 sec - in org.apache.storm.sql.kafka.TestKafkaDataSourcesProvider
Running org.apache.storm.sql.kafka.TestJsonRepresentation
Tests run: 2, Failures: 0, Errors: 0, Skipped: 0, Time elapsed: 0.092 sec - in org.apache.storm.sql.kafka.TestJsonRepresentation

Results :

Tests run: 3, Failures: 0, Errors: 0, Skipped: 0

[INFO] 
[INFO] --- apache-rat-plugin:0.11:check (default) @ storm-sql-kafka ---
[INFO] 51 implicit excludes (use -debug for more details).
[INFO] Exclude: **/target/**
[INFO] Exclude: **/*.iml
[INFO] Exclude: **/.idea/**
[INFO] Exclude: **/metastore_db/**
[INFO] Exclude: **/build/**
[INFO] Exclude: **/CHANGELOG.md
[INFO] Exclude: **/README.md
[INFO] Exclude: **/README.markdown
[INFO] Exclude: **/DEVELOPER.md
[INFO] Exclude: **/BYLAWS.md
[INFO] Exclude: **/STORM-UI-REST-API.md
[INFO] Exclude: SECURITY.md
[INFO] Exclude: VERSION
[INFO] Exclude: TODO
[INFO] Exclude: **/src/py/**
[INFO] Exclude: **/src/ui/public/js/jquery.dataTables.1.10.4.min.js
[INFO] Exclude: **/src/ui/public/css/jquery.dataTables.1.10.4.min.css
[INFO] Exclude: **/src/ui/public/images/*
[INFO] Exclude: **/src/ui/public/js/bootstrap-3.3.1.min.js
[INFO] Exclude: **/src/ui/public/css/bootstrap-3.3.1.min.css
[INFO] Exclude: **/src/ui/public/js/dataTables.bootstrap.min.js
[INFO] Exclude: **/src/ui/public/css/dataTables.bootstrap.css
[INFO] Exclude: **/src/ui/public/js/jsonFormatter.min.js
[INFO] Exclude: **/src/ui/public/css/jsonFormatter.min.css
[INFO] Exclude: **/src/ui/public/js/jquery-1.11.1.min.js
[INFO] Exclude: **/src/ui/public/js/jquery.cookies.2.2.0.min.js
[INFO] Exclude: **/src/ui/public/js/moment.min.js
[INFO] Exclude: **/src/ui/public/js/jquery.blockUI.min.js
[INFO] Exclude: **/src/ui/public/js/url.min.js
[INFO] Exclude: **/src/ui/public/js/arbor.js
[INFO] Exclude: **/src/ui/public/js/arbor-graphics.js
[INFO] Exclude: **/src/ui/public/js/arbor-tween.js
[INFO] Exclude: **/src/ui/public/js/jquery.mustache.js
[INFO] Exclude: **/src/ui/public/js/typeahead.jquery.min.js
[INFO] Exclude: **/dependency-reduced-pom.xml
[INFO] Exclude: **/docs/**
[INFO] Exclude: **/.git/**
[INFO] Exclude: **/derby.log
[INFO] Exclude: **/src/dev/**
[INFO] Exclude: **/src/codegen/config.fmpp
[INFO] Exclude: **/src/codegen/data/Parser.tdd
[INFO] Exclude: **/src/test/resources/FixedAvroSerializer.config
[INFO] 7 resources included (use -debug for more details)
Warning:  org.apache.xerces.jaxp.SAXParserImpl$JAXPSAXParser: Property 'http://www.oracle.com/xml/jaxp/properties/entityExpansionLimit' is not recognized.
Compiler warnings:
  WARNING:  'org.apache.xerces.jaxp.SAXParserImpl: Property 'http://javax.xml.XMLConstants/property/accessExternalDTD' is not recognized.'
Warning:  org.apache.xerces.parsers.SAXParser: Feature 'http://javax.xml.XMLConstants/feature/secure-processing' is not recognized.
Warning:  org.apache.xerces.parsers.SAXParser: Property 'http://javax.xml.XMLConstants/property/accessExternalDTD' is not recognized.
Warning:  org.apache.xerces.parsers.SAXParser: Property 'http://www.oracle.com/xml/jaxp/properties/entityExpansionLimit' is not recognized.
[INFO] Rat check: Summary of files. Unapproved: 0 unknown: 0 generated: 0 approved: 7 licence.
[INFO]                                                                         
[INFO] ------------------------------------------------------------------------
[INFO] Building sql 1.1.0-SNAPSHOT
[INFO] ------------------------------------------------------------------------
[INFO] 
[INFO] --- maven-remote-resources-plugin:1.2.1:process (default) @ sql ---
[INFO] 
[INFO] --- apache-rat-plugin:0.11:check (default) @ sql ---
[INFO] 51 implicit excludes (use -debug for more details).
[INFO] Exclude: **/target/**
[INFO] Exclude: **/*.iml
[INFO] Exclude: **/.idea/**
[INFO] Exclude: **/metastore_db/**
[INFO] Exclude: **/build/**
[INFO] Exclude: **/CHANGELOG.md
[INFO] Exclude: **/README.md
[INFO] Exclude: **/README.markdown
[INFO] Exclude: **/DEVELOPER.md
[INFO] Exclude: **/BYLAWS.md
[INFO] Exclude: **/STORM-UI-REST-API.md
[INFO] Exclude: SECURITY.md
[INFO] Exclude: VERSION
[INFO] Exclude: TODO
[INFO] Exclude: **/src/py/**
[INFO] Exclude: **/src/ui/public/js/jquery.dataTables.1.10.4.min.js
[INFO] Exclude: **/src/ui/public/css/jquery.dataTables.1.10.4.min.css
[INFO] Exclude: **/src/ui/public/images/*
[INFO] Exclude: **/src/ui/public/js/bootstrap-3.3.1.min.js
[INFO] Exclude: **/src/ui/public/css/bootstrap-3.3.1.min.css
[INFO] Exclude: **/src/ui/public/js/dataTables.bootstrap.min.js
[INFO] Exclude: **/src/ui/public/css/dataTables.bootstrap.css
[INFO] Exclude: **/src/ui/public/js/jsonFormatter.min.js
[INFO] Exclude: **/src/ui/public/css/jsonFormatter.min.css
[INFO] Exclude: **/src/ui/public/js/jquery-1.11.1.min.js
[INFO] Exclude: **/src/ui/public/js/jquery.cookies.2.2.0.min.js
[INFO] Exclude: **/src/ui/public/js/moment.min.js
[INFO] Exclude: **/src/ui/public/js/jquery.blockUI.min.js
[INFO] Exclude: **/src/ui/public/js/url.min.js
[INFO] Exclude: **/src/ui/public/js/arbor.js
[INFO] Exclude: **/src/ui/public/js/arbor-graphics.js
[INFO] Exclude: **/src/ui/public/js/arbor-tween.js
[INFO] Exclude: **/src/ui/public/js/jquery.mustache.js
[INFO] Exclude: **/src/ui/public/js/typeahead.jquery.min.js
[INFO] Exclude: **/dependency-reduced-pom.xml
[INFO] Exclude: **/docs/**
[INFO] Exclude: **/.git/**
[INFO] Exclude: **/derby.log
[INFO] Exclude: **/src/dev/**
[INFO] Exclude: **/src/codegen/config.fmpp
[INFO] Exclude: **/src/codegen/data/Parser.tdd
[INFO] Exclude: **/src/test/resources/FixedAvroSerializer.config
[INFO] 53 resources included (use -debug for more details)
Warning:  org.apache.xerces.jaxp.SAXParserImpl$JAXPSAXParser: Property 'http://www.oracle.com/xml/jaxp/properties/entityExpansionLimit' is not recognized.
Compiler warnings:
  WARNING:  'org.apache.xerces.jaxp.SAXParserImpl: Property 'http://javax.xml.XMLConstants/property/accessExternalDTD' is not recognized.'
Warning:  org.apache.xerces.parsers.SAXParser: Feature 'http://javax.xml.XMLConstants/feature/secure-processing' is not recognized.
Warning:  org.apache.xerces.parsers.SAXParser: Property 'http://javax.xml.XMLConstants/property/accessExternalDTD' is not recognized.
Warning:  org.apache.xerces.parsers.SAXParser: Property 'http://www.oracle.com/xml/jaxp/properties/entityExpansionLimit' is not recognized.
[INFO] Rat check: Summary of files. Unapproved: 0 unknown: 0 generated: 0 approved: 53 licence.
[INFO]                                                                         
[INFO] ------------------------------------------------------------------------
[INFO] Building storm-elasticsearch 1.1.0-SNAPSHOT
[INFO] ------------------------------------------------------------------------
[INFO] 
[INFO] --- maven-remote-resources-plugin:1.2.1:process (default) @ storm-elasticsearch ---
[INFO] 
[INFO] --- maven-resources-plugin:2.5:resources (default-resources) @ storm-elasticsearch ---
[debug] execute contextualize
[INFO] Using 'UTF-8' encoding to copy filtered resources.
[INFO] skip non existing resourceDirectory /home/travis/build/apache/storm/external/storm-elasticsearch/src/main/resources
[INFO] Copying 3 resources
[INFO] 
[INFO] --- maven-compiler-plugin:3.1:compile (default-compile) @ storm-elasticsearch ---
[INFO] Nothing to compile - all classes are up to date
[INFO] 
[INFO] --- maven-resources-plugin:2.5:testResources (default-testResources) @ storm-elasticsearch ---
[debug] execute contextualize
[INFO] Using 'UTF-8' encoding to copy filtered resources.
[INFO] skip non existing resourceDirectory /home/travis/build/apache/storm/external/storm-elasticsearch/src/test/resources
[INFO] Copying 3 resources
[INFO] 
[INFO] --- maven-compiler-plugin:3.1:testCompile (default-testCompile) @ storm-elasticsearch ---
[INFO] Nothing to compile - all classes are up to date
[INFO] 
[INFO] --- maven-clean-plugin:2.5:clean (cleanup) @ storm-elasticsearch ---
[INFO] 
[INFO] --- maven-surefire-plugin:2.18.1:test (default-test) @ storm-elasticsearch ---
[INFO] Surefire report directory: /home/travis/build/apache/storm/external/storm-elasticsearch/target/surefire-reports
[INFO] parallel='none', perCoreThreadCount=true, threadCount=0, useUnlimitedThreads=false, threadCountSuites=0, threadCountClasses=0, threadCountMethods=0, parallelOptimized=true

-------------------------------------------------------
 T E S T S
-------------------------------------------------------
Running org.apache.storm.elasticsearch.common.TransportAddressesTest
Tests run: 9, Failures: 0, Errors: 0, Skipped: 0, Time elapsed: 0.046 sec - in org.apache.storm.elasticsearch.common.TransportAddressesTest
Running org.apache.storm.elasticsearch.common.EsConfigTest
Tests run: 4, Failures: 0, Errors: 0, Skipped: 0, Time elapsed: 0.671 sec - in org.apache.storm.elasticsearch.common.EsConfigTest
Running org.apache.storm.elasticsearch.bolt.EsLookupBoltTest
Tests run: 4, Failures: 0, Errors: 0, Skipped: 0, Time elapsed: 0.056 sec - in org.apache.storm.elasticsearch.bolt.EsLookupBoltTest
Running org.apache.storm.elasticsearch.trident.EsStateFactoryTest
Tests run: 1, Failures: 0, Errors: 0, Skipped: 0, Time elapsed: 0.002 sec - in org.apache.storm.elasticsearch.trident.EsStateFactoryTest

Results :

Tests run: 18, Failures: 0, Errors: 0, Skipped: 0

[INFO] 
[INFO] --- apache-rat-plugin:0.11:check (default) @ storm-elasticsearch ---
[INFO] 51 implicit excludes (use -debug for more details).
[INFO] Exclude: **/target/**
[INFO] Exclude: **/*.iml
[INFO] Exclude: **/.idea/**
[INFO] Exclude: **/metastore_db/**
[INFO] Exclude: **/build/**
[INFO] Exclude: **/CHANGELOG.md
[INFO] Exclude: **/README.md
[INFO] Exclude: **/README.markdown
[INFO] Exclude: **/DEVELOPER.md
[INFO] Exclude: **/BYLAWS.md
[INFO] Exclude: **/STORM-UI-REST-API.md
[INFO] Exclude: SECURITY.md
[INFO] Exclude: VERSION
[INFO] Exclude: TODO
[INFO] Exclude: **/src/py/**
[INFO] Exclude: **/src/ui/public/js/jquery.dataTables.1.10.4.min.js
[INFO] Exclude: **/src/ui/public/css/jquery.dataTables.1.10.4.min.css
[INFO] Exclude: **/src/ui/public/images/*
[INFO] Exclude: **/src/ui/public/js/bootstrap-3.3.1.min.js
[INFO] Exclude: **/src/ui/public/css/bootstrap-3.3.1.min.css
[INFO] Exclude: **/src/ui/public/js/dataTables.bootstrap.min.js
[INFO] Exclude: **/src/ui/public/css/dataTables.bootstrap.css
[INFO] Exclude: **/src/ui/public/js/jsonFormatter.min.js
[INFO] Exclude: **/src/ui/public/css/jsonFormatter.min.css
[INFO] Exclude: **/src/ui/public/js/jquery-1.11.1.min.js
[INFO] Exclude: **/src/ui/public/js/jquery.cookies.2.2.0.min.js
[INFO] Exclude: **/src/ui/public/js/moment.min.js
[INFO] Exclude: **/src/ui/public/js/jquery.blockUI.min.js
[INFO] Exclude: **/src/ui/public/js/url.min.js
[INFO] Exclude: **/src/ui/public/js/arbor.js
[INFO] Exclude: **/src/ui/public/js/arbor-graphics.js
[INFO] Exclude: **/src/ui/public/js/arbor-tween.js
[INFO] Exclude: **/src/ui/public/js/jquery.mustache.js
[INFO] Exclude: **/src/ui/public/js/typeahead.jquery.min.js
[INFO] Exclude: **/dependency-reduced-pom.xml
[INFO] Exclude: **/docs/**
[INFO] Exclude: **/.git/**
[INFO] Exclude: **/derby.log
[INFO] Exclude: **/src/dev/**
[INFO] Exclude: **/src/codegen/config.fmpp
[INFO] Exclude: **/src/codegen/data/Parser.tdd
[INFO] Exclude: **/src/test/resources/FixedAvroSerializer.config
[INFO] 28 resources included (use -debug for more details)
Warning:  org.apache.xerces.jaxp.SAXParserImpl$JAXPSAXParser: Property 'http://www.oracle.com/xml/jaxp/properties/entityExpansionLimit' is not recognized.
Compiler warnings:
  WARNING:  'org.apache.xerces.jaxp.SAXParserImpl: Property 'http://javax.xml.XMLConstants/property/accessExternalDTD' is not recognized.'
Warning:  org.apache.xerces.parsers.SAXParser: Feature 'http://javax.xml.XMLConstants/feature/secure-processing' is not recognized.
Warning:  org.apache.xerces.parsers.SAXParser: Property 'http://javax.xml.XMLConstants/property/accessExternalDTD' is not recognized.
Warning:  org.apache.xerces.parsers.SAXParser: Property 'http://www.oracle.com/xml/jaxp/properties/entityExpansionLimit' is not recognized.
[INFO] Rat check: Summary of files. Unapproved: 0 unknown: 0 generated: 0 approved: 28 licence.
[INFO]                                                                         
[INFO] ------------------------------------------------------------------------
[INFO] Building storm-solr 1.1.0-SNAPSHOT
[INFO] ------------------------------------------------------------------------
[INFO] 
[INFO] --- maven-remote-resources-plugin:1.2.1:process (default) @ storm-solr ---
[INFO] 
[INFO] --- maven-resources-plugin:2.5:resources (default-resources) @ storm-solr ---
[debug] execute contextualize
[INFO] Using 'UTF-8' encoding to copy filtered resources.
[INFO] skip non existing resourceDirectory /home/travis/build/apache/storm/external/storm-solr/src/main/resources
[INFO] Copying 3 resources
[INFO] 
[INFO] --- maven-compiler-plugin:3.1:compile (default-compile) @ storm-solr ---
[INFO] Nothing to compile - all classes are up to date
[INFO] 
[INFO] --- maven-resources-plugin:2.5:testResources (default-testResources) @ storm-solr ---
[debug] execute contextualize
[INFO] Using 'UTF-8' encoding to copy filtered resources.
[INFO] skip non existing resourceDirectory /home/travis/build/apache/storm/external/storm-solr/src/test/resources
[INFO] Copying 3 resources
[INFO] 
[INFO] --- maven-compiler-plugin:3.1:testCompile (default-testCompile) @ storm-solr ---
[INFO] Nothing to compile - all classes are up to date
[INFO] 
[INFO] --- maven-surefire-plugin:2.18.1:test (default-test) @ storm-solr ---
[INFO] Surefire report directory: /home/travis/build/apache/storm/external/storm-solr/target/surefire-reports
[INFO] parallel='none', perCoreThreadCount=true, threadCount=0, useUnlimitedThreads=false, threadCountSuites=0, threadCountClasses=0, threadCountMethods=0, parallelOptimized=true

-------------------------------------------------------
 T E S T S
-------------------------------------------------------

Results :

Tests run: 0, Failures: 0, Errors: 0, Skipped: 0

[INFO] 
[INFO] --- apache-rat-plugin:0.11:check (default) @ storm-solr ---
[INFO] 51 implicit excludes (use -debug for more details).
[INFO] Exclude: **/target/**
[INFO] Exclude: **/*.iml
[INFO] Exclude: **/.idea/**
[INFO] Exclude: **/metastore_db/**
[INFO] Exclude: **/build/**
[INFO] Exclude: **/CHANGELOG.md
[INFO] Exclude: **/README.md
[INFO] Exclude: **/README.markdown
[INFO] Exclude: **/DEVELOPER.md
[INFO] Exclude: **/BYLAWS.md
[INFO] Exclude: **/STORM-UI-REST-API.md
[INFO] Exclude: SECURITY.md
[INFO] Exclude: VERSION
[INFO] Exclude: TODO
[INFO] Exclude: **/src/py/**
[INFO] Exclude: **/src/ui/public/js/jquery.dataTables.1.10.4.min.js
[INFO] Exclude: **/src/ui/public/css/jquery.dataTables.1.10.4.min.css
[INFO] Exclude: **/src/ui/public/images/*
[INFO] Exclude: **/src/ui/public/js/bootstrap-3.3.1.min.js
[INFO] Exclude: **/src/ui/public/css/bootstrap-3.3.1.min.css
[INFO] Exclude: **/src/ui/public/js/dataTables.bootstrap.min.js
[INFO] Exclude: **/src/ui/public/css/dataTables.bootstrap.css
[INFO] Exclude: **/src/ui/public/js/jsonFormatter.min.js
[INFO] Exclude: **/src/ui/public/css/jsonFormatter.min.css
[INFO] Exclude: **/src/ui/public/js/jquery-1.11.1.min.js
[INFO] Exclude: **/src/ui/public/js/jquery.cookies.2.2.0.min.js
[INFO] Exclude: **/src/ui/public/js/moment.min.js
[INFO] Exclude: **/src/ui/public/js/jquery.blockUI.min.js
[INFO] Exclude: **/src/ui/public/js/url.min.js
[INFO] Exclude: **/src/ui/public/js/arbor.js
[INFO] Exclude: **/src/ui/public/js/arbor-graphics.js
[INFO] Exclude: **/src/ui/public/js/arbor-tween.js
[INFO] Exclude: **/src/ui/public/js/jquery.mustache.js
[INFO] Exclude: **/src/ui/public/js/typeahead.jquery.min.js
[INFO] Exclude: **/dependency-reduced-pom.xml
[INFO] Exclude: **/docs/**
[INFO] Exclude: **/.git/**
[INFO] Exclude: **/derby.log
[INFO] Exclude: **/src/dev/**
[INFO] Exclude: **/src/codegen/config.fmpp
[INFO] Exclude: **/src/codegen/data/Parser.tdd
[INFO] Exclude: **/src/test/resources/FixedAvroSerializer.config
[INFO] 27 resources included (use -debug for more details)
Warning:  org.apache.xerces.jaxp.SAXParserImpl$JAXPSAXParser: Property 'http://www.oracle.com/xml/jaxp/properties/entityExpansionLimit' is not recognized.
Compiler warnings:
  WARNING:  'org.apache.xerces.jaxp.SAXParserImpl: Property 'http://javax.xml.XMLConstants/property/accessExternalDTD' is not recognized.'
Warning:  org.apache.xerces.parsers.SAXParser: Feature 'http://javax.xml.XMLConstants/feature/secure-processing' is not recognized.
Warning:  org.apache.xerces.parsers.SAXParser: Property 'http://javax.xml.XMLConstants/property/accessExternalDTD' is not recognized.
Warning:  org.apache.xerces.parsers.SAXParser: Property 'http://www.oracle.com/xml/jaxp/properties/entityExpansionLimit' is not recognized.
[INFO] Rat check: Summary of files. Unapproved: 0 unknown: 0 generated: 0 approved: 27 licence.
[INFO]                                                                         
[INFO] ------------------------------------------------------------------------
[INFO] Building storm-metrics 1.1.0-SNAPSHOT
[INFO] ------------------------------------------------------------------------
[INFO] 
[INFO] --- maven-antrun-plugin:1.6:run (prepare) @ storm-metrics ---
[WARNING] Parameter tasks is deprecated, use target instead
[INFO] Executing tasks

main:
     [echo] Downloading sigar native binaries...
      [get] Destination already exists (skipping): /home/travis/.m2/repository/org/fusesource/sigar/1.6.4/hyperic-sigar-1.6.4.zip
    [unzip] Expanding: /home/travis/.m2/repository/org/fusesource/sigar/1.6.4/hyperic-sigar-1.6.4.zip into /home/travis/build/apache/storm/external/storm-metrics/target/classes/resources
[INFO] Executed tasks
[INFO] 
[INFO] --- maven-remote-resources-plugin:1.2.1:process (default) @ storm-metrics ---
[INFO] 
[INFO] --- maven-resources-plugin:2.5:resources (default-resources) @ storm-metrics ---
[debug] execute contextualize
[INFO] Using 'UTF-8' encoding to copy filtered resources.
[INFO] skip non existing resourceDirectory /home/travis/build/apache/storm/external/storm-metrics/src/main/resources
[INFO] Copying 3 resources
[INFO] 
[INFO] --- maven-compiler-plugin:3.1:compile (default-compile) @ storm-metrics ---
[INFO] Nothing to compile - all classes are up to date
[INFO] 
[INFO] --- maven-resources-plugin:2.5:testResources (default-testResources) @ storm-metrics ---
[debug] execute contextualize
[INFO] Using 'UTF-8' encoding to copy filtered resources.
[INFO] skip non existing resourceDirectory /home/travis/build/apache/storm/external/storm-metrics/src/test/resources
[INFO] Copying 3 resources
[INFO] 
[INFO] --- maven-compiler-plugin:3.1:testCompile (default-testCompile) @ storm-metrics ---
[INFO] No sources to compile
[INFO] 
[INFO] --- maven-surefire-plugin:2.18.1:test (default-test) @ storm-metrics ---
[INFO] 
[INFO] --- apache-rat-plugin:0.11:check (default) @ storm-metrics ---
[INFO] 51 implicit excludes (use -debug for more details).
[INFO] Exclude: **/target/**
[INFO] Exclude: **/*.iml
[INFO] Exclude: **/.idea/**
[INFO] Exclude: **/metastore_db/**
[INFO] Exclude: **/build/**
[INFO] Exclude: **/CHANGELOG.md
[INFO] Exclude: **/README.md
[INFO] Exclude: **/README.markdown
[INFO] Exclude: **/DEVELOPER.md
[INFO] Exclude: **/BYLAWS.md
[INFO] Exclude: **/STORM-UI-REST-API.md
[INFO] Exclude: SECURITY.md
[INFO] Exclude: VERSION
[INFO] Exclude: TODO
[INFO] Exclude: **/src/py/**
[INFO] Exclude: **/src/ui/public/js/jquery.dataTables.1.10.4.min.js
[INFO] Exclude: **/src/ui/public/css/jquery.dataTables.1.10.4.min.css
[INFO] Exclude: **/src/ui/public/images/*
[INFO] Exclude: **/src/ui/public/js/bootstrap-3.3.1.min.js
[INFO] Exclude: **/src/ui/public/css/bootstrap-3.3.1.min.css
[INFO] Exclude: **/src/ui/public/js/dataTables.bootstrap.min.js
[INFO] Exclude: **/src/ui/public/css/dataTables.bootstrap.css
[INFO] Exclude: **/src/ui/public/js/jsonFormatter.min.js
[INFO] Exclude: **/src/ui/public/css/jsonFormatter.min.css
[INFO] Exclude: **/src/ui/public/js/jquery-1.11.1.min.js
[INFO] Exclude: **/src/ui/public/js/jquery.cookies.2.2.0.min.js
[INFO] Exclude: **/src/ui/public/js/moment.min.js
[INFO] Exclude: **/src/ui/public/js/jquery.blockUI.min.js
[INFO] Exclude: **/src/ui/public/js/url.min.js
[INFO] Exclude: **/src/ui/public/js/arbor.js
[INFO] Exclude: **/src/ui/public/js/arbor-graphics.js
[INFO] Exclude: **/src/ui/public/js/arbor-tween.js
[INFO] Exclude: **/src/ui/public/js/jquery.mustache.js
[INFO] Exclude: **/src/ui/public/js/typeahead.jquery.min.js
[INFO] Exclude: **/dependency-reduced-pom.xml
[INFO] Exclude: **/docs/**
[INFO] Exclude: **/.git/**
[INFO] Exclude: **/derby.log
[INFO] Exclude: **/src/dev/**
[INFO] Exclude: **/src/codegen/config.fmpp
[INFO] Exclude: **/src/codegen/data/Parser.tdd
[INFO] Exclude: **/src/test/resources/FixedAvroSerializer.config
[INFO] 3 resources included (use -debug for more details)
Warning:  org.apache.xerces.jaxp.SAXParserImpl$JAXPSAXParser: Property 'http://www.oracle.com/xml/jaxp/properties/entityExpansionLimit' is not recognized.
Compiler warnings:
  WARNING:  'org.apache.xerces.jaxp.SAXParserImpl: Property 'http://javax.xml.XMLConstants/property/accessExternalDTD' is not recognized.'
Warning:  org.apache.xerces.parsers.SAXParser: Feature 'http://javax.xml.XMLConstants/feature/secure-processing' is not recognized.
Warning:  org.apache.xerces.parsers.SAXParser: Property 'http://javax.xml.XMLConstants/property/accessExternalDTD' is not recognized.
Warning:  org.apache.xerces.parsers.SAXParser: Property 'http://www.oracle.com/xml/jaxp/properties/entityExpansionLimit' is not recognized.
[INFO] Rat check: Summary of files. Unapproved: 0 unknown: 0 generated: 0 approved: 3 licence.
[INFO]                                                                         
[INFO] ------------------------------------------------------------------------
[INFO] Building storm-cassandra 1.1.0-SNAPSHOT
[INFO] ------------------------------------------------------------------------
[INFO] 
[INFO] --- maven-remote-resources-plugin:1.2.1:process (default) @ storm-cassandra ---
[INFO] 
[INFO] --- maven-resources-plugin:2.5:resources (default-resources) @ storm-cassandra ---
[debug] execute contextualize
[INFO] Using 'UTF-8' encoding to copy filtered resources.
[INFO] skip non existing resourceDirectory /home/travis/build/apache/storm/external/storm-cassandra/src/main/resources
[INFO] Copying 3 resources
[INFO] 
[INFO] --- maven-compiler-plugin:3.1:compile (default-compile) @ storm-cassandra ---
[INFO] Nothing to compile - all classes are up to date
[INFO] 
[INFO] --- maven-resources-plugin:2.5:testResources (default-testResources) @ storm-cassandra ---
[debug] execute contextualize
[INFO] Using 'UTF-8' encoding to copy filtered resources.
[INFO] Copying 1 resource
[INFO] Copying 3 resources
[INFO] 
[INFO] --- maven-compiler-plugin:3.1:testCompile (default-testCompile) @ storm-cassandra ---
[INFO] Nothing to compile - all classes are up to date
[INFO] 
[INFO] --- maven-surefire-plugin:2.18.1:test (default-test) @ storm-cassandra ---
[INFO] 
[INFO] --- apache-rat-plugin:0.11:check (default) @ storm-cassandra ---
[INFO] 51 implicit excludes (use -debug for more details).
[INFO] Exclude: **/target/**
[INFO] Exclude: **/*.iml
[INFO] Exclude: **/.idea/**
[INFO] Exclude: **/metastore_db/**
[INFO] Exclude: **/build/**
[INFO] Exclude: **/CHANGELOG.md
[INFO] Exclude: **/README.md
[INFO] Exclude: **/README.markdown
[INFO] Exclude: **/DEVELOPER.md
[INFO] Exclude: **/BYLAWS.md
[INFO] Exclude: **/STORM-UI-REST-API.md
[INFO] Exclude: SECURITY.md
[INFO] Exclude: VERSION
[INFO] Exclude: TODO
[INFO] Exclude: **/src/py/**
[INFO] Exclude: **/src/ui/public/js/jquery.dataTables.1.10.4.min.js
[INFO] Exclude: **/src/ui/public/css/jquery.dataTables.1.10.4.min.css
[INFO] Exclude: **/src/ui/public/images/*
[INFO] Exclude: **/src/ui/public/js/bootstrap-3.3.1.min.js
[INFO] Exclude: **/src/ui/public/css/bootstrap-3.3.1.min.css
[INFO] Exclude: **/src/ui/public/js/dataTables.bootstrap.min.js
[INFO] Exclude: **/src/ui/public/css/dataTables.bootstrap.css
[INFO] Exclude: **/src/ui/public/js/jsonFormatter.min.js
[INFO] Exclude: **/src/ui/public/css/jsonFormatter.min.css
[INFO] Exclude: **/src/ui/public/js/jquery-1.11.1.min.js
[INFO] Exclude: **/src/ui/public/js/jquery.cookies.2.2.0.min.js
[INFO] Exclude: **/src/ui/public/js/moment.min.js
[INFO] Exclude: **/src/ui/public/js/jquery.blockUI.min.js
[INFO] Exclude: **/src/ui/public/js/url.min.js
[INFO] Exclude: **/src/ui/public/js/arbor.js
[INFO] Exclude: **/src/ui/public/js/arbor-graphics.js
[INFO] Exclude: **/src/ui/public/js/arbor-tween.js
[INFO] Exclude: **/src/ui/public/js/jquery.mustache.js
[INFO] Exclude: **/src/ui/public/js/typeahead.jquery.min.js
[INFO] Exclude: **/dependency-reduced-pom.xml
[INFO] Exclude: **/docs/**
[INFO] Exclude: **/.git/**
[INFO] Exclude: **/derby.log
[INFO] Exclude: **/src/dev/**
[INFO] Exclude: **/src/codegen/config.fmpp
[INFO] Exclude: **/src/codegen/data/Parser.tdd
[INFO] Exclude: **/src/test/resources/FixedAvroSerializer.config
[INFO] 50 resources included (use -debug for more details)
Warning:  org.apache.xerces.jaxp.SAXParserImpl$JAXPSAXParser: Property 'http://www.oracle.com/xml/jaxp/properties/entityExpansionLimit' is not recognized.
Compiler warnings:
  WARNING:  'org.apache.xerces.jaxp.SAXParserImpl: Property 'http://javax.xml.XMLConstants/property/accessExternalDTD' is not recognized.'
Warning:  org.apache.xerces.parsers.SAXParser: Feature 'http://javax.xml.XMLConstants/feature/secure-processing' is not recognized.
Warning:  org.apache.xerces.parsers.SAXParser: Property 'http://javax.xml.XMLConstants/property/accessExternalDTD' is not recognized.
Warning:  org.apache.xerces.parsers.SAXParser: Property 'http://www.oracle.com/xml/jaxp/properties/entityExpansionLimit' is not recognized.
[INFO] Rat check: Summary of files. Unapproved: 0 unknown: 0 generated: 0 approved: 50 licence.
[INFO]                                                                         
[INFO] ------------------------------------------------------------------------
[INFO] Building storm-mqtt-parent 1.1.0-SNAPSHOT
[INFO] ------------------------------------------------------------------------
[INFO] 
[INFO] --- maven-remote-resources-plugin:1.2.1:process (default) @ storm-mqtt-parent ---
[INFO] 
[INFO] --- apache-rat-plugin:0.11:check (default) @ storm-mqtt-parent ---
[INFO] 51 implicit excludes (use -debug for more details).
[INFO] Exclude: **/target/**
[INFO] Exclude: **/*.iml
[INFO] Exclude: **/.idea/**
[INFO] Exclude: **/metastore_db/**
[INFO] Exclude: **/build/**
[INFO] Exclude: **/CHANGELOG.md
[INFO] Exclude: **/README.md
[INFO] Exclude: **/README.markdown
[INFO] Exclude: **/DEVELOPER.md
[INFO] Exclude: **/BYLAWS.md
[INFO] Exclude: **/STORM-UI-REST-API.md
[INFO] Exclude: SECURITY.md
[INFO] Exclude: VERSION
[INFO] Exclude: TODO
[INFO] Exclude: **/src/py/**
[INFO] Exclude: **/src/ui/public/js/jquery.dataTables.1.10.4.min.js
[INFO] Exclude: **/src/ui/public/css/jquery.dataTables.1.10.4.min.css
[INFO] Exclude: **/src/ui/public/images/*
[INFO] Exclude: **/src/ui/public/js/bootstrap-3.3.1.min.js
[INFO] Exclude: **/src/ui/public/css/bootstrap-3.3.1.min.css
[INFO] Exclude: **/src/ui/public/js/dataTables.bootstrap.min.js
[INFO] Exclude: **/src/ui/public/css/dataTables.bootstrap.css
[INFO] Exclude: **/src/ui/public/js/jsonFormatter.min.js
[INFO] Exclude: **/src/ui/public/css/jsonFormatter.min.css
[INFO] Exclude: **/src/ui/public/js/jquery-1.11.1.min.js
[INFO] Exclude: **/src/ui/public/js/jquery.cookies.2.2.0.min.js
[INFO] Exclude: **/src/ui/public/js/moment.min.js
[INFO] Exclude: **/src/ui/public/js/jquery.blockUI.min.js
[INFO] Exclude: **/src/ui/public/js/url.min.js
[INFO] Exclude: **/src/ui/public/js/arbor.js
[INFO] Exclude: **/src/ui/public/js/arbor-graphics.js
[INFO] Exclude: **/src/ui/public/js/arbor-tween.js
[INFO] Exclude: **/src/ui/public/js/jquery.mustache.js
[INFO] Exclude: **/src/ui/public/js/typeahead.jquery.min.js
[INFO] Exclude: **/dependency-reduced-pom.xml
[INFO] Exclude: **/docs/**
[INFO] Exclude: **/.git/**
[INFO] Exclude: **/derby.log
[INFO] Exclude: **/src/dev/**
[INFO] Exclude: **/src/codegen/config.fmpp
[INFO] Exclude: **/src/codegen/data/Parser.tdd
[INFO] Exclude: **/src/test/resources/FixedAvroSerializer.config
[INFO] 25 resources included (use -debug for more details)
Warning:  org.apache.xerces.jaxp.SAXParserImpl$JAXPSAXParser: Property 'http://www.oracle.com/xml/jaxp/properties/entityExpansionLimit' is not recognized.
Compiler warnings:
  WARNING:  'org.apache.xerces.jaxp.SAXParserImpl: Property 'http://javax.xml.XMLConstants/property/accessExternalDTD' is not recognized.'
Warning:  org.apache.xerces.parsers.SAXParser: Feature 'http://javax.xml.XMLConstants/feature/secure-processing' is not recognized.
Warning:  org.apache.xerces.parsers.SAXParser: Property 'http://javax.xml.XMLConstants/property/accessExternalDTD' is not recognized.
Warning:  org.apache.xerces.parsers.SAXParser: Property 'http://www.oracle.com/xml/jaxp/properties/entityExpansionLimit' is not recognized.
[INFO] Rat check: Summary of files. Unapproved: 0 unknown: 0 generated: 0 approved: 25 licence.
[INFO]                                                                         
[INFO] ------------------------------------------------------------------------
[INFO] Building storm-mqtt 1.1.0-SNAPSHOT
[INFO] ------------------------------------------------------------------------
[INFO] 
[INFO] --- maven-remote-resources-plugin:1.2.1:process (default) @ storm-mqtt ---
[INFO] 
[INFO] --- maven-resources-plugin:2.5:resources (default-resources) @ storm-mqtt ---
[debug] execute contextualize
[INFO] Using 'UTF-8' encoding to copy filtered resources.
[INFO] skip non existing resourceDirectory /home/travis/build/apache/storm/external/storm-mqtt/core/src/main/resources
[INFO] Copying 3 resources
[INFO] 
[INFO] --- maven-compiler-plugin:3.1:compile (default-compile) @ storm-mqtt ---
[INFO] Nothing to compile - all classes are up to date
[INFO] 
[INFO] --- maven-resources-plugin:2.5:testResources (default-testResources) @ storm-mqtt ---
[debug] execute contextualize
[INFO] Using 'UTF-8' encoding to copy filtered resources.
[INFO] skip non existing resourceDirectory /home/travis/build/apache/storm/external/storm-mqtt/core/src/test/resources
[INFO] Copying 3 resources
[INFO] 
[INFO] --- maven-compiler-plugin:3.1:testCompile (default-testCompile) @ storm-mqtt ---
[INFO] Nothing to compile - all classes are up to date
[INFO] 
[INFO] --- maven-surefire-plugin:2.18.1:test (default-test) @ storm-mqtt ---
[WARNING] The parameter forkMode is deprecated since version 2.14. Use forkCount and reuseForks instead.
[INFO] Surefire report directory: /home/travis/build/apache/storm/external/storm-mqtt/core/target/surefire-reports
[INFO] parallel='none', perCoreThreadCount=true, threadCount=0, useUnlimitedThreads=false, threadCountSuites=0, threadCountClasses=0, threadCountMethods=0, parallelOptimized=true

-------------------------------------------------------
 T E S T S
-------------------------------------------------------

Results :

Tests run: 0, Failures: 0, Errors: 0, Skipped: 0

[INFO] 
[INFO] --- apache-rat-plugin:0.11:check (default) @ storm-mqtt ---
[INFO] 51 implicit excludes (use -debug for more details).
[INFO] Exclude: **/target/**
[INFO] Exclude: **/*.iml
[INFO] Exclude: **/.idea/**
[INFO] Exclude: **/metastore_db/**
[INFO] Exclude: **/build/**
[INFO] Exclude: **/CHANGELOG.md
[INFO] Exclude: **/README.md
[INFO] Exclude: **/README.markdown
[INFO] Exclude: **/DEVELOPER.md
[INFO] Exclude: **/BYLAWS.md
[INFO] Exclude: **/STORM-UI-REST-API.md
[INFO] Exclude: SECURITY.md
[INFO] Exclude: VERSION
[INFO] Exclude: TODO
[INFO] Exclude: **/src/py/**
[INFO] Exclude: **/src/ui/public/js/jquery.dataTables.1.10.4.min.js
[INFO] Exclude: **/src/ui/public/css/jquery.dataTables.1.10.4.min.css
[INFO] Exclude: **/src/ui/public/images/*
[INFO] Exclude: **/src/ui/public/js/bootstrap-3.3.1.min.js
[INFO] Exclude: **/src/ui/public/css/bootstrap-3.3.1.min.css
[INFO] Exclude: **/src/ui/public/js/dataTables.bootstrap.min.js
[INFO] Exclude: **/src/ui/public/css/dataTables.bootstrap.css
[INFO] Exclude: **/src/ui/public/js/jsonFormatter.min.js
[INFO] Exclude: **/src/ui/public/css/jsonFormatter.min.css
[INFO] Exclude: **/src/ui/public/js/jquery-1.11.1.min.js
[INFO] Exclude: **/src/ui/public/js/jquery.cookies.2.2.0.min.js
[INFO] Exclude: **/src/ui/public/js/moment.min.js
[INFO] Exclude: **/src/ui/public/js/jquery.blockUI.min.js
[INFO] Exclude: **/src/ui/public/js/url.min.js
[INFO] Exclude: **/src/ui/public/js/arbor.js
[INFO] Exclude: **/src/ui/public/js/arbor-graphics.js
[INFO] Exclude: **/src/ui/public/js/arbor-tween.js
[INFO] Exclude: **/src/ui/public/js/jquery.mustache.js
[INFO] Exclude: **/src/ui/public/js/typeahead.jquery.min.js
[INFO] Exclude: **/dependency-reduced-pom.xml
[INFO] Exclude: **/docs/**
[INFO] Exclude: **/.git/**
[INFO] Exclude: **/derby.log
[INFO] Exclude: **/src/dev/**
[INFO] Exclude: **/src/codegen/config.fmpp
[INFO] Exclude: **/src/codegen/data/Parser.tdd
[INFO] Exclude: **/src/test/resources/FixedAvroSerializer.config
[INFO] 18 resources included (use -debug for more details)
Warning:  org.apache.xerces.jaxp.SAXParserImpl$JAXPSAXParser: Property 'http://www.oracle.com/xml/jaxp/properties/entityExpansionLimit' is not recognized.
Compiler warnings:
  WARNING:  'org.apache.xerces.jaxp.SAXParserImpl: Property 'http://javax.xml.XMLConstants/property/accessExternalDTD' is not recognized.'
Warning:  org.apache.xerces.parsers.SAXParser: Feature 'http://javax.xml.XMLConstants/feature/secure-processing' is not recognized.
Warning:  org.apache.xerces.parsers.SAXParser: Property 'http://javax.xml.XMLConstants/property/accessExternalDTD' is not recognized.
Warning:  org.apache.xerces.parsers.SAXParser: Property 'http://www.oracle.com/xml/jaxp/properties/entityExpansionLimit' is not recognized.
[INFO] Rat check: Summary of files. Unapproved: 0 unknown: 0 generated: 0 approved: 18 licence.
[INFO]                                                                         
[INFO] ------------------------------------------------------------------------
[INFO] Skipping storm-mqtt-examples
[INFO] This project has been banned from the build due to previous failures.
[INFO] ------------------------------------------------------------------------
[INFO]                                                                         
[INFO] ------------------------------------------------------------------------
[INFO] Building storm-mongodb 1.1.0-SNAPSHOT
[INFO] ------------------------------------------------------------------------
[INFO] 
[INFO] --- maven-remote-resources-plugin:1.2.1:process (default) @ storm-mongodb ---
[INFO] 
[INFO] --- maven-resources-plugin:2.5:resources (default-resources) @ storm-mongodb ---
[debug] execute contextualize
[INFO] Using 'UTF-8' encoding to copy filtered resources.
[INFO] skip non existing resourceDirectory /home/travis/build/apache/storm/external/storm-mongodb/src/main/resources
[INFO] Copying 3 resources
[INFO] 
[INFO] --- maven-compiler-plugin:3.1:compile (default-compile) @ storm-mongodb ---
[INFO] Nothing to compile - all classes are up to date
[INFO] 
[INFO] --- maven-resources-plugin:2.5:testResources (default-testResources) @ storm-mongodb ---
[debug] execute contextualize
[INFO] Using 'UTF-8' encoding to copy filtered resources.
[INFO] skip non existing resourceDirectory /home/travis/build/apache/storm/external/storm-mongodb/src/test/resources
[INFO] Copying 3 resources
[INFO] 
[INFO] --- maven-compiler-plugin:3.1:testCompile (default-testCompile) @ storm-mongodb ---
[INFO] Nothing to compile - all classes are up to date
[INFO] 
[INFO] --- maven-surefire-plugin:2.18.1:test (default-test) @ storm-mongodb ---
[INFO] 
[INFO] --- apache-rat-plugin:0.11:check (default) @ storm-mongodb ---
[INFO] 51 implicit excludes (use -debug for more details).
[INFO] Exclude: **/target/**
[INFO] Exclude: **/*.iml
[INFO] Exclude: **/.idea/**
[INFO] Exclude: **/metastore_db/**
[INFO] Exclude: **/build/**
[INFO] Exclude: **/CHANGELOG.md
[INFO] Exclude: **/README.md
[INFO] Exclude: **/README.markdown
[INFO] Exclude: **/DEVELOPER.md
[INFO] Exclude: **/BYLAWS.md
[INFO] Exclude: **/STORM-UI-REST-API.md
[INFO] Exclude: SECURITY.md
[INFO] Exclude: VERSION
[INFO] Exclude: TODO
[INFO] Exclude: **/src/py/**
[INFO] Exclude: **/src/ui/public/js/jquery.dataTables.1.10.4.min.js
[INFO] Exclude: **/src/ui/public/css/jquery.dataTables.1.10.4.min.css
[INFO] Exclude: **/src/ui/public/images/*
[INFO] Exclude: **/src/ui/public/js/bootstrap-3.3.1.min.js
[INFO] Exclude: **/src/ui/public/css/bootstrap-3.3.1.min.css
[INFO] Exclude: **/src/ui/public/js/dataTables.bootstrap.min.js
[INFO] Exclude: **/src/ui/public/css/dataTables.bootstrap.css
[INFO] Exclude: **/src/ui/public/js/jsonFormatter.min.js
[INFO] Exclude: **/src/ui/public/css/jsonFormatter.min.css
[INFO] Exclude: **/src/ui/public/js/jquery-1.11.1.min.js
[INFO] Exclude: **/src/ui/public/js/jquery.cookies.2.2.0.min.js
[INFO] Exclude: **/src/ui/public/js/moment.min.js
[INFO] Exclude: **/src/ui/public/js/jquery.blockUI.min.js
[INFO] Exclude: **/src/ui/public/js/url.min.js
[INFO] Exclude: **/src/ui/public/js/arbor.js
[INFO] Exclude: **/src/ui/public/js/arbor-graphics.js
[INFO] Exclude: **/src/ui/public/js/arbor-tween.js
[INFO] Exclude: **/src/ui/public/js/jquery.mustache.js
[INFO] Exclude: **/src/ui/public/js/typeahead.jquery.min.js
[INFO] Exclude: **/dependency-reduced-pom.xml
[INFO] Exclude: **/docs/**
[INFO] Exclude: **/.git/**
[INFO] Exclude: **/derby.log
[INFO] Exclude: **/src/dev/**
[INFO] Exclude: **/src/codegen/config.fmpp
[INFO] Exclude: **/src/codegen/data/Parser.tdd
[INFO] Exclude: **/src/test/resources/FixedAvroSerializer.config
[INFO] 18 resources included (use -debug for more details)
Warning:  org.apache.xerces.jaxp.SAXParserImpl$JAXPSAXParser: Property 'http://www.oracle.com/xml/jaxp/properties/entityExpansionLimit' is not recognized.
Compiler warnings:
  WARNING:  'org.apache.xerces.jaxp.SAXParserImpl: Property 'http://javax.xml.XMLConstants/property/accessExternalDTD' is not recognized.'
Warning:  org.apache.xerces.parsers.SAXParser: Feature 'http://javax.xml.XMLConstants/feature/secure-processing' is not recognized.
Warning:  org.apache.xerces.parsers.SAXParser: Property 'http://javax.xml.XMLConstants/property/accessExternalDTD' is not recognized.
Warning:  org.apache.xerces.parsers.SAXParser: Property 'http://www.oracle.com/xml/jaxp/properties/entityExpansionLimit' is not recognized.
[INFO] Rat check: Summary of files. Unapproved: 0 unknown: 0 generated: 0 approved: 18 licence.
[INFO]                                                                         
[INFO] ------------------------------------------------------------------------
[INFO] Building storm-starter 1.1.0-SNAPSHOT
[INFO] ------------------------------------------------------------------------
[INFO] 
[INFO] --- maven-remote-resources-plugin:1.2.1:process (default) @ storm-starter ---
[INFO] Downloading: https://oss.sonatype.org/content/repositories/releases/io/confluent/kafka-schema-registry-client/1.0/kafka-schema-registry-client-1.0.pom
[INFO] Downloading: https://repository.apache.org/releases/io/confluent/kafka-schema-registry-client/1.0/kafka-schema-registry-client-1.0.pom
[INFO] Downloading: https://oss.sonatype.org/content/repositories/releases/io/confluent/kafka-avro-serializer/1.0/kafka-avro-serializer-1.0.pom
[INFO] Downloading: https://repository.apache.org/releases/io/confluent/kafka-avro-serializer/1.0/kafka-avro-serializer-1.0.pom
[INFO] 
[INFO] --- maven-resources-plugin:2.5:resources (default-resources) @ storm-starter ---
[debug] execute contextualize
[INFO] Using 'UTF-8' encoding to copy filtered resources.
[INFO] Copying 5 resources
[INFO] Copying 3 resources
[INFO] 
[INFO] --- maven-compiler-plugin:3.1:compile (default-compile) @ storm-starter ---
[INFO] Nothing to compile - all classes are up to date
[INFO] 
[INFO] --- clojure-maven-plugin:1.7.1:compile (compile) @ storm-starter ---
[INFO] 
[INFO] --- maven-resources-plugin:2.5:testResources (default-testResources) @ storm-starter ---
[debug] execute contextualize
[INFO] Using 'UTF-8' encoding to copy filtered resources.
[INFO] skip non existing resourceDirectory /home/travis/build/apache/storm/examples/storm-starter/src/test/resources
[INFO] Copying 3 resources
[INFO] 
[INFO] --- maven-compiler-plugin:3.1:testCompile (default-testCompile) @ storm-starter ---
[INFO] Nothing to compile - all classes are up to date
[INFO] 
[INFO] --- maven-surefire-plugin:2.18.1:test (default-test) @ storm-starter ---
[INFO] Surefire report directory: /home/travis/build/apache/storm/examples/storm-starter/target/surefire-reports

-------------------------------------------------------
 T E S T S
-------------------------------------------------------
Running TestSuite
Tests run: 226, Failures: 0, Errors: 0, Skipped: 0, Time elapsed: 1.731 sec - in TestSuite

Results :

Tests run: 226, Failures: 0, Errors: 0, Skipped: 0

[INFO] 
[INFO] --- apache-rat-plugin:0.11:check (default) @ storm-starter ---
[INFO] 51 implicit excludes (use -debug for more details).
[INFO] Exclude: **/target/**
[INFO] Exclude: **/*.iml
[INFO] Exclude: **/.idea/**
[INFO] Exclude: **/metastore_db/**
[INFO] Exclude: **/build/**
[INFO] Exclude: **/CHANGELOG.md
[INFO] Exclude: **/README.md
[INFO] Exclude: **/README.markdown
[INFO] Exclude: **/DEVELOPER.md
[INFO] Exclude: **/BYLAWS.md
[INFO] Exclude: **/STORM-UI-REST-API.md
[INFO] Exclude: SECURITY.md
[INFO] Exclude: VERSION
[INFO] Exclude: TODO
[INFO] Exclude: **/src/py/**
[INFO] Exclude: **/src/ui/public/js/jquery.dataTables.1.10.4.min.js
[INFO] Exclude: **/src/ui/public/css/jquery.dataTables.1.10.4.min.css
[INFO] Exclude: **/src/ui/public/images/*
[INFO] Exclude: **/src/ui/public/js/bootstrap-3.3.1.min.js
[INFO] Exclude: **/src/ui/public/css/bootstrap-3.3.1.min.css
[INFO] Exclude: **/src/ui/public/js/dataTables.bootstrap.min.js
[INFO] Exclude: **/src/ui/public/css/dataTables.bootstrap.css
[INFO] Exclude: **/src/ui/public/js/jsonFormatter.min.js
[INFO] Exclude: **/src/ui/public/css/jsonFormatter.min.css
[INFO] Exclude: **/src/ui/public/js/jquery-1.11.1.min.js
[INFO] Exclude: **/src/ui/public/js/jquery.cookies.2.2.0.min.js
[INFO] Exclude: **/src/ui/public/js/moment.min.js
[INFO] Exclude: **/src/ui/public/js/jquery.blockUI.min.js
[INFO] Exclude: **/src/ui/public/js/url.min.js
[INFO] Exclude: **/src/ui/public/js/arbor.js
[INFO] Exclude: **/src/ui/public/js/arbor-graphics.js
[INFO] Exclude: **/src/ui/public/js/arbor-tween.js
[INFO] Exclude: **/src/ui/public/js/jquery.mustache.js
[INFO] Exclude: **/src/ui/public/js/typeahead.jquery.min.js
[INFO] Exclude: **/dependency-reduced-pom.xml
[INFO] Exclude: **/docs/**
[INFO] Exclude: **/.git/**
[INFO] Exclude: **/derby.log
[INFO] Exclude: **/src/dev/**
[INFO] Exclude: **/src/codegen/config.fmpp
[INFO] Exclude: **/src/codegen/data/Parser.tdd
[INFO] Exclude: **/src/test/resources/FixedAvroSerializer.config
[INFO] 65 resources included (use -debug for more details)
Warning:  org.apache.xerces.jaxp.SAXParserImpl$JAXPSAXParser: Property 'http://www.oracle.com/xml/jaxp/properties/entityExpansionLimit' is not recognized.
Compiler warnings:
  WARNING:  'org.apache.xerces.jaxp.SAXParserImpl: Property 'http://javax.xml.XMLConstants/property/accessExternalDTD' is not recognized.'
Warning:  org.apache.xerces.parsers.SAXParser: Feature 'http://javax.xml.XMLConstants/feature/secure-processing' is not recognized.
Warning:  org.apache.xerces.parsers.SAXParser: Property 'http://javax.xml.XMLConstants/property/accessExternalDTD' is not recognized.
Warning:  org.apache.xerces.parsers.SAXParser: Property 'http://www.oracle.com/xml/jaxp/properties/entityExpansionLimit' is not recognized.
[INFO] Rat check: Summary of files. Unapproved: 0 unknown: 0 generated: 0 approved: 65 licence.
[INFO]                                                                         
[INFO] ------------------------------------------------------------------------
[INFO] Building storm-kafka-client 1.1.0-SNAPSHOT
[INFO] ------------------------------------------------------------------------
[INFO] 
[INFO] --- maven-remote-resources-plugin:1.2.1:process (default) @ storm-kafka-client ---
[INFO] 
[INFO] --- maven-resources-plugin:2.5:resources (default-resources) @ storm-kafka-client ---
[debug] execute contextualize
[INFO] Using 'UTF-8' encoding to copy filtered resources.
[INFO] skip non existing resourceDirectory /home/travis/build/apache/storm/external/storm-kafka-client/src/main/resources
[INFO] Copying 3 resources
[INFO] 
[INFO] --- maven-compiler-plugin:3.1:compile (default-compile) @ storm-kafka-client ---
[INFO] Nothing to compile - all classes are up to date
[INFO] 
[INFO] --- maven-resources-plugin:2.5:testResources (default-testResources) @ storm-kafka-client ---
[debug] execute contextualize
[INFO] Using 'UTF-8' encoding to copy filtered resources.
[INFO] skip non existing resourceDirectory /home/travis/build/apache/storm/external/storm-kafka-client/src/test/resources
[INFO] Copying 3 resources
[INFO] 
[INFO] --- maven-compiler-plugin:3.1:testCompile (default-testCompile) @ storm-kafka-client ---
[INFO] Nothing to compile - all classes are up to date
[INFO] 
[INFO] --- maven-surefire-plugin:2.18.1:test (default-test) @ storm-kafka-client ---
[INFO] 
[INFO] --- apache-rat-plugin:0.11:check (default) @ storm-kafka-client ---
[INFO] 51 implicit excludes (use -debug for more details).
[INFO] Exclude: **/target/**
[INFO] Exclude: **/*.iml
[INFO] Exclude: **/.idea/**
[INFO] Exclude: **/metastore_db/**
[INFO] Exclude: **/build/**
[INFO] Exclude: **/CHANGELOG.md
[INFO] Exclude: **/README.md
[INFO] Exclude: **/README.markdown
[INFO] Exclude: **/DEVELOPER.md
[INFO] Exclude: **/BYLAWS.md
[INFO] Exclude: **/STORM-UI-REST-API.md
[INFO] Exclude: SECURITY.md
[INFO] Exclude: VERSION
[INFO] Exclude: TODO
[INFO] Exclude: **/src/py/**
[INFO] Exclude: **/src/ui/public/js/jquery.dataTables.1.10.4.min.js
[INFO] Exclude: **/src/ui/public/css/jquery.dataTables.1.10.4.min.css
[INFO] Exclude: **/src/ui/public/images/*
[INFO] Exclude: **/src/ui/public/js/bootstrap-3.3.1.min.js
[INFO] Exclude: **/src/ui/public/css/bootstrap-3.3.1.min.css
[INFO] Exclude: **/src/ui/public/js/dataTables.bootstrap.min.js
[INFO] Exclude: **/src/ui/public/css/dataTables.bootstrap.css
[INFO] Exclude: **/src/ui/public/js/jsonFormatter.min.js
[INFO] Exclude: **/src/ui/public/css/jsonFormatter.min.css
[INFO] Exclude: **/src/ui/public/js/jquery-1.11.1.min.js
[INFO] Exclude: **/src/ui/public/js/jquery.cookies.2.2.0.min.js
[INFO] Exclude: **/src/ui/public/js/moment.min.js
[INFO] Exclude: **/src/ui/public/js/jquery.blockUI.min.js
[INFO] Exclude: **/src/ui/public/js/url.min.js
[INFO] Exclude: **/src/ui/public/js/arbor.js
[INFO] Exclude: **/src/ui/public/js/arbor-graphics.js
[INFO] Exclude: **/src/ui/public/js/arbor-tween.js
[INFO] Exclude: **/src/ui/public/js/jquery.mustache.js
[INFO] Exclude: **/src/ui/public/js/typeahead.jquery.min.js
[INFO] Exclude: **/dependency-reduced-pom.xml
[INFO] Exclude: **/docs/**
[INFO] Exclude: **/.git/**
[INFO] Exclude: **/derby.log
[INFO] Exclude: **/src/dev/**
[INFO] Exclude: **/src/codegen/config.fmpp
[INFO] Exclude: **/src/codegen/data/Parser.tdd
[INFO] Exclude: **/src/test/resources/FixedAvroSerializer.config
[INFO] 14 resources included (use -debug for more details)
Warning:  org.apache.xerces.jaxp.SAXParserImpl$JAXPSAXParser: Property 'http://www.oracle.com/xml/jaxp/properties/entityExpansionLimit' is not recognized.
Compiler warnings:
  WARNING:  'org.apache.xerces.jaxp.SAXParserImpl: Property 'http://javax.xml.XMLConstants/property/accessExternalDTD' is not recognized.'
Warning:  org.apache.xerces.parsers.SAXParser: Feature 'http://javax.xml.XMLConstants/feature/secure-processing' is not recognized.
Warning:  org.apache.xerces.parsers.SAXParser: Property 'http://javax.xml.XMLConstants/property/accessExternalDTD' is not recognized.
Warning:  org.apache.xerces.parsers.SAXParser: Property 'http://www.oracle.com/xml/jaxp/properties/entityExpansionLimit' is not recognized.
[INFO] Rat check: Summary of files. Unapproved: 0 unknown: 0 generated: 0 approved: 14 licence.
[INFO]                                                                         
[INFO] ------------------------------------------------------------------------
[INFO] Building storm-opentsdb 1.1.0-SNAPSHOT
[INFO] ------------------------------------------------------------------------
[INFO] 
[INFO] --- maven-remote-resources-plugin:1.2.1:process (default) @ storm-opentsdb ---
[INFO] 
[INFO] --- maven-resources-plugin:2.5:resources (default-resources) @ storm-opentsdb ---
[debug] execute contextualize
[INFO] Using 'UTF-8' encoding to copy filtered resources.
[INFO] skip non existing resourceDirectory /home/travis/build/apache/storm/external/storm-opentsdb/src/main/resources
[INFO] Copying 3 resources
[INFO] 
[INFO] --- maven-compiler-plugin:3.1:compile (default-compile) @ storm-opentsdb ---
[INFO] Nothing to compile - all classes are up to date
[INFO] 
[INFO] --- maven-resources-plugin:2.5:testResources (default-testResources) @ storm-opentsdb ---
[debug] execute contextualize
[INFO] Using 'UTF-8' encoding to copy filtered resources.
[INFO] skip non existing resourceDirectory /home/travis/build/apache/storm/external/storm-opentsdb/src/test/resources
[INFO] Copying 3 resources
[INFO] 
[INFO] --- maven-compiler-plugin:3.1:testCompile (default-testCompile) @ storm-opentsdb ---
[INFO] Nothing to compile - all classes are up to date
[INFO] 
[INFO] --- maven-surefire-plugin:2.18.1:test (default-test) @ storm-opentsdb ---
[INFO] 
[INFO] --- apache-rat-plugin:0.11:check (default) @ storm-opentsdb ---
[INFO] 51 implicit excludes (use -debug for more details).
[INFO] Exclude: **/target/**
[INFO] Exclude: **/*.iml
[INFO] Exclude: **/.idea/**
[INFO] Exclude: **/metastore_db/**
[INFO] Exclude: **/build/**
[INFO] Exclude: **/CHANGELOG.md
[INFO] Exclude: **/README.md
[INFO] Exclude: **/README.markdown
[INFO] Exclude: **/DEVELOPER.md
[INFO] Exclude: **/BYLAWS.md
[INFO] Exclude: **/STORM-UI-REST-API.md
[INFO] Exclude: SECURITY.md
[INFO] Exclude: VERSION
[INFO] Exclude: TODO
[INFO] Exclude: **/src/py/**
[INFO] Exclude: **/src/ui/public/js/jquery.dataTables.1.10.4.min.js
[INFO] Exclude: **/src/ui/public/css/jquery.dataTables.1.10.4.min.css
[INFO] Exclude: **/src/ui/public/images/*
[INFO] Exclude: **/src/ui/public/js/bootstrap-3.3.1.min.js
[INFO] Exclude: **/src/ui/public/css/bootstrap-3.3.1.min.css
[INFO] Exclude: **/src/ui/public/js/dataTables.bootstrap.min.js
[INFO] Exclude: **/src/ui/public/css/dataTables.bootstrap.css
[INFO] Exclude: **/src/ui/public/js/jsonFormatter.min.js
[INFO] Exclude: **/src/ui/public/css/jsonFormatter.min.css
[INFO] Exclude: **/src/ui/public/js/jquery-1.11.1.min.js
[INFO] Exclude: **/src/ui/public/js/jquery.cookies.2.2.0.min.js
[INFO] Exclude: **/src/ui/public/js/moment.min.js
[INFO] Exclude: **/src/ui/public/js/jquery.blockUI.min.js
[INFO] Exclude: **/src/ui/public/js/url.min.js
[INFO] Exclude: **/src/ui/public/js/arbor.js
[INFO] Exclude: **/src/ui/public/js/arbor-graphics.js
[INFO] Exclude: **/src/ui/public/js/arbor-tween.js
[INFO] Exclude: **/src/ui/public/js/jquery.mustache.js
[INFO] Exclude: **/src/ui/public/js/typeahead.jquery.min.js
[INFO] Exclude: **/dependency-reduced-pom.xml
[INFO] Exclude: **/docs/**
[INFO] Exclude: **/.git/**
[INFO] Exclude: **/derby.log
[INFO] Exclude: **/src/dev/**
[INFO] Exclude: **/src/codegen/config.fmpp
[INFO] Exclude: **/src/codegen/data/Parser.tdd
[INFO] Exclude: **/src/test/resources/FixedAvroSerializer.config
[INFO] 14 resources included (use -debug for more details)
Warning:  org.apache.xerces.jaxp.SAXParserImpl$JAXPSAXParser: Property 'http://www.oracle.com/xml/jaxp/properties/entityExpansionLimit' is not recognized.
Compiler warnings:
  WARNING:  'org.apache.xerces.jaxp.SAXParserImpl: Property 'http://javax.xml.XMLConstants/property/accessExternalDTD' is not recognized.'
Warning:  org.apache.xerces.parsers.SAXParser: Feature 'http://javax.xml.XMLConstants/feature/secure-processing' is not recognized.
Warning:  org.apache.xerces.parsers.SAXParser: Property 'http://javax.xml.XMLConstants/property/accessExternalDTD' is not recognized.
Warning:  org.apache.xerces.parsers.SAXParser: Property 'http://www.oracle.com/xml/jaxp/properties/entityExpansionLimit' is not recognized.
[INFO] Rat check: Summary of files. Unapproved: 0 unknown: 0 generated: 0 approved: 14 licence.
[INFO]                                                                         
[INFO] ------------------------------------------------------------------------
[INFO] Building storm-kafka-monitor 1.1.0-SNAPSHOT
[INFO] ------------------------------------------------------------------------
[INFO] 
[INFO] --- maven-remote-resources-plugin:1.2.1:process (default) @ storm-kafka-monitor ---
[INFO] 
[INFO] --- maven-resources-plugin:2.5:resources (default-resources) @ storm-kafka-monitor ---
[debug] execute contextualize
[INFO] Using 'UTF-8' encoding to copy filtered resources.
[INFO] skip non existing resourceDirectory /home/travis/build/apache/storm/external/storm-kafka-monitor/src/main/resources
[INFO] Copying 3 resources
[INFO] 
[INFO] --- maven-compiler-plugin:3.1:compile (default-compile) @ storm-kafka-monitor ---
[INFO] Nothing to compile - all classes are up to date
[INFO] 
[INFO] --- maven-resources-plugin:2.5:testResources (default-testResources) @ storm-kafka-monitor ---
[debug] execute contextualize
[INFO] Using 'UTF-8' encoding to copy filtered resources.
[INFO] skip non existing resourceDirectory /home/travis/build/apache/storm/external/storm-kafka-monitor/src/test/resources
[INFO] Copying 3 resources
[INFO] 
[INFO] --- maven-compiler-plugin:3.1:testCompile (default-testCompile) @ storm-kafka-monitor ---
[INFO] No sources to compile
[INFO] 
[INFO] --- maven-surefire-plugin:2.18.1:test (default-test) @ storm-kafka-monitor ---
[INFO] 
[INFO] --- apache-rat-plugin:0.11:check (default) @ storm-kafka-monitor ---
[INFO] 51 implicit excludes (use -debug for more details).
[INFO] Exclude: **/target/**
[INFO] Exclude: **/*.iml
[INFO] Exclude: **/.idea/**
[INFO] Exclude: **/metastore_db/**
[INFO] Exclude: **/build/**
[INFO] Exclude: **/CHANGELOG.md
[INFO] Exclude: **/README.md
[INFO] Exclude: **/README.markdown
[INFO] Exclude: **/DEVELOPER.md
[INFO] Exclude: **/BYLAWS.md
[INFO] Exclude: **/STORM-UI-REST-API.md
[INFO] Exclude: SECURITY.md
[INFO] Exclude: VERSION
[INFO] Exclude: TODO
[INFO] Exclude: **/src/py/**
[INFO] Exclude: **/src/ui/public/js/jquery.dataTables.1.10.4.min.js
[INFO] Exclude: **/src/ui/public/css/jquery.dataTables.1.10.4.min.css
[INFO] Exclude: **/src/ui/public/images/*
[INFO] Exclude: **/src/ui/public/js/bootstrap-3.3.1.min.js
[INFO] Exclude: **/src/ui/public/css/bootstrap-3.3.1.min.css
[INFO] Exclude: **/src/ui/public/js/dataTables.bootstrap.min.js
[INFO] Exclude: **/src/ui/public/css/dataTables.bootstrap.css
[INFO] Exclude: **/src/ui/public/js/jsonFormatter.min.js
[INFO] Exclude: **/src/ui/public/css/jsonFormatter.min.css
[INFO] Exclude: **/src/ui/public/js/jquery-1.11.1.min.js
[INFO] Exclude: **/src/ui/public/js/jquery.cookies.2.2.0.min.js
[INFO] Exclude: **/src/ui/public/js/moment.min.js
[INFO] Exclude: **/src/ui/public/js/jquery.blockUI.min.js
[INFO] Exclude: **/src/ui/public/js/url.min.js
[INFO] Exclude: **/src/ui/public/js/arbor.js
[INFO] Exclude: **/src/ui/public/js/arbor-graphics.js
[INFO] Exclude: **/src/ui/public/js/arbor-tween.js
[INFO] Exclude: **/src/ui/public/js/jquery.mustache.js
[INFO] Exclude: **/src/ui/public/js/typeahead.jquery.min.js
[INFO] Exclude: **/dependency-reduced-pom.xml
[INFO] Exclude: **/docs/**
[INFO] Exclude: **/.git/**
[INFO] Exclude: **/derby.log
[INFO] Exclude: **/src/dev/**
[INFO] Exclude: **/src/codegen/config.fmpp
[INFO] Exclude: **/src/codegen/data/Parser.tdd
[INFO] Exclude: **/src/test/resources/FixedAvroSerializer.config
[INFO] 5 resources included (use -debug for more details)
Warning:  org.apache.xerces.jaxp.SAXParserImpl$JAXPSAXParser: Property 'http://www.oracle.com/xml/jaxp/properties/entityExpansionLimit' is not recognized.
Compiler warnings:
  WARNING:  'org.apache.xerces.jaxp.SAXParserImpl: Property 'http://javax.xml.XMLConstants/property/accessExternalDTD' is not recognized.'
Warning:  org.apache.xerces.parsers.SAXParser: Feature 'http://javax.xml.XMLConstants/feature/secure-processing' is not recognized.
Warning:  org.apache.xerces.parsers.SAXParser: Property 'http://javax.xml.XMLConstants/property/accessExternalDTD' is not recognized.
Warning:  org.apache.xerces.parsers.SAXParser: Property 'http://www.oracle.com/xml/jaxp/properties/entityExpansionLimit' is not recognized.
[INFO] Rat check: Summary of files. Unapproved: 0 unknown: 0 generated: 0 approved: 5 licence.
[INFO] ------------------------------------------------------------------------
[INFO] Reactor Summary:
[INFO] 
[INFO] Storm .............................................. SUCCESS [  3.360 s]
[INFO] multilang-javascript ............................... SUCCESS [  0.683 s]
[INFO] multilang-python ................................... SUCCESS [  0.076 s]
[INFO] multilang-ruby ..................................... SUCCESS [  0.067 s]
[INFO] maven-shade-clojure-transformer .................... SUCCESS [  0.983 s]
[INFO] storm-maven-plugins ................................ SUCCESS [  2.412 s]
[INFO] storm-rename-hack .................................. SUCCESS [  0.912 s]
[INFO] storm-kafka ........................................ SUCCESS [01:02 min]
[INFO] storm-hdfs ......................................... SUCCESS [01:17 min]
[INFO] storm-hbase ........................................ SUCCESS [  2.527 s]
[INFO] storm-hive ......................................... SUCCESS [ 27.269 s]
[INFO] storm-jdbc ......................................... SUCCESS [  1.428 s]
[INFO] storm-redis ........................................ SUCCESS [  1.384 s]
[INFO] storm-eventhubs .................................... SUCCESS [  2.956 s]
[INFO] flux ............................................... SUCCESS [  0.091 s]
[INFO] flux-wrappers ...................................... SUCCESS [  0.174 s]
[INFO] flux-core .......................................... FAILURE [  4.719 s]
[INFO] flux-examples ...................................... SKIPPED
[INFO] storm-sql-runtime .................................. SUCCESS [  0.439 s]
[INFO] storm-sql-core ..................................... SUCCESS [ 29.287 s]
[INFO] storm-sql-kafka .................................... SUCCESS [  1.868 s]
[INFO] sql ................................................ SUCCESS [  0.414 s]
[INFO] storm-elasticsearch ................................ SUCCESS [  3.402 s]
[INFO] storm-solr ......................................... SUCCESS [  2.097 s]
[INFO] storm-metrics ...................................... SUCCESS [  0.419 s]
[INFO] storm-cassandra .................................... SUCCESS [  0.395 s]
[INFO] storm-mqtt-parent .................................. SUCCESS [  0.043 s]
[INFO] storm-mqtt ......................................... SUCCESS [  0.908 s]
[INFO] storm-mqtt-examples ................................ SKIPPED
[INFO] storm-mongodb ...................................... SUCCESS [  0.059 s]
[INFO] storm-starter ...................................... SUCCESS [  5.830 s]
[INFO] storm-kafka-client ................................. SUCCESS [  0.062 s]
[INFO] storm-opentsdb ..................................... SUCCESS [  0.630 s]
[INFO] storm-kafka-monitor ................................ SUCCESS [  0.111 s]
[INFO] ------------------------------------------------------------------------
[INFO] BUILD FAILURE
[INFO] ------------------------------------------------------------------------
[INFO] Total time: 03:57 min
[INFO] Finished at: 2016-07-09T01:35:08+00:00
[INFO] Final Memory: 88M/450M
[INFO] ------------------------------------------------------------------------
[WARNING] The requested profile "native" could not be activated because it does not exist.
[ERROR] Failed to execute goal org.apache.maven.plugins:maven-surefire-plugin:2.18.1:test (default-test) on project flux-core: There are test failures.
[ERROR] 
[ERROR] Please refer to /home/travis/build/apache/storm/external/flux/flux-core/target/surefire-reports for the individual test results.
[ERROR] -> [Help 1]
[ERROR] 
[ERROR] To see the full stack trace of the errors, re-run Maven with the -e switch.
[ERROR] Re-run Maven using the -X switch to enable full debug logging.
[ERROR] 
[ERROR] For more information about the errors and possible solutions, please read the following articles:
[ERROR] [Help 1] http://cwiki.apache.org/confluence/display/MAVEN/MojoFailureException
[ERROR] 
[ERROR] After correcting the problems, you can resume the build with the command
[ERROR]   mvn <goals> -rf :flux-core
Looking for errors in ./examples/storm-starter/target/surefire-reports
Checking ./examples/storm-starter/target/surefire-reports/testng-results.xml
Checking ./examples/storm-starter/target/surefire-reports/TEST-TestSuite.xml
Looking for errors in ./external/flux/flux-core/target/surefire-reports
Checking ./external/flux/flux-core/target/surefire-reports/TEST-org.apache.storm.flux.multilang.MultilangEnvirontmentTest.xml
--------------------------------------------------
classname: org.apache.storm.flux.multilang.MultilangEnvirontmentTest / testname: testInvokeNode
java.lang.AssertionError: Exit value for node is 0. expected:<0> but was:<139>
	at org.junit.Assert.fail(Assert.java:88)
	at org.junit.Assert.failNotEquals(Assert.java:743)
	at org.junit.Assert.assertEquals(Assert.java:118)
	at org.junit.Assert.assertEquals(Assert.java:555)
	at org.apache.storm.flux.multilang.MultilangEnvirontmentTest.testInvokeNode(MultilangEnvirontmentTest.java:48)

-------------------- system-out --------------------
905  [main] DEBUG MultilangEnvirontmentTest - Invoking command: [node, --version]
906  [main] DEBUG MultilangEnvirontmentTest - Command result: 

--------------------------------------------------
Checking ./external/flux/flux-core/target/surefire-reports/TEST-org.apache.storm.flux.IntegrationTest.xml
Checking ./external/flux/flux-core/target/surefire-reports/TEST-org.apache.storm.flux.FluxBuilderTest.xml
Checking ./external/flux/flux-core/target/surefire-reports/TEST-org.apache.storm.flux.TCKTest.xml
Looking for errors in ./external/sql/storm-sql-core/target/surefire-reports
Checking ./external/sql/storm-sql-core/target/surefire-reports/TEST-org.apache.storm.sql.parser.TestSqlParser.xml
Checking ./external/sql/storm-sql-core/target/surefire-reports/TEST-org.apache.storm.sql.compiler.backends.trident.TestPlanCompiler.xml
Checking ./external/sql/storm-sql-core/target/surefire-reports/TEST-org.apache.storm.sql.compiler.backends.standalone.TestPlanCompiler.xml
Checking ./external/sql/storm-sql-core/target/surefire-reports/TEST-org.apache.storm.sql.compiler.backends.standalone.TestRelNodeCompiler.xml
Checking ./external/sql/storm-sql-core/target/surefire-reports/TEST-org.apache.storm.sql.compiler.TestExprCompiler.xml
Checking ./external/sql/storm-sql-core/target/surefire-reports/TEST-org.apache.storm.sql.compiler.TestExprSemantic.xml
Checking ./external/sql/storm-sql-core/target/surefire-reports/TEST-org.apache.storm.sql.TestStormSql.xml
Looking for errors in ./external/sql/storm-sql-kafka/target/surefire-reports
Checking ./external/sql/storm-sql-kafka/target/surefire-reports/TEST-org.apache.storm.sql.kafka.TestKafkaDataSourcesProvider.xml
Checking ./external/sql/storm-sql-kafka/target/surefire-reports/TEST-org.apache.storm.sql.kafka.TestJsonRepresentation.xml
Looking for errors in ./external/storm-elasticsearch/target/surefire-reports
Checking ./external/storm-elasticsearch/target/surefire-reports/TEST-org.apache.storm.elasticsearch.common.TransportAddressesTest.xml
Checking ./external/storm-elasticsearch/target/surefire-reports/TEST-org.apache.storm.elasticsearch.common.EsConfigTest.xml
Checking ./external/storm-elasticsearch/target/surefire-reports/TEST-org.apache.storm.elasticsearch.bolt.EsLookupBoltTest.xml
Checking ./external/storm-elasticsearch/target/surefire-reports/TEST-org.apache.storm.elasticsearch.trident.EsStateFactoryTest.xml
Looking for errors in ./external/storm-eventhubs/target/surefire-reports
Checking ./external/storm-eventhubs/target/surefire-reports/TEST-org.apache.storm.eventhubs.trident.TestTransactionalTridentEmitter.xml
Checking ./external/storm-eventhubs/target/surefire-reports/TEST-org.apache.storm.eventhubs.spout.TestPartitionManager.xml
Checking ./external/storm-eventhubs/target/surefire-reports/TEST-org.apache.storm.eventhubs.spout.TestEventData.xml
Checking ./external/storm-eventhubs/target/surefire-reports/TEST-org.apache.storm.eventhubs.spout.TestEventHubSpout.xml
Looking for errors in ./external/storm-hdfs/target/surefire-reports
Checking ./external/storm-hdfs/target/surefire-reports/TEST-org.apache.storm.hdfs.bolt.TestHdfsBolt.xml
Checking ./external/storm-hdfs/target/surefire-reports/TEST-org.apache.storm.hdfs.bolt.TestSequenceFileBolt.xml
Checking ./external/storm-hdfs/target/surefire-reports/TEST-org.apache.storm.hdfs.bolt.AvroGenericRecordBoltTest.xml
Checking ./external/storm-hdfs/target/surefire-reports/TEST-org.apache.storm.hdfs.bolt.format.TestSimpleFileNameFormat.xml
Checking ./external/storm-hdfs/target/surefire-reports/TEST-org.apache.storm.hdfs.spout.TestDirLock.xml
Checking ./external/storm-hdfs/target/surefire-reports/TEST-org.apache.storm.hdfs.spout.TestHdfsSemantics.xml
Checking ./external/storm-hdfs/target/surefire-reports/TEST-org.apache.storm.hdfs.spout.TestHdfsSpout.xml
Checking ./external/storm-hdfs/target/surefire-reports/TEST-org.apache.storm.hdfs.spout.TestProgressTracker.xml
Checking ./external/storm-hdfs/target/surefire-reports/TEST-org.apache.storm.hdfs.spout.TestFileLock.xml
Checking ./external/storm-hdfs/target/surefire-reports/TEST-org.apache.storm.hdfs.trident.format.TestSimpleFileNameFormat.xml
Checking ./external/storm-hdfs/target/surefire-reports/TEST-org.apache.storm.hdfs.trident.HdfsStateTest.xml
Checking ./external/storm-hdfs/target/surefire-reports/TEST-org.apache.storm.hdfs.blobstore.BlobStoreTest.xml
Checking ./external/storm-hdfs/target/surefire-reports/TEST-org.apache.storm.hdfs.blobstore.HdfsBlobStoreImplTest.xml
Checking ./external/storm-hdfs/target/surefire-reports/TEST-org.apache.storm.hdfs.avro.TestFixedAvroSerializer.xml
Checking ./external/storm-hdfs/target/surefire-reports/TEST-org.apache.storm.hdfs.avro.TestGenericAvroSerializer.xml
Looking for errors in ./external/storm-hive/target/surefire-reports
Checking ./external/storm-hive/target/surefire-reports/TEST-org.apache.storm.hive.bolt.TestHiveBolt.xml
Checking ./external/storm-hive/target/surefire-reports/TEST-org.apache.storm.hive.common.TestHiveWriter.xml
Looking for errors in ./external/storm-jdbc/target/surefire-reports
Checking ./external/storm-jdbc/target/surefire-reports/TEST-org.apache.storm.jdbc.bolt.JdbcInsertBoltTest.xml
Checking ./external/storm-jdbc/target/surefire-reports/TEST-org.apache.storm.jdbc.bolt.JdbcLookupBoltTest.xml
Checking ./external/storm-jdbc/target/surefire-reports/TEST-org.apache.storm.jdbc.common.UtilTest.xml
Checking ./external/storm-jdbc/target/surefire-reports/TEST-org.apache.storm.jdbc.common.JdbcClientTest.xml
Looking for errors in ./external/storm-kafka/target/surefire-reports
Checking ./external/storm-kafka/target/surefire-reports/TEST-org.apache.storm.kafka.KafkaErrorTest.xml
Checking ./external/storm-kafka/target/surefire-reports/TEST-org.apache.storm.kafka.KafkaUtilsTest.xml
Checking ./external/storm-kafka/target/surefire-reports/TEST-org.apache.storm.kafka.StringKeyValueSchemeTest.xml
Checking ./external/storm-kafka/target/surefire-reports/TEST-org.apache.storm.kafka.ZkCoordinatorTest.xml
Checking ./external/storm-kafka/target/surefire-reports/TEST-org.apache.storm.kafka.TridentKafkaTest.xml
Checking ./external/storm-kafka/target/surefire-reports/TEST-org.apache.storm.kafka.ExponentialBackoffMsgRetryManagerTest.xml
Checking ./external/storm-kafka/target/surefire-reports/TEST-org.apache.storm.kafka.TestStringScheme.xml
Checking ./external/storm-kafka/target/surefire-reports/TEST-org.apache.storm.kafka.DynamicBrokersReaderTest.xml
Checking ./external/storm-kafka/target/surefire-reports/TEST-org.apache.storm.kafka.bolt.KafkaBoltTest.xml
Looking for errors in ./external/storm-redis/target/surefire-reports
Checking ./external/storm-redis/target/surefire-reports/TEST-org.apache.storm.redis.state.RedisKeyValueStateProviderTest.xml
Checking ./external/storm-redis/target/surefire-reports/TEST-org.apache.storm.redis.state.DefaultStateSerializerTest.xml
Checking ./external/storm-redis/target/surefire-reports/TEST-org.apache.storm.redis.state.RedisKeyValueStateTest.xml

travis_time:end:263d1e5a:start=1468027869542962735,finish=1468028110203070543,duration=240660107808[0K
[31;1mThe command "/bin/bash ./dev-tools/travis/travis-script.sh `pwd` $MODULES" exited with 1.[0m
travis_fold:start:cache.2[0Kstore build cache
travis_time:start:062bb39c[0K
travis_time:end:062bb39c:start=1468028110207338047,finish=1468028110210698493,duration=3360446[0Ktravis_time:start:04ee1348[0K[32;1mchange detected (content changed, file is created, or file is deleted):
/home/travis/.m2/repository/eigenbase/eigenbase-properties/1.1.4/eigenbase-properties-1.1.4.pom.lastUpdated
/home/travis/.m2/repository/io/confluent/kafka-avro-serializer/1.0/kafka-avro-serializer-1.0.pom.lastUpdated
/home/travis/.m2/repository/io/confluent/kafka-schema-registry-client/1.0/kafka-schema-registry-client-1.0.pom.lastUpdated
/home/travis/.m2/repository/net/hydromatic/linq4j/0.4/linq4j-0.4.pom.lastUpdated
/home/travis/.m2/repository/net/hydromatic/quidem/0.1.1/quidem-0.1.1.pom.lastUpdated
/home/travis/.m2/repository/org/apache/storm/flux/1.1.0-SNAPSHOT/maven-metadata-local.xml
/home/travis/.m2/repository/org/apache/storm/flux/1.1.0-SNAPSHOT/_remote.repositories
/home/travis/.m2/repository/org/apache/storm/flux-core/1.1.0-SNAPSHOT/flux-core-1.1.0-SNAPSHOT.jar
/home/travis/.m2/repository/org/apache/storm/flux-core/1.1.0-SNAPSHOT/maven-metadata-local.xml
/home/travis/.m2/repository/org/apache/storm/flux-core/1.1.0-SNAPSHOT/_remote.repositories
/home/travis/.m2/repository/org/ap
[0m
[32;1m...
[0m
[32;1mchanges detected, packing new archive[0m
.
.
.
.
.
.
.
.
.
.
.
[32;1muploading archive[0m

travis_time:end:04ee1348:start=1468028110214686985,finish=1468028215687104386,duration=105472417401[0Ktravis_fold:end:cache.2[0K
Done. Your build exited with 1.
