Using worker: worker-linux-f25aadab-1.bb.travis-ci.org:travis-linux-1

travis_fold:start:system_info[0K[33;1mBuild system information[0m
Build language: java
[34m[1mBuild image provisioning date and time[0m
Wed Feb  4 18:22:50 UTC 2015
[34m[1mOperating System Details[0m
Distributor ID:	Ubuntu
Description:	Ubuntu 12.04 LTS
Release:	12.04
Codename:	precise
[34m[1mLinux Version[0m
2.6.32-042stab090.5
[34m[1mCookbooks Version[0m
23bb455 https://github.com/travis-ci/travis-cookbooks/tree/23bb455
[34m[1mGCC version[0m
gcc (Ubuntu/Linaro 4.6.3-1ubuntu5) 4.6.3
Copyright (C) 2011 Free Software Foundation, Inc.
This is free software; see the source for copying conditions.  There is NO
warranty; not even for MERCHANTABILITY or FITNESS FOR A PARTICULAR PURPOSE.

[34m[1mLLVM version[0m
clang version 3.4 (tags/RELEASE_34/final)
Target: x86_64-unknown-linux-gnu
Thread model: posix
[34m[1mPre-installed Ruby versions[0m
ruby-1.9.3-p551
[34m[1mPre-installed Node.js versions[0m
v0.10.36
[34m[1mPre-installed Go versions[0m
1.4.1
[34m[1mRedis version[0m
redis-server 2.8.19
[34m[1mriak version[0m
2.0.2
[34m[1mMongoDB version[0m
MongoDB 2.4.12
[34m[1mCouchDB version[0m
couchdb 1.6.1
[34m[1mNeo4j version[0m
1.9.4
[34m[1mCassandra version[0m
2.0.9
[34m[1mRabbitMQ Version[0m
3.4.3
[34m[1mElasticSearch version[0m
1.4.0
[34m[1mInstalled Sphinx versions[0m
2.0.10
2.1.9
2.2.6
[34m[1mDefault Sphinx version[0m
2.2.6
[34m[1mInstalled Firefox version[0m
firefox 31.0esr
[34m[1mPhantomJS version[0m
1.9.8
[34m[1mant -version[0m
Apache Ant(TM) version 1.8.2 compiled on December 3 2011
[34m[1mmvn -version[0m
Apache Maven 3.2.5 (12a6b3acb947671f09b81f49094c53f426d8cea1; 2014-12-14T17:29:23+00:00)
Maven home: /usr/local/maven
Java version: 1.7.0_76, vendor: Oracle Corporation
Java home: /usr/lib/jvm/java-7-oracle/jre
Default locale: en, platform encoding: UTF-8
OS name: "linux", version: "2.6.32-042stab090.5", arch: "amd64", family: "unix"
travis_fold:end:system_info[0K
travis_fold:start:git.checkout[0Ktravis_time:start:0011619f[0K$ git clone --depth=50 git://github.com/gradle/gradle.git gradle/gradle
Cloning into 'gradle/gradle'...
remote: Counting objects: 17507, done.[K
remote: Compressing objects:   0% (1/11899)   [Kremote: Compressing objects:   1% (119/11899)   [Kremote: Compressing objects:   2% (238/11899)   [Kremote: Compressing objects:   3% (357/11899)   [Kremote: Compressing objects:   4% (476/11899)   [Kremote: Compressing objects:   5% (595/11899)   [Kremote: Compressing objects:   6% (714/11899)   [Kremote: Compressing objects:   7% (833/11899)   [Kremote: Compressing objects:   8% (952/11899)   [Kremote: Compressing objects:   9% (1071/11899)   [Kremote: Compressing objects:  10% (1190/11899)   [Kremote: Compressing objects:  11% (1309/11899)   [Kremote: Compressing objects:  12% (1428/11899)   [Kremote: Compressing objects:  13% (1547/11899)   [Kremote: Compressing objects:  14% (1666/11899)   [Kremote: Compressing objects:  15% (1785/11899)   [Kremote: Compressing objects:  16% (1904/11899)   [Kremote: Compressing objects:  17% (2023/11899)   [Kremote: Compressing objects:  18% (2142/11899)   [Kremote: Compressing objects:  19% (2261/11899)   [Kremote: Compressing objects:  20% (2380/11899)   [Kremote: Compressing objects:  21% (2499/11899)   [Kremote: Compressing objects:  22% (2618/11899)   [Kremote: Compressing objects:  23% (2737/11899)   [Kremote: Compressing objects:  24% (2856/11899)   [Kremote: Compressing objects:  25% (2975/11899)   [Kremote: Compressing objects:  26% (3094/11899)   [Kremote: Compressing objects:  27% (3213/11899)   [Kremote: Compressing objects:  28% (3332/11899)   [Kremote: Compressing objects:  29% (3451/11899)   [Kremote: Compressing objects:  30% (3570/11899)   [Kremote: Compressing objects:  31% (3689/11899)   [Kremote: Compressing objects:  32% (3808/11899)   [Kremote: Compressing objects:  33% (3927/11899)   [Kremote: Compressing objects:  34% (4046/11899)   [Kremote: Compressing objects:  35% (4165/11899)   [Kremote: Compressing objects:  36% (4284/11899)   [Kremote: Compressing objects:  37% (4403/11899)   [Kremote: Compressing objects:  38% (4522/11899)   [Kremote: Compressing objects:  39% (4641/11899)   [Kremote: Compressing objects:  40% (4760/11899)   [Kremote: Compressing objects:  41% (4879/11899)   [Kremote: Compressing objects:  42% (4998/11899)   [Kremote: Compressing objects:  43% (5117/11899)   [Kremote: Compressing objects:  44% (5236/11899)   [Kremote: Compressing objects:  45% (5355/11899)   [Kremote: Compressing objects:  45% (5377/11899)   [Kremote: Compressing objects:  46% (5474/11899)   [Kremote: Compressing objects:  47% (5593/11899)   [Kremote: Compressing objects:  48% (5712/11899)   [Kremote: Compressing objects:  49% (5831/11899)   [Kremote: Compressing objects:  50% (5950/11899)   [Kremote: Compressing objects:  51% (6069/11899)   [Kremote: Compressing objects:  52% (6188/11899)   [Kremote: Compressing objects:  53% (6307/11899)   [Kremote: Compressing objects:  54% (6426/11899)   [Kremote: Compressing objects:  55% (6545/11899)   [Kremote: Compressing objects:  56% (6664/11899)   [Kremote: Compressing objects:  57% (6783/11899)   [Kremote: Compressing objects:  58% (6902/11899)   [Kremote: Compressing objects:  59% (7021/11899)   [Kremote: Compressing objects:  60% (7140/11899)   [Kremote: Compressing objects:  61% (7259/11899)   [Kremote: Compressing objects:  62% (7378/11899)   [Kremote: Compressing objects:  63% (7497/11899)   [Kremote: Compressing objects:  64% (7616/11899)   [Kremote: Compressing objects:  65% (7735/11899)   [Kremote: Compressing objects:  66% (7854/11899)   [Kremote: Compressing objects:  67% (7973/11899)   [Kremote: Compressing objects:  68% (8092/11899)   [Kremote: Compressing objects:  69% (8211/11899)   [Kremote: Compressing objects:  70% (8330/11899)   [Kremote: Compressing objects:  71% (8449/11899)   [Kremote: Compressing objects:  72% (8568/11899)   [Kremote: Compressing objects:  73% (8687/11899)   [Kremote: Compressing objects:  74% (8806/11899)   [Kremote: Compressing objects:  75% (8925/11899)   [Kremote: Compressing objects:  76% (9044/11899)   [Kremote: Compressing objects:  77% (9163/11899)   [Kremote: Compressing objects:  78% (9282/11899)   [Kremote: Compressing objects:  79% (9401/11899)   [Kremote: Compressing objects:  80% (9520/11899)   [Kremote: Compressing objects:  81% (9639/11899)   [Kremote: Compressing objects:  82% (9758/11899)   [Kremote: Compressing objects:  83% (9877/11899)   [Kremote: Compressing objects:  84% (9996/11899)   [Kremote: Compressing objects:  85% (10115/11899)   [Kremote: Compressing objects:  86% (10234/11899)   [Kremote: Compressing objects:  87% (10353/11899)   [Kremote: Compressing objects:  88% (10472/11899)   [Kremote: Compressing objects:  89% (10591/11899)   [Kremote: Compressing objects:  90% (10710/11899)   [Kremote: Compressing objects:  91% (10829/11899)   [Kremote: Compressing objects:  92% (10948/11899)   [Kremote: Compressing objects:  93% (11067/11899)   [Kremote: Compressing objects:  94% (11186/11899)   [Kremote: Compressing objects:  95% (11305/11899)   [Kremote: Compressing objects:  96% (11424/11899)   [Kremote: Compressing objects:  97% (11543/11899)   [Kremote: Compressing objects:  98% (11662/11899)   [Kremote: Compressing objects:  99% (11781/11899)   [Kremote: Compressing objects: 100% (11899/11899)   [Kremote: Compressing objects: 100% (11899/11899), done.[K
Receiving objects:   0% (1/17507)   Receiving objects:   1% (176/17507)   Receiving objects:   2% (351/17507)   Receiving objects:   3% (526/17507)   Receiving objects:   4% (701/17507)   Receiving objects:   5% (876/17507)   Receiving objects:   6% (1051/17507)   Receiving objects:   7% (1226/17507)   Receiving objects:   8% (1401/17507)   Receiving objects:   9% (1576/17507)   Receiving objects:  10% (1751/17507)   Receiving objects:  11% (1926/17507)   Receiving objects:  12% (2101/17507)   Receiving objects:  13% (2276/17507)   Receiving objects:  14% (2451/17507)   Receiving objects:  15% (2627/17507)   Receiving objects:  16% (2802/17507)   Receiving objects:  17% (2977/17507)   Receiving objects:  18% (3152/17507)   Receiving objects:  19% (3327/17507)   Receiving objects:  20% (3502/17507)   Receiving objects:  21% (3677/17507)   Receiving objects:  22% (3852/17507)   Receiving objects:  23% (4027/17507)   Receiving objects:  24% (4202/17507)   Receiving objects:  25% (4377/17507)   Receiving objects:  26% (4552/17507)   Receiving objects:  27% (4727/17507)   Receiving objects:  28% (4902/17507)   Receiving objects:  29% (5078/17507)   Receiving objects:  30% (5253/17507)   Receiving objects:  31% (5428/17507)   Receiving objects:  32% (5603/17507)   Receiving objects:  33% (5778/17507)   Receiving objects:  34% (5953/17507)   Receiving objects:  35% (6128/17507)   Receiving objects:  36% (6303/17507)   Receiving objects:  37% (6478/17507)   Receiving objects:  38% (6653/17507)   Receiving objects:  39% (6828/17507)   Receiving objects:  40% (7003/17507)   Receiving objects:  41% (7178/17507)   Receiving objects:  42% (7353/17507)   Receiving objects:  43% (7529/17507)   Receiving objects:  44% (7704/17507)   Receiving objects:  45% (7879/17507)   Receiving objects:  46% (8054/17507)   Receiving objects:  47% (8229/17507)   Receiving objects:  48% (8404/17507)   Receiving objects:  49% (8579/17507)   Receiving objects:  50% (8754/17507)   Receiving objects:  51% (8929/17507)   Receiving objects:  52% (9104/17507)   Receiving objects:  53% (9279/17507)   Receiving objects:  54% (9454/17507)   Receiving objects:  55% (9629/17507)   Receiving objects:  56% (9804/17507)   Receiving objects:  57% (9979/17507)   Receiving objects:  58% (10155/17507)   Receiving objects:  59% (10330/17507)   Receiving objects:  60% (10505/17507)   Receiving objects:  61% (10680/17507)   Receiving objects:  62% (10855/17507)   Receiving objects:  63% (11030/17507)   Receiving objects:  64% (11205/17507)   Receiving objects:  65% (11380/17507)   Receiving objects:  66% (11555/17507)   Receiving objects:  67% (11730/17507)   Receiving objects:  68% (11905/17507)   Receiving objects:  69% (12080/17507)   Receiving objects:  70% (12255/17507), 6.28 MiB | 12.51 MiB/s   Receiving objects:  71% (12430/17507), 6.28 MiB | 12.51 MiB/s   Receiving objects:  72% (12606/17507), 6.28 MiB | 12.51 MiB/s   Receiving objects:  73% (12781/17507), 6.28 MiB | 12.51 MiB/s   Receiving objects:  74% (12956/17507), 6.28 MiB | 12.51 MiB/s   Receiving objects:  75% (13131/17507), 6.28 MiB | 12.51 MiB/s   Receiving objects:  76% (13306/17507), 6.28 MiB | 12.51 MiB/s   Receiving objects:  77% (13481/17507), 6.28 MiB | 12.51 MiB/s   Receiving objects:  78% (13656/17507), 6.28 MiB | 12.51 MiB/s   Receiving objects:  79% (13831/17507), 6.28 MiB | 12.51 MiB/s   Receiving objects:  80% (14006/17507), 6.28 MiB | 12.51 MiB/s   Receiving objects:  81% (14181/17507), 6.28 MiB | 12.51 MiB/s   Receiving objects:  82% (14356/17507), 6.28 MiB | 12.51 MiB/s   Receiving objects:  83% (14531/17507), 6.28 MiB | 12.51 MiB/s   Receiving objects:  84% (14706/17507), 6.28 MiB | 12.51 MiB/s   Receiving objects:  85% (14881/17507), 6.28 MiB | 12.51 MiB/s   Receiving objects:  86% (15057/17507), 6.28 MiB | 12.51 MiB/s   Receiving objects:  87% (15232/17507), 6.28 MiB | 12.51 MiB/s   Receiving objects:  88% (15407/17507), 6.28 MiB | 12.51 MiB/s   Receiving objects:  89% (15582/17507), 6.28 MiB | 12.51 MiB/s   Receiving objects:  90% (15757/17507), 6.28 MiB | 12.51 MiB/s   Receiving objects:  91% (15932/17507), 6.28 MiB | 12.51 MiB/s   Receiving objects:  92% (16107/17507), 6.28 MiB | 12.51 MiB/s   Receiving objects:  93% (16282/17507), 6.28 MiB | 12.51 MiB/s   Receiving objects:  94% (16457/17507), 6.28 MiB | 12.51 MiB/s   Receiving objects:  95% (16632/17507), 6.28 MiB | 12.51 MiB/s   Receiving objects:  96% (16807/17507), 6.28 MiB | 12.51 MiB/s   Receiving objects:  97% (16982/17507), 6.28 MiB | 12.51 MiB/s   Receiving objects:  98% (17157/17507), 6.28 MiB | 12.51 MiB/s   Receiving objects:  99% (17332/17507), 6.28 MiB | 12.51 MiB/s   remote: Total 17507 (delta 5311), reused 9937 (delta 2234), pack-reused 0[K
Receiving objects: 100% (17507/17507), 6.28 MiB | 12.51 MiB/s   Receiving objects: 100% (17507/17507), 10.69 MiB | 12.51 MiB/s, done.
Resolving deltas:   0% (0/5311)   Resolving deltas:   1% (55/5311)   Resolving deltas:   2% (117/5311)   Resolving deltas:   3% (160/5311)   Resolving deltas:   4% (213/5311)   Resolving deltas:   5% (267/5311)   Resolving deltas:   6% (319/5311)   Resolving deltas:   7% (372/5311)   Resolving deltas:   8% (425/5311)   Resolving deltas:   9% (478/5311)   Resolving deltas:  10% (535/5311)   Resolving deltas:  11% (586/5311)   Resolving deltas:  12% (644/5311)   Resolving deltas:  13% (694/5311)   Resolving deltas:  14% (753/5311)   Resolving deltas:  15% (799/5311)   Resolving deltas:  16% (856/5311)   Resolving deltas:  17% (903/5311)   Resolving deltas:  18% (959/5311)   Resolving deltas:  19% (1014/5311)   Resolving deltas:  20% (1063/5311)   Resolving deltas:  21% (1117/5311)   Resolving deltas:  22% (1172/5311)   Resolving deltas:  23% (1224/5311)   Resolving deltas:  24% (1279/5311)   Resolving deltas:  25% (1328/5311)   Resolving deltas:  26% (1381/5311)   Resolving deltas:  27% (1434/5311)   Resolving deltas:  28% (1488/5311)   Resolving deltas:  29% (1541/5311)   Resolving deltas:  30% (1595/5311)   Resolving deltas:  31% (1651/5311)   Resolving deltas:  32% (1706/5311)   Resolving deltas:  33% (1754/5311)   Resolving deltas:  34% (1809/5311)   Resolving deltas:  35% (1866/5311)   Resolving deltas:  36% (1916/5311)   Resolving deltas:  37% (1971/5311)   Resolving deltas:  38% (2019/5311)   Resolving deltas:  39% (2073/5311)   Resolving deltas:  40% (2126/5311)   Resolving deltas:  41% (2179/5311)   Resolving deltas:  42% (2232/5311)   Resolving deltas:  43% (2284/5311)   Resolving deltas:  44% (2337/5311)   Resolving deltas:  45% (2392/5311)   Resolving deltas:  46% (2444/5311)   Resolving deltas:  47% (2497/5311)   Resolving deltas:  48% (2550/5311)   Resolving deltas:  49% (2603/5311)   Resolving deltas:  50% (2657/5311)   Resolving deltas:  51% (2710/5311)   Resolving deltas:  52% (2764/5311)   Resolving deltas:  53% (2815/5311)   Resolving deltas:  54% (2868/5311)   Resolving deltas:  55% (2924/5311)   Resolving deltas:  56% (2975/5311)   Resolving deltas:  57% (3030/5311)   Resolving deltas:  58% (3127/5311)   Resolving deltas:  59% (3145/5311)   Resolving deltas:  60% (3196/5311)   Resolving deltas:  61% (3240/5311)   Resolving deltas:  62% (3294/5311)   Resolving deltas:  63% (3346/5311)   Resolving deltas:  64% (3402/5311)   Resolving deltas:  65% (3453/5311)   Resolving deltas:  66% (3511/5311)   Resolving deltas:  67% (3559/5311)   Resolving deltas:  68% (3612/5311)   Resolving deltas:  69% (3669/5311)   Resolving deltas:  70% (3718/5311)   Resolving deltas:  71% (3775/5311)   Resolving deltas:  72% (3824/5311)   Resolving deltas:  73% (3878/5311)   Resolving deltas:  74% (3932/5311)   Resolving deltas:  75% (3992/5311)   Resolving deltas:  76% (4052/5311)   Resolving deltas:  77% (4091/5311)   Resolving deltas:  78% (4143/5311)   Resolving deltas:  79% (4197/5311)   Resolving deltas:  80% (4252/5311)   Resolving deltas:  81% (4315/5311)   Resolving deltas:  82% (4357/5311)   Resolving deltas:  83% (4411/5311)   Resolving deltas:  84% (4462/5311)   Resolving deltas:  85% (4518/5311)   Resolving deltas:  86% (4572/5311)   Resolving deltas:  87% (4621/5311)   Resolving deltas:  88% (4674/5311)   Resolving deltas:  89% (4727/5311)   Resolving deltas:  90% (4782/5311)   Resolving deltas:  91% (4834/5311)   Resolving deltas:  92% (4887/5311)   Resolving deltas:  93% (4942/5311)   Resolving deltas:  94% (4993/5311)   Resolving deltas:  95% (5048/5311)   Resolving deltas:  96% (5112/5311)   Resolving deltas:  97% (5153/5311)   Resolving deltas:  98% (5205/5311)   Resolving deltas:  99% (5258/5311)   Resolving deltas: 100% (5311/5311)   Resolving deltas: 100% (5311/5311), done.
Checking connectivity... done.
travis_time:end:0011619f:start=1440752071465722386,finish=1440752075141863318,duration=3676140932[0K$ cd gradle/gradle
travis_time:start:0ec228b5[0K$ git fetch origin +refs/pull/511/merge:
remote: Counting objects: 9, done.[K
remote: Compressing objects:  33% (1/3)   [Kremote: Compressing objects:  66% (2/3)   [Kremote: Compressing objects: 100% (3/3)   [Kremote: Compressing objects: 100% (3/3), done.[K
remote: Total 9 (delta 7), reused 8 (delta 6), pack-reused 0[K
Unpacking objects:  11% (1/9)   Unpacking objects:  22% (2/9)   Unpacking objects:  33% (3/9)   Unpacking objects:  44% (4/9)   Unpacking objects:  55% (5/9)   Unpacking objects:  66% (6/9)   Unpacking objects:  77% (7/9)   Unpacking objects:  88% (8/9)   Unpacking objects: 100% (9/9)   Unpacking objects: 100% (9/9), done.
From git://github.com/gradle/gradle
 * branch            refs/pull/511/merge -> FETCH_HEAD
travis_time:end:0ec228b5:start=1440752075149832423,finish=1440752075347093148,duration=197260725[0K$ git checkout -qf FETCH_HEAD
travis_fold:end:git.checkout[0K
[33;1mSetting environment variables from .travis.yml[0m
$ export TERM=dumb
$ export GRADLE_OPTS="-Xmx1024m -Xms256m -XX:MaxPermSize=256m -XX:+CMSClassUnloadingEnabled"
$ export CI_TEST_SPLIT=2

$ jdk_switcher use oraclejdk7
Switching to Oracle JDK7 (java-7-oracle), JAVA_HOME will be set to /usr/lib/jvm/java-7-oracle
$ export TERM=dumb
$ java -Xmx32m -version
java version "1.7.0_76"
Java(TM) SE Runtime Environment (build 1.7.0_76-b13)
Java HotSpot(TM) 64-Bit Server VM (build 24.76-b04, mixed mode)
$ javac -J-Xmx32m -version
javac 1.7.0_76
travis_fold:start:install[0Ktravis_time:start:393dd756[0K$ true
travis_time:end:393dd756:start=1440752075811413727,finish=1440752075817000692,duration=5586965[0Ktravis_fold:end:install[0Ktravis_time:start:052a103c[0K$ ./travisci_build.sh
Downloading https://services.gradle.org/distributions-snapshots/gradle-2.7-20150817015842+0000-bin.zip
................................................................................................................................................................................................................................................................................................................................................................................................................................................................................................................................................................................................................................................................................................................................................................................................................................................................................................................................................................................................................................................................................................................................................................................................................................................................................................................................................................................................................................................................................................................................................................................................................................................................................................................................................................................................................................................................................................................................................................................................................................................................................................................................................................................................................................................................................................................................
Unzipping /home/travis/.gradle/wrapper/dists/gradle-2.7-20150817015842+0000-bin/expiqfiio2nx9oci2t9tnbxhv/gradle-2.7-20150817015842+0000-bin.zip to /home/travis/.gradle/wrapper/dists/gradle-2.7-20150817015842+0000-bin/expiqfiio2nx9oci2t9tnbxhv
Set executable permissions for: /home/travis/.gradle/wrapper/dists/gradle-2.7-20150817015842+0000-bin/expiqfiio2nx9oci2t9tnbxhv/gradle-2.7-20150817015842+0000/bin/gradle
Download https://repo.gradle.org/gradle/libs/com/google/guava/guava-jdk5/14.0.1/guava-jdk5-14.0.1.pom
Download https://repo.gradle.org/gradle/libs/com/google/guava/guava-parent-jdk5/14.0.1/guava-parent-jdk5-14.0.1.pom
Download https://repo.gradle.org/gradle/libs/org/sonatype/oss/oss-parent/7/oss-parent-7.pom
Download https://repo.gradle.org/gradle/libs/commons-lang/commons-lang/2.6/commons-lang-2.6.pom
Download https://repo.gradle.org/gradle/libs/org/apache/commons/commons-parent/17/commons-parent-17.pom
Download https://repo.gradle.org/gradle/libs/org/apache/apache/7/apache-7.pom
Download https://repo.gradle.org/gradle/libs/org/pegdown/pegdown/1.1.0/pegdown-1.1.0.pom
Download https://repo.gradle.org/gradle/libs/org/jsoup/jsoup/1.6.3/jsoup-1.6.3.pom
Download https://repo.gradle.org/gradle/libs/org/gradle/jarjar/jarjar/1.2.1/jarjar-1.2.1.pom
Download https://repo.gradle.org/gradle/libs/org/parboiled/parboiled-core/1.0.2/parboiled-core-1.0.2.pom
Download https://repo.gradle.org/gradle/libs/org/parboiled/parboiled-java/1.0.2/parboiled-java-1.0.2.pom
Download https://repo.gradle.org/gradle/libs/asm/asm/3.3.1/asm-3.3.1.pom
Download https://repo.gradle.org/gradle/libs/asm/asm-parent/3.3.1/asm-parent-3.3.1.pom
Download https://repo.gradle.org/gradle/libs/asm/asm-util/3.3.1/asm-util-3.3.1.pom
Download https://repo.gradle.org/gradle/libs/asm/asm-tree/3.3.1/asm-tree-3.3.1.pom
Download https://repo.gradle.org/gradle/libs/asm/asm-analysis/3.3.1/asm-analysis-3.3.1.pom
Download https://repo.gradle.org/gradle/libs/com/google/guava/guava-jdk5/14.0.1/guava-jdk5-14.0.1.jar
Download https://repo.gradle.org/gradle/libs/commons-lang/commons-lang/2.6/commons-lang-2.6.jar
Download https://repo.gradle.org/gradle/libs/org/pegdown/pegdown/1.1.0/pegdown-1.1.0.jar
Download https://repo.gradle.org/gradle/libs/org/jsoup/jsoup/1.6.3/jsoup-1.6.3.jar
Download https://repo.gradle.org/gradle/libs/org/gradle/jarjar/jarjar/1.2.1/jarjar-1.2.1.jar
Download https://repo.gradle.org/gradle/libs/org/parboiled/parboiled-core/1.0.2/parboiled-core-1.0.2.jar
Download https://repo.gradle.org/gradle/libs/org/parboiled/parboiled-java/1.0.2/parboiled-java-1.0.2.jar
Download https://repo.gradle.org/gradle/libs/asm/asm/3.3.1/asm-3.3.1.jar
Download https://repo.gradle.org/gradle/libs/asm/asm-util/3.3.1/asm-util-3.3.1.jar
Download https://repo.gradle.org/gradle/libs/asm/asm-tree/3.3.1/asm-tree-3.3.1.jar
Download https://repo.gradle.org/gradle/libs/asm/asm-analysis/3.3.1/asm-analysis-3.3.1.jar
:buildSrc:clean UP-TO-DATE
:buildSrc:compileJava UP-TO-DATE
:buildSrc:compileGroovy
:buildSrc:processResources
:buildSrc:classes
:buildSrc:jar
:buildSrc:assemble
:buildSrc:checkstyleMain
Download https://repo.gradle.org/gradle/libs/com/puppycrawl/tools/checkstyle/5.9/checkstyle-5.9.pom
Download https://repo.gradle.org/gradle/libs/antlr/antlr/2.7.7/antlr-2.7.7.pom
Download https://repo.gradle.org/gradle/libs/commons-beanutils/commons-beanutils-core/1.8.3/commons-beanutils-core-1.8.3.pom
Download https://repo.gradle.org/gradle/libs/org/apache/apache/4/apache-4.pom
Download https://repo.gradle.org/gradle/libs/commons-cli/commons-cli/1.2/commons-cli-1.2.pom
Download https://repo.gradle.org/gradle/libs/org/apache/commons/commons-parent/11/commons-parent-11.pom
Download https://repo.gradle.org/gradle/libs/com/puppycrawl/tools/checkstyle/5.9/checkstyle-5.9.jar
Download https://repo.gradle.org/gradle/libs/antlr/antlr/2.7.7/antlr-2.7.7.jar
Download https://repo.gradle.org/gradle/libs/commons-beanutils/commons-beanutils-core/1.8.3/commons-beanutils-core-1.8.3.jar
Download https://repo.gradle.org/gradle/libs/commons-cli/commons-cli/1.2/commons-cli-1.2.jar
:buildSrc:compileTestJava UP-TO-DATE
:buildSrc:compileTestGroovy
Download https://repo.gradle.org/gradle/libs/junit/junit/4.12/junit-4.12.pom
Download https://repo.gradle.org/gradle/libs/org/spockframework/spock-core/0.7-groovy-2.0/spock-core-0.7-groovy-2.0.pom
Download https://repo.gradle.org/gradle/libs/cglib/cglib-nodep/2.2/cglib-nodep-2.2.pom
Download https://repo.gradle.org/gradle/libs/org/objenesis/objenesis/1.2/objenesis-1.2.pom
Download https://repo.gradle.org/gradle/libs/org/objenesis/objenesis-parent/1.2/objenesis-parent-1.2.pom
Download https://repo.gradle.org/gradle/libs/junit/junit/4.12/junit-4.12.jar
Download https://repo.gradle.org/gradle/libs/org/spockframework/spock-core/0.7-groovy-2.0/spock-core-0.7-groovy-2.0.jar
Download https://repo.gradle.org/gradle/libs/cglib/cglib-nodep/2.2/cglib-nodep-2.2.jar
Download https://repo.gradle.org/gradle/libs/org/objenesis/objenesis/1.2/objenesis-1.2.jar
:buildSrc:processTestResources
:buildSrc:testClasses
:buildSrc:checkstyleTest UP-TO-DATE
:buildSrc:codenarcMain
Download https://repo.gradle.org/gradle/libs/org/codenarc/CodeNarc/0.23/CodeNarc-0.23.pom
Download https://repo.gradle.org/gradle/libs/org/codehaus/groovy/groovy-all/2.4.4/groovy-all-2.4.4.pom
Download https://repo.gradle.org/gradle/libs/org/gmetrics/GMetrics/0.7/GMetrics-0.7.pom
Download https://repo.gradle.org/gradle/libs/junit/junit/4.8.1/junit-4.8.1.pom
Download https://repo.gradle.org/gradle/libs/org/codenarc/CodeNarc/0.23/CodeNarc-0.23.jar
Download https://repo.gradle.org/gradle/libs/org/codehaus/groovy/groovy-all/2.4.4/groovy-all-2.4.4.jar
Download https://repo.gradle.org/gradle/libs/org/gmetrics/GMetrics/0.7/GMetrics-0.7.jar
Download https://repo.gradle.org/gradle/libs/junit/junit/4.8.1/junit-4.8.1.jar
:buildSrc:codenarcTest
:buildSrc:test
:buildSrc:check
:buildSrc:build
Downloading the released versions from: https://services.gradle.org/versions/all
Download https://repo1.maven.org/maven2/com/uwyn/jhighlight/1.0/jhighlight-1.0.pom
Download https://repo1.maven.org/maven2/com/uwyn/jhighlight/1.0/jhighlight-1.0.jar
============================================
testSplit2 configured to test the following projects: 
antlr
buildInit
dependencyManagement
ear
internalIntegTesting
javascript
languageJvm
maven
native
platformBase
pluginDevelopment
reporting
resourcesSftp
testKit
ui
============================================
:startHeartBeat
Starting heartbeat.
 [heartbeat] 
:killExistingDaemons
:antlr:classpathManifest
Download https://repo.gradle.org/gradle/libs/org/slf4j/slf4j-api/1.7.10/slf4j-api-1.7.10.pom
Download https://repo.gradle.org/gradle/libs/org/slf4j/slf4j-parent/1.7.10/slf4j-parent-1.7.10.pom
Download https://repo.gradle.org/gradle/libs/org/ow2/asm/asm-all/5.0.3/asm-all-5.0.3.pom
Download https://repo.gradle.org/gradle/libs/org/ow2/asm/asm-parent/5.0.3/asm-parent-5.0.3.pom
Download https://repo.gradle.org/gradle/libs/org/ow2/ow2/1.3/ow2-1.3.pom
Download https://repo.gradle.org/gradle/libs/org/apache/ant/ant/1.9.3/ant-1.9.3.pom
Download https://repo.gradle.org/gradle/libs/org/apache/ant/ant-parent/1.9.3/ant-parent-1.9.3.pom
Download https://repo.gradle.org/gradle/libs/commons-collections/commons-collections/3.2.1/commons-collections-3.2.1.pom
Download https://repo.gradle.org/gradle/libs/org/apache/commons/commons-parent/9/commons-parent-9.pom
Download https://repo.gradle.org/gradle/libs/commons-io/commons-io/1.4/commons-io-1.4.pom
Download https://repo.gradle.org/gradle/libs/org/apache/commons/commons-parent/7/commons-parent-7.pom
Download https://repo.gradle.org/gradle/libs/com/google/guava/guava-jdk5/17.0/guava-jdk5-17.0.pom
Download https://repo.gradle.org/gradle/libs/com/google/guava/guava-parent-jdk5/17.0/guava-parent-jdk5-17.0.pom
Download https://repo.gradle.org/gradle/libs/net/jcip/jcip-annotations/1.0/jcip-annotations-1.0.pom
Download https://repo.gradle.org/gradle/libs/org/slf4j/jul-to-slf4j/1.7.10/jul-to-slf4j-1.7.10.pom
Download https://repo.gradle.org/gradle/libs/com/googlecode/jarjar/jarjar/1.3/jarjar-1.3.pom
Download https://repo.gradle.org/gradle/libs/javax/inject/javax.inject/1/javax.inject-1.pom
Download https://repo.gradle.org/gradle/libs/org/slf4j/log4j-over-slf4j/1.7.10/log4j-over-slf4j-1.7.10.pom
Download https://repo.gradle.org/gradle/libs/org/slf4j/jcl-over-slf4j/1.7.10/jcl-over-slf4j-1.7.10.pom
Download https://repo.gradle.org/gradle/libs/org/testng/testng/6.3.1/testng-6.3.1.pom
Download https://repo.gradle.org/gradle/libs/org/sonatype/oss/oss-parent/3/oss-parent-3.pom
Download https://repo.gradle.org/gradle/libs/org/apache/ant/ant-launcher/1.9.3/ant-launcher-1.9.3.pom
Download https://repo.gradle.org/gradle/libs/net/java/dev/jna/jna/3.2.7/jna-3.2.7.pom
Download https://repo.gradle.org/gradle/libs/net/rubygrapefruit/native-platform/0.10/native-platform-0.10.pom
Download https://repo.gradle.org/gradle/libs/org/fusesource/jansi/jansi/1.2.1/jansi-1.2.1.pom
Download https://repo.gradle.org/gradle/libs/com/esotericsoftware/kryo/kryo/2.20/kryo-2.20.pom
Download https://repo.gradle.org/gradle/libs/org/apache/ivy/ivy/2.2.0/ivy-2.2.0.pom
Download https://repo.gradle.org/gradle/libs/com/google/code/gson/gson/2.2.4/gson-2.2.4.pom
Download https://repo.gradle.org/gradle/libs/org/apache/maven/maven-core/3.0.4/maven-core-3.0.4.pom
Download https://repo.gradle.org/gradle/libs/org/apache/maven/maven/3.0.4/maven-3.0.4.pom
Download https://repo.gradle.org/gradle/libs/org/apache/maven/maven-parent/21/maven-parent-21.pom
Download https://repo.gradle.org/gradle/libs/org/apache/apache/10/apache-10.pom
Download https://repo.gradle.org/gradle/libs/org/apache/xbean/xbean-reflect/3.4/xbean-reflect-3.4.pom
Download https://repo.gradle.org/gradle/libs/org/apache/xbean/xbean/3.4/xbean-3.4.pom
Download https://repo.gradle.org/gradle/libs/org/bouncycastle/bcprov-jdk15on/1.51/bcprov-jdk15on-1.51.pom
Download https://repo.gradle.org/gradle/libs/com/googlecode/jatl/jatl/0.2.2/jatl-0.2.2.pom
Download https://repo.gradle.org/gradle/libs/org/sonatype/oss/oss-parent/5/oss-parent-5.pom
Download https://repo.gradle.org/gradle/libs/org/beanshell/bsh/2.0b4/bsh-2.0b4.pom
Download https://repo.gradle.org/gradle/libs/org/beanshell/beanshell/2.0b4/beanshell-2.0b4.pom
Download https://repo.gradle.org/gradle/libs/com/beust/jcommander/1.12/jcommander-1.12.pom
Download https://repo.gradle.org/gradle/libs/org/yaml/snakeyaml/1.6/snakeyaml-1.6.pom
Download https://repo.gradle.org/gradle/libs/net/rubygrapefruit/native-platform-osx-i386/0.10/native-platform-osx-i386-0.10.pom
Download https://repo.gradle.org/gradle/libs/net/rubygrapefruit/native-platform-osx-amd64/0.10/native-platform-osx-amd64-0.10.pom
Download https://repo.gradle.org/gradle/libs/net/rubygrapefruit/native-platform-linux-amd64/0.10/native-platform-linux-amd64-0.10.pom
Download https://repo.gradle.org/gradle/libs/net/rubygrapefruit/native-platform-linux-i386/0.10/native-platform-linux-i386-0.10.pom
Download https://repo.gradle.org/gradle/libs/net/rubygrapefruit/native-platform-windows-amd64/0.10/native-platform-windows-amd64-0.10.pom
Download https://repo.gradle.org/gradle/libs/net/rubygrapefruit/native-platform-windows-i386/0.10/native-platform-windows-i386-0.10.pom
Download https://repo.gradle.org/gradle/libs/net/rubygrapefruit/native-platform-freebsd-i386/0.10/native-platform-freebsd-i386-0.10.pom
Download https://repo.gradle.org/gradle/libs/net/rubygrapefruit/native-platform-freebsd-amd64/0.10/native-platform-freebsd-amd64-0.10.pom
Download https://repo.gradle.org/gradle/libs/com/esotericsoftware/reflectasm/reflectasm/1.07/reflectasm-1.07.pom
Download https://repo.gradle.org/gradle/libs/com/esotericsoftware/minlog/minlog/1.2/minlog-1.2.pom
Download https://repo.gradle.org/gradle/libs/com/jcraft/jsch/0.1.51/jsch-0.1.51.pom
Download https://repo.gradle.org/gradle/libs/org/sonatype/oss/oss-parent/6/oss-parent-6.pom
Download https://repo.gradle.org/gradle/libs/org/sonatype/plexus/plexus-sec-dispatcher/1.3/plexus-sec-dispatcher-1.3.pom
Download https://repo.gradle.org/gradle/libs/org/sonatype/spice/spice-parent/12/spice-parent-12.pom
Download https://repo.gradle.org/gradle/libs/org/sonatype/forge/forge-parent/4/forge-parent-4.pom
Download https://repo.gradle.org/gradle/libs/org/sonatype/aether/aether-util/1.13.1/aether-util-1.13.1.pom
Download https://repo.gradle.org/gradle/libs/org/sonatype/aether/aether/1.13.1/aether-1.13.1.pom
Download https://repo.gradle.org/gradle/libs/org/sonatype/forge/forge-parent/10/forge-parent-10.pom
Download https://repo.gradle.org/gradle/libs/org/sonatype/aether/aether-impl/1.13.1/aether-impl-1.13.1.pom
Download https://repo.gradle.org/gradle/libs/org/sonatype/aether/aether-spi/1.13.1/aether-spi-1.13.1.pom
Download https://repo.gradle.org/gradle/libs/org/apache/maven/wagon/wagon-provider-api/2.4/wagon-provider-api-2.4.pom
Download https://repo.gradle.org/gradle/libs/org/apache/maven/wagon/wagon/2.4/wagon-2.4.pom
Download https://repo.gradle.org/gradle/libs/org/apache/maven/maven-parent/23/maven-parent-23.pom
Download https://repo.gradle.org/gradle/libs/org/apache/apache/13/apache-13.pom
Download https://repo.gradle.org/gradle/libs/org/apache/maven/maven-aether-provider/3.0.4/maven-aether-provider-3.0.4.pom
Download https://repo.gradle.org/gradle/libs/org/apache/maven/maven-repository-metadata/3.0.4/maven-repository-metadata-3.0.4.pom
Download https://repo.gradle.org/gradle/libs/org/codehaus/plexus/plexus-classworlds/2.4/plexus-classworlds-2.4.pom
Download https://repo.gradle.org/gradle/libs/org/codehaus/plexus/plexus/2.0.7/plexus-2.0.7.pom
Download https://repo.gradle.org/gradle/libs/org/sonatype/aether/aether-connector-wagon/1.13.1/aether-connector-wagon-1.13.1.pom
Download https://repo.gradle.org/gradle/libs/org/apache/maven/maven-model/3.0.4/maven-model-3.0.4.pom
Download https://repo.gradle.org/gradle/libs/org/apache/maven/wagon/wagon-http/2.4/wagon-http-2.4.pom
Download https://repo.gradle.org/gradle/libs/org/apache/maven/wagon/wagon-providers/2.4/wagon-providers-2.4.pom
Download https://repo.gradle.org/gradle/libs/org/apache/maven/maven-settings-builder/3.0.4/maven-settings-builder-3.0.4.pom
Download https://repo.gradle.org/gradle/libs/org/apache/maven/maven-compat/3.0.4/maven-compat-3.0.4.pom
Download https://repo.gradle.org/gradle/libs/org/codehaus/plexus/plexus-component-annotations/1.5.5/plexus-component-annotations-1.5.5.pom
Download https://repo.gradle.org/gradle/libs/org/codehaus/plexus/plexus-containers/1.5.5/plexus-containers-1.5.5.pom
Download https://repo.gradle.org/gradle/libs/org/apache/maven/maven-plugin-api/3.0.4/maven-plugin-api-3.0.4.pom
Download https://repo.gradle.org/gradle/libs/org/codehaus/plexus/plexus-container-default/1.5.5/plexus-container-default-1.5.5.pom
Download https://repo.gradle.org/gradle/libs/org/apache/maven/maven-artifact/3.0.4/maven-artifact-3.0.4.pom
Download https://repo.gradle.org/gradle/libs/org/codehaus/plexus/plexus-interpolation/1.14/plexus-interpolation-1.14.pom
Download https://repo.gradle.org/gradle/libs/org/codehaus/plexus/plexus-components/1.1.18/plexus-components-1.1.18.pom
Download https://repo.gradle.org/gradle/libs/org/apache/maven/maven-settings/3.0.4/maven-settings-3.0.4.pom
Download https://repo.gradle.org/gradle/libs/org/sonatype/aether/aether-api/1.13.1/aether-api-1.13.1.pom
Download https://repo.gradle.org/gradle/libs/org/sonatype/plexus/plexus-cipher/1.7/plexus-cipher-1.7.pom
Download https://repo.gradle.org/gradle/libs/org/sonatype/spice/spice-parent/15/spice-parent-15.pom
Download https://repo.gradle.org/gradle/libs/org/sonatype/forge/forge-parent/5/forge-parent-5.pom
Download https://repo.gradle.org/gradle/libs/org/apache/maven/wagon/wagon-file/2.4/wagon-file-2.4.pom
Download https://repo.gradle.org/gradle/libs/org/apache/maven/maven-model-builder/3.0.4/maven-model-builder-3.0.4.pom
Download https://repo.gradle.org/gradle/libs/org/codehaus/plexus/plexus-utils/2.0.6/plexus-utils-2.0.6.pom
Download https://repo.gradle.org/gradle/libs/org/apache/maven/wagon/wagon-http-shared4/2.4/wagon-http-shared4-2.4.pom
Download https://repo.gradle.org/gradle/libs/org/hamcrest/hamcrest-core/1.3/hamcrest-core-1.3.pom
Download https://repo.gradle.org/gradle/libs/org/hamcrest/hamcrest-parent/1.3/hamcrest-parent-1.3.pom
Download https://repo.gradle.org/gradle/libs/org/slf4j/slf4j-api/1.7.10/slf4j-api-1.7.10.jar
:baseServices:classpathManifest
Download https://repo.gradle.org/gradle/libs/com/google/guava/guava-jdk5/17.0/guava-jdk5-17.0.jar
:baseServices:compileJavaNote: Some input files use unchecked or unsafe operations.
Note: Recompile with -Xlint:unchecked for details.

:baseServices:compileGroovy UP-TO-DATE
:baseServices:processResources UP-TO-DATE
:baseServices:classes
:baseServices:jar
:baseServicesGroovy:classpathManifest
:baseServicesGroovy:compileJava UP-TO-DATE
:baseServicesGroovy:compileGroovyNote: /home/travis/build/gradle/gradle/subprojects/base-services-groovy/src/main/groovy/org/gradle/api/specs/AndSpec.java uses unchecked or unsafe operations.
Note: Recompile with -Xlint:unchecked for details.

:baseServicesGroovy:processResources UP-TO-DATE
:baseServicesGroovy:classes
:baseServicesGroovy:jar
:cli:classpathManifest
:cli:compileJava
:cli:compileGroovy UP-TO-DATE
:cli:processResources UP-TO-DATE
:cli:classes
:cli:jar
:determineCommitId
:createBuildReceipt
:core:buildReceiptResource
:core:classpathManifest
Download https://repo.gradle.org/gradle/libs/org/ow2/asm/asm-all/5.0.3/asm-all-5.0.3.jar
Download https://repo.gradle.org/gradle/libs/org/apache/ant/ant/1.9.3/ant-1.9.3.jar
Download https://repo.gradle.org/gradle/libs/commons-collections/commons-collections/3.2.1/commons-collections-3.2.1.jar
Download https://repo.gradle.org/gradle/libs/commons-io/commons-io/1.4/commons-io-1.4.jar
Download https://repo.gradle.org/gradle/libs/net/jcip/jcip-annotations/1.0/jcip-annotations-1.0.jar
Download https://repo.gradle.org/gradle/libs/org/slf4j/jul-to-slf4j/1.7.10/jul-to-slf4j-1.7.10.jar
Download https://repo.gradle.org/gradle/libs/com/googlecode/jarjar/jarjar/1.3/jarjar-1.3.jar
Download https://repo.gradle.org/gradle/libs/javax/inject/javax.inject/1/javax.inject-1.jar
Download https://repo.gradle.org/gradle/libs/org/slf4j/log4j-over-slf4j/1.7.10/log4j-over-slf4j-1.7.10.jar
Download https://repo.gradle.org/gradle/libs/org/slf4j/jcl-over-slf4j/1.7.10/jcl-over-slf4j-1.7.10.jar
Download https://repo.gradle.org/gradle/libs/org/apache/ant/ant-launcher/1.9.3/ant-launcher-1.9.3.jar
:messaging:classpathManifest
Download https://repo.gradle.org/gradle/libs/com/esotericsoftware/kryo/kryo/2.20/kryo-2.20.jar
Download https://repo.gradle.org/gradle/libs/com/esotericsoftware/reflectasm/reflectasm/1.07/reflectasm-1.07-shaded.jar
Download https://repo.gradle.org/gradle/libs/com/esotericsoftware/minlog/minlog/1.2/minlog-1.2.jar
:messaging:compileJavaNote: Some input files use unchecked or unsafe operations.
Note: Recompile with -Xlint:unchecked for details.

:messaging:compileGroovy UP-TO-DATE
:messaging:processResources UP-TO-DATE
:messaging:classes
:messaging:jar
:modelCore:classpathManifest
:modelCore:compileJavaNote: Some input files use or override a deprecated API.
Note: Recompile with -Xlint:deprecation for details.

:modelCore:compileGroovy UP-TO-DATE
:modelCore:processResources UP-TO-DATE
:modelCore:classes
:modelCore:jar
:modelGroovy:classpathManifest
:modelGroovy:compileJava
:modelGroovy:compileGroovy UP-TO-DATE
:modelGroovy:processResources UP-TO-DATE
:modelGroovy:classes
:modelGroovy:jar
:native:classpathManifest
Download https://repo.gradle.org/gradle/libs/net/java/dev/jna/jna/3.2.7/jna-3.2.7.jar
Download https://repo.gradle.org/gradle/libs/net/rubygrapefruit/native-platform/0.10/native-platform-0.10.jar
Download https://repo.gradle.org/gradle/libs/org/fusesource/jansi/jansi/1.2.1/jansi-1.2.1.jar
Download https://repo.gradle.org/gradle/libs/net/rubygrapefruit/native-platform-osx-i386/0.10/native-platform-osx-i386-0.10.jar
Download https://repo.gradle.org/gradle/libs/net/rubygrapefruit/native-platform-osx-amd64/0.10/native-platform-osx-amd64-0.10.jar
Download https://repo.gradle.org/gradle/libs/net/rubygrapefruit/native-platform-linux-amd64/0.10/native-platform-linux-amd64-0.10.jar
Download https://repo.gradle.org/gradle/libs/net/rubygrapefruit/native-platform-linux-i386/0.10/native-platform-linux-i386-0.10.jar
Download https://repo.gradle.org/gradle/libs/net/rubygrapefruit/native-platform-windows-amd64/0.10/native-platform-windows-amd64-0.10.jar
Download https://repo.gradle.org/gradle/libs/net/rubygrapefruit/native-platform-windows-i386/0.10/native-platform-windows-i386-0.10.jar
Download https://repo.gradle.org/gradle/libs/net/rubygrapefruit/native-platform-freebsd-i386/0.10/native-platform-freebsd-i386-0.10.jar
Download https://repo.gradle.org/gradle/libs/net/rubygrapefruit/native-platform-freebsd-amd64/0.10/native-platform-freebsd-amd64-0.10.jar
:native:compileJavaNote: /home/travis/build/gradle/gradle/subprojects/native/src/main/java/org/gradle/internal/nativeintegration/services/NativeServices.java uses unchecked or unsafe operations.
Note: Recompile with -Xlint:unchecked for details.

:native:compileGroovy UP-TO-DATE
:native:processResources UP-TO-DATE
:native:classes
:native:jar
:resources:classpathManifest
:resources:compileJavaNote: /home/travis/build/gradle/gradle/subprojects/resources/src/main/java/org/gradle/internal/authentication/DefaultAuthenticationSchemeRegistry.java uses unchecked or unsafe operations.
Note: Recompile with -Xlint:unchecked for details.

:resources:compileGroovy UP-TO-DATE
:resources:processResources UP-TO-DATE
:resources:classes
:resources:jar
:core:compileJava UP-TO-DATE
:core:compileGroovyNote: Some input files use or override a deprecated API.
Note: Recompile with -Xlint:deprecation for details.
Note: Some input files use unchecked or unsafe operations.
Note: Recompile with -Xlint:unchecked for details.

:core:pluginsManifest
:core:processResources
:core:classes
:core:jar
:dependencyManagement:classpathManifest
Download https://repo.gradle.org/gradle/libs/org/apache/ivy/ivy/2.2.0/ivy-2.2.0.jar
Download https://repo.gradle.org/gradle/libs/com/google/code/gson/gson/2.2.4/gson-2.2.4.jar
Download https://repo.gradle.org/gradle/libs/org/apache/maven/maven-core/3.0.4/maven-core-3.0.4.jar
Download https://repo.gradle.org/gradle/libs/org/apache/xbean/xbean-reflect/3.4/xbean-reflect-3.4.jar
Download https://repo.gradle.org/gradle/libs/org/bouncycastle/bcprov-jdk15on/1.51/bcprov-jdk15on-1.51.jar
Download https://repo.gradle.org/gradle/libs/com/jcraft/jsch/0.1.51/jsch-0.1.51.jar
Download https://repo.gradle.org/gradle/libs/org/sonatype/plexus/plexus-sec-dispatcher/1.3/plexus-sec-dispatcher-1.3.jar
Download https://repo.gradle.org/gradle/libs/org/sonatype/aether/aether-util/1.13.1/aether-util-1.13.1.jar
Download https://repo.gradle.org/gradle/libs/org/sonatype/aether/aether-impl/1.13.1/aether-impl-1.13.1.jar
Download https://repo.gradle.org/gradle/libs/org/sonatype/aether/aether-spi/1.13.1/aether-spi-1.13.1.jar
Download https://repo.gradle.org/gradle/libs/org/apache/maven/wagon/wagon-provider-api/2.4/wagon-provider-api-2.4.jar
Download https://repo.gradle.org/gradle/libs/org/apache/maven/maven-aether-provider/3.0.4/maven-aether-provider-3.0.4.jar
Download https://repo.gradle.org/gradle/libs/org/apache/maven/maven-repository-metadata/3.0.4/maven-repository-metadata-3.0.4.jar
Download https://repo.gradle.org/gradle/libs/org/codehaus/plexus/plexus-classworlds/2.4/plexus-classworlds-2.4.jar
Download https://repo.gradle.org/gradle/libs/org/sonatype/aether/aether-connector-wagon/1.13.1/aether-connector-wagon-1.13.1.jar
Download https://repo.gradle.org/gradle/libs/org/apache/maven/maven-model/3.0.4/maven-model-3.0.4.jar
Download https://repo.gradle.org/gradle/libs/org/apache/maven/wagon/wagon-http/2.4/wagon-http-2.4.jar
Download https://repo.gradle.org/gradle/libs/org/apache/maven/maven-settings-builder/3.0.4/maven-settings-builder-3.0.4.jar
Download https://repo.gradle.org/gradle/libs/org/apache/maven/maven-compat/3.0.4/maven-compat-3.0.4.jar
Download https://repo.gradle.org/gradle/libs/org/codehaus/plexus/plexus-component-annotations/1.5.5/plexus-component-annotations-1.5.5.jar
Download https://repo.gradle.org/gradle/libs/org/apache/maven/maven-plugin-api/3.0.4/maven-plugin-api-3.0.4.jar
Download https://repo.gradle.org/gradle/libs/org/codehaus/plexus/plexus-container-default/1.5.5/plexus-container-default-1.5.5.jar
Download https://repo.gradle.org/gradle/libs/org/apache/maven/maven-artifact/3.0.4/maven-artifact-3.0.4.jar
Download https://repo.gradle.org/gradle/libs/org/codehaus/plexus/plexus-interpolation/1.14/plexus-interpolation-1.14.jar
Download https://repo.gradle.org/gradle/libs/org/apache/maven/maven-settings/3.0.4/maven-settings-3.0.4.jar
Download https://repo.gradle.org/gradle/libs/org/sonatype/aether/aether-api/1.13.1/aether-api-1.13.1.jar
Download https://repo.gradle.org/gradle/libs/org/sonatype/plexus/plexus-cipher/1.7/plexus-cipher-1.7.jar
Download https://repo.gradle.org/gradle/libs/org/apache/maven/wagon/wagon-file/2.4/wagon-file-2.4.jar
Download https://repo.gradle.org/gradle/libs/org/apache/maven/maven-model-builder/3.0.4/maven-model-builder-3.0.4.jar
Download https://repo.gradle.org/gradle/libs/org/codehaus/plexus/plexus-utils/2.0.6/plexus-utils-2.0.6.jar
Download https://repo.gradle.org/gradle/libs/org/apache/maven/wagon/wagon-http-shared4/2.4/wagon-http-shared4-2.4.jar
:docs:classpathManifest
:docs:compileJava UP-TO-DATE
:docs:compileGroovy UP-TO-DATE
:docs:dslMetaData
Parsed 1119 classes in 5.855 secs
:docs:defaultImports
Multiple DSL types have short name 'MavenPom'
    * org.gradle.api.publish.maven.MavenPom
    * org.gradle.api.artifacts.maven.MavenPom
Multiple DSL types have short name 'Jar'
    * org.gradle.jvm.tasks.Jar
    * org.gradle.api.tasks.bundling.Jar
Multiple DSL types have short name 'BuildResult'
    * org.gradle.BuildResult
    * org.gradle.testkit.runner.BuildResult
Multiple DSL types have short name 'CreateStartScripts'
    * org.gradle.api.tasks.application.CreateStartScripts
    * org.gradle.jvm.application.tasks.CreateStartScripts
:docs:processResources UP-TO-DATE
:docs:classes
:docs:jar
:dependencyManagement:compileJavaNote: Some input files use unchecked or unsafe operations.
Note: Recompile with -Xlint:unchecked for details.

:dependencyManagement:compileGroovy UP-TO-DATE
:dependencyManagement:processResources
:dependencyManagement:classes
:dependencyManagement:jar
:diagnostics:classpathManifest
:platformBase:classpathManifest
:platformBase:compileJava
:platformBase:compileGroovy UP-TO-DATE
:platformBase:processResources
:platformBase:classes
:platformBase:jar
:reporting:classpathManifest
Download https://repo.gradle.org/gradle/libs/com/googlecode/jatl/jatl/0.2.2/jatl-0.2.2.jar
:reporting:compileJava UP-TO-DATE
:reporting:compileGroovyNote: /home/travis/build/gradle/gradle/subprojects/reporting/src/main/groovy/org/gradle/api/reporting/plugins/BuildDashboardPlugin.java uses unchecked or unsafe operations.
Note: Recompile with -Xlint:unchecked for details.

:reporting:processResources
:reporting:reportResources
Download http://ajax.googleapis.com/ajax/libs/jquery/1.11.0/jquery.min.js
:reporting:classes
:reporting:jar
:diagnostics:compileJava UP-TO-DATE
:diagnostics:compileGroovyNote: /home/travis/build/gradle/gradle/subprojects/diagnostics/src/main/groovy/org/gradle/api/reporting/model/internal/ModelNodeRenderer.java uses unchecked or unsafe operations.
Note: Recompile with -Xlint:unchecked for details.

:diagnostics:processResources
:diagnostics:classes
:diagnostics:jar
:languageGroovy:classpathManifest
:languageJava:classpathManifest
:languageJvm:classpathManifest
:platformJvm:classpathManifest
:platformJvm:compileJava
:platformJvm:compileGroovy UP-TO-DATE
:platformJvm:processResources
:platformJvm:classes
:platformJvm:jar
:languageJvm:compileJava
:languageJvm:compileGroovy UP-TO-DATE
:languageJvm:processResources
:languageJvm:classes
:languageJvm:jar
:languageJava:compileJava
:languageJava:compileGroovy UP-TO-DATE
:languageJava:processResources
:languageJava:classes
:languageJava:jar
:languageGroovy:compileJava
:languageGroovy:compileGroovy UP-TO-DATE
:languageGroovy:processResources UP-TO-DATE
:languageGroovy:classes
:languageGroovy:jar
:plugins:classpathManifest
Download https://repo.gradle.org/gradle/libs/org/testng/testng/6.3.1/testng-6.3.1.jar
Download https://repo.gradle.org/gradle/libs/org/beanshell/bsh/2.0b4/bsh-2.0b4.jar
Download https://repo.gradle.org/gradle/libs/com/beust/jcommander/1.12/jcommander-1.12.jar
Download https://repo.gradle.org/gradle/libs/org/yaml/snakeyaml/1.6/snakeyaml-1.6.jar
Download https://repo.gradle.org/gradle/libs/org/hamcrest/hamcrest-core/1.3/hamcrest-core-1.3.jar
:plugins:compileJava
:plugins:compileGroovyNote: Some input files use unchecked or unsafe operations.
Note: Recompile with -Xlint:unchecked for details.

:plugins:processResources
:wrapper:classpathManifest
:wrapper:compileJava
:wrapper:compileGroovy UP-TO-DATE
:wrapper:processResources UP-TO-DATE
:wrapper:classes
:wrapper:executableJar
:plugins:wrapperJar
:plugins:classes
:plugins:jar
:antlr:compileJava UP-TO-DATE
:antlr:compileGroovyNote: /home/travis/build/gradle/gradle/subprojects/antlr/src/main/groovy/org/gradle/api/plugins/antlr/internal/antlr2/GrammarDelegate.java uses unchecked or unsafe operations.
Note: Recompile with -Xlint:unchecked for details.

:antlr:processResources
:antlr:classes
:internalTesting:classpathManifest
Download https://repo.gradle.org/gradle/libs/org/jmock/jmock/2.5.1/jmock-2.5.1.pom
Download https://repo.gradle.org/gradle/libs/org/jmock/jmock-parent/2.5.1/jmock-parent-2.5.1.pom
Download https://repo.gradle.org/gradle/libs/org/hamcrest/hamcrest-library/1.3/hamcrest-library-1.3.pom
Download https://repo.gradle.org/gradle/libs/org/jmock/jmock-junit4/2.5.1/jmock-junit4-2.5.1.pom
Download https://repo.gradle.org/gradle/libs/org/jmock/jmock-legacy/2.5.1/jmock-legacy-2.5.1.pom
Download https://repo.gradle.org/gradle/libs/com/google/code/findbugs/jsr305/1.3.9/jsr305-1.3.9.pom
Download https://repo.gradle.org/gradle/libs/cglib/cglib-nodep/2.2.2/cglib-nodep-2.2.2.pom
Download https://repo.gradle.org/gradle/libs/org/jmock/jmock/2.5.1/jmock-2.5.1.jar
Download https://repo.gradle.org/gradle/libs/org/hamcrest/hamcrest-library/1.3/hamcrest-library-1.3.jar
Download https://repo.gradle.org/gradle/libs/org/jmock/jmock-junit4/2.5.1/jmock-junit4-2.5.1.jar
Download https://repo.gradle.org/gradle/libs/org/jmock/jmock-legacy/2.5.1/jmock-legacy-2.5.1.jar
Download https://repo.gradle.org/gradle/libs/com/google/code/findbugs/jsr305/1.3.9/jsr305-1.3.9.jar
Download https://repo.gradle.org/gradle/libs/cglib/cglib-nodep/2.2.2/cglib-nodep-2.2.2.jar
:internalTesting:compileJava UP-TO-DATE
:internalTesting:compileGroovyNote: /home/travis/build/gradle/gradle/subprojects/internal-testing/src/main/groovy/org/gradle/test/fixtures/file/TestFile.java uses or overrides a deprecated API.
Note: Recompile with -Xlint:deprecation for details.

:internalTesting:processResources UP-TO-DATE
:internalTesting:classes
:internalTesting:jar
:core:compileTestFixturesJava UP-TO-DATE
:core:compileTestFixturesGroovyNote: Some input files use unchecked or unsafe operations.
Note: Recompile with -Xlint:unchecked for details.

:core:processTestFixturesResources UP-TO-DATE
:core:testFixturesClasses
:antlr:compileTestJava UP-TO-DATE
:antlr:compileTestGroovy
:antlr:processTestResources UP-TO-DATE
:antlr:testClasses
:internalIntegTesting:classpathManifest
Download https://repo.gradle.org/gradle/libs/org/mortbay/jetty/jetty/6.1.25/jetty-6.1.25.pom
Download https://repo.gradle.org/gradle/libs/org/mortbay/jetty/project/6.1.25/project-6.1.25.pom
Download https://repo.gradle.org/gradle/libs/org/mortbay/jetty/jetty-parent/10/jetty-parent-10.pom
Download https://repo.gradle.org/gradle/libs/org/eclipse/jetty/jetty-parent/14/jetty-parent-14.pom
Download https://repo.gradle.org/gradle/libs/org/littleshoot/littleproxy/0.4/littleproxy-0.4.pom
Download https://repo.gradle.org/gradle/libs/org/apache/sshd/sshd-core/0.13.0/sshd-core-0.13.0.pom
Download https://repo.gradle.org/gradle/libs/org/apache/sshd/sshd/0.13.0/sshd-0.13.0.pom
Download https://repo.gradle.org/gradle/libs/org/apache/apache/15/apache-15.pom
Download https://repo.gradle.org/gradle/libs/joda-time/joda-time/2.7/joda-time-2.7.pom
Download https://repo.gradle.org/gradle/libs/org/mortbay/jetty/jetty-util/6.1.25/jetty-util-6.1.25.pom
Download https://repo.gradle.org/gradle/libs/org/mortbay/jetty/servlet-api/2.5-20081211/servlet-api-2.5-20081211.pom
Download https://repo.gradle.org/gradle/libs/org/mortbay/jetty/jetty-parent/7/jetty-parent-7.pom
Download https://repo.gradle.org/gradle/libs/org/jboss/netty/netty/3.2.4.Final/netty-3.2.4.Final.pom
Download https://repo.gradle.org/gradle/libs/org/jboss/jboss-parent/5/jboss-parent-5.pom
Download https://repo.gradle.org/gradle/libs/org/apache/mina/mina-core/2.0.8/mina-core-2.0.8.pom
Download https://repo.gradle.org/gradle/libs/org/apache/mina/mina-parent/2.0.8/mina-parent-2.0.8.pom
Download https://repo.gradle.org/gradle/libs/org/apache/apache/14/apache-14.pom
Download https://repo.gradle.org/gradle/libs/dom4j/dom4j/1.6.1/dom4j-1.6.1.pom
Download https://repo.gradle.org/gradle/libs/jaxen/jaxen/1.1/jaxen-1.1.pom
Download https://repo.gradle.org/gradle/libs/org/apache/httpcomponents/httpclient/4.2.2/httpclient-4.2.2.pom
Download https://repo.gradle.org/gradle/libs/org/apache/httpcomponents/httpcomponents-client/4.2.2/httpcomponents-client-4.2.2.pom
Download https://repo.gradle.org/gradle/libs/org/apache/httpcomponents/project/6/project-6.pom
Download https://repo.gradle.org/gradle/libs/net/sourceforge/nekohtml/nekohtml/1.9.14/nekohtml-1.9.14.pom
Download https://repo.gradle.org/gradle/libs/commons-codec/commons-codec/1.6/commons-codec-1.6.pom
Download https://repo.gradle.org/gradle/libs/org/apache/commons/commons-parent/22/commons-parent-22.pom
Download https://repo.gradle.org/gradle/libs/org/apache/apache/9/apache-9.pom
Download https://repo.gradle.org/gradle/libs/org/apache/httpcomponents/httpcore/4.2.2/httpcore-4.2.2.pom
Download https://repo.gradle.org/gradle/libs/org/apache/httpcomponents/httpcomponents-core/4.2.2/httpcomponents-core-4.2.2.pom
Download https://repo.gradle.org/gradle/libs/org/samba/jcifs/jcifs/1.3.17/jcifs-1.3.17.pom
Download https://repo.gradle.org/gradle/libs/xerces/xercesImpl/2.9.1/xercesImpl-2.9.1.pom
Download https://repo.gradle.org/gradle/libs/xml-apis/xml-apis/1.3.04/xml-apis-1.3.04.pom
Download https://repo.gradle.org/gradle/libs/org/apache/apache/3/apache-3.pom
Download https://repo.gradle.org/gradle/libs/org/mortbay/jetty/jetty/6.1.25/jetty-6.1.25.jar
Download https://repo.gradle.org/gradle/libs/org/littleshoot/littleproxy/0.4/littleproxy-0.4.jar
Download https://repo.gradle.org/gradle/libs/org/apache/sshd/sshd-core/0.13.0/sshd-core-0.13.0.jar
Download https://repo.gradle.org/gradle/libs/joda-time/joda-time/2.7/joda-time-2.7.jar
Download https://repo.gradle.org/gradle/libs/org/mortbay/jetty/servlet-api/2.5-20081211/servlet-api-2.5-20081211.jar
Download https://repo.gradle.org/gradle/libs/org/mortbay/jetty/jetty-util/6.1.25/jetty-util-6.1.25.jar
Download https://repo.gradle.org/gradle/libs/org/jboss/netty/netty/3.2.4.Final/netty-3.2.4.Final.jar
Download https://repo.gradle.org/gradle/libs/org/apache/mina/mina-core/2.0.8/mina-core-2.0.8.jar
:launcher:classpathManifest
:openApi:classpathManifest
:openApi:compileJavaNote: Some input files use or override a deprecated API.
Note: Recompile with -Xlint:deprecation for details.

:openApi:compileGroovy UP-TO-DATE
:openApi:processResources UP-TO-DATE
:openApi:classes
:openApi:jar
:toolingApi:classpathManifest
:wrapper:jar
:toolingApi:compileJavaNote: Some input files use or override a deprecated API.
Note: Recompile with -Xlint:deprecation for details.
Note: Some input files use unchecked or unsafe operations.
Note: Recompile with -Xlint:unchecked for details.

:toolingApi:compileGroovy UP-TO-DATE
:toolingApi:processResources UP-TO-DATE
:toolingApi:classes
:toolingApi:jar
:ui:classpathManifest
Download https://repo.gradle.org/gradle/libs/dom4j/dom4j/1.6.1/dom4j-1.6.1.jar
Download https://repo.gradle.org/gradle/libs/jaxen/jaxen/1.1/jaxen-1.1.jar
:ui:compileJavaNote: Some input files use or override a deprecated API.
Note: Recompile with -Xlint:deprecation for details.
Note: Some input files use unchecked or unsafe operations.
Note: Recompile with -Xlint:unchecked for details.

:ui:compileGroovy UP-TO-DATE
:ui:processResources
:ui:classes
:ui:jar
:launcher:compileJavaNote: /home/travis/build/gradle/gradle/subprojects/launcher/src/main/java/org/gradle/tooling/internal/provider/DefaultConnection.java uses or overrides a deprecated API.
Note: Recompile with -Xlint:deprecation for details.
Note: Some input files use unchecked or unsafe operations.
Note: Recompile with -Xlint:unchecked for details.

:launcher:compileGroovy UP-TO-DATE
:launcher:processResources
:launcher:classes
:launcher:jar
:internalIntegTesting:compileJava UP-TO-DATE
:internalIntegTesting:compileGroovyNote: Some input files use unchecked or unsafe operations.
Note: Recompile with -Xlint:unchecked for details.

:internalIntegTesting:prepareVersionsInfo
:internalIntegTesting:processResources
:internalIntegTesting:classes
:internalIntegTesting:jar
:pluginUse:classpathManifest
:resourcesHttp:classpathManifest
Download https://repo.gradle.org/gradle/libs/org/apache/httpcomponents/httpclient/4.2.2/httpclient-4.2.2.jar
Download https://repo.gradle.org/gradle/libs/net/sourceforge/nekohtml/nekohtml/1.9.14/nekohtml-1.9.14.jar
Download https://repo.gradle.org/gradle/libs/commons-codec/commons-codec/1.6/commons-codec-1.6.jar
Download https://repo.gradle.org/gradle/libs/org/apache/httpcomponents/httpcore/4.2.2/httpcore-4.2.2.jar
Download https://repo.gradle.org/gradle/libs/org/samba/jcifs/jcifs/1.3.17/jcifs-1.3.17.jar
Download https://repo.gradle.org/gradle/libs/xml-apis/xml-apis/1.3.04/xml-apis-1.3.04.jar
Download https://repo.gradle.org/gradle/libs/xerces/xercesImpl/2.9.1/xercesImpl-2.9.1.jar
:resourcesHttp:compileJava
:resourcesHttp:compileGroovy UP-TO-DATE
:resourcesHttp:processResources
:resourcesHttp:classes
:resourcesHttp:jar
:pluginUse:compileJava
:pluginUse:compileGroovy UP-TO-DATE
:pluginUse:processResources
:pluginUse:classes
:pluginUse:jar
:antlr:compileIntegTestJava UP-TO-DATE
:antlr:compileIntegTestGroovy
:antlr:processIntegTestResources UP-TO-DATE
:antlr:integTestClasses
:antlr:checkstyleIntegTest UP-TO-DATE
:antlr:checkstyleMain
:antlr:checkstyleTest UP-TO-DATE
:antlr:checkstyleGroovy UP-TO-DATE
:antlr:checkstyleIntegTestGroovy
:antlr:checkstyleTestGroovy
:antlr:codenarcIntegTest
:antlr:codenarcMain UP-TO-DATE
:antlr:codenarcTest
:antlr:codeQuality
:buildInit:checkstyleGroovy
:buildInit:classpathManifest
:buildInit:compileJava UP-TO-DATE
:buildInit:compileGroovyNote: Some input files use unchecked or unsafe operations.
Note: Recompile with -Xlint:unchecked for details.

:buildInit:generateTemplateVersionFile
Download https://repo.gradle.org/gradle/libs/org/scala-lang/scala-library/2.12.0-M2/scala-library-2.12.0-M2.pom
Download https://repo.gradle.org/gradle/libs/org/scala-lang/scala-library/2.12.0-M1/scala-library-2.12.0-M1.pom
Download https://repo.gradle.org/gradle/libs/org/scala-lang/scala-library/2.11.7/scala-library-2.11.7.pom
Download https://repo.gradle.org/gradle/libs/org/scalatest/scalatest_2.11/3.0.0-SNAP5/scalatest_2.11-3.0.0-SNAP5.pom
Download https://repo.gradle.org/gradle/libs/org/scalatest/scalatest_2.11/3.0.0-SNAP4/scalatest_2.11-3.0.0-SNAP4.pom
Download https://repo.gradle.org/gradle/libs/org/scalatest/scalatest_2.11/3.0.0-SNAP3/scalatest_2.11-3.0.0-SNAP3.pom
Download https://repo.gradle.org/gradle/libs/org/scalatest/scalatest_2.11/3.0.0-SNAP2/scalatest_2.11-3.0.0-SNAP2.pom
Download https://repo.gradle.org/gradle/libs/org/scalatest/scalatest_2.11/3.0.0-SNAP1/scalatest_2.11-3.0.0-SNAP1.pom
Download https://repo.gradle.org/gradle/libs/org/scalatest/scalatest_2.11/3.0.0-M7/scalatest_2.11-3.0.0-M7.pom
Download https://repo.gradle.org/gradle/libs/org/scalatest/scalatest_2.11/3.0.0-M6/scalatest_2.11-3.0.0-M6.pom
Download https://repo.gradle.org/gradle/libs/org/scalatest/scalatest_2.11/3.0.0-M5/scalatest_2.11-3.0.0-M5.pom
Download https://repo.gradle.org/gradle/libs/org/scalatest/scalatest_2.11/3.0.0-M4/scalatest_2.11-3.0.0-M4.pom
Download https://repo.gradle.org/gradle/libs/org/scalatest/scalatest_2.11/3.0.0-M3/scalatest_2.11-3.0.0-M3.pom
Download https://repo.gradle.org/gradle/libs/org/scalatest/scalatest_2.11/3.0.0-M2/scalatest_2.11-3.0.0-M2.pom
Download https://repo.gradle.org/gradle/libs/org/scalatest/scalatest_2.11/3.0.0-M1/scalatest_2.11-3.0.0-M1.pom
Download https://repo.gradle.org/gradle/libs/org/scalatest/scalatest_2.11/2.3.0-SNAP2/scalatest_2.11-2.3.0-SNAP2.pom
Download https://repo.gradle.org/gradle/libs/org/scalatest/scalatest_2.11/2.3.0-SNAP1/scalatest_2.11-2.3.0-SNAP1.pom
Download https://repo.gradle.org/gradle/libs/org/scalatest/scalatest_2.11/2.2.5/scalatest_2.11-2.2.5.pom
Download https://repo.gradle.org/gradle/libs/org/scala-lang/modules/scala-xml_2.11/1.0.5/scala-xml_2.11-1.0.5.pom
Download https://repo.gradle.org/gradle/libs/org/codehaus/groovy/groovy/2.4.4/groovy-2.4.4.pom
Download https://repo.gradle.org/gradle/libs/org/slf4j/slf4j-api/1.7.12/slf4j-api-1.7.12.pom
Download https://repo.gradle.org/gradle/libs/org/slf4j/slf4j-parent/1.7.12/slf4j-parent-1.7.12.pom
:buildInit:processResources
:buildInit:classes
:buildInit:compileTestJava UP-TO-DATE
:buildInit:compileTestGroovy
:buildInit:processTestResources UP-TO-DATE
:buildInit:testClasses
:buildInit:compileIntegTestJava UP-TO-DATE
:buildInit:compileIntegTestGroovy
:buildInit:processIntegTestResources
:buildInit:integTestClasses
:buildInit:checkstyleIntegTest UP-TO-DATE
:buildInit:checkstyleIntegTestGroovy
:buildInit:checkstyleMain
:buildInit:checkstyleTest
:buildInit:checkstyleTestGroovy
:buildInit:classycleIntegTest
Download https://repo.gradle.org/gradle/libs/classycle/classycle/1.4/classycle-1.4.pom
Download https://repo.gradle.org/gradle/libs/classycle/classycle/1.4/classycle-1.4.jar
:buildInit:classycleMain
:buildInit:classycleTest
:buildInit:codenarcIntegTest
:buildInit:codenarcMain
:buildInit:codenarcTest
:buildInit:codeQuality
:dependencyManagement:checkstyleGroovy UP-TO-DATE
:dependencyManagement:compileTestFixturesJava UP-TO-DATE
:dependencyManagement:compileTestFixturesGroovy
:dependencyManagement:processTestFixturesResources UP-TO-DATE
:dependencyManagement:testFixturesClasses
:messaging:compileTestFixturesJava UP-TO-DATE
:messaging:compileTestFixturesGroovy
:messaging:processTestFixturesResources UP-TO-DATE
:messaging:testFixturesClasses
:dependencyManagement:compileTestJava UP-TO-DATE
:dependencyManagement:compileTestGroovyNote: /home/travis/build/gradle/gradle/subprojects/dependency-management/src/test/groovy/org/gradle/api/internal/artifacts/DefaultResolvedDependencyTest.java uses unchecked or unsafe operations.
Note: Recompile with -Xlint:unchecked for details.

:dependencyManagement:processTestResources
:dependencyManagement:testClasses
:dependencyManagement:compileIntegTestJava UP-TO-DATE
:dependencyManagement:compileIntegTestGroovy
:dependencyManagement:processIntegTestResources
:dependencyManagement:integTestClasses
:dependencyManagement:checkstyleIntegTest UP-TO-DATE
:dependencyManagement:checkstyleIntegTestGroovy
:dependencyManagement:checkstyleMain
:dependencyManagement:checkstyleTest
:dependencyManagement:checkstyleTestFixtures UP-TO-DATE
:dependencyManagement:checkstyleTestFixturesGroovy
:dependencyManagement:checkstyleTestGroovy
:dependencyManagement:codenarcIntegTest
:dependencyManagement:codenarcMain UP-TO-DATE
:dependencyManagement:codenarcTest
:dependencyManagement:codenarcTestFixtures
:dependencyManagement:codeQuality
:docs:checkstyleApi
:ear:checkstyleGroovy
:ear:classpathManifest
:ear:compileJava UP-TO-DATE
:ear:compileGroovy
:ear:processResources
:ear:classes
:ear:compileTestJava UP-TO-DATE
:ear:compileTestGroovy
:ear:processTestResources UP-TO-DATE
:ear:testClasses
:ear:compileIntegTestJava UP-TO-DATE
:ear:compileIntegTestGroovy
:ear:processIntegTestResources
:ear:integTestClasses
:ear:checkstyleIntegTest UP-TO-DATE
:ear:checkstyleIntegTestGroovy
:ear:checkstyleMain
:ear:checkstyleTest UP-TO-DATE
:ear:checkstyleTestGroovy
:ear:codenarcIntegTest
:ear:codenarcMain
:ear:codenarcTest
:ear:codeQuality
:internalIntegTesting:checkstyleGroovy
:internalIntegTesting:checkstyleMain
:internalIntegTesting:compileTestJava UP-TO-DATE
:internalIntegTesting:compileTestGroovy
:internalIntegTesting:processTestResources UP-TO-DATE
:internalIntegTesting:testClasses
:internalIntegTesting:checkstyleTest UP-TO-DATE
:internalIntegTesting:checkstyleTestGroovy
:internalIntegTesting:classycleMain
:internalIntegTesting:classycleTest
:internalIntegTesting:codenarcMain
:internalIntegTesting:codenarcTest
:internalIntegTesting:codeQuality
:javascript:checkstyleGroovy
Download https://repo.gradle.org/gradle/libs/org/mozilla/rhino/1.7R3/rhino-1.7R3.pom
Download https://repo.gradle.org/gradle/libs/org/simpleframework/simple/4.1.21/simple-4.1.21.pom
Download https://repo.gradle.org/gradle/libs/org/mozilla/rhino/1.7R3/rhino-1.7R3.jar
Download https://repo.gradle.org/gradle/libs/org/simpleframework/simple/4.1.21/simple-4.1.21.jar
:javascript:classpathManifest
:javascript:compileJava UP-TO-DATE
:javascript:compileGroovyNote: /home/travis/build/gradle/gradle/subprojects/javascript/src/main/groovy/org/gradle/plugins/javascript/rhino/worker/internal/RhinoServer.java uses unchecked or unsafe operations.
Note: Recompile with -Xlint:unchecked for details.

:javascript:processResources
:javascript:classes
:javascript:jar
:javascript:compileTestFixturesJava UP-TO-DATE
:javascript:compileTestFixturesGroovy
:javascript:processTestFixturesResources UP-TO-DATE
:javascript:testFixturesClasses
:javascript:compileTestJava UP-TO-DATE
:javascript:compileTestGroovy
:javascript:processTestResources UP-TO-DATE
:javascript:testClasses
:javascript:compileIntegTestJava UP-TO-DATE
:javascript:compileIntegTestGroovy
:javascript:processIntegTestResources UP-TO-DATE
:javascript:integTestClasses
:javascript:checkstyleIntegTest UP-TO-DATE
:javascript:checkstyleIntegTestGroovy
:javascript:checkstyleMain
:javascript:checkstyleTest UP-TO-DATE
:javascript:checkstyleTestFixtures UP-TO-DATE
:javascript:checkstyleTestFixturesGroovy
:javascript:checkstyleTestGroovy
:javascript:codenarcIntegTest
:javascript:codenarcMain
:javascript:codenarcTest
:javascript:codenarcTestFixtures
:javascript:codeQuality
:languageJvm:checkstyleGroovy UP-TO-DATE
:languageJvm:compileTestFixturesJava UP-TO-DATE
:languageJvm:compileTestFixturesGroovy
:languageJvm:processTestFixturesResources UP-TO-DATE
:languageJvm:testFixturesClasses
:languageJvm:compileTestJava UP-TO-DATE
:languageJvm:compileTestGroovy
:languageJvm:processTestResources UP-TO-DATE
:languageJvm:testClasses
:languageJvm:compileIntegTestJava UP-TO-DATE
:languageJvm:compileIntegTestGroovy
:languageJvm:processIntegTestResources UP-TO-DATE
:languageJvm:integTestClasses
:languageJvm:checkstyleIntegTest UP-TO-DATE
:languageJvm:checkstyleIntegTestGroovy
:languageJvm:checkstyleMain
:languageJvm:checkstyleTest UP-TO-DATE
:languageJvm:checkstyleTestFixtures
:languageJvm:checkstyleTestFixturesGroovy
:languageJvm:checkstyleTestGroovy
:languageJvm:classycleIntegTest
:languageJvm:classycleMain
:languageJvm:classycleTest
:languageJvm:classycleTestFixtures
:languageJvm:codenarcIntegTest
:languageJvm:codenarcMain UP-TO-DATE
:languageJvm:codenarcTest
:languageJvm:codenarcTestFixtures
:languageJvm:codeQuality
:publish:classpathManifest
:publish:compileJava UP-TO-DATE
:publish:compileGroovy
:publish:processResources
:publish:classes
:publish:jar
:maven:checkstyleGroovy
Download https://repo.gradle.org/gradle/libs/org/sonatype/pmaven/pmaven-common/0.8-20100325/pmaven-common-0.8-20100325.pom
Download https://repo.gradle.org/gradle/libs/org/sonatype/pmaven/pmaven-groovy/0.8-20100325/pmaven-groovy-0.8-20100325.pom
Download https://repo.gradle.org/gradle/libs/org/codehaus/plexus/plexus-component-annotations/1.5.2/plexus-component-annotations-1.5.2.pom
Download https://repo.gradle.org/gradle/libs/org/codehaus/plexus/plexus-containers/1.5.2/plexus-containers-1.5.2.pom
Download https://repo.gradle.org/gradle/libs/org/codehaus/plexus/plexus/2.0.3/plexus-2.0.3.pom
Download https://repo.gradle.org/gradle/libs/org/sonatype/pmaven/pmaven-common/0.8-20100325/pmaven-common-0.8-20100325.jar
Download https://repo.gradle.org/gradle/libs/org/sonatype/pmaven/pmaven-groovy/0.8-20100325/pmaven-groovy-0.8-20100325.jar
:platformNative:classpathManifest
:platformNative:compileJava UP-TO-DATE
:platformNative:compileGroovy
:platformNative:processResources
:platformNative:classes
:platformNative:jar
:platformNative:compileTestFixturesJava UP-TO-DATE
:platformNative:compileTestFixturesGroovy
:platformNative:processTestFixturesResources UP-TO-DATE
:platformNative:testFixturesClasses
:diagnostics:compileTestFixturesJava UP-TO-DATE
:diagnostics:compileTestFixturesGroovy
:diagnostics:processTestFixturesResources UP-TO-DATE
:diagnostics:testFixturesClasses
:ear:jar
:maven:classpathManifest
:maven:compileJava
:maven:compileGroovyNote: /home/travis/build/gradle/gradle/subprojects/maven/src/main/groovy/org/gradle/api/publication/maven/internal/wagon/RepositoryTransportDeployWagon.java uses or overrides a deprecated API.
Note: Recompile with -Xlint:deprecation for details.
Note: Some input files use unchecked or unsafe operations.
Note: Recompile with -Xlint:unchecked for details.

:maven:processResources
:maven:classes
:maven:jar
:maven:compileTestFixturesJava UP-TO-DATE
:maven:compileTestFixturesGroovy
:maven:processTestFixturesResources UP-TO-DATE
:maven:testFixturesClasses
:modelCore:compileTestFixturesJava UP-TO-DATE
:modelCore:compileTestFixturesGroovy
:modelCore:processTestFixturesResources UP-TO-DATE
:modelCore:testFixturesClasses
:maven:compileTestJava UP-TO-DATE
:maven:compileTestGroovy
Download https://repo.gradle.org/gradle/libs/xmlunit/xmlunit/1.3/xmlunit-1.3.pom
Download https://repo.gradle.org/gradle/libs/xmlunit/xmlunit/1.3/xmlunit-1.3.jar
Note: /home/travis/build/gradle/gradle/subprojects/maven/src/test/groovy/org/gradle/api/publication/maven/internal/pom/DefaultExcludeRuleConverterTest.java uses or overrides a deprecated API.
Note: Recompile with -Xlint:deprecation for details.
:maven:processTestResources UP-TO-DATE
:maven:testClasses
:maven:compileIntegTestJava UP-TO-DATE
:maven:compileIntegTestGroovy
:maven:processIntegTestResources
:maven:integTestClasses
:maven:checkstyleIntegTest UP-TO-DATE
:maven:checkstyleIntegTestGroovy
:maven:checkstyleMain
:maven:checkstyleTest
:maven:checkstyleTestFixtures UP-TO-DATE
:maven:checkstyleTestFixturesGroovy
:maven:checkstyleTestGroovy
:maven:codenarcIntegTest
:maven:codenarcMain
:maven:codenarcTest
:maven:codenarcTestFixtures
:maven:codeQuality
:native:checkstyleGroovy UP-TO-DATE
:native:checkstyleMain
:native:compileTestJava UP-TO-DATE
:native:compileTestGroovy
:native:processTestResources UP-TO-DATE
:native:testClasses
:native:checkstyleTest UP-TO-DATE
:native:checkstyleTestGroovy
:native:classycleMain
:native:classycleTest
:native:codenarcMain UP-TO-DATE
:native:codenarcTest
:native:codeQuality
:platformBase:checkstyleGroovy UP-TO-DATE
:platformBase:compileTestFixturesJava UP-TO-DATE
:platformBase:compileTestFixturesGroovy
:platformBase:processTestFixturesResources UP-TO-DATE
:platformBase:testFixturesClasses
:platformBase:compileTestJava UP-TO-DATE
:platformBase:compileTestGroovy
:platformBase:processTestResources UP-TO-DATE
:platformBase:testClasses
:platformBase:compileIntegTestJava UP-TO-DATE
:platformBase:compileIntegTestGroovy
:platformBase:processIntegTestResources UP-TO-DATE
:platformBase:integTestClasses
:platformBase:checkstyleIntegTest UP-TO-DATE
:platformBase:checkstyleIntegTestGroovy
:platformBase:checkstyleMain
:platformBase:checkstyleTest
:platformBase:checkstyleTestFixtures UP-TO-DATE
:platformBase:checkstyleTestFixturesGroovy
:platformBase:checkstyleTestGroovy
:platformBase:classycleIntegTest
:platformBase:classycleMain
:platformBase:classycleTest
:platformBase:classycleTestFixtures
:platformBase:codenarcIntegTest
:platformBase:codenarcMain UP-TO-DATE
:platformBase:codenarcTest
:platformBase:codenarcTestFixtures
:platformBase:codeQuality
:pluginDevelopment:checkstyleGroovy UP-TO-DATE
:pluginDevelopment:classpathManifest
:pluginDevelopment:compileJava
:pluginDevelopment:compileGroovy UP-TO-DATE
:pluginDevelopment:processResources
:pluginDevelopment:classes
:pluginDevelopment:compileTestJava UP-TO-DATE
:pluginDevelopment:compileTestGroovy
:pluginDevelopment:processTestResources UP-TO-DATE
:pluginDevelopment:testClasses
:pluginDevelopment:compileIntegTestJava UP-TO-DATE
:pluginDevelopment:compileIntegTestGroovy
:pluginDevelopment:processIntegTestResources UP-TO-DATE
:pluginDevelopment:integTestClasses
:pluginDevelopment:checkstyleIntegTest UP-TO-DATE
:pluginDevelopment:checkstyleIntegTestGroovy
:pluginDevelopment:checkstyleMain
:pluginDevelopment:checkstyleTest UP-TO-DATE
:pluginDevelopment:checkstyleTestGroovy
:pluginDevelopment:classycleIntegTest
:pluginDevelopment:classycleMain
:pluginDevelopment:classycleTest
:pluginDevelopment:codenarcIntegTest
:pluginDevelopment:codenarcMain UP-TO-DATE
:pluginDevelopment:codenarcTest
:pluginDevelopment:codeQuality
:reporting:checkstyleGroovy UP-TO-DATE
:reporting:compileTestJava UP-TO-DATE
:reporting:compileTestGroovy
:reporting:processTestResources UP-TO-DATE
:reporting:testClasses
:reporting:compileIntegTestJava UP-TO-DATE
:reporting:compileIntegTestGroovy
:reporting:processIntegTestResources UP-TO-DATE
:reporting:integTestClasses
:reporting:checkstyleIntegTest UP-TO-DATE
:reporting:checkstyleIntegTestGroovy
:reporting:checkstyleMain
:reporting:checkstyleTest UP-TO-DATE
:reporting:checkstyleTestGroovy
:reporting:codenarcIntegTest
:reporting:codenarcMain UP-TO-DATE
:reporting:codenarcTest
:reporting:codeQuality
:resourcesSftp:checkstyleGroovy UP-TO-DATE
:ivy:classpathManifest
:ivy:compileJava
:ivy:compileGroovy UP-TO-DATE
:ivy:processResources
:ivy:classes
:ivy:jar
:ivy:compileTestFixturesJava UP-TO-DATE
:ivy:compileTestFixturesGroovy
:ivy:processTestFixturesResources UP-TO-DATE
:ivy:testFixturesClasses
:resourcesSftp:classpathManifest
:resourcesSftp:compileJava
:resourcesSftp:compileGroovy UP-TO-DATE
:resourcesSftp:processResources
:resourcesSftp:classes
:resourcesSftp:compileTestJava UP-TO-DATE
:resourcesSftp:compileTestGroovy
:resourcesSftp:processTestResources UP-TO-DATE
:resourcesSftp:testClasses
:resourcesSftp:compileIntegTestJava UP-TO-DATE
:resourcesSftp:compileIntegTestGroovy
:resourcesSftp:processIntegTestResources UP-TO-DATE
:resourcesSftp:integTestClasses
:resourcesSftp:checkstyleIntegTest UP-TO-DATE
:resourcesSftp:checkstyleIntegTestGroovy
:resourcesSftp:checkstyleMain
:resourcesSftp:checkstyleTest UP-TO-DATE
:resourcesSftp:checkstyleTestGroovy
:resourcesSftp:classycleIntegTest
:resourcesSftp:classycleMain
:resourcesSftp:classycleTest
:resourcesSftp:codenarcIntegTest
:resourcesSftp:codenarcMain UP-TO-DATE
:resourcesSftp:codenarcTest
:resourcesSftp:codeQuality
:testKit:checkstyleGroovy UP-TO-DATE
:testKit:classpathManifest
:testKit:compileJava
:testKit:compileGroovy UP-TO-DATE
:testKit:processResources UP-TO-DATE
:testKit:classes
:testKit:compileTestJava UP-TO-DATE
:testKit:compileTestGroovy
:testKit:processTestResources UP-TO-DATE
:testKit:testClasses
:testKit:compileIntegTestJava UP-TO-DATE
:testKit:compileIntegTestGroovy
:testKit:processIntegTestResources UP-TO-DATE
:testKit:integTestClasses
:testKit:checkstyleIntegTest UP-TO-DATE
:testKit:checkstyleIntegTestGroovy
:testKit:checkstyleMain
:testKit:checkstyleTest UP-TO-DATE
:testKit:checkstyleTestGroovy
:testKit:codenarcIntegTest
:testKit:codenarcMain UP-TO-DATE
:testKit:codenarcTest
:testKit:codeQuality
:ui:checkstyleGroovy UP-TO-DATE
:ui:compileTestJava UP-TO-DATE
:ui:compileTestGroovy
:ui:processTestResources UP-TO-DATE
:ui:testClasses
:ui:compileIntegTestJava UP-TO-DATE
:ui:compileIntegTestGroovyNote: Some input files use or override a deprecated API.
Note: Recompile with -Xlint:deprecation for details.

:ui:processIntegTestResources UP-TO-DATE
:ui:integTestClasses
:ui:checkstyleIntegTest
:ui:checkstyleIntegTestGroovy
:ui:checkstyleMain
:ui:checkstyleTest
:ui:checkstyleTestGroovy
:ui:codenarcIntegTest
:ui:codenarcMain UP-TO-DATE
:ui:codenarcTest
:ui:codeQuality
:antlr:test
:antlr:check
:buildInit:test
:buildInit:check
:dependencyManagement:test
:dependencyManagement:check
:ear:test
:ear:check
:internalIntegTesting:test
:internalIntegTesting:check
:javascript:test
:javascript:check
:languageJvm:test
:languageJvm:check
:maven:test
:maven:check
:native:test
:native:check
:platformBase:test
:platformBase:check
:pluginDevelopment:test
:pluginDevelopment:check
:reporting:test
:reporting:check
:resourcesSftp:test
:resourcesSftp:check
:testKit:testFailed to instantiate SLF4J LoggerFactory
Reported exception:
java.lang.NoClassDefFoundError: org/gradle/internal/nativeintegration/console/ConsoleMetaData
	at org.gradle.logging.internal.slf4j.OutputEventListenerBackedLoggerContext.reset(OutputEventListenerBackedLoggerContext.java:86)
	at org.gradle.logging.internal.slf4j.OutputEventListenerBackedLoggerContext.<init>(OutputEventListenerBackedLoggerContext.java:52)
	at org.slf4j.impl.StaticLoggerBinder.<init>(StaticLoggerBinder.java:30)
	at org.slf4j.impl.StaticLoggerBinder.<clinit>(StaticLoggerBinder.java:27)
	at org.slf4j.LoggerFactory.bind(LoggerFactory.java:142)
	at org.slf4j.LoggerFactory.performInitialization(LoggerFactory.java:121)
	at org.slf4j.LoggerFactory.getILoggerFactory(LoggerFactory.java:332)
	at org.slf4j.LoggerFactory.getLogger(LoggerFactory.java:284)
	at org.slf4j.LoggerFactory.getLogger(LoggerFactory.java:305)
	at org.gradle.tooling.internal.consumer.DefaultGradleConnector.<clinit>(DefaultGradleConnector.java:30)
	at org.gradle.testkit.runner.internal.GradleExecutor$1.run(GradleExecutor.java:52)
	at java.lang.Thread.run(Thread.java:745)
Caused by: java.lang.ClassNotFoundException: org.gradle.internal.nativeintegration.console.ConsoleMetaData
	at java.net.URLClassLoader$1.run(URLClassLoader.java:366)
	at java.net.URLClassLoader$1.run(URLClassLoader.java:355)
	at java.security.AccessController.doPrivileged(Native Method)
	at java.net.URLClassLoader.findClass(URLClassLoader.java:354)
	at java.lang.ClassLoader.loadClass(ClassLoader.java:425)
	at sun.misc.Launcher$AppClassLoader.loadClass(Launcher.java:308)
	at java.lang.ClassLoader.loadClass(ClassLoader.java:358)
	... 12 more
Exception in thread "Thread-6" java.lang.NoClassDefFoundError: org/gradle/internal/nativeintegration/console/ConsoleMetaData
	at org.gradle.logging.internal.slf4j.OutputEventListenerBackedLoggerContext.reset(OutputEventListenerBackedLoggerContext.java:86)
	at org.gradle.logging.internal.slf4j.OutputEventListenerBackedLoggerContext.<init>(OutputEventListenerBackedLoggerContext.java:52)
	at org.slf4j.impl.StaticLoggerBinder.<init>(StaticLoggerBinder.java:30)
	at org.slf4j.impl.StaticLoggerBinder.<clinit>(StaticLoggerBinder.java:27)
	at org.slf4j.LoggerFactory.bind(LoggerFactory.java:142)
	at org.slf4j.LoggerFactory.performInitialization(LoggerFactory.java:121)
	at org.slf4j.LoggerFactory.getILoggerFactory(LoggerFactory.java:332)
	at org.slf4j.LoggerFactory.getLogger(LoggerFactory.java:284)
	at org.slf4j.LoggerFactory.getLogger(LoggerFactory.java:305)
	at org.gradle.tooling.internal.consumer.DefaultGradleConnector.<clinit>(DefaultGradleConnector.java:30)
	at org.gradle.testkit.runner.internal.GradleExecutor$1.run(GradleExecutor.java:52)
	at java.lang.Thread.run(Thread.java:745)
Caused by: java.lang.ClassNotFoundException: org.gradle.internal.nativeintegration.console.ConsoleMetaData
	at java.net.URLClassLoader$1.run(URLClassLoader.java:366)
	at java.net.URLClassLoader$1.run(URLClassLoader.java:355)
	at java.security.AccessController.doPrivileged(Native Method)
	at java.net.URLClassLoader.findClass(URLClassLoader.java:354)
	at java.lang.ClassLoader.loadClass(ClassLoader.java:425)
	at sun.misc.Launcher$AppClassLoader.loadClass(Launcher.java:308)
	at java.lang.ClassLoader.loadClass(ClassLoader.java:358)
	... 12 more
Exception in thread "Thread-11" java.lang.NoClassDefFoundError: Could not initialize class org.gradle.tooling.internal.consumer.DefaultGradleConnector
	at org.gradle.testkit.runner.internal.GradleExecutor$1.run(GradleExecutor.java:52)
	at java.lang.Thread.run(Thread.java:745)
Exception in thread "Thread-10" java.lang.NoClassDefFoundError: Could not initialize class org.gradle.tooling.internal.consumer.DefaultGradleConnector
	at org.gradle.testkit.runner.internal.GradleExecutor$1.run(GradleExecutor.java:52)
	at java.lang.Thread.run(Thread.java:745)
Exception in thread "Thread-14" java.lang.NoClassDefFoundError: Could not initialize class org.gradle.tooling.internal.consumer.DefaultGradleConnector
	at org.gradle.testkit.runner.internal.GradleExecutor$1.run(GradleExecutor.java:52)
	at java.lang.Thread.run(Thread.java:745)
Exception in thread "Thread-5" java.lang.NoClassDefFoundError: Could not initialize class org.gradle.tooling.internal.consumer.DefaultGradleConnector
	at org.gradle.testkit.runner.internal.GradleExecutor$1.run(GradleExecutor.java:52)
	at java.lang.Thread.run(Thread.java:745)
Exception in thread "Thread-9" java.lang.NoClassDefFoundError: Could not initialize class org.gradle.tooling.internal.consumer.DefaultGradleConnector
	at org.gradle.testkit.runner.internal.GradleExecutor$1.run(GradleExecutor.java:52)
	at java.lang.Thread.run(Thread.java:745)
Exception in thread "Thread-7" java.lang.NoClassDefFoundError: Could not initialize class org.gradle.tooling.internal.consumer.DefaultGradleConnector
	at org.gradle.testkit.runner.internal.GradleExecutor$1.run(GradleExecutor.java:52)
	at java.lang.Thread.run(Thread.java:745)
Exception in thread "Thread-8" java.lang.NoClassDefFoundError: Could not initialize class org.gradle.tooling.internal.consumer.DefaultGradleConnector
	at org.gradle.testkit.runner.internal.GradleExecutor$1.run(GradleExecutor.java:52)
	at java.lang.Thread.run(Thread.java:745)
Exception in thread "Thread-4" java.lang.NoClassDefFoundError: Could not initialize class org.gradle.tooling.internal.consumer.DefaultGradleConnector
	at org.gradle.testkit.runner.internal.GradleExecutor$1.run(GradleExecutor.java:52)
	at java.lang.Thread.run(Thread.java:745)
Exception in thread "Thread-12" java.lang.NoClassDefFoundError: Could not initialize class org.gradle.tooling.internal.consumer.DefaultGradleConnector
	at org.gradle.testkit.runner.internal.GradleExecutor$1.run(GradleExecutor.java:52)
	at java.lang.Thread.run(Thread.java:745)
Exception in thread "Thread-13" java.lang.NoClassDefFoundError: Could not initialize class org.gradle.tooling.internal.consumer.DefaultGradleConnector
	at org.gradle.testkit.runner.internal.GradleExecutor$1.run(GradleExecutor.java:52)
	at java.lang.Thread.run(Thread.java:745)

:testKit:check
:ui:test
:ui:check
:testSplit2
:stopHeartBeat
Shutting down heartbeat.
Heartbeat thread Interrupted

BUILD SUCCESSFUL

Total time: 8 mins 9.03 secs
travis_time:end:052a103c:start=1440752075824280393,finish=1440752565558299659,duration=489734019266[0K
[32;1mThe command "./travisci_build.sh" exited with 0.[0m

Done. Your build exited with 0.
