Using worker: worker-linux-3da96de7-2.bb.travis-ci.org:travis-linux-14

travis_fold:start:system_info[0K[33;1mBuild system information[0m
Build language: java
[34m[1mBuild image provisioning date and time[0m
Wed Feb  4 18:22:50 UTC 2015
[34m[1mOperating System Details[0m
Distributor ID:	Ubuntu
Description:	Ubuntu 12.04 LTS
Release:	12.04
Codename:	precise
[34m[1mLinux Version[0m
2.6.32-042stab090.5
[34m[1mCookbooks Version[0m
23bb455 https://github.com/travis-ci/travis-cookbooks/tree/23bb455
[34m[1mGCC version[0m
gcc (Ubuntu/Linaro 4.6.3-1ubuntu5) 4.6.3
Copyright (C) 2011 Free Software Foundation, Inc.
This is free software; see the source for copying conditions.  There is NO
warranty; not even for MERCHANTABILITY or FITNESS FOR A PARTICULAR PURPOSE.

[34m[1mLLVM version[0m
clang version 3.4 (tags/RELEASE_34/final)
Target: x86_64-unknown-linux-gnu
Thread model: posix
[34m[1mPre-installed Ruby versions[0m
ruby-1.9.3-p551
[34m[1mPre-installed Node.js versions[0m
v0.10.36
[34m[1mPre-installed Go versions[0m
1.4.1
[34m[1mRedis version[0m
redis-server 2.8.19
[34m[1mriak version[0m
2.0.2
[34m[1mMongoDB version[0m
MongoDB 2.4.12
[34m[1mCouchDB version[0m
couchdb 1.6.1
[34m[1mNeo4j version[0m
1.9.4
[34m[1mCassandra version[0m
2.0.9
[34m[1mRabbitMQ Version[0m
3.4.3
[34m[1mElasticSearch version[0m
1.4.0
[34m[1mInstalled Sphinx versions[0m
2.0.10
2.1.9
2.2.6
[34m[1mDefault Sphinx version[0m
2.2.6
[34m[1mInstalled Firefox version[0m
firefox 31.0esr
[34m[1mPhantomJS version[0m
1.9.8
[34m[1mant -version[0m
Apache Ant(TM) version 1.8.2 compiled on December 3 2011
[34m[1mmvn -version[0m
Apache Maven 3.2.5 (12a6b3acb947671f09b81f49094c53f426d8cea1; 2014-12-14T17:29:23+00:00)
Maven home: /usr/local/maven
Java version: 1.7.0_76, vendor: Oracle Corporation
Java home: /usr/lib/jvm/java-7-oracle/jre
Default locale: en, platform encoding: UTF-8
OS name: "linux", version: "2.6.32-042stab090.5", arch: "amd64", family: "unix"
travis_fold:end:system_info[0K
travis_fold:start:git.checkout[0Ktravis_time:start:08af528c[0K$ git clone --depth=50 git://github.com/gradle/gradle.git gradle/gradle
Cloning into 'gradle/gradle'...
remote: Counting objects: 17634, done.[K
remote: Compressing objects:   0% (1/11912)   [Kremote: Compressing objects:   1% (120/11912)   [Kremote: Compressing objects:   2% (239/11912)   [Kremote: Compressing objects:   3% (358/11912)   [Kremote: Compressing objects:   4% (477/11912)   [Kremote: Compressing objects:   5% (596/11912)   [Kremote: Compressing objects:   6% (715/11912)   [Kremote: Compressing objects:   7% (834/11912)   [Kremote: Compressing objects:   8% (953/11912)   [Kremote: Compressing objects:   9% (1073/11912)   [Kremote: Compressing objects:  10% (1192/11912)   [Kremote: Compressing objects:  11% (1311/11912)   [Kremote: Compressing objects:  12% (1430/11912)   [Kremote: Compressing objects:  13% (1549/11912)   [Kremote: Compressing objects:  14% (1668/11912)   [Kremote: Compressing objects:  15% (1787/11912)   [Kremote: Compressing objects:  16% (1906/11912)   [Kremote: Compressing objects:  17% (2026/11912)   [Kremote: Compressing objects:  18% (2145/11912)   [Kremote: Compressing objects:  19% (2264/11912)   [Kremote: Compressing objects:  20% (2383/11912)   [Kremote: Compressing objects:  21% (2502/11912)   [Kremote: Compressing objects:  22% (2621/11912)   [Kremote: Compressing objects:  23% (2740/11912)   [Kremote: Compressing objects:  24% (2859/11912)   [Kremote: Compressing objects:  25% (2978/11912)   [Kremote: Compressing objects:  26% (3098/11912)   [Kremote: Compressing objects:  27% (3217/11912)   [Kremote: Compressing objects:  28% (3336/11912)   [Kremote: Compressing objects:  29% (3455/11912)   [Kremote: Compressing objects:  30% (3574/11912)   [Kremote: Compressing objects:  31% (3693/11912)   [Kremote: Compressing objects:  32% (3812/11912)   [Kremote: Compressing objects:  33% (3931/11912)   [Kremote: Compressing objects:  34% (4051/11912)   [Kremote: Compressing objects:  35% (4170/11912)   [Kremote: Compressing objects:  36% (4289/11912)   [Kremote: Compressing objects:  37% (4408/11912)   [Kremote: Compressing objects:  38% (4527/11912)   [Kremote: Compressing objects:  39% (4646/11912)   [Kremote: Compressing objects:  40% (4765/11912)   [Kremote: Compressing objects:  41% (4884/11912)   [Kremote: Compressing objects:  42% (5004/11912)   [Kremote: Compressing objects:  43% (5123/11912)   [Kremote: Compressing objects:  44% (5242/11912)   [Kremote: Compressing objects:  45% (5361/11912)   [Kremote: Compressing objects:  46% (5480/11912)   [Kremote: Compressing objects:  46% (5536/11912)   [Kremote: Compressing objects:  47% (5599/11912)   [Kremote: Compressing objects:  48% (5718/11912)   [Kremote: Compressing objects:  49% (5837/11912)   [Kremote: Compressing objects:  50% (5956/11912)   [Kremote: Compressing objects:  51% (6076/11912)   [Kremote: Compressing objects:  52% (6195/11912)   [Kremote: Compressing objects:  53% (6314/11912)   [Kremote: Compressing objects:  54% (6433/11912)   [Kremote: Compressing objects:  55% (6552/11912)   [Kremote: Compressing objects:  56% (6671/11912)   [Kremote: Compressing objects:  57% (6790/11912)   [Kremote: Compressing objects:  58% (6909/11912)   [Kremote: Compressing objects:  59% (7029/11912)   [Kremote: Compressing objects:  60% (7148/11912)   [Kremote: Compressing objects:  61% (7267/11912)   [Kremote: Compressing objects:  62% (7386/11912)   [Kremote: Compressing objects:  63% (7505/11912)   [Kremote: Compressing objects:  64% (7624/11912)   [Kremote: Compressing objects:  65% (7743/11912)   [Kremote: Compressing objects:  66% (7862/11912)   [Kremote: Compressing objects:  67% (7982/11912)   [Kremote: Compressing objects:  68% (8101/11912)   [Kremote: Compressing objects:  69% (8220/11912)   [Kremote: Compressing objects:  70% (8339/11912)   [Kremote: Compressing objects:  71% (8458/11912)   [Kremote: Compressing objects:  72% (8577/11912)   [Kremote: Compressing objects:  73% (8696/11912)   [Kremote: Compressing objects:  74% (8815/11912)   [Kremote: Compressing objects:  75% (8934/11912)   [Kremote: Compressing objects:  76% (9054/11912)   [Kremote: Compressing objects:  77% (9173/11912)   [Kremote: Compressing objects:  78% (9292/11912)   [Kremote: Compressing objects:  79% (9411/11912)   [Kremote: Compressing objects:  80% (9530/11912)   [Kremote: Compressing objects:  81% (9649/11912)   [Kremote: Compressing objects:  82% (9768/11912)   [Kremote: Compressing objects:  83% (9887/11912)   [Kremote: Compressing objects:  84% (10007/11912)   [Kremote: Compressing objects:  85% (10126/11912)   [Kremote: Compressing objects:  86% (10245/11912)   [Kremote: Compressing objects:  87% (10364/11912)   [Kremote: Compressing objects:  88% (10483/11912)   [Kremote: Compressing objects:  89% (10602/11912)   [Kremote: Compressing objects:  90% (10721/11912)   [Kremote: Compressing objects:  91% (10840/11912)   [Kremote: Compressing objects:  92% (10960/11912)   [Kremote: Compressing objects:  93% (11079/11912)   [Kremote: Compressing objects:  94% (11198/11912)   [Kremote: Compressing objects:  95% (11317/11912)   [Kremote: Compressing objects:  96% (11436/11912)   [Kremote: Compressing objects:  97% (11555/11912)   [Kremote: Compressing objects:  98% (11674/11912)   [Kremote: Compressing objects:  99% (11793/11912)   [Kremote: Compressing objects: 100% (11912/11912)   [Kremote: Compressing objects: 100% (11912/11912), done.[K
Receiving objects:   0% (1/17634)   Receiving objects:   1% (177/17634)   Receiving objects:   2% (353/17634)   Receiving objects:   3% (530/17634)   Receiving objects:   4% (706/17634)   Receiving objects:   5% (882/17634)   Receiving objects:   6% (1059/17634)   Receiving objects:   7% (1235/17634)   Receiving objects:   8% (1411/17634)   Receiving objects:   9% (1588/17634)   Receiving objects:  10% (1764/17634)   Receiving objects:  11% (1940/17634)   Receiving objects:  12% (2117/17634)   Receiving objects:  13% (2293/17634)   Receiving objects:  14% (2469/17634)   Receiving objects:  15% (2646/17634)   Receiving objects:  16% (2822/17634)   Receiving objects:  17% (2998/17634)   Receiving objects:  18% (3175/17634)   Receiving objects:  19% (3351/17634)   Receiving objects:  20% (3527/17634)   Receiving objects:  21% (3704/17634)   Receiving objects:  22% (3880/17634)   Receiving objects:  23% (4056/17634)   Receiving objects:  24% (4233/17634)   Receiving objects:  25% (4409/17634)   Receiving objects:  26% (4585/17634)   Receiving objects:  27% (4762/17634)   Receiving objects:  28% (4938/17634)   Receiving objects:  29% (5114/17634)   Receiving objects:  30% (5291/17634)   Receiving objects:  31% (5467/17634)   Receiving objects:  32% (5643/17634)   Receiving objects:  33% (5820/17634)   Receiving objects:  34% (5996/17634)   Receiving objects:  35% (6172/17634)   Receiving objects:  36% (6349/17634)   Receiving objects:  37% (6525/17634)   Receiving objects:  38% (6701/17634)   Receiving objects:  39% (6878/17634)   Receiving objects:  40% (7054/17634)   Receiving objects:  41% (7230/17634)   Receiving objects:  42% (7407/17634)   Receiving objects:  43% (7583/17634)   Receiving objects:  44% (7759/17634)   Receiving objects:  45% (7936/17634)   Receiving objects:  46% (8112/17634)   Receiving objects:  47% (8288/17634)   Receiving objects:  48% (8465/17634)   Receiving objects:  49% (8641/17634)   Receiving objects:  50% (8817/17634)   Receiving objects:  51% (8994/17634)   Receiving objects:  52% (9170/17634)   Receiving objects:  53% (9347/17634)   Receiving objects:  54% (9523/17634)   Receiving objects:  55% (9699/17634)   Receiving objects:  56% (9876/17634)   Receiving objects:  57% (10052/17634)   Receiving objects:  58% (10228/17634)   Receiving objects:  59% (10405/17634)   Receiving objects:  60% (10581/17634)   Receiving objects:  61% (10757/17634)   Receiving objects:  62% (10934/17634)   Receiving objects:  63% (11110/17634)   Receiving objects:  64% (11286/17634)   Receiving objects:  65% (11463/17634)   Receiving objects:  66% (11639/17634)   Receiving objects:  67% (11815/17634)   Receiving objects:  68% (11992/17634), 5.51 MiB | 10.98 MiB/s   Receiving objects:  69% (12168/17634), 5.51 MiB | 10.98 MiB/s   Receiving objects:  70% (12344/17634), 5.51 MiB | 10.98 MiB/s   Receiving objects:  71% (12521/17634), 5.51 MiB | 10.98 MiB/s   Receiving objects:  72% (12697/17634), 5.51 MiB | 10.98 MiB/s   Receiving objects:  73% (12873/17634), 5.51 MiB | 10.98 MiB/s   Receiving objects:  74% (13050/17634), 5.51 MiB | 10.98 MiB/s   Receiving objects:  75% (13226/17634), 5.51 MiB | 10.98 MiB/s   Receiving objects:  76% (13402/17634), 5.51 MiB | 10.98 MiB/s   Receiving objects:  77% (13579/17634), 5.51 MiB | 10.98 MiB/s   Receiving objects:  78% (13755/17634), 5.51 MiB | 10.98 MiB/s   Receiving objects:  79% (13931/17634), 5.51 MiB | 10.98 MiB/s   Receiving objects:  80% (14108/17634), 5.51 MiB | 10.98 MiB/s   Receiving objects:  81% (14284/17634), 5.51 MiB | 10.98 MiB/s   Receiving objects:  82% (14460/17634), 5.51 MiB | 10.98 MiB/s   Receiving objects:  83% (14637/17634), 5.51 MiB | 10.98 MiB/s   Receiving objects:  84% (14813/17634), 5.51 MiB | 10.98 MiB/s   Receiving objects:  85% (14989/17634), 5.51 MiB | 10.98 MiB/s   Receiving objects:  86% (15166/17634), 5.51 MiB | 10.98 MiB/s   Receiving objects:  87% (15342/17634), 5.51 MiB | 10.98 MiB/s   Receiving objects:  88% (15518/17634), 5.51 MiB | 10.98 MiB/s   Receiving objects:  89% (15695/17634), 5.51 MiB | 10.98 MiB/s   Receiving objects:  90% (15871/17634), 5.51 MiB | 10.98 MiB/s   Receiving objects:  91% (16047/17634), 5.51 MiB | 10.98 MiB/s   Receiving objects:  92% (16224/17634), 5.51 MiB | 10.98 MiB/s   Receiving objects:  93% (16400/17634), 5.51 MiB | 10.98 MiB/s   Receiving objects:  94% (16576/17634), 5.51 MiB | 10.98 MiB/s   Receiving objects:  95% (16753/17634), 5.51 MiB | 10.98 MiB/s   Receiving objects:  96% (16929/17634), 5.51 MiB | 10.98 MiB/s   Receiving objects:  97% (17105/17634), 5.51 MiB | 10.98 MiB/s   Receiving objects:  98% (17282/17634), 5.51 MiB | 10.98 MiB/s   Receiving objects:  99% (17458/17634), 5.51 MiB | 10.98 MiB/s   remote: Total 17634 (delta 5447), reused 9977 (delta 2351), pack-reused 0[K
Receiving objects: 100% (17634/17634), 5.51 MiB | 10.98 MiB/s   Receiving objects: 100% (17634/17634), 10.72 MiB | 10.98 MiB/s, done.
Resolving deltas:   0% (0/5447)   Resolving deltas:   1% (60/5447)   Resolving deltas:   2% (116/5447)   Resolving deltas:   3% (164/5447)   Resolving deltas:   4% (223/5447)   Resolving deltas:   5% (285/5447)   Resolving deltas:   6% (331/5447)   Resolving deltas:   7% (384/5447)   Resolving deltas:   8% (438/5447)   Resolving deltas:   9% (491/5447)   Resolving deltas:  10% (559/5447)   Resolving deltas:  11% (600/5447)   Resolving deltas:  12% (654/5447)   Resolving deltas:  13% (714/5447)   Resolving deltas:  14% (764/5447)   Resolving deltas:  15% (823/5447)   Resolving deltas:  16% (875/5447)   Resolving deltas:  17% (932/5447)   Resolving deltas:  18% (983/5447)   Resolving deltas:  19% (1047/5447)   Resolving deltas:  20% (1105/5447)   Resolving deltas:  21% (1148/5447)   Resolving deltas:  22% (1199/5447)   Resolving deltas:  23% (1254/5447)   Resolving deltas:  24% (1310/5447)   Resolving deltas:  25% (1365/5447)   Resolving deltas:  26% (1417/5447)   Resolving deltas:  27% (1471/5447)   Resolving deltas:  28% (1530/5447)   Resolving deltas:  29% (1580/5447)   Resolving deltas:  30% (1635/5447)   Resolving deltas:  31% (1692/5447)   Resolving deltas:  32% (1745/5447)   Resolving deltas:  33% (1799/5447)   Resolving deltas:  34% (1852/5447)   Resolving deltas:  35% (1909/5447)   Resolving deltas:  36% (1961/5447)   Resolving deltas:  37% (2016/5447)   Resolving deltas:  38% (2070/5447)   Resolving deltas:  39% (2127/5447)   Resolving deltas:  40% (2182/5447)   Resolving deltas:  41% (2240/5447)   Resolving deltas:  42% (2288/5447)   Resolving deltas:  43% (2349/5447)   Resolving deltas:  44% (2397/5447)   Resolving deltas:  45% (2453/5447)   Resolving deltas:  46% (2506/5447)   Resolving deltas:  47% (2562/5447)   Resolving deltas:  48% (2616/5447)   Resolving deltas:  49% (2675/5447)   Resolving deltas:  50% (2725/5447)   Resolving deltas:  51% (2779/5447)   Resolving deltas:  52% (2837/5447)   Resolving deltas:  53% (2887/5447)   Resolving deltas:  54% (2945/5447)   Resolving deltas:  55% (3004/5447)   Resolving deltas:  56% (3052/5447)   Resolving deltas:  57% (3107/5447)   Resolving deltas:  58% (3189/5447)   Resolving deltas:  59% (3218/5447)   Resolving deltas:  60% (3270/5447)   Resolving deltas:  61% (3325/5447)   Resolving deltas:  62% (3382/5447)   Resolving deltas:  63% (3432/5447)   Resolving deltas:  64% (3489/5447)   Resolving deltas:  65% (3541/5447)   Resolving deltas:  66% (3598/5447)   Resolving deltas:  67% (3651/5447)   Resolving deltas:  68% (3710/5447)   Resolving deltas:  69% (3760/5447)   Resolving deltas:  70% (3817/5447)   Resolving deltas:  71% (3869/5447)   Resolving deltas:  72% (3922/5447)   Resolving deltas:  73% (3978/5447)   Resolving deltas:  74% (4034/5447)   Resolving deltas:  75% (4090/5447)   Resolving deltas:  76% (4147/5447)   Resolving deltas:  77% (4211/5447)   Resolving deltas:  78% (4251/5447)   Resolving deltas:  79% (4304/5447)   Resolving deltas:  80% (4360/5447)   Resolving deltas:  81% (4413/5447)   Resolving deltas:  82% (4468/5447)   Resolving deltas:  83% (4522/5447)   Resolving deltas:  84% (4576/5447)   Resolving deltas:  85% (4630/5447)   Resolving deltas:  86% (4685/5447)   Resolving deltas:  87% (4740/5447)   Resolving deltas:  88% (4794/5447)   Resolving deltas:  89% (4849/5447)   Resolving deltas:  90% (4904/5447)   Resolving deltas:  91% (4957/5447)   Resolving deltas:  92% (5012/5447)   Resolving deltas:  93% (5066/5447)   Resolving deltas:  94% (5121/5447)   Resolving deltas:  95% (5175/5447)   Resolving deltas:  96% (5241/5447)   Resolving deltas:  97% (5284/5447)   Resolving deltas:  98% (5340/5447)   Resolving deltas:  99% (5397/5447)   Resolving deltas: 100% (5447/5447)   Resolving deltas: 100% (5447/5447), done.
Checking connectivity... done.
travis_time:end:08af528c:start=1441586133182659889,finish=1441586137288932621,duration=4106272732[0K$ cd gradle/gradle
travis_time:start:09465429[0K$ git fetch origin +refs/pull/517/merge:
remote: Counting objects: 14, done.[K
remote: Compressing objects:  14% (1/7)   [Kremote: Compressing objects:  28% (2/7)   [Kremote: Compressing objects:  42% (3/7)   [Kremote: Compressing objects:  57% (4/7)   [Kremote: Compressing objects:  71% (5/7)   [Kremote: Compressing objects:  85% (6/7)   [Kremote: Compressing objects: 100% (7/7)   [Kremote: Compressing objects: 100% (7/7), done.[K
remote: Total 14 (delta 3), reused 13 (delta 3), pack-reused 0[K
Unpacking objects:   7% (1/14)   Unpacking objects:  14% (2/14)   Unpacking objects:  21% (3/14)   Unpacking objects:  28% (4/14)   Unpacking objects:  35% (5/14)   Unpacking objects:  42% (6/14)   Unpacking objects:  50% (7/14)   Unpacking objects:  57% (8/14)   Unpacking objects:  64% (9/14)   Unpacking objects:  71% (10/14)   Unpacking objects:  78% (11/14)   Unpacking objects:  85% (12/14)   Unpacking objects:  92% (13/14)   Unpacking objects: 100% (14/14)   Unpacking objects: 100% (14/14), done.
From git://github.com/gradle/gradle
 * branch            refs/pull/517/merge -> FETCH_HEAD
travis_time:end:09465429:start=1441586137300884247,finish=1441586137542774980,duration=241890733[0K$ git checkout -qf FETCH_HEAD
travis_fold:end:git.checkout[0K
[33;1mSetting environment variables from .travis.yml[0m
$ export TERM=dumb
$ export GRADLE_OPTS="-Xmx1024m -Xms256m -XX:MaxPermSize=256m -XX:+CMSClassUnloadingEnabled"
$ export CI_TEST_SPLIT=3

$ jdk_switcher use oraclejdk7
Switching to Oracle JDK7 (java-7-oracle), JAVA_HOME will be set to /usr/lib/jvm/java-7-oracle
$ export TERM=dumb
$ java -Xmx32m -version
java version "1.7.0_76"
Java(TM) SE Runtime Environment (build 1.7.0_76-b13)
Java HotSpot(TM) 64-Bit Server VM (build 24.76-b04, mixed mode)
$ javac -J-Xmx32m -version
javac 1.7.0_76
travis_fold:start:install[0Ktravis_time:start:04a6ab48[0K$ true
travis_time:end:04a6ab48:start=1441586138336427474,finish=1441586138345960032,duration=9532558[0Ktravis_fold:end:install[0Ktravis_time:start:03fe4f05[0K$ ./travisci_build.sh
Downloading https://services.gradle.org/distributions/gradle-2.7-rc-2-bin.zip
................................................................................................................................................................................................................................................................................................................................................................................................................................................................................................................................................................................................................................................................................................................................................................................................................................................................................................................................................................................................................................................................................................................................................................................................................................................................................................................................................................................................................................................................................................................................................................................................................................................................................................................................................................................................................................................................................................................................................................................................................................................................................................................................................................................................................................................................................................................................
Unzipping /home/travis/.gradle/wrapper/dists/gradle-2.7-rc-2-bin/f2rqoi98czxjv71c8akmp38qb/gradle-2.7-rc-2-bin.zip to /home/travis/.gradle/wrapper/dists/gradle-2.7-rc-2-bin/f2rqoi98czxjv71c8akmp38qb
Set executable permissions for: /home/travis/.gradle/wrapper/dists/gradle-2.7-rc-2-bin/f2rqoi98czxjv71c8akmp38qb/gradle-2.7-rc-2/bin/gradle
Download https://repo.gradle.org/gradle/libs/com/google/guava/guava-jdk5/14.0.1/guava-jdk5-14.0.1.pom
Download https://repo.gradle.org/gradle/libs/com/google/guava/guava-parent-jdk5/14.0.1/guava-parent-jdk5-14.0.1.pom
Download https://repo.gradle.org/gradle/libs/org/sonatype/oss/oss-parent/7/oss-parent-7.pom
Download https://repo.gradle.org/gradle/libs/commons-lang/commons-lang/2.6/commons-lang-2.6.pom
Download https://repo.gradle.org/gradle/libs/org/apache/commons/commons-parent/17/commons-parent-17.pom
Download https://repo.gradle.org/gradle/libs/org/apache/apache/7/apache-7.pom
Download https://repo.gradle.org/gradle/libs/org/pegdown/pegdown/1.1.0/pegdown-1.1.0.pom
Download https://repo.gradle.org/gradle/libs/org/jsoup/jsoup/1.6.3/jsoup-1.6.3.pom
Download https://repo.gradle.org/gradle/libs/org/gradle/jarjar/jarjar/1.2.1/jarjar-1.2.1.pom
Download https://repo.gradle.org/gradle/libs/org/parboiled/parboiled-core/1.0.2/parboiled-core-1.0.2.pom
Download https://repo.gradle.org/gradle/libs/org/parboiled/parboiled-java/1.0.2/parboiled-java-1.0.2.pom
Download https://repo.gradle.org/gradle/libs/asm/asm/3.3.1/asm-3.3.1.pom
Download https://repo.gradle.org/gradle/libs/asm/asm-parent/3.3.1/asm-parent-3.3.1.pom
Download https://repo.gradle.org/gradle/libs/asm/asm-util/3.3.1/asm-util-3.3.1.pom
Download https://repo.gradle.org/gradle/libs/asm/asm-tree/3.3.1/asm-tree-3.3.1.pom
Download https://repo.gradle.org/gradle/libs/asm/asm-analysis/3.3.1/asm-analysis-3.3.1.pom
Download https://repo.gradle.org/gradle/libs/com/google/guava/guava-jdk5/14.0.1/guava-jdk5-14.0.1.jar
Download https://repo.gradle.org/gradle/libs/commons-lang/commons-lang/2.6/commons-lang-2.6.jar
Download https://repo.gradle.org/gradle/libs/org/pegdown/pegdown/1.1.0/pegdown-1.1.0.jar
Download https://repo.gradle.org/gradle/libs/org/jsoup/jsoup/1.6.3/jsoup-1.6.3.jar
Download https://repo.gradle.org/gradle/libs/org/gradle/jarjar/jarjar/1.2.1/jarjar-1.2.1.jar
Download https://repo.gradle.org/gradle/libs/org/parboiled/parboiled-core/1.0.2/parboiled-core-1.0.2.jar
Download https://repo.gradle.org/gradle/libs/org/parboiled/parboiled-java/1.0.2/parboiled-java-1.0.2.jar
Download https://repo.gradle.org/gradle/libs/asm/asm/3.3.1/asm-3.3.1.jar
Download https://repo.gradle.org/gradle/libs/asm/asm-util/3.3.1/asm-util-3.3.1.jar
Download https://repo.gradle.org/gradle/libs/asm/asm-tree/3.3.1/asm-tree-3.3.1.jar
Download https://repo.gradle.org/gradle/libs/asm/asm-analysis/3.3.1/asm-analysis-3.3.1.jar
:buildSrc:clean UP-TO-DATE
:buildSrc:compileJava UP-TO-DATE
:buildSrc:compileGroovy
:buildSrc:processResources
:buildSrc:classes
:buildSrc:jar
:buildSrc:assemble
:buildSrc:checkstyleMain
Download https://repo.gradle.org/gradle/libs/com/puppycrawl/tools/checkstyle/5.9/checkstyle-5.9.pom
Download https://repo.gradle.org/gradle/libs/antlr/antlr/2.7.7/antlr-2.7.7.pom
Download https://repo.gradle.org/gradle/libs/commons-beanutils/commons-beanutils-core/1.8.3/commons-beanutils-core-1.8.3.pom
Download https://repo.gradle.org/gradle/libs/org/apache/apache/4/apache-4.pom
Download https://repo.gradle.org/gradle/libs/commons-cli/commons-cli/1.2/commons-cli-1.2.pom
Download https://repo.gradle.org/gradle/libs/org/apache/commons/commons-parent/11/commons-parent-11.pom
Download https://repo.gradle.org/gradle/libs/com/puppycrawl/tools/checkstyle/5.9/checkstyle-5.9.jar
Download https://repo.gradle.org/gradle/libs/antlr/antlr/2.7.7/antlr-2.7.7.jar
Download https://repo.gradle.org/gradle/libs/commons-beanutils/commons-beanutils-core/1.8.3/commons-beanutils-core-1.8.3.jar
Download https://repo.gradle.org/gradle/libs/commons-cli/commons-cli/1.2/commons-cli-1.2.jar
:buildSrc:compileTestJava UP-TO-DATE
:buildSrc:compileTestGroovy
Download https://repo.gradle.org/gradle/libs/junit/junit/4.12/junit-4.12.pom
Download https://repo.gradle.org/gradle/libs/org/spockframework/spock-core/0.7-groovy-2.0/spock-core-0.7-groovy-2.0.pom
Download https://repo.gradle.org/gradle/libs/cglib/cglib-nodep/2.2/cglib-nodep-2.2.pom
Download https://repo.gradle.org/gradle/libs/org/objenesis/objenesis/1.2/objenesis-1.2.pom
Download https://repo.gradle.org/gradle/libs/org/objenesis/objenesis-parent/1.2/objenesis-parent-1.2.pom
Download https://repo.gradle.org/gradle/libs/junit/junit/4.12/junit-4.12.jar
Download https://repo.gradle.org/gradle/libs/org/spockframework/spock-core/0.7-groovy-2.0/spock-core-0.7-groovy-2.0.jar
Download https://repo.gradle.org/gradle/libs/cglib/cglib-nodep/2.2/cglib-nodep-2.2.jar
Download https://repo.gradle.org/gradle/libs/org/objenesis/objenesis/1.2/objenesis-1.2.jar
:buildSrc:processTestResources
:buildSrc:testClasses
:buildSrc:checkstyleTest UP-TO-DATE
:buildSrc:codenarcMain
Download https://repo.gradle.org/gradle/libs/org/codenarc/CodeNarc/0.23/CodeNarc-0.23.pom
Download https://repo.gradle.org/gradle/libs/org/codehaus/groovy/groovy-all/2.4.4/groovy-all-2.4.4.pom
Download https://repo.gradle.org/gradle/libs/org/gmetrics/GMetrics/0.7/GMetrics-0.7.pom
Download https://repo.gradle.org/gradle/libs/junit/junit/4.8.1/junit-4.8.1.pom
Download https://repo.gradle.org/gradle/libs/org/codenarc/CodeNarc/0.23/CodeNarc-0.23.jar
Download https://repo.gradle.org/gradle/libs/org/codehaus/groovy/groovy-all/2.4.4/groovy-all-2.4.4.jar
Download https://repo.gradle.org/gradle/libs/org/gmetrics/GMetrics/0.7/GMetrics-0.7.jar
Download https://repo.gradle.org/gradle/libs/junit/junit/4.8.1/junit-4.8.1.jar
:buildSrc:codenarcTest
:buildSrc:test
:buildSrc:check
:buildSrc:build
Downloading the released versions from: https://services.gradle.org/versions/all
Download https://repo1.maven.org/maven2/com/uwyn/jhighlight/1.0/jhighlight-1.0.pom
Download https://repo1.maven.org/maven2/com/uwyn/jhighlight/1.0/jhighlight-1.0.jar
============================================
testSplit3 configured to test the following projects: 
baseServices
cli
diagnostics
ide
internalTesting
jetty
languageNative
messaging
openApi
platformJvm
pluginUse
resources
scala
testingNative
wrapper
============================================
:startHeartBeat
Starting heartbeat.
 [heartbeat] 
:killExistingDaemons
:baseServices:classpathManifest
Download https://repo.gradle.org/gradle/libs/com/google/guava/guava-jdk5/17.0/guava-jdk5-17.0.pom
Download https://repo.gradle.org/gradle/libs/com/google/guava/guava-parent-jdk5/17.0/guava-parent-jdk5-17.0.pom
Download https://repo.gradle.org/gradle/libs/org/slf4j/slf4j-api/1.7.10/slf4j-api-1.7.10.pom
Download https://repo.gradle.org/gradle/libs/org/slf4j/slf4j-parent/1.7.10/slf4j-parent-1.7.10.pom
Download https://repo.gradle.org/gradle/libs/com/google/guava/guava-jdk5/17.0/guava-jdk5-17.0.jar
Download https://repo.gradle.org/gradle/libs/org/slf4j/slf4j-api/1.7.10/slf4j-api-1.7.10.jar
:baseServices:compileJavaNote: Some input files use unchecked or unsafe operations.
Note: Recompile with -Xlint:unchecked for details.

:baseServices:compileGroovy UP-TO-DATE
:baseServices:processResources UP-TO-DATE
:baseServices:classes
:baseServices:jar
:baseServicesGroovy:classpathManifest
:baseServicesGroovy:compileJava UP-TO-DATE
:baseServicesGroovy:compileGroovyNote: /home/travis/build/gradle/gradle/subprojects/base-services-groovy/src/main/groovy/org/gradle/api/specs/AndSpec.java uses unchecked or unsafe operations.
Note: Recompile with -Xlint:unchecked for details.

:baseServicesGroovy:processResources UP-TO-DATE
:baseServicesGroovy:classes
:baseServicesGroovy:jar
:cli:classpathManifest
:cli:compileJava
:cli:compileGroovy UP-TO-DATE
:cli:processResources UP-TO-DATE
:cli:classes
:cli:jar
:determineCommitId
:createBuildReceipt
:core:buildReceiptResource
:core:classpathManifest
Download https://repo.gradle.org/gradle/libs/org/ow2/asm/asm-all/5.0.3/asm-all-5.0.3.pom
Download https://repo.gradle.org/gradle/libs/org/ow2/asm/asm-parent/5.0.3/asm-parent-5.0.3.pom
Download https://repo.gradle.org/gradle/libs/org/ow2/ow2/1.3/ow2-1.3.pom
Download https://repo.gradle.org/gradle/libs/org/apache/ant/ant/1.9.3/ant-1.9.3.pom
Download https://repo.gradle.org/gradle/libs/org/apache/ant/ant-parent/1.9.3/ant-parent-1.9.3.pom
Download https://repo.gradle.org/gradle/libs/commons-collections/commons-collections/3.2.1/commons-collections-3.2.1.pom
Download https://repo.gradle.org/gradle/libs/org/apache/commons/commons-parent/9/commons-parent-9.pom
Download https://repo.gradle.org/gradle/libs/commons-io/commons-io/1.4/commons-io-1.4.pom
Download https://repo.gradle.org/gradle/libs/org/apache/commons/commons-parent/7/commons-parent-7.pom
Download https://repo.gradle.org/gradle/libs/net/jcip/jcip-annotations/1.0/jcip-annotations-1.0.pom
Download https://repo.gradle.org/gradle/libs/org/slf4j/jul-to-slf4j/1.7.10/jul-to-slf4j-1.7.10.pom
Download https://repo.gradle.org/gradle/libs/com/googlecode/jarjar/jarjar/1.3/jarjar-1.3.pom
Download https://repo.gradle.org/gradle/libs/javax/inject/javax.inject/1/javax.inject-1.pom
Download https://repo.gradle.org/gradle/libs/org/slf4j/log4j-over-slf4j/1.7.10/log4j-over-slf4j-1.7.10.pom
Download https://repo.gradle.org/gradle/libs/org/slf4j/jcl-over-slf4j/1.7.10/jcl-over-slf4j-1.7.10.pom
Download https://repo.gradle.org/gradle/libs/org/apache/ant/ant-launcher/1.9.3/ant-launcher-1.9.3.pom
Download https://repo.gradle.org/gradle/libs/net/java/dev/jna/jna/3.2.7/jna-3.2.7.pom
Download https://repo.gradle.org/gradle/libs/net/rubygrapefruit/native-platform/0.10/native-platform-0.10.pom
Download https://repo.gradle.org/gradle/libs/org/fusesource/jansi/jansi/1.2.1/jansi-1.2.1.pom
Download https://repo.gradle.org/gradle/libs/com/esotericsoftware/kryo/kryo/2.20/kryo-2.20.pom
Download https://repo.gradle.org/gradle/libs/net/rubygrapefruit/native-platform-osx-i386/0.10/native-platform-osx-i386-0.10.pom
Download https://repo.gradle.org/gradle/libs/net/rubygrapefruit/native-platform-osx-amd64/0.10/native-platform-osx-amd64-0.10.pom
Download https://repo.gradle.org/gradle/libs/net/rubygrapefruit/native-platform-linux-amd64/0.10/native-platform-linux-amd64-0.10.pom
Download https://repo.gradle.org/gradle/libs/net/rubygrapefruit/native-platform-linux-i386/0.10/native-platform-linux-i386-0.10.pom
Download https://repo.gradle.org/gradle/libs/net/rubygrapefruit/native-platform-windows-amd64/0.10/native-platform-windows-amd64-0.10.pom
Download https://repo.gradle.org/gradle/libs/net/rubygrapefruit/native-platform-windows-i386/0.10/native-platform-windows-i386-0.10.pom
Download https://repo.gradle.org/gradle/libs/net/rubygrapefruit/native-platform-freebsd-i386/0.10/native-platform-freebsd-i386-0.10.pom
Download https://repo.gradle.org/gradle/libs/net/rubygrapefruit/native-platform-freebsd-amd64/0.10/native-platform-freebsd-amd64-0.10.pom
Download https://repo.gradle.org/gradle/libs/com/esotericsoftware/reflectasm/reflectasm/1.07/reflectasm-1.07.pom
Download https://repo.gradle.org/gradle/libs/com/esotericsoftware/minlog/minlog/1.2/minlog-1.2.pom
Download https://repo.gradle.org/gradle/libs/org/ow2/asm/asm-all/5.0.3/asm-all-5.0.3.jar
Download https://repo.gradle.org/gradle/libs/org/apache/ant/ant/1.9.3/ant-1.9.3.jar
Download https://repo.gradle.org/gradle/libs/commons-collections/commons-collections/3.2.1/commons-collections-3.2.1.jar
Download https://repo.gradle.org/gradle/libs/commons-io/commons-io/1.4/commons-io-1.4.jar
Download https://repo.gradle.org/gradle/libs/net/jcip/jcip-annotations/1.0/jcip-annotations-1.0.jar
Download https://repo.gradle.org/gradle/libs/org/slf4j/jul-to-slf4j/1.7.10/jul-to-slf4j-1.7.10.jar
Download https://repo.gradle.org/gradle/libs/com/googlecode/jarjar/jarjar/1.3/jarjar-1.3.jar
Download https://repo.gradle.org/gradle/libs/javax/inject/javax.inject/1/javax.inject-1.jar
Download https://repo.gradle.org/gradle/libs/org/slf4j/log4j-over-slf4j/1.7.10/log4j-over-slf4j-1.7.10.jar
Download https://repo.gradle.org/gradle/libs/org/slf4j/jcl-over-slf4j/1.7.10/jcl-over-slf4j-1.7.10.jar
Download https://repo.gradle.org/gradle/libs/org/apache/ant/ant-launcher/1.9.3/ant-launcher-1.9.3.jar
:messaging:classpathManifest
Download https://repo.gradle.org/gradle/libs/com/esotericsoftware/kryo/kryo/2.20/kryo-2.20.jar
Download https://repo.gradle.org/gradle/libs/com/esotericsoftware/reflectasm/reflectasm/1.07/reflectasm-1.07-shaded.jar
Download https://repo.gradle.org/gradle/libs/com/esotericsoftware/minlog/minlog/1.2/minlog-1.2.jar
:messaging:compileJavaNote: Some input files use unchecked or unsafe operations.
Note: Recompile with -Xlint:unchecked for details.

:messaging:compileGroovy UP-TO-DATE
:messaging:processResources UP-TO-DATE
:messaging:classes
:messaging:jar
:modelCore:classpathManifest
:modelCore:compileJavaNote: Some input files use or override a deprecated API.
Note: Recompile with -Xlint:deprecation for details.

:modelCore:compileGroovy UP-TO-DATE
:modelCore:processResources UP-TO-DATE
:modelCore:classes
:modelCore:jar
:modelGroovy:classpathManifest
:modelGroovy:compileJava
:modelGroovy:compileGroovy UP-TO-DATE
:modelGroovy:processResources UP-TO-DATE
:modelGroovy:classes
:modelGroovy:jar
:native:classpathManifest
Download https://repo.gradle.org/gradle/libs/net/java/dev/jna/jna/3.2.7/jna-3.2.7.jar
Download https://repo.gradle.org/gradle/libs/net/rubygrapefruit/native-platform/0.10/native-platform-0.10.jar
Download https://repo.gradle.org/gradle/libs/org/fusesource/jansi/jansi/1.2.1/jansi-1.2.1.jar
Download https://repo.gradle.org/gradle/libs/net/rubygrapefruit/native-platform-osx-i386/0.10/native-platform-osx-i386-0.10.jar
Download https://repo.gradle.org/gradle/libs/net/rubygrapefruit/native-platform-osx-amd64/0.10/native-platform-osx-amd64-0.10.jar
Download https://repo.gradle.org/gradle/libs/net/rubygrapefruit/native-platform-linux-amd64/0.10/native-platform-linux-amd64-0.10.jar
Download https://repo.gradle.org/gradle/libs/net/rubygrapefruit/native-platform-linux-i386/0.10/native-platform-linux-i386-0.10.jar
Download https://repo.gradle.org/gradle/libs/net/rubygrapefruit/native-platform-windows-amd64/0.10/native-platform-windows-amd64-0.10.jar
Download https://repo.gradle.org/gradle/libs/net/rubygrapefruit/native-platform-windows-i386/0.10/native-platform-windows-i386-0.10.jar
Download https://repo.gradle.org/gradle/libs/net/rubygrapefruit/native-platform-freebsd-i386/0.10/native-platform-freebsd-i386-0.10.jar
Download https://repo.gradle.org/gradle/libs/net/rubygrapefruit/native-platform-freebsd-amd64/0.10/native-platform-freebsd-amd64-0.10.jar
:native:compileJavaNote: /home/travis/build/gradle/gradle/subprojects/native/src/main/java/org/gradle/internal/nativeintegration/services/NativeServices.java uses unchecked or unsafe operations.
Note: Recompile with -Xlint:unchecked for details.

:native:compileGroovy UP-TO-DATE
:native:processResources UP-TO-DATE
:native:classes
:native:jar
:resources:classpathManifest
:resources:compileJavaNote: /home/travis/build/gradle/gradle/subprojects/resources/src/main/java/org/gradle/internal/authentication/DefaultAuthenticationSchemeRegistry.java uses unchecked or unsafe operations.
Note: Recompile with -Xlint:unchecked for details.

:resources:compileGroovy UP-TO-DATE
:resources:processResources UP-TO-DATE
:resources:classes
:resources:jar
:core:compileJava UP-TO-DATE
:core:compileGroovyNote: Some input files use or override a deprecated API.
Note: Recompile with -Xlint:deprecation for details.
Note: Some input files use unchecked or unsafe operations.
Note: Recompile with -Xlint:unchecked for details.

:core:pluginsManifest
:core:processResources
:core:classes
:core:jar
:internalTesting:classpathManifest
Download https://repo.gradle.org/gradle/libs/org/jmock/jmock/2.5.1/jmock-2.5.1.pom
Download https://repo.gradle.org/gradle/libs/org/jmock/jmock-parent/2.5.1/jmock-parent-2.5.1.pom
Download https://repo.gradle.org/gradle/libs/org/hamcrest/hamcrest-core/1.3/hamcrest-core-1.3.pom
Download https://repo.gradle.org/gradle/libs/org/hamcrest/hamcrest-parent/1.3/hamcrest-parent-1.3.pom
Download https://repo.gradle.org/gradle/libs/org/hamcrest/hamcrest-library/1.3/hamcrest-library-1.3.pom
Download https://repo.gradle.org/gradle/libs/org/jmock/jmock-junit4/2.5.1/jmock-junit4-2.5.1.pom
Download https://repo.gradle.org/gradle/libs/org/jmock/jmock-legacy/2.5.1/jmock-legacy-2.5.1.pom
Download https://repo.gradle.org/gradle/libs/com/google/code/findbugs/jsr305/1.3.9/jsr305-1.3.9.pom
Download https://repo.gradle.org/gradle/libs/cglib/cglib-nodep/2.2.2/cglib-nodep-2.2.2.pom
Download https://repo.gradle.org/gradle/libs/org/jmock/jmock/2.5.1/jmock-2.5.1.jar
Download https://repo.gradle.org/gradle/libs/org/hamcrest/hamcrest-core/1.3/hamcrest-core-1.3.jar
Download https://repo.gradle.org/gradle/libs/org/hamcrest/hamcrest-library/1.3/hamcrest-library-1.3.jar
Download https://repo.gradle.org/gradle/libs/org/jmock/jmock-junit4/2.5.1/jmock-junit4-2.5.1.jar
Download https://repo.gradle.org/gradle/libs/org/jmock/jmock-legacy/2.5.1/jmock-legacy-2.5.1.jar
Download https://repo.gradle.org/gradle/libs/com/google/code/findbugs/jsr305/1.3.9/jsr305-1.3.9.jar
Download https://repo.gradle.org/gradle/libs/cglib/cglib-nodep/2.2.2/cglib-nodep-2.2.2.jar
:internalTesting:compileJava UP-TO-DATE
:internalTesting:compileGroovyNote: /home/travis/build/gradle/gradle/subprojects/internal-testing/src/main/groovy/org/gradle/test/fixtures/file/TestFile.java uses or overrides a deprecated API.
Note: Recompile with -Xlint:deprecation for details.

:internalTesting:processResources UP-TO-DATE
:internalTesting:classes
:internalTesting:jar
:core:compileTestFixturesJava UP-TO-DATE
:core:compileTestFixturesGroovy
Download https://repo.gradle.org/gradle/libs/org/apache/ivy/ivy/2.2.0/ivy-2.2.0.pom
Download https://repo.gradle.org/gradle/libs/com/jcraft/jsch/0.1.51/jsch-0.1.51.pom
Download https://repo.gradle.org/gradle/libs/org/sonatype/oss/oss-parent/6/oss-parent-6.pom
Download https://repo.gradle.org/gradle/libs/org/apache/ivy/ivy/2.2.0/ivy-2.2.0.jar
Download https://repo.gradle.org/gradle/libs/com/jcraft/jsch/0.1.51/jsch-0.1.51.jar
Note: Some input files use unchecked or unsafe operations.
Note: Recompile with -Xlint:unchecked for details.
:core:processTestFixturesResources UP-TO-DATE
:core:testFixturesClasses
:docs:classpathManifest
:docs:compileJava UP-TO-DATE
:docs:compileGroovy UP-TO-DATE
:docs:dslMetaData
Parsed 1119 classes in 7.046 secs
:docs:defaultImports
Multiple DSL types have short name 'MavenPom'
    * org.gradle.api.publish.maven.MavenPom
    * org.gradle.api.artifacts.maven.MavenPom
Multiple DSL types have short name 'Jar'
    * org.gradle.jvm.tasks.Jar
    * org.gradle.api.tasks.bundling.Jar
Multiple DSL types have short name 'BuildResult'
    * org.gradle.BuildResult
    * org.gradle.testkit.runner.BuildResult
Multiple DSL types have short name 'CreateStartScripts'
    * org.gradle.api.tasks.application.CreateStartScripts
    * org.gradle.jvm.application.tasks.CreateStartScripts
:docs:processResources UP-TO-DATE
:docs:classes
:docs:jar
:baseServices:compileTestJava UP-TO-DATE
:baseServices:compileTestGroovy
:baseServices:processTestResources
:baseServices:testClasses
:dependencyManagement:classpathManifest
Download https://repo.gradle.org/gradle/libs/com/google/code/gson/gson/2.2.4/gson-2.2.4.pom
Download https://repo.gradle.org/gradle/libs/org/apache/maven/maven-core/3.0.4/maven-core-3.0.4.pom
Download https://repo.gradle.org/gradle/libs/org/apache/maven/maven/3.0.4/maven-3.0.4.pom
Download https://repo.gradle.org/gradle/libs/org/apache/maven/maven-parent/21/maven-parent-21.pom
Download https://repo.gradle.org/gradle/libs/org/apache/apache/10/apache-10.pom
Download https://repo.gradle.org/gradle/libs/org/apache/xbean/xbean-reflect/3.4/xbean-reflect-3.4.pom
Download https://repo.gradle.org/gradle/libs/org/apache/xbean/xbean/3.4/xbean-3.4.pom
Download https://repo.gradle.org/gradle/libs/org/bouncycastle/bcprov-jdk15on/1.51/bcprov-jdk15on-1.51.pom
Download https://repo.gradle.org/gradle/libs/org/sonatype/plexus/plexus-sec-dispatcher/1.3/plexus-sec-dispatcher-1.3.pom
Download https://repo.gradle.org/gradle/libs/org/sonatype/spice/spice-parent/12/spice-parent-12.pom
Download https://repo.gradle.org/gradle/libs/org/sonatype/forge/forge-parent/4/forge-parent-4.pom
Download https://repo.gradle.org/gradle/libs/org/sonatype/aether/aether-util/1.13.1/aether-util-1.13.1.pom
Download https://repo.gradle.org/gradle/libs/org/sonatype/aether/aether/1.13.1/aether-1.13.1.pom
Download https://repo.gradle.org/gradle/libs/org/sonatype/forge/forge-parent/10/forge-parent-10.pom
Download https://repo.gradle.org/gradle/libs/org/sonatype/aether/aether-impl/1.13.1/aether-impl-1.13.1.pom
Download https://repo.gradle.org/gradle/libs/org/sonatype/aether/aether-spi/1.13.1/aether-spi-1.13.1.pom
Download https://repo.gradle.org/gradle/libs/org/apache/maven/wagon/wagon-provider-api/2.4/wagon-provider-api-2.4.pom
Download https://repo.gradle.org/gradle/libs/org/apache/maven/wagon/wagon/2.4/wagon-2.4.pom
Download https://repo.gradle.org/gradle/libs/org/apache/maven/maven-parent/23/maven-parent-23.pom
Download https://repo.gradle.org/gradle/libs/org/apache/apache/13/apache-13.pom
Download https://repo.gradle.org/gradle/libs/org/apache/maven/maven-aether-provider/3.0.4/maven-aether-provider-3.0.4.pom
Download https://repo.gradle.org/gradle/libs/org/apache/maven/maven-repository-metadata/3.0.4/maven-repository-metadata-3.0.4.pom
Download https://repo.gradle.org/gradle/libs/org/codehaus/plexus/plexus-classworlds/2.4/plexus-classworlds-2.4.pom
Download https://repo.gradle.org/gradle/libs/org/codehaus/plexus/plexus/2.0.7/plexus-2.0.7.pom
Download https://repo.gradle.org/gradle/libs/org/sonatype/aether/aether-connector-wagon/1.13.1/aether-connector-wagon-1.13.1.pom
Download https://repo.gradle.org/gradle/libs/org/apache/maven/maven-model/3.0.4/maven-model-3.0.4.pom
Download https://repo.gradle.org/gradle/libs/org/apache/maven/wagon/wagon-http/2.4/wagon-http-2.4.pom
Download https://repo.gradle.org/gradle/libs/org/apache/maven/wagon/wagon-providers/2.4/wagon-providers-2.4.pom
Download https://repo.gradle.org/gradle/libs/org/apache/maven/maven-settings-builder/3.0.4/maven-settings-builder-3.0.4.pom
Download https://repo.gradle.org/gradle/libs/org/apache/maven/maven-compat/3.0.4/maven-compat-3.0.4.pom
Download https://repo.gradle.org/gradle/libs/org/codehaus/plexus/plexus-component-annotations/1.5.5/plexus-component-annotations-1.5.5.pom
Download https://repo.gradle.org/gradle/libs/org/codehaus/plexus/plexus-containers/1.5.5/plexus-containers-1.5.5.pom
Download https://repo.gradle.org/gradle/libs/org/apache/maven/maven-plugin-api/3.0.4/maven-plugin-api-3.0.4.pom
Download https://repo.gradle.org/gradle/libs/org/codehaus/plexus/plexus-container-default/1.5.5/plexus-container-default-1.5.5.pom
Download https://repo.gradle.org/gradle/libs/org/apache/maven/maven-artifact/3.0.4/maven-artifact-3.0.4.pom
Download https://repo.gradle.org/gradle/libs/org/codehaus/plexus/plexus-interpolation/1.14/plexus-interpolation-1.14.pom
Download https://repo.gradle.org/gradle/libs/org/codehaus/plexus/plexus-components/1.1.18/plexus-components-1.1.18.pom
Download https://repo.gradle.org/gradle/libs/org/apache/maven/maven-settings/3.0.4/maven-settings-3.0.4.pom
Download https://repo.gradle.org/gradle/libs/org/sonatype/aether/aether-api/1.13.1/aether-api-1.13.1.pom
Download https://repo.gradle.org/gradle/libs/org/sonatype/plexus/plexus-cipher/1.7/plexus-cipher-1.7.pom
Download https://repo.gradle.org/gradle/libs/org/sonatype/spice/spice-parent/15/spice-parent-15.pom
Download https://repo.gradle.org/gradle/libs/org/sonatype/forge/forge-parent/5/forge-parent-5.pom
Download https://repo.gradle.org/gradle/libs/org/apache/maven/wagon/wagon-file/2.4/wagon-file-2.4.pom
Download https://repo.gradle.org/gradle/libs/org/apache/maven/maven-model-builder/3.0.4/maven-model-builder-3.0.4.pom
Download https://repo.gradle.org/gradle/libs/org/codehaus/plexus/plexus-utils/2.0.6/plexus-utils-2.0.6.pom
Download https://repo.gradle.org/gradle/libs/org/apache/maven/wagon/wagon-http-shared4/2.4/wagon-http-shared4-2.4.pom
Download https://repo.gradle.org/gradle/libs/com/google/code/gson/gson/2.2.4/gson-2.2.4.jar
Download https://repo.gradle.org/gradle/libs/org/apache/maven/maven-core/3.0.4/maven-core-3.0.4.jar
Download https://repo.gradle.org/gradle/libs/org/apache/xbean/xbean-reflect/3.4/xbean-reflect-3.4.jar
Download https://repo.gradle.org/gradle/libs/org/bouncycastle/bcprov-jdk15on/1.51/bcprov-jdk15on-1.51.jar
Download https://repo.gradle.org/gradle/libs/org/sonatype/plexus/plexus-sec-dispatcher/1.3/plexus-sec-dispatcher-1.3.jar
Download https://repo.gradle.org/gradle/libs/org/sonatype/aether/aether-util/1.13.1/aether-util-1.13.1.jar
Download https://repo.gradle.org/gradle/libs/org/sonatype/aether/aether-impl/1.13.1/aether-impl-1.13.1.jar
Download https://repo.gradle.org/gradle/libs/org/sonatype/aether/aether-spi/1.13.1/aether-spi-1.13.1.jar
Download https://repo.gradle.org/gradle/libs/org/apache/maven/wagon/wagon-provider-api/2.4/wagon-provider-api-2.4.jar
Download https://repo.gradle.org/gradle/libs/org/apache/maven/maven-aether-provider/3.0.4/maven-aether-provider-3.0.4.jar
Download https://repo.gradle.org/gradle/libs/org/apache/maven/maven-repository-metadata/3.0.4/maven-repository-metadata-3.0.4.jar
Download https://repo.gradle.org/gradle/libs/org/codehaus/plexus/plexus-classworlds/2.4/plexus-classworlds-2.4.jar
Download https://repo.gradle.org/gradle/libs/org/sonatype/aether/aether-connector-wagon/1.13.1/aether-connector-wagon-1.13.1.jar
Download https://repo.gradle.org/gradle/libs/org/apache/maven/maven-model/3.0.4/maven-model-3.0.4.jar
Download https://repo.gradle.org/gradle/libs/org/apache/maven/wagon/wagon-http/2.4/wagon-http-2.4.jar
Download https://repo.gradle.org/gradle/libs/org/apache/maven/maven-settings-builder/3.0.4/maven-settings-builder-3.0.4.jar
Download https://repo.gradle.org/gradle/libs/org/apache/maven/maven-compat/3.0.4/maven-compat-3.0.4.jar
Download https://repo.gradle.org/gradle/libs/org/codehaus/plexus/plexus-component-annotations/1.5.5/plexus-component-annotations-1.5.5.jar
Download https://repo.gradle.org/gradle/libs/org/apache/maven/maven-plugin-api/3.0.4/maven-plugin-api-3.0.4.jar
Download https://repo.gradle.org/gradle/libs/org/codehaus/plexus/plexus-container-default/1.5.5/plexus-container-default-1.5.5.jar
Download https://repo.gradle.org/gradle/libs/org/apache/maven/maven-artifact/3.0.4/maven-artifact-3.0.4.jar
Download https://repo.gradle.org/gradle/libs/org/codehaus/plexus/plexus-interpolation/1.14/plexus-interpolation-1.14.jar
Download https://repo.gradle.org/gradle/libs/org/apache/maven/maven-settings/3.0.4/maven-settings-3.0.4.jar
Download https://repo.gradle.org/gradle/libs/org/sonatype/aether/aether-api/1.13.1/aether-api-1.13.1.jar
Download https://repo.gradle.org/gradle/libs/org/sonatype/plexus/plexus-cipher/1.7/plexus-cipher-1.7.jar
Download https://repo.gradle.org/gradle/libs/org/apache/maven/wagon/wagon-file/2.4/wagon-file-2.4.jar
Download https://repo.gradle.org/gradle/libs/org/apache/maven/maven-model-builder/3.0.4/maven-model-builder-3.0.4.jar
Download https://repo.gradle.org/gradle/libs/org/codehaus/plexus/plexus-utils/2.0.6/plexus-utils-2.0.6.jar
Download https://repo.gradle.org/gradle/libs/org/apache/maven/wagon/wagon-http-shared4/2.4/wagon-http-shared4-2.4.jar
:dependencyManagement:compileJavaNote: Some input files use unchecked or unsafe operations.
Note: Recompile with -Xlint:unchecked for details.

:dependencyManagement:compileGroovy UP-TO-DATE
:dependencyManagement:processResources
:dependencyManagement:classes
:dependencyManagement:jar
:internalIntegTesting:classpathManifest
Download https://repo.gradle.org/gradle/libs/org/mortbay/jetty/jetty/6.1.25/jetty-6.1.25.pom
Download https://repo.gradle.org/gradle/libs/org/mortbay/jetty/project/6.1.25/project-6.1.25.pom
Download https://repo.gradle.org/gradle/libs/org/mortbay/jetty/jetty-parent/10/jetty-parent-10.pom
Download https://repo.gradle.org/gradle/libs/org/eclipse/jetty/jetty-parent/14/jetty-parent-14.pom
Download https://repo.gradle.org/gradle/libs/org/littleshoot/littleproxy/0.4/littleproxy-0.4.pom
Download https://repo.gradle.org/gradle/libs/org/apache/sshd/sshd-core/0.13.0/sshd-core-0.13.0.pom
Download https://repo.gradle.org/gradle/libs/org/apache/sshd/sshd/0.13.0/sshd-0.13.0.pom
Download https://repo.gradle.org/gradle/libs/org/apache/apache/15/apache-15.pom
Download https://repo.gradle.org/gradle/libs/joda-time/joda-time/2.8.2/joda-time-2.8.2.pom
Download https://repo.gradle.org/gradle/libs/org/mortbay/jetty/jetty-util/6.1.25/jetty-util-6.1.25.pom
Download https://repo.gradle.org/gradle/libs/org/mortbay/jetty/servlet-api/2.5-20081211/servlet-api-2.5-20081211.pom
Download https://repo.gradle.org/gradle/libs/org/mortbay/jetty/jetty-parent/7/jetty-parent-7.pom
Download https://repo.gradle.org/gradle/libs/org/jboss/netty/netty/3.2.4.Final/netty-3.2.4.Final.pom
Download https://repo.gradle.org/gradle/libs/org/jboss/jboss-parent/5/jboss-parent-5.pom
Download https://repo.gradle.org/gradle/libs/org/apache/mina/mina-core/2.0.8/mina-core-2.0.8.pom
Download https://repo.gradle.org/gradle/libs/org/apache/mina/mina-parent/2.0.8/mina-parent-2.0.8.pom
Download https://repo.gradle.org/gradle/libs/org/apache/apache/14/apache-14.pom
Download https://repo.gradle.org/gradle/libs/dom4j/dom4j/1.6.1/dom4j-1.6.1.pom
Download https://repo.gradle.org/gradle/libs/jaxen/jaxen/1.1/jaxen-1.1.pom
Download https://repo.gradle.org/gradle/libs/org/apache/httpcomponents/httpclient/4.2.2/httpclient-4.2.2.pom
Download https://repo.gradle.org/gradle/libs/org/apache/httpcomponents/httpcomponents-client/4.2.2/httpcomponents-client-4.2.2.pom
Download https://repo.gradle.org/gradle/libs/org/apache/httpcomponents/project/6/project-6.pom
Download https://repo.gradle.org/gradle/libs/net/sourceforge/nekohtml/nekohtml/1.9.14/nekohtml-1.9.14.pom
Download https://repo.gradle.org/gradle/libs/commons-codec/commons-codec/1.6/commons-codec-1.6.pom
Download https://repo.gradle.org/gradle/libs/org/apache/commons/commons-parent/22/commons-parent-22.pom
Download https://repo.gradle.org/gradle/libs/org/apache/apache/9/apache-9.pom
Download https://repo.gradle.org/gradle/libs/org/apache/httpcomponents/httpcore/4.2.2/httpcore-4.2.2.pom
Download https://repo.gradle.org/gradle/libs/org/apache/httpcomponents/httpcomponents-core/4.2.2/httpcomponents-core-4.2.2.pom
Download https://repo.gradle.org/gradle/libs/org/samba/jcifs/jcifs/1.3.17/jcifs-1.3.17.pom
Download https://repo.gradle.org/gradle/libs/xerces/xercesImpl/2.9.1/xercesImpl-2.9.1.pom
Download https://repo.gradle.org/gradle/libs/xml-apis/xml-apis/1.3.04/xml-apis-1.3.04.pom
Download https://repo.gradle.org/gradle/libs/org/apache/apache/3/apache-3.pom
Download https://repo.gradle.org/gradle/libs/org/mortbay/jetty/jetty/6.1.25/jetty-6.1.25.jar
Download https://repo.gradle.org/gradle/libs/org/littleshoot/littleproxy/0.4/littleproxy-0.4.jar
Download https://repo.gradle.org/gradle/libs/org/apache/sshd/sshd-core/0.13.0/sshd-core-0.13.0.jar
Download https://repo.gradle.org/gradle/libs/joda-time/joda-time/2.8.2/joda-time-2.8.2.jar
Download https://repo.gradle.org/gradle/libs/org/mortbay/jetty/servlet-api/2.5-20081211/servlet-api-2.5-20081211.jar
Download https://repo.gradle.org/gradle/libs/org/mortbay/jetty/jetty-util/6.1.25/jetty-util-6.1.25.jar
Download https://repo.gradle.org/gradle/libs/org/jboss/netty/netty/3.2.4.Final/netty-3.2.4.Final.jar
Download https://repo.gradle.org/gradle/libs/org/apache/mina/mina-core/2.0.8/mina-core-2.0.8.jar
:launcher:classpathManifest
:openApi:classpathManifest
:openApi:compileJavaNote: Some input files use or override a deprecated API.
Note: Recompile with -Xlint:deprecation for details.

:openApi:compileGroovy UP-TO-DATE
:openApi:processResources UP-TO-DATE
:openApi:classes
:openApi:jar
:toolingApi:classpathManifest
:wrapper:classpathManifest
:wrapper:compileJava
:wrapper:compileGroovy UP-TO-DATE
:wrapper:processResources UP-TO-DATE
:wrapper:classes
:wrapper:jar
:toolingApi:compileJavaNote: Some input files use or override a deprecated API.
Note: Recompile with -Xlint:deprecation for details.
Note: Some input files use unchecked or unsafe operations.
Note: Recompile with -Xlint:unchecked for details.

:toolingApi:compileGroovy UP-TO-DATE
:toolingApi:processResources UP-TO-DATE
:toolingApi:classes
:toolingApi:jar
:ui:classpathManifest
Download https://repo.gradle.org/gradle/libs/dom4j/dom4j/1.6.1/dom4j-1.6.1.jar
Download https://repo.gradle.org/gradle/libs/jaxen/jaxen/1.1/jaxen-1.1.jar
:ui:compileJavaNote: Some input files use or override a deprecated API.
Note: Recompile with -Xlint:deprecation for details.
Note: Some input files use unchecked or unsafe operations.
Note: Recompile with -Xlint:unchecked for details.

:ui:compileGroovy UP-TO-DATE
:ui:processResources
:ui:classes
:ui:jar
:launcher:compileJavaNote: /home/travis/build/gradle/gradle/subprojects/launcher/src/main/java/org/gradle/tooling/internal/provider/DefaultConnection.java uses or overrides a deprecated API.
Note: Recompile with -Xlint:deprecation for details.
Note: Some input files use unchecked or unsafe operations.
Note: Recompile with -Xlint:unchecked for details.

:launcher:compileGroovy UP-TO-DATE
:launcher:processResources
:launcher:classes
:launcher:jar
:internalIntegTesting:compileJava UP-TO-DATE
:internalIntegTesting:compileGroovyNote: Some input files use unchecked or unsafe operations.
Note: Recompile with -Xlint:unchecked for details.

:internalIntegTesting:prepareVersionsInfo
:internalIntegTesting:processResources
:internalIntegTesting:classes
:internalIntegTesting:jar
:pluginUse:classpathManifest
:resourcesHttp:classpathManifest
Download https://repo.gradle.org/gradle/libs/org/apache/httpcomponents/httpclient/4.2.2/httpclient-4.2.2.jar
Download https://repo.gradle.org/gradle/libs/net/sourceforge/nekohtml/nekohtml/1.9.14/nekohtml-1.9.14.jar
Download https://repo.gradle.org/gradle/libs/commons-codec/commons-codec/1.6/commons-codec-1.6.jar
Download https://repo.gradle.org/gradle/libs/org/apache/httpcomponents/httpcore/4.2.2/httpcore-4.2.2.jar
Download https://repo.gradle.org/gradle/libs/org/samba/jcifs/jcifs/1.3.17/jcifs-1.3.17.jar
Download https://repo.gradle.org/gradle/libs/xml-apis/xml-apis/1.3.04/xml-apis-1.3.04.jar
Download https://repo.gradle.org/gradle/libs/xerces/xercesImpl/2.9.1/xercesImpl-2.9.1.jar
:resourcesHttp:compileJava
:resourcesHttp:compileGroovy UP-TO-DATE
:resourcesHttp:processResources
:resourcesHttp:classes
:resourcesHttp:jar
:pluginUse:compileJava
:pluginUse:compileGroovy UP-TO-DATE
:pluginUse:processResources
:pluginUse:classes
:pluginUse:jar
:baseServices:compileIntegTestJava UP-TO-DATE
:baseServices:compileIntegTestGroovy
:baseServices:processIntegTestResources UP-TO-DATE
:baseServices:integTestClasses
:baseServices:checkstyleIntegTest UP-TO-DATE
:baseServices:checkstyleMain
:baseServices:checkstyleTest
:baseServices:classycleIntegTest
Download https://repo.gradle.org/gradle/libs/classycle/classycle/1.4/classycle-1.4.pom
Download https://repo.gradle.org/gradle/libs/classycle/classycle/1.4/classycle-1.4.jar
:baseServices:classycleMain
:baseServices:classycleTest
:baseServices:checkstyleGroovy UP-TO-DATE
:baseServices:checkstyleIntegTestGroovy
:baseServices:checkstyleTestGroovy
:baseServices:codenarcIntegTest
:baseServices:codenarcMain UP-TO-DATE
:baseServices:codenarcTest
:baseServices:codeQuality
:cli:checkstyleGroovy UP-TO-DATE
:cli:checkstyleMain
:cli:compileTestJava UP-TO-DATE
:cli:compileTestGroovy
:cli:processTestResources UP-TO-DATE
:cli:testClasses
:cli:checkstyleTest UP-TO-DATE
:cli:checkstyleTestGroovy
:cli:classycleMain
:cli:classycleTest
:cli:codenarcMain UP-TO-DATE
:cli:codenarcTest
:cli:codeQuality
:platformBase:classpathManifest
:platformBase:compileJava
:platformBase:compileGroovy UP-TO-DATE
:platformBase:processResources
:platformBase:classes
:platformBase:jar
:reporting:classpathManifest
Download https://repo.gradle.org/gradle/libs/com/googlecode/jatl/jatl/0.2.2/jatl-0.2.2.pom
Download https://repo.gradle.org/gradle/libs/org/sonatype/oss/oss-parent/5/oss-parent-5.pom
Download https://repo.gradle.org/gradle/libs/com/googlecode/jatl/jatl/0.2.2/jatl-0.2.2.jar
:reporting:compileJava UP-TO-DATE
:reporting:compileGroovyNote: /home/travis/build/gradle/gradle/subprojects/reporting/src/main/groovy/org/gradle/api/reporting/plugins/BuildDashboardPlugin.java uses unchecked or unsafe operations.
Note: Recompile with -Xlint:unchecked for details.

:reporting:processResources
:reporting:reportResources
Download http://ajax.googleapis.com/ajax/libs/jquery/1.11.0/jquery.min.js
:reporting:classes
:reporting:jar
:diagnostics:checkstyleGroovy
:dependencyManagement:compileTestFixturesJava UP-TO-DATE
:dependencyManagement:compileTestFixturesGroovy
:dependencyManagement:processTestFixturesResources UP-TO-DATE
:dependencyManagement:testFixturesClasses
:diagnostics:classpathManifest
:diagnostics:compileJava UP-TO-DATE
:diagnostics:compileGroovyNote: /home/travis/build/gradle/gradle/subprojects/diagnostics/src/main/groovy/org/gradle/api/reporting/model/internal/ModelNodeRenderer.java uses unchecked or unsafe operations.
Note: Recompile with -Xlint:unchecked for details.

:diagnostics:processResources
:diagnostics:classes
:diagnostics:jar
:platformNative:classpathManifest
:platformNative:compileJava UP-TO-DATE
:platformNative:compileGroovy
:platformNative:processResources
:platformNative:classes
:platformNative:jar
:platformNative:compileTestFixturesJava UP-TO-DATE
:platformNative:compileTestFixturesGroovy
:platformNative:processTestFixturesResources UP-TO-DATE
:platformNative:testFixturesClasses
:diagnostics:compileTestFixturesJava UP-TO-DATE
:diagnostics:compileTestFixturesGroovy
:diagnostics:processTestFixturesResources UP-TO-DATE
:diagnostics:testFixturesClasses
:diagnostics:compileTestJava UP-TO-DATE
:diagnostics:compileTestGroovy
:diagnostics:processTestResources UP-TO-DATE
:diagnostics:testClasses
:diagnostics:compileIntegTestJava UP-TO-DATE
:diagnostics:compileIntegTestGroovy
:diagnostics:processIntegTestResources
:diagnostics:integTestClasses
:diagnostics:checkstyleIntegTest
:diagnostics:checkstyleIntegTestGroovy
:diagnostics:checkstyleMain
:diagnostics:checkstyleTest
:diagnostics:checkstyleTestFixtures UP-TO-DATE
:diagnostics:checkstyleTestFixturesGroovy
:diagnostics:checkstyleTestGroovy
:diagnostics:codenarcIntegTest
:diagnostics:codenarcMain
:diagnostics:codenarcTest
:diagnostics:codenarcTestFixtures
:diagnostics:codeQuality
:docs:checkstyleApi
:ear:classpathManifest
Download https://repo.gradle.org/gradle/libs/org/testng/testng/6.3.1/testng-6.3.1.pom
Download https://repo.gradle.org/gradle/libs/org/sonatype/oss/oss-parent/3/oss-parent-3.pom
Download https://repo.gradle.org/gradle/libs/org/beanshell/bsh/2.0b4/bsh-2.0b4.pom
Download https://repo.gradle.org/gradle/libs/org/beanshell/beanshell/2.0b4/beanshell-2.0b4.pom
Download https://repo.gradle.org/gradle/libs/com/beust/jcommander/1.12/jcommander-1.12.pom
Download https://repo.gradle.org/gradle/libs/org/yaml/snakeyaml/1.6/snakeyaml-1.6.pom
:languageGroovy:classpathManifest
:languageJava:classpathManifest
:languageJvm:classpathManifest
:platformJvm:classpathManifest
:platformJvm:compileJava
:platformJvm:compileGroovy UP-TO-DATE
:platformJvm:processResources
:platformJvm:classes
:platformJvm:jar
:languageJvm:compileJava
:languageJvm:compileGroovy UP-TO-DATE
:languageJvm:processResources
:languageJvm:classes
:languageJvm:jar
:languageJava:compileJava
:languageJava:compileGroovy UP-TO-DATE
:languageJava:processResources
:languageJava:classes
:languageJava:jar
:languageGroovy:compileJava
:languageGroovy:compileGroovy UP-TO-DATE
:languageGroovy:processResources UP-TO-DATE
:languageGroovy:classes
:languageGroovy:jar
:plugins:classpathManifest
Download https://repo.gradle.org/gradle/libs/org/testng/testng/6.3.1/testng-6.3.1.jar
Download https://repo.gradle.org/gradle/libs/org/beanshell/bsh/2.0b4/bsh-2.0b4.jar
Download https://repo.gradle.org/gradle/libs/com/beust/jcommander/1.12/jcommander-1.12.jar
Download https://repo.gradle.org/gradle/libs/org/yaml/snakeyaml/1.6/snakeyaml-1.6.jar
:plugins:compileJava
:plugins:compileGroovyNote: Some input files use unchecked or unsafe operations.
Note: Recompile with -Xlint:unchecked for details.

:plugins:processResources
:wrapper:executableJar
:plugins:wrapperJar
:plugins:classes
:plugins:jar
:ear:compileJava UP-TO-DATE
:ear:compileGroovy
:ear:processResources
:ear:classes
:ear:jar
:languageScala:classpathManifest
:languageScala:compileJava
Download https://repo.gradle.org/gradle/libs/com/typesafe/zinc/zinc/0.3.7/zinc-0.3.7.pom
Download https://repo.gradle.org/gradle/libs/org/scala-lang/scala-library/2.10.4/scala-library-2.10.4.pom
Download https://repo.gradle.org/gradle/libs/com/typesafe/sbt/incremental-compiler/0.13.7/incremental-compiler-0.13.7.pom
Download https://repo.gradle.org/gradle/libs/com/typesafe/sbt/compiler-interface/0.13.7/compiler-interface-0.13.7.pom
Download https://repo.gradle.org/gradle/libs/org/scala-lang/scala-compiler/2.10.4/scala-compiler-2.10.4.pom
Download https://repo.gradle.org/gradle/libs/com/typesafe/sbt/sbt-interface/0.13.7/sbt-interface-0.13.7.pom
Download https://repo.gradle.org/gradle/libs/org/scala-lang/scala-reflect/2.10.4/scala-reflect-2.10.4.pom
Download https://repo.gradle.org/gradle/libs/com/typesafe/zinc/zinc/0.3.7/zinc-0.3.7.jar
Download https://repo.gradle.org/gradle/libs/org/scala-lang/scala-library/2.10.4/scala-library-2.10.4.jar
Download https://repo.gradle.org/gradle/libs/com/typesafe/sbt/incremental-compiler/0.13.7/incremental-compiler-0.13.7.jar
Download https://repo.gradle.org/gradle/libs/com/typesafe/sbt/compiler-interface/0.13.7/compiler-interface-0.13.7-sources.jar
Download https://repo.gradle.org/gradle/libs/org/scala-lang/scala-compiler/2.10.4/scala-compiler-2.10.4.jar
Download https://repo.gradle.org/gradle/libs/com/typesafe/sbt/sbt-interface/0.13.7/sbt-interface-0.13.7.jar
Download https://repo.gradle.org/gradle/libs/org/scala-lang/scala-reflect/2.10.4/scala-reflect-2.10.4.jar
:languageScala:compileGroovy UP-TO-DATE
:languageScala:processResources
:languageScala:classes
:languageScala:jar
:scala:classpathManifest
:scala:compileJava UP-TO-DATE
:scala:compileGroovy
:scala:processResources
:scala:classes
:scala:jar
:ide:checkstyleGroovy
:ide:classpathManifest
:ide:compileJava UP-TO-DATE
:ide:compileGroovyNote: /home/travis/build/gradle/gradle/subprojects/ide/src/main/groovy/org/gradle/plugins/ide/internal/tooling/IdeaModelBuilder.java uses or overrides a deprecated API.
Note: Recompile with -Xlint:deprecation for details.
Note: /home/travis/build/gradle/gradle/subprojects/ide/build/tmp/compileGroovy/groovy-java-stubs/org/gradle/plugins/ide/idea/model/SingleEntryModuleLibrary.java uses unchecked or unsafe operations.
Note: Recompile with -Xlint:unchecked for details.

:ide:processResources
:ide:classes
:ide:compileTestJava UP-TO-DATE
:ide:compileTestGroovy
Download https://repo.gradle.org/gradle/libs/xmlunit/xmlunit/1.3/xmlunit-1.3.pom
Download https://repo.gradle.org/gradle/libs/xmlunit/xmlunit/1.3/xmlunit-1.3.jar
:ide:processTestResources
:ide:testClasses
:ide:compileIntegTestJava UP-TO-DATE
:ide:compileIntegTestGroovy
:ide:processIntegTestResources
:ide:integTestClasses
:ide:checkstyleIntegTest UP-TO-DATE
:ide:checkstyleIntegTestGroovy
:ide:checkstyleMain
:ide:checkstyleTest UP-TO-DATE
:ide:checkstyleTestGroovy
:ide:codenarcIntegTest
:ide:codenarcMain
:ide:codenarcTest
:ide:codeQuality
:internalTesting:checkstyleGroovy
:internalTesting:checkstyleMain
:internalTesting:compileTestJava UP-TO-DATE
:internalTesting:compileTestGroovy
:internalTesting:processTestResources UP-TO-DATE
:internalTesting:testClasses
:internalTesting:checkstyleTest UP-TO-DATE
:internalTesting:checkstyleTestGroovy
:internalTesting:classycleMain
:internalTesting:classycleTest
:internalTesting:codenarcMain
:internalTesting:codenarcTest
:internalTesting:codeQuality
:jetty:checkstyleGroovy UP-TO-DATE
:jetty:classpathManifest
Download https://repo.gradle.org/gradle/libs/org/mortbay/jetty/jetty-plus/6.1.25/jetty-plus-6.1.25.pom
Download https://repo.gradle.org/gradle/libs/org/mortbay/jetty/jsp-2.1/6.1.14/jsp-2.1-6.1.14.pom
Download https://repo.gradle.org/gradle/libs/org/mortbay/jetty/project/6.1.14/project-6.1.14.pom
Download https://repo.gradle.org/gradle/libs/org/mortbay/jetty/jetty-annotations/6.1.25/jetty-annotations-6.1.25.pom
Download https://repo.gradle.org/gradle/libs/org/apache/geronimo/specs/geronimo-annotation_1.0_spec/1.0/geronimo-annotation_1.0_spec-1.0.pom
Download https://repo.gradle.org/gradle/libs/org/apache/geronimo/specs/specs/1.2/specs-1.2.pom
Download https://repo.gradle.org/gradle/libs/org/apache/geronimo/genesis/config/project-config/1.1/project-config-1.1.pom
Download https://repo.gradle.org/gradle/libs/org/apache/geronimo/genesis/config/config/1.1/config-1.1.pom
Download https://repo.gradle.org/gradle/libs/org/apache/geronimo/genesis/genesis/1.1/genesis-1.1.pom
Download https://repo.gradle.org/gradle/libs/org/mortbay/jetty/jetty-naming/6.1.25/jetty-naming-6.1.25.pom
Download https://repo.gradle.org/gradle/libs/org/eclipse/jdt/core/3.1.1/core-3.1.1.pom
Download https://repo.gradle.org/gradle/libs/org/mortbay/jetty/jsp-api-2.1/6.1.14/jsp-api-2.1-6.1.14.pom
Download https://repo.gradle.org/gradle/libs/org/mortbay/jetty/jetty-plus/6.1.25/jetty-plus-6.1.25.jar
Download https://repo.gradle.org/gradle/libs/org/mortbay/jetty/jsp-2.1/6.1.14/jsp-2.1-6.1.14.jar
Download https://repo.gradle.org/gradle/libs/org/mortbay/jetty/jetty-annotations/6.1.25/jetty-annotations-6.1.25.jar
Download https://repo.gradle.org/gradle/libs/org/apache/geronimo/specs/geronimo-annotation_1.0_spec/1.0/geronimo-annotation_1.0_spec-1.0.jar
Download https://repo.gradle.org/gradle/libs/org/mortbay/jetty/jetty-naming/6.1.25/jetty-naming-6.1.25.jar
Download https://repo.gradle.org/gradle/libs/org/eclipse/jdt/core/3.1.1/core-3.1.1.jar
Download https://repo.gradle.org/gradle/libs/org/mortbay/jetty/jsp-api-2.1/6.1.14/jsp-api-2.1-6.1.14.jar
:jetty:compileJava
:jetty:compileGroovy UP-TO-DATE
:jetty:processResources
:jetty:classes
:jetty:checkstyleMain
:jetty:compileTestJava UP-TO-DATE
:jetty:compileTestGroovy
:jetty:processTestResources UP-TO-DATE
:jetty:testClasses
:jetty:checkstyleTest UP-TO-DATE
:jetty:checkstyleTestGroovy
:jetty:codenarcMain UP-TO-DATE
:jetty:codenarcTest
:jetty:codeQuality
:languageNative:checkstyleGroovy UP-TO-DATE
:languageNative:classpathManifest
:languageNative:compileJava
:languageNative:compileGroovy UP-TO-DATE
:languageNative:processResources
:languageNative:classes
:messaging:compileTestFixturesJava UP-TO-DATE
:messaging:compileTestFixturesGroovy
:messaging:processTestFixturesResources UP-TO-DATE
:messaging:testFixturesClasses
:modelCore:compileTestFixturesJava UP-TO-DATE
:modelCore:compileTestFixturesGroovy
:modelCore:processTestFixturesResources UP-TO-DATE
:modelCore:testFixturesClasses
:platformBase:compileTestFixturesJava UP-TO-DATE
:platformBase:compileTestFixturesGroovy
:platformBase:processTestFixturesResources UP-TO-DATE
:platformBase:testFixturesClasses
:languageNative:compileTestJava UP-TO-DATE
:languageNative:compileTestGroovy
:languageNative:processTestResources UP-TO-DATE
:languageNative:testClasses
:languageNative:compileIntegTestJava UP-TO-DATE
:languageNative:compileIntegTestGroovy
:languageNative:processIntegTestResources UP-TO-DATE
:languageNative:integTestClasses
:languageNative:checkstyleIntegTest UP-TO-DATE
:languageNative:checkstyleIntegTestGroovy
:languageNative:checkstyleMain
:languageNative:checkstyleTest UP-TO-DATE
:languageNative:checkstyleTestGroovy
:languageNative:classycleIntegTest
:languageNative:classycleMain
:languageNative:classycleTest
:languageNative:codenarcIntegTest
:languageNative:codenarcMain UP-TO-DATE
:languageNative:codenarcTest
:languageNative:codeQuality
:messaging:checkstyleGroovy UP-TO-DATE
:messaging:compileTestJava UP-TO-DATE
:messaging:compileTestGroovyNote: /home/travis/build/gradle/gradle/subprojects/messaging/src/test/groovy/org/gradle/internal/event/ListenerBroadcastTest.java uses unchecked or unsafe operations.
Note: Recompile with -Xlint:unchecked for details.

:messaging:processTestResources UP-TO-DATE
:messaging:testClasses
:messaging:compileIntegTestJava UP-TO-DATE
:messaging:compileIntegTestGroovy
:messaging:processIntegTestResources UP-TO-DATE
:messaging:integTestClasses
:messaging:checkstyleIntegTest UP-TO-DATE
:messaging:checkstyleIntegTestGroovy
:messaging:checkstyleMain
:messaging:checkstyleTest
:messaging:checkstyleTestFixtures UP-TO-DATE
:messaging:checkstyleTestFixturesGroovy
:messaging:checkstyleTestGroovy
:messaging:codenarcIntegTest
:messaging:codenarcMain UP-TO-DATE
:messaging:codenarcTest
:messaging:codenarcTestFixtures
:messaging:codeQuality
:openApi:checkstyleGroovy UP-TO-DATE
:openApi:compileTestJava UP-TO-DATE
:openApi:compileTestGroovy UP-TO-DATE
:openApi:processTestResources UP-TO-DATE
:openApi:testClasses UP-TO-DATE
:openApi:compileIntegTestJava UP-TO-DATE
:openApi:compileIntegTestGroovy
:openApi:processIntegTestResources UP-TO-DATE
:openApi:integTestClasses
:openApi:checkstyleIntegTest UP-TO-DATE
:openApi:checkstyleIntegTestGroovy
:openApi:checkstyleMain
:openApi:checkstyleTest UP-TO-DATE
:openApi:checkstyleTestGroovy UP-TO-DATE
:openApi:codenarcIntegTest
:openApi:codenarcMain UP-TO-DATE
:openApi:codenarcTest UP-TO-DATE
:openApi:codeQuality
:platformJvm:checkstyleGroovy UP-TO-DATE
:platformJvm:compileTestJava UP-TO-DATE
:platformJvm:compileTestGroovy
:platformJvm:processTestResources UP-TO-DATE
:platformJvm:testClasses
:platformJvm:compileIntegTestJava UP-TO-DATE
:platformJvm:compileIntegTestGroovy
:platformJvm:processIntegTestResources UP-TO-DATE
:platformJvm:integTestClasses
:platformJvm:checkstyleIntegTest UP-TO-DATE
:platformJvm:checkstyleIntegTestGroovy
:platformJvm:checkstyleMain
:platformJvm:checkstyleTest UP-TO-DATE
:platformJvm:checkstyleTestGroovy
:platformJvm:classycleIntegTest
:platformJvm:classycleMain
:platformJvm:classycleTest
:platformJvm:codenarcIntegTest
:platformJvm:codenarcMain UP-TO-DATE
:platformJvm:codenarcTest
:platformJvm:codeQuality
:pluginUse:checkstyleGroovy UP-TO-DATE
:pluginUse:compileTestFixturesJava UP-TO-DATE
:pluginUse:compileTestFixturesGroovy
:pluginUse:processTestFixturesResources UP-TO-DATE
:pluginUse:testFixturesClasses
:pluginUse:compileTestJava UP-TO-DATE
:pluginUse:compileTestGroovy
:pluginUse:processTestResources UP-TO-DATE
:pluginUse:testClasses
:pluginUse:compileIntegTestJava UP-TO-DATE
:pluginUse:compileIntegTestGroovy
:pluginUse:processIntegTestResources UP-TO-DATE
:pluginUse:integTestClasses
:pluginUse:checkstyleIntegTest UP-TO-DATE
:pluginUse:checkstyleIntegTestGroovy
:pluginUse:checkstyleMain
:pluginUse:checkstyleTest UP-TO-DATE
:pluginUse:checkstyleTestFixtures UP-TO-DATE
:pluginUse:checkstyleTestFixturesGroovy
:pluginUse:checkstyleTestGroovy
:pluginUse:classycleIntegTest
:pluginUse:classycleMain
:pluginUse:classycleTest
:pluginUse:classycleTestFixtures
:pluginUse:codenarcIntegTest
:pluginUse:codenarcMain UP-TO-DATE
:pluginUse:codenarcTest
:pluginUse:codenarcTestFixtures
:pluginUse:codeQuality
:resources:checkstyleGroovy UP-TO-DATE
:resources:checkstyleMain
:resources:compileTestJava UP-TO-DATE
:resources:compileTestGroovy
:resources:processTestResources UP-TO-DATE
:resources:testClasses
:resources:checkstyleTest UP-TO-DATE
:resources:checkstyleTestGroovy
:resources:classycleMain
:resources:classycleTest
:resources:codenarcMain UP-TO-DATE
:resources:codenarcTest
:resources:codeQuality
:scala:checkstyleGroovy
:plugins:compileTestFixturesJava UP-TO-DATE
:plugins:compileTestFixturesGroovy
:plugins:processTestFixturesResources UP-TO-DATE
:plugins:testFixturesClasses
:scala:compileTestJava UP-TO-DATE
:scala:compileTestGroovyNote: /home/travis/build/gradle/gradle/subprojects/scala/src/test/groovy/org/gradle/api/tasks/scala/ScalaCompileTest.java uses unchecked or unsafe operations.
Note: Recompile with -Xlint:unchecked for details.

:scala:processTestResources UP-TO-DATE
:scala:testClasses
:scala:compileIntegTestJava UP-TO-DATE
:scala:compileIntegTestGroovy
:scala:processIntegTestResources
:scala:integTestClasses
:scala:checkstyleIntegTest
:scala:checkstyleIntegTestGroovy
:scala:checkstyleMain
:scala:checkstyleTest
:scala:checkstyleTestGroovy
:scala:codenarcIntegTest
:scala:codenarcMain FAILED
:scala:codenarcTest
:languageNative:jar
:testingNative:checkstyleGroovy UP-TO-DATE
:testingNative:classpathManifest
:testingNative:compileJava
:testingNative:compileGroovy UP-TO-DATE
:testingNative:processResources
:testingNative:classes
:testingNative:compileTestJava UP-TO-DATE
:testingNative:compileTestGroovy
:testingNative:processTestResources UP-TO-DATE
:testingNative:testClasses
:testingNative:compileIntegTestJava UP-TO-DATE
:testingNative:compileIntegTestGroovy
:testingNative:processIntegTestResources UP-TO-DATE
:testingNative:integTestClasses
:testingNative:checkstyleIntegTest UP-TO-DATE
:testingNative:checkstyleIntegTestGroovy
:testingNative:checkstyleMain
:testingNative:checkstyleTest UP-TO-DATE
:testingNative:checkstyleTestGroovy
:testingNative:classycleIntegTest
:testingNative:classycleMain
:testingNative:classycleTest
:testingNative:codenarcIntegTest
:testingNative:codenarcMain UP-TO-DATE
:testingNative:codenarcTest
:testingNative:codeQuality
:wrapper:checkstyleGroovy UP-TO-DATE
:wrapper:buildReceiptResource
:wrapper:compileTestJava UP-TO-DATE
:wrapper:compileTestGroovy
:wrapper:processTestResources
:wrapper:testClasses
:wrapper:compileIntegTestJava UP-TO-DATE
:wrapper:compileIntegTestGroovy
:wrapper:processIntegTestResources UP-TO-DATE
:wrapper:integTestClasses
:wrapper:checkstyleIntegTest UP-TO-DATE
:wrapper:checkstyleIntegTestGroovy
:wrapper:checkstyleMain
:wrapper:checkstyleTest
:wrapper:checkstyleTestGroovy
:wrapper:classycleIntegTest
:wrapper:classycleMain
:wrapper:classycleTest
:wrapper:codenarcIntegTest
:wrapper:codenarcMain UP-TO-DATE
:wrapper:codenarcTest
:wrapper:codeQuality
:baseServices:test
:baseServices:check
:cli:test
:cli:check
:diagnostics:test
:diagnostics:check
:ide:test
:ide:check
:internalTesting:test
:internalTesting:check
:jetty:test
:jetty:check
:languageNative:test
:languageNative:check
:messaging:test
:messaging:check
:openApi:test UP-TO-DATE
:openApi:check
:platformJvm:test
:platformJvm:check
:pluginUse:test
:pluginUse:check
:resources:test
:resources:check
:scala:test
:testingNative:test
:testingNative:check
:wrapper:test
:wrapper:check
:stopHeartBeat
Shutting down heartbeat.
Heartbeat thread Interrupted

FAILURE: Build failed with an exception.

* What went wrong:
Execution failed for task ':scala:codenarcMain'.
> CodeNarc rule violations were found. See the report at: file:///home/travis/build/gradle/gradle/subprojects/scala/build/reports/codenarc/main.html

* Try:
Run with --info or --debug option to get more log output.

* Exception is:
org.gradle.api.tasks.TaskExecutionException: Execution failed for task ':scala:codenarcMain'.
	at org.gradle.api.internal.tasks.execution.ExecuteActionsTaskExecuter.executeActions(ExecuteActionsTaskExecuter.java:69)
	at org.gradle.api.internal.tasks.execution.ExecuteActionsTaskExecuter.execute(ExecuteActionsTaskExecuter.java:46)
	at org.gradle.api.internal.tasks.execution.PostExecutionAnalysisTaskExecuter.execute(PostExecutionAnalysisTaskExecuter.java:35)
	at org.gradle.api.internal.tasks.execution.SkipUpToDateTaskExecuter.execute(SkipUpToDateTaskExecuter.java:64)
	at org.gradle.api.internal.tasks.execution.ValidatingTaskExecuter.execute(ValidatingTaskExecuter.java:58)
	at org.gradle.api.internal.tasks.execution.SkipEmptySourceFilesTaskExecuter.execute(SkipEmptySourceFilesTaskExecuter.java:52)
	at org.gradle.api.internal.tasks.execution.SkipTaskWithNoActionsExecuter.execute(SkipTaskWithNoActionsExecuter.java:52)
	at org.gradle.api.internal.tasks.execution.SkipOnlyIfTaskExecuter.execute(SkipOnlyIfTaskExecuter.java:53)
	at org.gradle.api.internal.tasks.execution.ExecuteAtMostOnceTaskExecuter.execute(ExecuteAtMostOnceTaskExecuter.java:43)
	at org.gradle.execution.taskgraph.DefaultTaskGraphExecuter$EventFiringTaskWorker.execute(DefaultTaskGraphExecuter.java:203)
	at org.gradle.execution.taskgraph.DefaultTaskGraphExecuter$EventFiringTaskWorker.execute(DefaultTaskGraphExecuter.java:185)
	at org.gradle.execution.taskgraph.AbstractTaskPlanExecutor$TaskExecutorWorker.processTask(AbstractTaskPlanExecutor.java:62)
	at org.gradle.execution.taskgraph.AbstractTaskPlanExecutor$TaskExecutorWorker.run(AbstractTaskPlanExecutor.java:50)
	at org.gradle.execution.taskgraph.DefaultTaskPlanExecutor.process(DefaultTaskPlanExecutor.java:25)
	at org.gradle.execution.taskgraph.DefaultTaskGraphExecuter.execute(DefaultTaskGraphExecuter.java:110)
	at org.gradle.execution.SelectedTaskExecutionAction.execute(SelectedTaskExecutionAction.java:37)
	at org.gradle.execution.DefaultBuildExecuter.execute(DefaultBuildExecuter.java:37)
	at org.gradle.execution.DefaultBuildExecuter.access$000(DefaultBuildExecuter.java:23)
	at org.gradle.execution.DefaultBuildExecuter$1.proceed(DefaultBuildExecuter.java:43)
	at org.gradle.execution.DryRunBuildExecutionAction.execute(DryRunBuildExecutionAction.java:32)
	at org.gradle.execution.DefaultBuildExecuter.execute(DefaultBuildExecuter.java:37)
	at org.gradle.execution.DefaultBuildExecuter.execute(DefaultBuildExecuter.java:30)
	at org.gradle.initialization.DefaultGradleLauncher$4.run(DefaultGradleLauncher.java:155)
	at org.gradle.internal.Factories$1.create(Factories.java:22)
	at org.gradle.internal.progress.DefaultBuildOperationExecutor.run(DefaultBuildOperationExecutor.java:90)
	at org.gradle.internal.progress.DefaultBuildOperationExecutor.run(DefaultBuildOperationExecutor.java:52)
	at org.gradle.initialization.DefaultGradleLauncher.doBuildStages(DefaultGradleLauncher.java:152)
	at org.gradle.initialization.DefaultGradleLauncher.access$200(DefaultGradleLauncher.java:33)
	at org.gradle.initialization.DefaultGradleLauncher$1.create(DefaultGradleLauncher.java:100)
	at org.gradle.initialization.DefaultGradleLauncher$1.create(DefaultGradleLauncher.java:94)
	at org.gradle.internal.progress.DefaultBuildOperationExecutor.run(DefaultBuildOperationExecutor.java:90)
	at org.gradle.internal.progress.DefaultBuildOperationExecutor.run(DefaultBuildOperationExecutor.java:62)
	at org.gradle.initialization.DefaultGradleLauncher.doBuild(DefaultGradleLauncher.java:94)
	at org.gradle.initialization.DefaultGradleLauncher.run(DefaultGradleLauncher.java:83)
	at org.gradle.launcher.exec.InProcessBuildActionExecuter$DefaultBuildController.run(InProcessBuildActionExecuter.java:94)
	at org.gradle.tooling.internal.provider.ExecuteBuildActionRunner.run(ExecuteBuildActionRunner.java:28)
	at org.gradle.launcher.exec.ChainingBuildActionRunner.run(ChainingBuildActionRunner.java:35)
	at org.gradle.launcher.exec.InProcessBuildActionExecuter.execute(InProcessBuildActionExecuter.java:43)
	at org.gradle.launcher.exec.InProcessBuildActionExecuter.execute(InProcessBuildActionExecuter.java:28)
	at org.gradle.launcher.exec.ContinuousBuildActionExecuter.execute(ContinuousBuildActionExecuter.java:77)
	at org.gradle.launcher.exec.ContinuousBuildActionExecuter.execute(ContinuousBuildActionExecuter.java:47)
	at org.gradle.launcher.exec.DaemonUsageSuggestingBuildActionExecuter.execute(DaemonUsageSuggestingBuildActionExecuter.java:51)
	at org.gradle.launcher.exec.DaemonUsageSuggestingBuildActionExecuter.execute(DaemonUsageSuggestingBuildActionExecuter.java:28)
	at org.gradle.launcher.cli.RunBuildAction.run(RunBuildAction.java:43)
	at org.gradle.internal.Actions$RunnableActionAdapter.execute(Actions.java:170)
	at org.gradle.launcher.cli.CommandLineActionFactory$ParseAndBuildAction.execute(CommandLineActionFactory.java:237)
	at org.gradle.launcher.cli.CommandLineActionFactory$ParseAndBuildAction.execute(CommandLineActionFactory.java:210)
	at org.gradle.launcher.cli.JavaRuntimeValidationAction.execute(JavaRuntimeValidationAction.java:35)
	at org.gradle.launcher.cli.JavaRuntimeValidationAction.execute(JavaRuntimeValidationAction.java:24)
	at org.gradle.launcher.cli.CommandLineActionFactory$WithLogging.execute(CommandLineActionFactory.java:206)
	at org.gradle.launcher.cli.CommandLineActionFactory$WithLogging.execute(CommandLineActionFactory.java:169)
	at org.gradle.launcher.cli.ExceptionReportingAction.execute(ExceptionReportingAction.java:33)
	at org.gradle.launcher.cli.ExceptionReportingAction.execute(ExceptionReportingAction.java:22)
	at org.gradle.launcher.Main.doAction(Main.java:33)
	at org.gradle.launcher.bootstrap.EntryPoint.run(EntryPoint.java:45)
	at org.gradle.launcher.bootstrap.ProcessBootstrap.runNoExit(ProcessBootstrap.java:54)
	at org.gradle.launcher.bootstrap.ProcessBootstrap.run(ProcessBootstrap.java:35)
	at org.gradle.launcher.GradleMain.main(GradleMain.java:23)
	at org.gradle.wrapper.BootstrapMainStarter.start(BootstrapMainStarter.java:30)
	at org.gradle.wrapper.WrapperExecutor.execute(WrapperExecutor.java:129)
	at org.gradle.wrapper.GradleWrapperMain.main(GradleWrapperMain.java:61)
Caused by: org.gradle.api.GradleException: CodeNarc rule violations were found. See the report at: file:///home/travis/build/gradle/gradle/subprojects/scala/build/reports/codenarc/main.html
	at org.gradle.api.plugins.quality.CodeNarc$_run_closure1.doCall(CodeNarc.groovy:135)
	at org.gradle.api.internal.ClosureBackedAction.execute(ClosureBackedAction.java:67)
	at org.gradle.util.ConfigureUtil.configure(ConfigureUtil.java:130)
	at org.gradle.util.ConfigureUtil.configure(ConfigureUtil.java:91)
	at org.gradle.util.ConfigureUtil$configure.call(Unknown Source)
	at org.gradle.api.internal.project.DefaultIsolatedAntBuilder.execute(DefaultIsolatedAntBuilder.groovy:108)
	at org.gradle.api.internal.project.IsolatedAntBuilder$execute$0.call(Unknown Source)
	at org.gradle.api.plugins.quality.CodeNarc.run(CodeNarc.groovy:111)
	at org.gradle.internal.reflect.JavaMethod.invoke(JavaMethod.java:75)
	at org.gradle.api.internal.project.taskfactory.AnnotationProcessingTaskFactory$StandardTaskAction.doExecute(AnnotationProcessingTaskFactory.java:226)
	at org.gradle.api.internal.project.taskfactory.AnnotationProcessingTaskFactory$StandardTaskAction.execute(AnnotationProcessingTaskFactory.java:219)
	at org.gradle.api.internal.project.taskfactory.AnnotationProcessingTaskFactory$StandardTaskAction.execute(AnnotationProcessingTaskFactory.java:208)
	at org.gradle.api.internal.AbstractTask$TaskActionWrapper.execute(AbstractTask.java:585)
	at org.gradle.api.internal.AbstractTask$TaskActionWrapper.execute(AbstractTask.java:568)
	at org.gradle.api.internal.tasks.execution.ExecuteActionsTaskExecuter.executeAction(ExecuteActionsTaskExecuter.java:80)
	at org.gradle.api.internal.tasks.execution.ExecuteActionsTaskExecuter.executeActions(ExecuteActionsTaskExecuter.java:61)
	... 60 more
Caused by: : Exceeded maximum number of priority 3 violations: (p1=0; p2=0; p3=1)
	at org.codenarc.ant.CodeNarcTask.checkMaxViolationForPriority(CodeNarcTask.groovy:134)
	at org.codenarc.ant.CodeNarcTask.this$4$checkMaxViolationForPriority(CodeNarcTask.groovy)
	at org.codenarc.ant.CodeNarcTask.checkMaxViolations(CodeNarcTask.groovy:129)
	at org.codenarc.ant.CodeNarcTask.this$4$checkMaxViolations(CodeNarcTask.groovy)
	at org.codenarc.ant.CodeNarcTask.execute(CodeNarcTask.groovy:87)
	at org.apache.tools.ant.UnknownElement.execute(UnknownElement.java:292)
	at org.apache.tools.ant.dispatch.DispatchUtils.execute(DispatchUtils.java:106)
	at org.gradle.api.internal.project.ant.BasicAntBuilder.nodeCompleted(BasicAntBuilder.java:77)
	at org.gradle.api.internal.project.AntBuilderDelegate.nodeCompleted(DefaultIsolatedAntBuilder.groovy:177)
	at org.gradle.api.plugins.quality.CodeNarc$_run_closure1.doCall(CodeNarc.groovy:114)
	... 75 more


BUILD FAILED

Total time: 9 mins 39.337 secs
travis_time:end:03fe4f05:start=1441586138362445991,finish=1441586718727737128,duration=580365291137[0K
[31;1mThe command "./travisci_build.sh" exited with 1.[0m

Done. Your build exited with 1.
