travis_fold:start:worker_info[0K[33;1mWorker information[0m
hostname: travis-worker-gce-org-prod-3:0b659ff5-d37c-4dfb-9018-e634daed4cec
version: v1.4.0
instance: testing-gce-545edde6-badc-4ad4-a432-50a7e5205878:travis-ci-jvm-precise-1449369041
travis_fold:end:worker_info[0Ktravis_fold:start:system_info[0K[33;1mBuild system information[0m
Build language: java
Build group: stable
Build dist: precise
[34m[1mBuild image provisioning date and time[0m
Sun Dec  6 02:51:59 UTC 2015
[34m[1mOperating System Details[0m
Distributor ID:	Ubuntu
Description:	Ubuntu 12.04.5 LTS
Release:	12.04
Codename:	precise
[34m[1mLinux Version[0m
3.13.0-63-generic
[34m[1mCookbooks Version[0m
eb158e1 https://github.com/travis-ci/travis-cookbooks/tree/eb158e1
[34m[1mGit version[0m
git version 1.7.9.5
[34m[1mbash version[0m
GNU bash, version 4.2.25(1)-release (x86_64-pc-linux-gnu)
Copyright (C) 2011 Free Software Foundation, Inc.
License GPLv3+: GNU GPL version 3 or later <http://gnu.org/licenses/gpl.html>

This is free software; you are free to change and redistribute it.
There is NO WARRANTY, to the extent permitted by law.
[34m[1mGCC version[0m
gcc (Ubuntu/Linaro 4.6.3-1ubuntu5) 4.6.3
Copyright (C) 2011 Free Software Foundation, Inc.
This is free software; see the source for copying conditions.  There is NO
warranty; not even for MERCHANTABILITY or FITNESS FOR A PARTICULAR PURPOSE.

[34m[1mLLVM version[0m
clang version 3.4 (tags/RELEASE_34/final)
Target: x86_64-unknown-linux-gnu
Thread model: posix
[34m[1mPre-installed Ruby versions[0m
ruby-1.9.3-p551
[34m[1mPre-installed Node.js versions[0m
v0.10.36
[34m[1mPre-installed Go versions[0m
1.4.2
[34m[1mmysql --version[0m
mysql  Ver 14.14 Distrib 5.5.46, for debian-linux-gnu (x86_64) using readline 6.2
[34m[1mPre-installed PostgreSQL versions[0m
9.1.19
9.2.14
9.3.10
9.4.5
[34m[1mRedis version[0m
redis-server 3.0.5
[34m[1mriak version[0m
2.1.2
[34m[1mMongoDB version[0m
MongoDB 2.4.14
[34m[1mCouchDB version[0m
couchdb 1.6.1
[34m[1mNeo4j version[0m
1.9.4
[34m[1mCassandra version[0m
2.0.9
[34m[1mElasticSearch version[0m
1.4.0
[34m[1mInstalled Sphinx versions[0m
2.0.10
2.1.9
2.2.6
[34m[1mDefault Sphinx version[0m
2.2.6
[34m[1mInstalled Firefox version[0m
firefox 38.4.0esr
[34m[1mPhantomJS version[0m
1.9.8
[34m[1mant -version[0m
Apache Ant(TM) version 1.8.2 compiled on December 3 2011
[34m[1mmvn -version[0m
Apache Maven 3.2.5 (12a6b3acb947671f09b81f49094c53f426d8cea1; 2014-12-14T17:29:23+00:00)
Maven home: /usr/local/maven
Java version: 1.7.0_80, vendor: Oracle Corporation
Java home: /usr/lib/jvm/java-7-oracle/jre
Default locale: en, platform encoding: UTF-8
OS name: "linux", version: "3.13.0-63-generic", arch: "amd64", family: "unix"
[34m[1mgradle -version[0m

------------------------------------------------------------
Gradle 2.2.1
------------------------------------------------------------

Build time:   2014-11-24 09:45:35 UTC
Build number: none
Revision:     6fcb59c06f43a4e6b1bcb401f7686a8601a1fb4a

Groovy:       2.3.6
Ant:          Apache Ant(TM) version 1.9.3 compiled on December 23 2013
JVM:          1.7.0_80 (Oracle Corporation 24.80-b11)
OS:           Linux 3.13.0-63-generic amd64

[34m[1mlein1 version[0m
WARNING: You're currently running as root; probably by accident.
Press control-C to abort or Enter to continue as root.
Set LEIN_ROOT to disable this warning.
WARNING: You're currently running as root; probably by accident.
Press control-C to abort or Enter to continue as root.
Set LEIN_ROOT to disable this warning.
Downloading Leiningen now...
Using JLine for console I/O; install rlwrap for optimum experience.
Leiningen 1.7.1 on Java 1.7.0_80 Java HotSpot(TM) 64-Bit Server VM
[34m[1mlein2 version[0m
WARNING: You're currently running as root; probably by accident.
Press control-C to abort or Enter to continue as root.
Set LEIN_ROOT to disable this warning.
Downloading Leiningen to /home/travis/.lein/self-installs/home/travis/.lein/leiningen-2.5.1-standalone.jar now...
Leiningen 2.5.1 on Java 1.7.0_80 Java HotSpot(TM) 64-Bit Server VM
[34m[1mlein version[0m
WARNING: You're currently running as root; probably by accident.
Press control-C to abort or Enter to continue as root.
Set LEIN_ROOT to disable this warning.
Downloading Leiningen to /home/travis/.lein/self-installs/home/travis/.lein/leiningen-2.5.1-standalone.jar now...
Leiningen 2.5.1 on Java 1.7.0_80 Java HotSpot(TM) 64-Bit Server VM
travis_fold:end:system_info[0K
travis_fold:start:git.checkout[0Ktravis_time:start:185d5800[0K$ git clone --depth=50 https://github.com/gradle/gradle.git gradle/gradle
Cloning into 'gradle/gradle'...
remote: Counting objects: 192642   [Kremote: Counting objects: 357473, done.[K
remote: Compressing objects:   0% (1/134857)   [Kremote: Compressing objects:   1% (1349/134857)   [Kremote: Compressing objects:   2% (2698/134857)   [Kremote: Compressing objects:   3% (4046/134857)   [Kremote: Compressing objects:   4% (5395/134857)   [Kremote: Compressing objects:   4% (6528/134857)   [Kremote: Compressing objects:   5% (6743/134857)   [Kremote: Compressing objects:   6% (8092/134857)   [Kremote: Compressing objects:   7% (9440/134857)   [Kremote: Compressing objects:   8% (10789/134857)   [Kremote: Compressing objects:   9% (12138/134857)   [Kremote: Compressing objects:  10% (13486/134857)   [Kremote: Compressing objects:  11% (14835/134857)   [Kremote: Compressing objects:  12% (16183/134857)   [Kremote: Compressing objects:  12% (16497/134857)   [Kremote: Compressing objects:  13% (17532/134857)   [Kremote: Compressing objects:  14% (18880/134857)   [Kremote: Compressing objects:  15% (20229/134857)   [Kremote: Compressing objects:  16% (21578/134857)   [Kremote: Compressing objects:  16% (22711/134857)   [Kremote: Compressing objects:  17% (22926/134857)   [Kremote: Compressing objects:  18% (24275/134857)   [Kremote: Compressing objects:  19% (25623/134857)   [Kremote: Compressing objects:  20% (26972/134857)   [Kremote: Compressing objects:  21% (28320/134857)   [Kremote: Compressing objects:  22% (29669/134857)   [Kremote: Compressing objects:  22% (30338/134857)   [Kremote: Compressing objects:  23% (31018/134857)   [Kremote: Compressing objects:  24% (32366/134857)   [Kremote: Compressing objects:  25% (33715/134857)   [Kremote: Compressing objects:  26% (35063/134857)   [Kremote: Compressing objects:  27% (36412/134857)   [Kremote: Compressing objects:  28% (37760/134857)   [Kremote: Compressing objects:  29% (39109/134857)   [Kremote: Compressing objects:  30% (40458/134857)   [Kremote: Compressing objects:  31% (41806/134857)   [Kremote: Compressing objects:  32% (43155/134857)   [Kremote: Compressing objects:  33% (44503/134857)   [Kremote: Compressing objects:  34% (45852/134857)   [Kremote: Compressing objects:  35% (47200/134857)   [Kremote: Compressing objects:  36% (48549/134857)   [Kremote: Compressing objects:  37% (49898/134857)   [Kremote: Compressing objects:  38% (51246/134857)   [Kremote: Compressing objects:  39% (52595/134857)   [Kremote: Compressing objects:  40% (53943/134857)   [Kremote: Compressing objects:  41% (55292/134857)   [Kremote: Compressing objects:  42% (56640/134857)   [Kremote: Compressing objects:  43% (57989/134857)   [Kremote: Compressing objects:  44% (59338/134857)   [Kremote: Compressing objects:  45% (60686/134857)   [Kremote: Compressing objects:  46% (62035/134857)   [Kremote: Compressing objects:  47% (63383/134857)   [Kremote: Compressing objects:  48% (64732/134857)   [Kremote: Compressing objects:  49% (66080/134857)   [Kremote: Compressing objects:  50% (67429/134857)   [Kremote: Compressing objects:  51% (68778/134857)   [Kremote: Compressing objects:  52% (70126/134857)   [Kremote: Compressing objects:  53% (71475/134857)   [Kremote: Compressing objects:  54% (72823/134857)   [Kremote: Compressing objects:  55% (74172/134857)   [Kremote: Compressing objects:  56% (75520/134857)   [Kremote: Compressing objects:  57% (76869/134857)   [Kremote: Compressing objects:  58% (78218/134857)   [Kremote: Compressing objects:  59% (79566/134857)   [Kremote: Compressing objects:  60% (80915/134857)   [Kremote: Compressing objects:  61% (82263/134857)   [Kremote: Compressing objects:  62% (83612/134857)   [Kremote: Compressing objects:  63% (84960/134857)   [Kremote: Compressing objects:  64% (86309/134857)   [Kremote: Compressing objects:  65% (87658/134857)   [Kremote: Compressing objects:  66% (89006/134857)   [Kremote: Compressing objects:  67% (90355/134857)   [Kremote: Compressing objects:  68% (91703/134857)   [Kremote: Compressing objects:  69% (93052/134857)   [Kremote: Compressing objects:  70% (94400/134857)   [Kremote: Compressing objects:  71% (95749/134857)   [Kremote: Compressing objects:  72% (97098/134857)   [Kremote: Compressing objects:  73% (98446/134857)   [Kremote: Compressing objects:  74% (99795/134857)   [Kremote: Compressing objects:  75% (101143/134857)   [Kremote: Compressing objects:  76% (102492/134857)   [Kremote: Compressing objects:  77% (103840/134857)   [Kremote: Compressing objects:  78% (105189/134857)   [Kremote: Compressing objects:  79% (106538/134857)   [Kremote: Compressing objects:  80% (107886/134857)   [Kremote: Compressing objects:  81% (109235/134857)   [Kremote: Compressing objects:  82% (110583/134857)   [Kremote: Compressing objects:  83% (111932/134857)   [Kremote: Compressing objects:  84% (113280/134857)   [Kremote: Compressing objects:  85% (114629/134857)   [Kremote: Compressing objects:  86% (115978/134857)   [Kremote: Compressing objects:  87% (117326/134857)   [Kremote: Compressing objects:  88% (118675/134857)   [Kremote: Compressing objects:  89% (120023/134857)   [Kremote: Compressing objects:  90% (121372/134857)   [Kremote: Compressing objects:  91% (122720/134857)   [Kremote: Compressing objects:  92% (124069/134857)   [Kremote: Compressing objects:  93% (125418/134857)   [Kremote: Compressing objects:  94% (126766/134857)   [Kremote: Compressing objects:  95% (128115/134857)   [Kremote: Compressing objects:  96% (129463/134857)   [Kremote: Compressing objects:  97% (130812/134857)   [Kremote: Compressing objects:  98% (132160/134857)   [Kremote: Compressing objects:  99% (133509/134857)   [Kremote: Compressing objects: 100% (134857/134857)   [Kremote: Compressing objects: 100% (134857/134857), done.[K
Receiving objects:   0% (1/357473)   Receiving objects:   1% (3575/357473)   Receiving objects:   2% (7150/357473)   Receiving objects:   3% (10725/357473)   Receiving objects:   4% (14299/357473)   Receiving objects:   5% (17874/357473)   Receiving objects:   6% (21449/357473)   Receiving objects:   7% (25024/357473)   Receiving objects:   8% (28598/357473)   Receiving objects:   9% (32173/357473)   Receiving objects:  10% (35748/357473)   Receiving objects:  11% (39323/357473)   Receiving objects:  12% (42897/357473)   Receiving objects:  13% (46472/357473)   Receiving objects:  14% (50047/357473)   Receiving objects:  15% (53621/357473)   Receiving objects:  16% (57196/357473)   Receiving objects:  17% (60771/357473)   Receiving objects:  18% (64346/357473)   Receiving objects:  19% (67920/357473)   Receiving objects:  20% (71495/357473)   Receiving objects:  21% (75070/357473)   Receiving objects:  22% (78645/357473)   Receiving objects:  23% (82219/357473)   Receiving objects:  24% (85794/357473)   Receiving objects:  25% (89369/357473)   Receiving objects:  26% (92943/357473)   Receiving objects:  27% (96518/357473)   Receiving objects:  28% (100093/357473)   Receiving objects:  29% (103668/357473)   Receiving objects:  30% (107242/357473)   Receiving objects:  31% (110817/357473)   Receiving objects:  32% (114392/357473), 10.32 MiB | 20.58 MiB/s   Receiving objects:  33% (117967/357473), 10.32 MiB | 20.58 MiB/s   Receiving objects:  34% (121541/357473), 10.32 MiB | 20.58 MiB/s   Receiving objects:  35% (125116/357473), 10.32 MiB | 20.58 MiB/s   Receiving objects:  36% (128691/357473), 10.32 MiB | 20.58 MiB/s   Receiving objects:  37% (132266/357473), 10.32 MiB | 20.58 MiB/s   Receiving objects:  38% (135840/357473), 10.32 MiB | 20.58 MiB/s   Receiving objects:  39% (139415/357473), 10.32 MiB | 20.58 MiB/s   Receiving objects:  40% (142990/357473), 10.32 MiB | 20.58 MiB/s   Receiving objects:  41% (146564/357473), 10.32 MiB | 20.58 MiB/s   Receiving objects:  42% (150139/357473), 10.32 MiB | 20.58 MiB/s   Receiving objects:  43% (153714/357473), 10.32 MiB | 20.58 MiB/s   Receiving objects:  44% (157289/357473), 10.32 MiB | 20.58 MiB/s   Receiving objects:  45% (160863/357473), 10.32 MiB | 20.58 MiB/s   Receiving objects:  46% (164438/357473), 10.32 MiB | 20.58 MiB/s   Receiving objects:  47% (168013/357473), 10.32 MiB | 20.58 MiB/s   Receiving objects:  48% (171588/357473), 10.32 MiB | 20.58 MiB/s   Receiving objects:  49% (175162/357473), 10.32 MiB | 20.58 MiB/s   Receiving objects:  50% (178737/357473), 10.32 MiB | 20.58 MiB/s   Receiving objects:  51% (182312/357473), 10.32 MiB | 20.58 MiB/s   Receiving objects:  52% (185886/357473), 10.32 MiB | 20.58 MiB/s   Receiving objects:  53% (189461/357473), 10.32 MiB | 20.58 MiB/s   Receiving objects:  54% (193036/357473), 10.32 MiB | 20.58 MiB/s   Receiving objects:  55% (196611/357473), 10.32 MiB | 20.58 MiB/s   Receiving objects:  56% (200185/357473), 10.32 MiB | 20.58 MiB/s   Receiving objects:  57% (203760/357473), 10.32 MiB | 20.58 MiB/s   Receiving objects:  58% (207335/357473), 10.32 MiB | 20.58 MiB/s   Receiving objects:  59% (210910/357473), 10.32 MiB | 20.58 MiB/s   Receiving objects:  60% (214484/357473), 10.32 MiB | 20.58 MiB/s   Receiving objects:  60% (216620/357473), 10.32 MiB | 20.58 MiB/s   Receiving objects:  61% (218059/357473), 27.82 MiB | 27.76 MiB/s   Receiving objects:  62% (221634/357473), 27.82 MiB | 27.76 MiB/s   Receiving objects:  63% (225208/357473), 27.82 MiB | 27.76 MiB/s   Receiving objects:  64% (228783/357473), 27.82 MiB | 27.76 MiB/s   Receiving objects:  65% (232358/357473), 27.82 MiB | 27.76 MiB/s   Receiving objects:  66% (235933/357473), 27.82 MiB | 27.76 MiB/s   Receiving objects:  67% (239507/357473), 27.82 MiB | 27.76 MiB/s   Receiving objects:  68% (243082/357473), 27.82 MiB | 27.76 MiB/s   Receiving objects:  69% (246657/357473), 27.82 MiB | 27.76 MiB/s   Receiving objects:  70% (250232/357473), 27.82 MiB | 27.76 MiB/s   Receiving objects:  71% (253806/357473), 27.82 MiB | 27.76 MiB/s   Receiving objects:  72% (257381/357473), 27.82 MiB | 27.76 MiB/s   Receiving objects:  73% (260956/357473), 27.82 MiB | 27.76 MiB/s   Receiving objects:  74% (264531/357473), 27.82 MiB | 27.76 MiB/s   Receiving objects:  75% (268105/357473), 27.82 MiB | 27.76 MiB/s   Receiving objects:  76% (271680/357473), 27.82 MiB | 27.76 MiB/s   Receiving objects:  77% (275255/357473), 27.82 MiB | 27.76 MiB/s   Receiving objects:  78% (278829/357473), 27.82 MiB | 27.76 MiB/s   Receiving objects:  79% (282404/357473), 27.82 MiB | 27.76 MiB/s   Receiving objects:  80% (285979/357473), 47.99 MiB | 31.93 MiB/s   Receiving objects:  81% (289554/357473), 47.99 MiB | 31.93 MiB/s   Receiving objects:  82% (293128/357473), 47.99 MiB | 31.93 MiB/s   Receiving objects:  83% (296703/357473), 47.99 MiB | 31.93 MiB/s   Receiving objects:  84% (300278/357473), 47.99 MiB | 31.93 MiB/s   Receiving objects:  85% (303853/357473), 47.99 MiB | 31.93 MiB/s   Receiving objects:  86% (307427/357473), 47.99 MiB | 31.93 MiB/s   Receiving objects:  87% (311002/357473), 47.99 MiB | 31.93 MiB/s   Receiving objects:  88% (314577/357473), 47.99 MiB | 31.93 MiB/s   Receiving objects:  89% (318151/357473), 47.99 MiB | 31.93 MiB/s   Receiving objects:  90% (321726/357473), 47.99 MiB | 31.93 MiB/s   Receiving objects:  91% (325301/357473), 47.99 MiB | 31.93 MiB/s   Receiving objects:  92% (328876/357473), 47.99 MiB | 31.93 MiB/s   Receiving objects:  93% (332450/357473), 47.99 MiB | 31.93 MiB/s   Receiving objects:  93% (335242/357473), 47.99 MiB | 31.93 MiB/s   Receiving objects:  94% (336025/357473), 65.68 MiB | 32.78 MiB/s   Receiving objects:  95% (339600/357473), 65.68 MiB | 32.78 MiB/s   Receiving objects:  96% (343175/357473), 65.68 MiB | 32.78 MiB/s   Receiving objects:  97% (346749/357473), 65.68 MiB | 32.78 MiB/s   Receiving objects:  98% (350324/357473), 65.68 MiB | 32.78 MiB/s   Receiving objects:  99% (353899/357473), 65.68 MiB | 32.78 MiB/s   remote: Total 357473 (delta 159829), reused 330585 (delta 137498), pack-reused 0[K
Receiving objects: 100% (357473/357473), 65.68 MiB | 32.78 MiB/s   Receiving objects: 100% (357473/357473), 72.10 MiB | 32.78 MiB/s, done.
Resolving deltas:   0% (0/159829)   Resolving deltas:   1% (1599/159829)   Resolving deltas:   2% (3238/159829)   Resolving deltas:   3% (4856/159829)   Resolving deltas:   4% (6408/159829)   Resolving deltas:   5% (8401/159829)   Resolving deltas:   6% (9675/159829)   Resolving deltas:   7% (12177/159829)   Resolving deltas:   8% (12825/159829)   Resolving deltas:   9% (14392/159829)   Resolving deltas:  10% (15990/159829)   Resolving deltas:  11% (17600/159829)   Resolving deltas:  12% (19431/159829)   Resolving deltas:  13% (20871/159829)   Resolving deltas:  14% (22377/159829)   Resolving deltas:  15% (23996/159829)   Resolving deltas:  16% (25574/159829)   Resolving deltas:  17% (27330/159829)   Resolving deltas:  18% (29008/159829)   Resolving deltas:  19% (30441/159829)   Resolving deltas:  20% (31976/159829)   Resolving deltas:  21% (33588/159829)   Resolving deltas:  22% (35172/159829)   Resolving deltas:  23% (36778/159829)   Resolving deltas:  24% (38722/159829)   Resolving deltas:  25% (40234/159829)   Resolving deltas:  26% (41556/159829)   Resolving deltas:  27% (43207/159829)   Resolving deltas:  28% (44753/159829)   Resolving deltas:  29% (47389/159829)   Resolving deltas:  30% (47978/159829)   Resolving deltas:  31% (49589/159829)   Resolving deltas:  32% (51148/159829)   Resolving deltas:  33% (52744/159829)   Resolving deltas:  34% (54866/159829)   Resolving deltas:  35% (55944/159829)   Resolving deltas:  36% (57544/159829)   Resolving deltas:  37% (59153/159829)   Resolving deltas:  38% (60741/159829)   Resolving deltas:  39% (62341/159829)   Resolving deltas:  40% (64398/159829)   Resolving deltas:  41% (65551/159829)   Resolving deltas:  42% (67147/159829)   Resolving deltas:  43% (68858/159829)   Resolving deltas:  44% (70339/159829)   Resolving deltas:  45% (72021/159829)   Resolving deltas:  46% (73580/159829)   Resolving deltas:  47% (75135/159829)   Resolving deltas:  48% (76791/159829)   Resolving deltas:  49% (78433/159829)   Resolving deltas:  50% (79956/159829)   Resolving deltas:  51% (81513/159829)   Resolving deltas:  52% (83150/159829)   Resolving deltas:  53% (84710/159829)   Resolving deltas:  54% (86308/159829)   Resolving deltas:  55% (87909/159829)   Resolving deltas:  56% (89510/159829)   Resolving deltas:  57% (91109/159829)   Resolving deltas:  58% (92710/159829)   Resolving deltas:  59% (94309/159829)   Resolving deltas:  60% (95903/159829)   Resolving deltas:  61% (97500/159829)   Resolving deltas:  62% (99099/159829)   Resolving deltas:  63% (100698/159829)   Resolving deltas:  63% (101109/159829)   Resolving deltas:  64% (102294/159829)   Resolving deltas:  65% (103901/159829)   Resolving deltas:  66% (105493/159829)   Resolving deltas:  67% (107126/159829)   Resolving deltas:  68% (108684/159829)   Resolving deltas:  69% (110302/159829)   Resolving deltas:  70% (111882/159829)   Resolving deltas:  71% (113480/159829)   Resolving deltas:  72% (115078/159829)   Resolving deltas:  73% (116731/159829)   Resolving deltas:  74% (118288/159829)   Resolving deltas:  75% (119888/159829)   Resolving deltas:  76% (121505/159829)   Resolving deltas:  77% (123073/159829)   Resolving deltas:  78% (124683/159829)   Resolving deltas:  79% (126327/159829)   Resolving deltas:  80% (127864/159829)   Resolving deltas:  81% (129466/159829)   Resolving deltas:  82% (131074/159829)   Resolving deltas:  83% (132662/159829)   Resolving deltas:  84% (134260/159829)   Resolving deltas:  85% (135857/159829)   Resolving deltas:  85% (136195/159829)   Resolving deltas:  86% (137490/159829)   Resolving deltas:  87% (139055/159829)   Resolving deltas:  88% (140651/159829)   Resolving deltas:  89% (142253/159829)   Resolving deltas:  90% (143848/159829)   Resolving deltas:  91% (145461/159829)   Resolving deltas:  92% (147043/159829)   Resolving deltas:  93% (148643/159829)   Resolving deltas:  94% (150241/159829)   Resolving deltas:  95% (151850/159829)   Resolving deltas:  96% (153439/159829)   Resolving deltas:  97% (155051/159829)   Resolving deltas:  98% (156649/159829)   Resolving deltas:  99% (158241/159829)   Resolving deltas: 100% (159829/159829)   Resolving deltas: 100% (159829/159829), done.
travis_time:end:185d5800:start=1449485628369320870,finish=1449485642859481835,duration=14490160965[0K$ cd gradle/gradle
travis_time:start:04903c11[0K$ git fetch origin +refs/pull/551/merge:
remote: Counting objects: 41, done.[K
remote: Compressing objects:   4% (1/22)   [Kremote: Compressing objects:   9% (2/22)   [Kremote: Compressing objects:  13% (3/22)   [Kremote: Compressing objects:  18% (4/22)   [Kremote: Compressing objects:  22% (5/22)   [Kremote: Compressing objects:  27% (6/22)   [Kremote: Compressing objects:  31% (7/22)   [Kremote: Compressing objects:  36% (8/22)   [Kremote: Compressing objects:  40% (9/22)   [Kremote: Compressing objects:  45% (10/22)   [Kremote: Compressing objects:  50% (11/22)   [Kremote: Compressing objects:  54% (12/22)   [Kremote: Compressing objects:  59% (13/22)   [Kremote: Compressing objects:  63% (14/22)   [Kremote: Compressing objects:  68% (15/22)   [Kremote: Compressing objects:  72% (16/22)   [Kremote: Compressing objects:  77% (17/22)   [Kremote: Compressing objects:  81% (18/22)   [Kremote: Compressing objects:  86% (19/22)   [Kremote: Compressing objects:  90% (20/22)   [Kremote: Compressing objects:  95% (21/22)   [Kremote: Compressing objects: 100% (22/22)   [Kremote: Compressing objects: 100% (22/22), done.[K
remote: Total 41 (delta 14), reused 38 (delta 12), pack-reused 0[K
Unpacking objects:   2% (1/41)   Unpacking objects:   4% (2/41)   Unpacking objects:   7% (3/41)   Unpacking objects:   9% (4/41)   Unpacking objects:  12% (5/41)   Unpacking objects:  14% (6/41)   Unpacking objects:  17% (7/41)   Unpacking objects:  19% (8/41)   Unpacking objects:  21% (9/41)   Unpacking objects:  24% (10/41)   Unpacking objects:  26% (11/41)   Unpacking objects:  29% (12/41)   Unpacking objects:  31% (13/41)   Unpacking objects:  34% (14/41)   Unpacking objects:  36% (15/41)   Unpacking objects:  39% (16/41)   Unpacking objects:  41% (17/41)   Unpacking objects:  43% (18/41)   Unpacking objects:  46% (19/41)   Unpacking objects:  48% (20/41)   Unpacking objects:  51% (21/41)   Unpacking objects:  53% (22/41)   Unpacking objects:  56% (23/41)   Unpacking objects:  58% (24/41)   Unpacking objects:  60% (25/41)   Unpacking objects:  63% (26/41)   Unpacking objects:  65% (27/41)   Unpacking objects:  68% (28/41)   Unpacking objects:  70% (29/41)   Unpacking objects:  73% (30/41)   Unpacking objects:  75% (31/41)   Unpacking objects:  78% (32/41)   Unpacking objects:  80% (33/41)   Unpacking objects:  82% (34/41)   Unpacking objects:  85% (35/41)   Unpacking objects:  87% (36/41)   Unpacking objects:  90% (37/41)   Unpacking objects:  92% (38/41)   Unpacking objects:  95% (39/41)   Unpacking objects:  97% (40/41)   Unpacking objects: 100% (41/41)   Unpacking objects: 100% (41/41), done.
From https://github.com/gradle/gradle
 * branch            refs/pull/551/merge -> FETCH_HEAD
travis_time:end:04903c11:start=1449485642864100578,finish=1449485643640158931,duration=776058353[0K$ git checkout -qf FETCH_HEAD
travis_fold:end:git.checkout[0K
[33;1mSetting environment variables from .travis.yml[0m
$ export TERM=dumb
$ export GRADLE_OPTS="-Xmx1024m -Xms256m -XX:MaxPermSize=256m -XX:+CMSClassUnloadingEnabled"
$ export CI_TEST_SPLIT=2

$ jdk_switcher use oraclejdk7
Switching to Oracle JDK7 (java-7-oracle), JAVA_HOME will be set to /usr/lib/jvm/java-7-oracle
$ export TERM=dumb
$ java -Xmx32m -version
java version "1.7.0_80"
Java(TM) SE Runtime Environment (build 1.7.0_80-b15)
Java HotSpot(TM) 64-Bit Server VM (build 24.80-b11, mixed mode)
$ javac -J-Xmx32m -version
javac 1.7.0_80
travis_fold:start:install[0Ktravis_time:start:0456e610[0K$ true
travis_time:end:0456e610:start=1449485644624545783,finish=1449485644627868911,duration=3323128[0Ktravis_fold:end:install[0Ktravis_time:start:0baa3b08[0K$ ./travisci_build.sh
Downloading https://services.gradle.org/distributions/gradle-2.9-bin.zip
...............................................................................................................................................................................................................................................................................................................................................................................................................................................................................................................................................................................................................................................................................................................................................................................................................................................................................................................................................................................................................................................................................................................................................................................................................................................................................................................................................................................................................................................................................................................................................................................................................................................................................................................................................................................................................................................................................................................................................................................................................................................................................................................................................................................................................................................................................................................................
Unzipping /home/travis/.gradle/wrapper/dists/gradle-2.9-bin/ebaspjjvvkuki3ldbldx7hexd/gradle-2.9-bin.zip to /home/travis/.gradle/wrapper/dists/gradle-2.9-bin/ebaspjjvvkuki3ldbldx7hexd
Set executable permissions for: /home/travis/.gradle/wrapper/dists/gradle-2.9-bin/ebaspjjvvkuki3ldbldx7hexd/gradle-2.9/bin/gradle
Download https://repo.gradle.org/gradle/libs/com/google/guava/guava-jdk5/14.0.1/guava-jdk5-14.0.1.pom
Download https://repo.gradle.org/gradle/libs/com/google/guava/guava-parent-jdk5/14.0.1/guava-parent-jdk5-14.0.1.pom
Download https://repo.gradle.org/gradle/libs/org/sonatype/oss/oss-parent/7/oss-parent-7.pom
Download https://repo.gradle.org/gradle/libs/commons-lang/commons-lang/2.6/commons-lang-2.6.pom
Download https://repo.gradle.org/gradle/libs/org/apache/commons/commons-parent/17/commons-parent-17.pom
Download https://repo.gradle.org/gradle/libs/org/apache/apache/7/apache-7.pom
Download https://repo.gradle.org/gradle/libs/org/pegdown/pegdown/1.1.0/pegdown-1.1.0.pom
Download https://repo.gradle.org/gradle/libs/org/jsoup/jsoup/1.6.3/jsoup-1.6.3.pom
Download https://repo.gradle.org/gradle/libs/org/gradle/jarjar/jarjar/1.2.1/jarjar-1.2.1.pom
Download https://repo.gradle.org/gradle/libs/org/parboiled/parboiled-core/1.0.2/parboiled-core-1.0.2.pom
Download https://repo.gradle.org/gradle/libs/org/parboiled/parboiled-java/1.0.2/parboiled-java-1.0.2.pom
Download https://repo.gradle.org/gradle/libs/asm/asm/3.3.1/asm-3.3.1.pom
Download https://repo.gradle.org/gradle/libs/asm/asm-parent/3.3.1/asm-parent-3.3.1.pom
Download https://repo.gradle.org/gradle/libs/asm/asm-util/3.3.1/asm-util-3.3.1.pom
Download https://repo.gradle.org/gradle/libs/asm/asm-tree/3.3.1/asm-tree-3.3.1.pom
Download https://repo.gradle.org/gradle/libs/asm/asm-analysis/3.3.1/asm-analysis-3.3.1.pom
Download https://repo.gradle.org/gradle/libs/com/google/guava/guava-jdk5/14.0.1/guava-jdk5-14.0.1.jar
Download https://repo.gradle.org/gradle/libs/commons-lang/commons-lang/2.6/commons-lang-2.6.jar
Download https://repo.gradle.org/gradle/libs/org/pegdown/pegdown/1.1.0/pegdown-1.1.0.jar
Download https://repo.gradle.org/gradle/libs/org/jsoup/jsoup/1.6.3/jsoup-1.6.3.jar
Download https://repo.gradle.org/gradle/libs/org/gradle/jarjar/jarjar/1.2.1/jarjar-1.2.1.jar
Download https://repo.gradle.org/gradle/libs/org/parboiled/parboiled-core/1.0.2/parboiled-core-1.0.2.jar
Download https://repo.gradle.org/gradle/libs/org/parboiled/parboiled-java/1.0.2/parboiled-java-1.0.2.jar
Download https://repo.gradle.org/gradle/libs/asm/asm/3.3.1/asm-3.3.1.jar
Download https://repo.gradle.org/gradle/libs/asm/asm-util/3.3.1/asm-util-3.3.1.jar
Download https://repo.gradle.org/gradle/libs/asm/asm-tree/3.3.1/asm-tree-3.3.1.jar
Download https://repo.gradle.org/gradle/libs/asm/asm-analysis/3.3.1/asm-analysis-3.3.1.jar
:buildSrc:clean UP-TO-DATE
:buildSrc:compileJava UP-TO-DATE
:buildSrc:compileGroovy
:buildSrc:processResources
:buildSrc:classes
:buildSrc:jar
:buildSrc:assemble
:buildSrc:checkstyleMain
Download https://repo.gradle.org/gradle/libs/com/puppycrawl/tools/checkstyle/5.9/checkstyle-5.9.pom
Download https://repo.gradle.org/gradle/libs/antlr/antlr/2.7.7/antlr-2.7.7.pom
Download https://repo.gradle.org/gradle/libs/commons-beanutils/commons-beanutils-core/1.8.3/commons-beanutils-core-1.8.3.pom
Download https://repo.gradle.org/gradle/libs/org/apache/apache/4/apache-4.pom
Download https://repo.gradle.org/gradle/libs/com/puppycrawl/tools/checkstyle/5.9/checkstyle-5.9.jar
Download https://repo.gradle.org/gradle/libs/antlr/antlr/2.7.7/antlr-2.7.7.jar
Download https://repo.gradle.org/gradle/libs/commons-beanutils/commons-beanutils-core/1.8.3/commons-beanutils-core-1.8.3.jar
:buildSrc:compileTestJava UP-TO-DATE
:buildSrc:compileTestGroovy
Download https://repo.gradle.org/gradle/libs/junit/junit/4.12/junit-4.12.pom
Download https://repo.gradle.org/gradle/libs/org/spockframework/spock-core/1.0-groovy-2.4/spock-core-1.0-groovy-2.4.pom
Download https://repo.gradle.org/gradle/libs/cglib/cglib-nodep/2.2/cglib-nodep-2.2.pom
Download https://repo.gradle.org/gradle/libs/org/objenesis/objenesis/1.2/objenesis-1.2.pom
Download https://repo.gradle.org/gradle/libs/org/objenesis/objenesis-parent/1.2/objenesis-parent-1.2.pom
Download https://repo.gradle.org/gradle/libs/junit/junit/4.12/junit-4.12.jar
Download https://repo.gradle.org/gradle/libs/org/spockframework/spock-core/1.0-groovy-2.4/spock-core-1.0-groovy-2.4.jar
Download https://repo.gradle.org/gradle/libs/cglib/cglib-nodep/2.2/cglib-nodep-2.2.jar
Download https://repo.gradle.org/gradle/libs/org/objenesis/objenesis/1.2/objenesis-1.2.jar
:buildSrc:processTestResources
:buildSrc:testClasses
:buildSrc:checkstyleTest UP-TO-DATE
:buildSrc:codenarcMain
Download https://repo.gradle.org/gradle/libs/org/codenarc/CodeNarc/0.24.1/CodeNarc-0.24.1.pom
Download https://repo.gradle.org/gradle/libs/junit/junit/4.8.1/junit-4.8.1.pom
Download https://repo.gradle.org/gradle/libs/org/codehaus/groovy/groovy-all/2.4.4/groovy-all-2.4.4.pom
Download https://repo.gradle.org/gradle/libs/org/gmetrics/GMetrics/0.7/GMetrics-0.7.pom
Download https://repo.gradle.org/gradle/libs/org/codenarc/CodeNarc/0.24.1/CodeNarc-0.24.1.jar
Download https://repo.gradle.org/gradle/libs/junit/junit/4.8.1/junit-4.8.1.jar
Download https://repo.gradle.org/gradle/libs/org/codehaus/groovy/groovy-all/2.4.4/groovy-all-2.4.4.jar
Download https://repo.gradle.org/gradle/libs/org/gmetrics/GMetrics/0.7/GMetrics-0.7.jar
:buildSrc:codenarcTest
:buildSrc:test
:buildSrc:check
:buildSrc:build
Downloading the released versions from: https://services.gradle.org/versions/all
Download https://repo1.maven.org/maven2/com/uwyn/jhighlight/1.0/jhighlight-1.0.pom
Download https://repo1.maven.org/maven2/com/uwyn/jhighlight/1.0/jhighlight-1.0.jar
============================================
testSplit2 configured to test the following projects: 
antlr
buildInit
dependencyManagement
ear
internalIntegTesting
javascript
languageJvm
maven
native
platformBase
pluginDevelopment
reporting
resourcesSftp
testKit
toolingApiBuilders
============================================
:startHeartBeat
Starting heartbeat.
:killExistingDaemons
 [heartbeat] 
:antlr:classpathManifest
Download https://repo.gradle.org/gradle/libs/org/slf4j/slf4j-api/1.7.10/slf4j-api-1.7.10.pom
Download https://repo.gradle.org/gradle/libs/org/slf4j/slf4j-parent/1.7.10/slf4j-parent-1.7.10.pom
Download https://repo.gradle.org/gradle/libs/org/ow2/asm/asm-all/5.0.3/asm-all-5.0.3.pom
Download https://repo.gradle.org/gradle/libs/org/ow2/asm/asm-parent/5.0.3/asm-parent-5.0.3.pom
Download https://repo.gradle.org/gradle/libs/org/ow2/ow2/1.3/ow2-1.3.pom
Download https://repo.gradle.org/gradle/libs/org/apache/ant/ant/1.9.3/ant-1.9.3.pom
Download https://repo.gradle.org/gradle/libs/org/apache/ant/ant-parent/1.9.3/ant-parent-1.9.3.pom
Download https://repo.gradle.org/gradle/libs/commons-collections/commons-collections/3.2.1/commons-collections-3.2.1.pom
Download https://repo.gradle.org/gradle/libs/commons-io/commons-io/2.2/commons-io-2.2.pom
Download https://repo.gradle.org/gradle/libs/org/apache/commons/commons-parent/24/commons-parent-24.pom
Download https://repo.gradle.org/gradle/libs/org/apache/apache/9/apache-9.pom
Download https://repo.gradle.org/gradle/libs/com/google/guava/guava-jdk5/17.0/guava-jdk5-17.0.pom
Download https://repo.gradle.org/gradle/libs/com/google/guava/guava-parent-jdk5/17.0/guava-parent-jdk5-17.0.pom
Download https://repo.gradle.org/gradle/libs/net/jcip/jcip-annotations/1.0/jcip-annotations-1.0.pom
Download https://repo.gradle.org/gradle/libs/org/slf4j/jul-to-slf4j/1.7.10/jul-to-slf4j-1.7.10.pom
Download https://repo.gradle.org/gradle/libs/com/googlecode/jarjar/jarjar/1.3/jarjar-1.3.pom
Download https://repo.gradle.org/gradle/libs/javax/inject/javax.inject/1/javax.inject-1.pom
Download https://repo.gradle.org/gradle/libs/org/slf4j/log4j-over-slf4j/1.7.10/log4j-over-slf4j-1.7.10.pom
Download https://repo.gradle.org/gradle/libs/org/slf4j/jcl-over-slf4j/1.7.10/jcl-over-slf4j-1.7.10.pom
Download https://repo.gradle.org/gradle/libs/org/testng/testng/6.3.1/testng-6.3.1.pom
Download https://repo.gradle.org/gradle/libs/org/sonatype/oss/oss-parent/3/oss-parent-3.pom
Download https://repo.gradle.org/gradle/libs/org/apache/ant/ant-launcher/1.9.3/ant-launcher-1.9.3.pom
Download https://repo.gradle.org/gradle/libs/net/java/dev/jna/jna/3.2.7/jna-3.2.7.pom
Download https://repo.gradle.org/gradle/libs/net/rubygrapefruit/native-platform/0.10/native-platform-0.10.pom
Download https://repo.gradle.org/gradle/libs/org/fusesource/jansi/jansi/1.2.1/jansi-1.2.1.pom
Download https://repo.gradle.org/gradle/libs/com/esotericsoftware/kryo/kryo/2.20/kryo-2.20.pom
Download https://repo.gradle.org/gradle/libs/org/apache/ivy/ivy/2.2.0/ivy-2.2.0.pom
Download https://repo.gradle.org/gradle/libs/com/google/code/gson/gson/2.2.4/gson-2.2.4.pom
Download https://repo.gradle.org/gradle/libs/org/apache/maven/maven-core/3.0.4/maven-core-3.0.4.pom
Download https://repo.gradle.org/gradle/libs/org/apache/maven/maven/3.0.4/maven-3.0.4.pom
Download https://repo.gradle.org/gradle/libs/org/apache/maven/maven-parent/21/maven-parent-21.pom
Download https://repo.gradle.org/gradle/libs/org/apache/apache/10/apache-10.pom
Download https://repo.gradle.org/gradle/libs/org/apache/xbean/xbean-reflect/3.4/xbean-reflect-3.4.pom
Download https://repo.gradle.org/gradle/libs/org/apache/xbean/xbean/3.4/xbean-3.4.pom
Download https://repo.gradle.org/gradle/libs/org/bouncycastle/bcprov-jdk15on/1.51/bcprov-jdk15on-1.51.pom
Download https://repo.gradle.org/gradle/libs/com/googlecode/jatl/jatl/0.2.2/jatl-0.2.2.pom
Download https://repo.gradle.org/gradle/libs/org/sonatype/oss/oss-parent/5/oss-parent-5.pom
Download https://repo.gradle.org/gradle/libs/org/beanshell/bsh/2.0b4/bsh-2.0b4.pom
Download https://repo.gradle.org/gradle/libs/org/beanshell/beanshell/2.0b4/beanshell-2.0b4.pom
Download https://repo.gradle.org/gradle/libs/com/beust/jcommander/1.12/jcommander-1.12.pom
Download https://repo.gradle.org/gradle/libs/org/yaml/snakeyaml/1.6/snakeyaml-1.6.pom
Download https://repo.gradle.org/gradle/libs/net/rubygrapefruit/native-platform-osx-i386/0.10/native-platform-osx-i386-0.10.pom
Download https://repo.gradle.org/gradle/libs/net/rubygrapefruit/native-platform-osx-amd64/0.10/native-platform-osx-amd64-0.10.pom
Download https://repo.gradle.org/gradle/libs/net/rubygrapefruit/native-platform-linux-amd64/0.10/native-platform-linux-amd64-0.10.pom
Download https://repo.gradle.org/gradle/libs/net/rubygrapefruit/native-platform-linux-i386/0.10/native-platform-linux-i386-0.10.pom
Download https://repo.gradle.org/gradle/libs/net/rubygrapefruit/native-platform-windows-amd64/0.10/native-platform-windows-amd64-0.10.pom
Download https://repo.gradle.org/gradle/libs/net/rubygrapefruit/native-platform-windows-i386/0.10/native-platform-windows-i386-0.10.pom
Download https://repo.gradle.org/gradle/libs/net/rubygrapefruit/native-platform-freebsd-i386/0.10/native-platform-freebsd-i386-0.10.pom
Download https://repo.gradle.org/gradle/libs/net/rubygrapefruit/native-platform-freebsd-amd64/0.10/native-platform-freebsd-amd64-0.10.pom
Download https://repo.gradle.org/gradle/libs/com/esotericsoftware/reflectasm/reflectasm/1.07/reflectasm-1.07.pom
Download https://repo.gradle.org/gradle/libs/com/esotericsoftware/minlog/minlog/1.2/minlog-1.2.pom
Download https://repo.gradle.org/gradle/libs/com/jcraft/jsch/0.1.53/jsch-0.1.53.pom
Download https://repo.gradle.org/gradle/libs/org/sonatype/oss/oss-parent/6/oss-parent-6.pom
Download https://repo.gradle.org/gradle/libs/org/sonatype/aether/aether-util/1.13.1/aether-util-1.13.1.pom
Download https://repo.gradle.org/gradle/libs/org/sonatype/aether/aether/1.13.1/aether-1.13.1.pom
Download https://repo.gradle.org/gradle/libs/org/sonatype/forge/forge-parent/10/forge-parent-10.pom
Download https://repo.gradle.org/gradle/libs/org/sonatype/aether/aether-impl/1.13.1/aether-impl-1.13.1.pom
Download https://repo.gradle.org/gradle/libs/org/sonatype/aether/aether-spi/1.13.1/aether-spi-1.13.1.pom
Download https://repo.gradle.org/gradle/libs/org/apache/maven/wagon/wagon-provider-api/2.4/wagon-provider-api-2.4.pom
Download https://repo.gradle.org/gradle/libs/org/apache/maven/wagon/wagon/2.4/wagon-2.4.pom
Download https://repo.gradle.org/gradle/libs/org/apache/maven/maven-parent/23/maven-parent-23.pom
Download https://repo.gradle.org/gradle/libs/org/apache/apache/13/apache-13.pom
Download https://repo.gradle.org/gradle/libs/org/apache/maven/maven-aether-provider/3.0.4/maven-aether-provider-3.0.4.pom
Download https://repo.gradle.org/gradle/libs/org/apache/maven/maven-repository-metadata/3.0.4/maven-repository-metadata-3.0.4.pom
Download https://repo.gradle.org/gradle/libs/org/codehaus/plexus/plexus-classworlds/2.4/plexus-classworlds-2.4.pom
Download https://repo.gradle.org/gradle/libs/org/codehaus/plexus/plexus/2.0.7/plexus-2.0.7.pom
Download https://repo.gradle.org/gradle/libs/org/sonatype/aether/aether-connector-wagon/1.13.1/aether-connector-wagon-1.13.1.pom
Download https://repo.gradle.org/gradle/libs/org/apache/maven/maven-model/3.0.4/maven-model-3.0.4.pom
Download https://repo.gradle.org/gradle/libs/org/apache/maven/wagon/wagon-http/2.4/wagon-http-2.4.pom
Download https://repo.gradle.org/gradle/libs/org/apache/maven/wagon/wagon-providers/2.4/wagon-providers-2.4.pom
Download https://repo.gradle.org/gradle/libs/org/apache/maven/maven-settings-builder/3.0.4/maven-settings-builder-3.0.4.pom
Download https://repo.gradle.org/gradle/libs/org/apache/maven/maven-compat/3.0.4/maven-compat-3.0.4.pom
Download https://repo.gradle.org/gradle/libs/org/codehaus/plexus/plexus-component-annotations/1.5.5/plexus-component-annotations-1.5.5.pom
Download https://repo.gradle.org/gradle/libs/org/codehaus/plexus/plexus-containers/1.5.5/plexus-containers-1.5.5.pom
Download https://repo.gradle.org/gradle/libs/org/apache/maven/maven-plugin-api/3.0.4/maven-plugin-api-3.0.4.pom
Download https://repo.gradle.org/gradle/libs/org/codehaus/plexus/plexus-container-default/1.5.5/plexus-container-default-1.5.5.pom
Download https://repo.gradle.org/gradle/libs/org/apache/maven/maven-artifact/3.0.4/maven-artifact-3.0.4.pom
Download https://repo.gradle.org/gradle/libs/org/codehaus/plexus/plexus-interpolation/1.14/plexus-interpolation-1.14.pom
Download https://repo.gradle.org/gradle/libs/org/codehaus/plexus/plexus-components/1.1.18/plexus-components-1.1.18.pom
Download https://repo.gradle.org/gradle/libs/org/apache/maven/maven-settings/3.0.4/maven-settings-3.0.4.pom
Download https://repo.gradle.org/gradle/libs/org/sonatype/aether/aether-api/1.13.1/aether-api-1.13.1.pom
Download https://repo.gradle.org/gradle/libs/org/sonatype/plexus/plexus-cipher/1.7/plexus-cipher-1.7.pom
Download https://repo.gradle.org/gradle/libs/org/sonatype/spice/spice-parent/15/spice-parent-15.pom
Download https://repo.gradle.org/gradle/libs/org/sonatype/forge/forge-parent/5/forge-parent-5.pom
Download https://repo.gradle.org/gradle/libs/org/apache/maven/wagon/wagon-file/2.4/wagon-file-2.4.pom
Download https://repo.gradle.org/gradle/libs/org/apache/maven/maven-model-builder/3.0.4/maven-model-builder-3.0.4.pom
Download https://repo.gradle.org/gradle/libs/org/codehaus/plexus/plexus-utils/2.0.6/plexus-utils-2.0.6.pom
Download https://repo.gradle.org/gradle/libs/org/apache/maven/wagon/wagon-http-shared4/2.4/wagon-http-shared4-2.4.pom
Download https://repo.gradle.org/gradle/libs/org/hamcrest/hamcrest-core/1.3/hamcrest-core-1.3.pom
Download https://repo.gradle.org/gradle/libs/org/hamcrest/hamcrest-parent/1.3/hamcrest-parent-1.3.pom
Download https://repo.gradle.org/gradle/libs/org/slf4j/slf4j-api/1.7.10/slf4j-api-1.7.10.jar
:baseServices:classpathManifest
Download https://repo.gradle.org/gradle/libs/com/google/guava/guava-jdk5/17.0/guava-jdk5-17.0.jar
:baseServices:compileJavaNote: Some input files use unchecked or unsafe operations.
Note: Recompile with -Xlint:unchecked for details.

:baseServices:compileGroovy UP-TO-DATE
:baseServices:processResources UP-TO-DATE
:baseServices:classes
:baseServices:jar
:baseServicesGroovy:classpathManifest
:baseServicesGroovy:compileJava UP-TO-DATE
:baseServicesGroovy:compileGroovyNote: /home/travis/build/gradle/gradle/subprojects/base-services-groovy/src/main/groovy/org/gradle/api/specs/AndSpec.java uses unchecked or unsafe operations.
Note: Recompile with -Xlint:unchecked for details.

:baseServicesGroovy:processResources UP-TO-DATE
:baseServicesGroovy:classes
:baseServicesGroovy:jar
:cli:classpathManifest
:cli:compileJava
:cli:compileGroovy UP-TO-DATE
:cli:processResources UP-TO-DATE
:cli:classes
:cli:jar
:determineCommitId
:createBuildReceipt
:core:buildReceiptResource
:core:classpathManifest
Download https://repo.gradle.org/gradle/libs/org/ow2/asm/asm-all/5.0.3/asm-all-5.0.3.jar
Download https://repo.gradle.org/gradle/libs/org/apache/ant/ant/1.9.3/ant-1.9.3.jar
Download https://repo.gradle.org/gradle/libs/commons-collections/commons-collections/3.2.1/commons-collections-3.2.1.jar
Download https://repo.gradle.org/gradle/libs/commons-io/commons-io/2.2/commons-io-2.2.jar
Download https://repo.gradle.org/gradle/libs/net/jcip/jcip-annotations/1.0/jcip-annotations-1.0.jar
Download https://repo.gradle.org/gradle/libs/org/slf4j/jul-to-slf4j/1.7.10/jul-to-slf4j-1.7.10.jar
Download https://repo.gradle.org/gradle/libs/com/googlecode/jarjar/jarjar/1.3/jarjar-1.3.jar
Download https://repo.gradle.org/gradle/libs/javax/inject/javax.inject/1/javax.inject-1.jar
Download https://repo.gradle.org/gradle/libs/org/slf4j/log4j-over-slf4j/1.7.10/log4j-over-slf4j-1.7.10.jar
Download https://repo.gradle.org/gradle/libs/org/slf4j/jcl-over-slf4j/1.7.10/jcl-over-slf4j-1.7.10.jar
Download https://repo.gradle.org/gradle/libs/org/apache/ant/ant-launcher/1.9.3/ant-launcher-1.9.3.jar
:messaging:classpathManifest
Download https://repo.gradle.org/gradle/libs/com/esotericsoftware/kryo/kryo/2.20/kryo-2.20.jar
Download https://repo.gradle.org/gradle/libs/com/esotericsoftware/reflectasm/reflectasm/1.07/reflectasm-1.07-shaded.jar
Download https://repo.gradle.org/gradle/libs/com/esotericsoftware/minlog/minlog/1.2/minlog-1.2.jar
:messaging:compileJavaNote: Some input files use unchecked or unsafe operations.
Note: Recompile with -Xlint:unchecked for details.

:messaging:compileGroovy UP-TO-DATE
:messaging:processResources UP-TO-DATE
:messaging:classes
:messaging:jar
:modelCore:classpathManifest
:modelCore:compileJavaNote: Some input files use or override a deprecated API.
Note: Recompile with -Xlint:deprecation for details.

:modelCore:compileGroovy UP-TO-DATE
:modelCore:processResources UP-TO-DATE
:modelCore:classes
:modelCore:jar
:modelGroovy:classpathManifest
:modelGroovy:compileJava
:modelGroovy:compileGroovy UP-TO-DATE
:modelGroovy:processResources UP-TO-DATE
:modelGroovy:classes
:modelGroovy:jar
:native:classpathManifest
Download https://repo.gradle.org/gradle/libs/net/java/dev/jna/jna/3.2.7/jna-3.2.7.jar
Download https://repo.gradle.org/gradle/libs/net/rubygrapefruit/native-platform/0.10/native-platform-0.10.jar
Download https://repo.gradle.org/gradle/libs/org/fusesource/jansi/jansi/1.2.1/jansi-1.2.1.jar
Download https://repo.gradle.org/gradle/libs/net/rubygrapefruit/native-platform-osx-i386/0.10/native-platform-osx-i386-0.10.jar
Download https://repo.gradle.org/gradle/libs/net/rubygrapefruit/native-platform-osx-amd64/0.10/native-platform-osx-amd64-0.10.jar
Download https://repo.gradle.org/gradle/libs/net/rubygrapefruit/native-platform-linux-amd64/0.10/native-platform-linux-amd64-0.10.jar
Download https://repo.gradle.org/gradle/libs/net/rubygrapefruit/native-platform-linux-i386/0.10/native-platform-linux-i386-0.10.jar
Download https://repo.gradle.org/gradle/libs/net/rubygrapefruit/native-platform-windows-amd64/0.10/native-platform-windows-amd64-0.10.jar
Download https://repo.gradle.org/gradle/libs/net/rubygrapefruit/native-platform-windows-i386/0.10/native-platform-windows-i386-0.10.jar
Download https://repo.gradle.org/gradle/libs/net/rubygrapefruit/native-platform-freebsd-i386/0.10/native-platform-freebsd-i386-0.10.jar
Download https://repo.gradle.org/gradle/libs/net/rubygrapefruit/native-platform-freebsd-amd64/0.10/native-platform-freebsd-amd64-0.10.jar
:native:compileJavaNote: /home/travis/build/gradle/gradle/subprojects/native/src/main/java/org/gradle/internal/nativeintegration/services/NativeServices.java uses unchecked or unsafe operations.
Note: Recompile with -Xlint:unchecked for details.

:native:compileGroovy UP-TO-DATE
:native:processResources UP-TO-DATE
:native:classes
:native:jar
:resources:classpathManifest
:resources:compileJavaNote: /home/travis/build/gradle/gradle/subprojects/resources/src/main/java/org/gradle/internal/authentication/DefaultAuthenticationSchemeRegistry.java uses unchecked or unsafe operations.
Note: Recompile with -Xlint:unchecked for details.

:resources:compileGroovy UP-TO-DATE
:resources:processResources UP-TO-DATE
:resources:classes
:resources:jar
:core:compileJava UP-TO-DATE
:core:compileGroovy/home/travis/build/gradle/gradle/subprojects/core/src/main/groovy/org/gradle/api/internal/artifacts/dsl/DefaultRepositoryHandler.java:41: error: ';' expected
    public static final String JITPACK_URL = "https://jitpack.io"
                                                                 ^
1 error
startup failed:
Compilation failed; see the compiler error output for details.

1 error

 FAILED
:core:pluginsManifest
:core:processResources
:dependencyManagement:classpathManifest
Download https://repo.gradle.org/gradle/libs/org/apache/ivy/ivy/2.2.0/ivy-2.2.0.jar
Download https://repo.gradle.org/gradle/libs/com/google/code/gson/gson/2.2.4/gson-2.2.4.jar
Download https://repo.gradle.org/gradle/libs/org/apache/maven/maven-core/3.0.4/maven-core-3.0.4.jar
Download https://repo.gradle.org/gradle/libs/org/apache/xbean/xbean-reflect/3.4/xbean-reflect-3.4.jar
Download https://repo.gradle.org/gradle/libs/org/bouncycastle/bcprov-jdk15on/1.51/bcprov-jdk15on-1.51.jar
Download https://repo.gradle.org/gradle/libs/com/jcraft/jsch/0.1.53/jsch-0.1.53.jar
Download https://repo.gradle.org/gradle/libs/org/sonatype/aether/aether-util/1.13.1/aether-util-1.13.1.jar
Download https://repo.gradle.org/gradle/libs/org/sonatype/aether/aether-impl/1.13.1/aether-impl-1.13.1.jar
Download https://repo.gradle.org/gradle/libs/org/sonatype/aether/aether-spi/1.13.1/aether-spi-1.13.1.jar
Download https://repo.gradle.org/gradle/libs/org/apache/maven/wagon/wagon-provider-api/2.4/wagon-provider-api-2.4.jar
Download https://repo.gradle.org/gradle/libs/org/apache/maven/maven-aether-provider/3.0.4/maven-aether-provider-3.0.4.jar
Download https://repo.gradle.org/gradle/libs/org/apache/maven/maven-repository-metadata/3.0.4/maven-repository-metadata-3.0.4.jar
Download https://repo.gradle.org/gradle/libs/org/codehaus/plexus/plexus-classworlds/2.4/plexus-classworlds-2.4.jar
Download https://repo.gradle.org/gradle/libs/org/sonatype/aether/aether-connector-wagon/1.13.1/aether-connector-wagon-1.13.1.jar
Download https://repo.gradle.org/gradle/libs/org/apache/maven/maven-model/3.0.4/maven-model-3.0.4.jar
Download https://repo.gradle.org/gradle/libs/org/apache/maven/wagon/wagon-http/2.4/wagon-http-2.4.jar
Download https://repo.gradle.org/gradle/libs/org/apache/maven/maven-settings-builder/3.0.4/maven-settings-builder-3.0.4.jar
Download https://repo.gradle.org/gradle/libs/org/apache/maven/maven-compat/3.0.4/maven-compat-3.0.4.jar
Download https://repo.gradle.org/gradle/libs/org/codehaus/plexus/plexus-component-annotations/1.5.5/plexus-component-annotations-1.5.5.jar
Download https://repo.gradle.org/gradle/libs/org/apache/maven/maven-plugin-api/3.0.4/maven-plugin-api-3.0.4.jar
Download https://repo.gradle.org/gradle/libs/org/codehaus/plexus/plexus-container-default/1.5.5/plexus-container-default-1.5.5.jar
Download https://repo.gradle.org/gradle/libs/org/apache/maven/maven-artifact/3.0.4/maven-artifact-3.0.4.jar
Download https://repo.gradle.org/gradle/libs/org/codehaus/plexus/plexus-interpolation/1.14/plexus-interpolation-1.14.jar
Download https://repo.gradle.org/gradle/libs/org/apache/maven/maven-settings/3.0.4/maven-settings-3.0.4.jar
Download https://repo.gradle.org/gradle/libs/org/sonatype/aether/aether-api/1.13.1/aether-api-1.13.1.jar
Download https://repo.gradle.org/gradle/libs/org/sonatype/plexus/plexus-cipher/1.7/plexus-cipher-1.7.jar
Download https://repo.gradle.org/gradle/libs/org/apache/maven/wagon/wagon-file/2.4/wagon-file-2.4.jar
Download https://repo.gradle.org/gradle/libs/org/apache/maven/maven-model-builder/3.0.4/maven-model-builder-3.0.4.jar
Download https://repo.gradle.org/gradle/libs/org/codehaus/plexus/plexus-utils/2.0.6/plexus-utils-2.0.6.jar
Download https://repo.gradle.org/gradle/libs/org/apache/maven/wagon/wagon-http-shared4/2.4/wagon-http-shared4-2.4.jar
:docs:classpathManifest
:docs:compileJava UP-TO-DATE
:docs:compileGroovy UP-TO-DATE
:docs:dslMetaData
Parsed 1149 classes in 7.203 secs
:docs:defaultImports
Multiple DSL types have short name 'MavenPom'
    * org.gradle.api.publish.maven.MavenPom
    * org.gradle.api.artifacts.maven.MavenPom
Multiple DSL types have short name 'Jar'
    * org.gradle.jvm.tasks.Jar
    * org.gradle.api.tasks.bundling.Jar
Multiple DSL types have short name 'DependentSourceSet'
    * org.gradle.language.base.DependentSourceSet
    * org.gradle.language.nativeplatform.DependentSourceSet
Multiple DSL types have short name 'BuildResult'
    * org.gradle.BuildResult
    * org.gradle.testkit.runner.BuildResult
Multiple DSL types have short name 'CreateStartScripts'
    * org.gradle.api.tasks.application.CreateStartScripts
    * org.gradle.jvm.application.tasks.CreateStartScripts
:docs:processResources UP-TO-DATE
:docs:classes
:docs:jar
:dependencyManagement:processResources
:diagnostics:classpathManifest
:platformBase:classpathManifest
:platformBase:processResources
:reporting:classpathManifest
Download https://repo.gradle.org/gradle/libs/com/googlecode/jatl/jatl/0.2.2/jatl-0.2.2.jar
:reporting:processResources
:reporting:reportResources
Download http://ajax.googleapis.com/ajax/libs/jquery/1.11.0/jquery.min.js
:diagnostics:processResources
:languageGroovy:classpathManifest
:languageJava:classpathManifest
:languageJvm:classpathManifest
:platformJvm:classpathManifest
:platformJvm:processResources
:languageJvm:processResources
:languageJava:processResources
:languageGroovy:processResources UP-TO-DATE
:plugins:classpathManifest
Download https://repo.gradle.org/gradle/libs/org/testng/testng/6.3.1/testng-6.3.1.jar
Download https://repo.gradle.org/gradle/libs/org/beanshell/bsh/2.0b4/bsh-2.0b4.jar
Download https://repo.gradle.org/gradle/libs/com/beust/jcommander/1.12/jcommander-1.12.jar
Download https://repo.gradle.org/gradle/libs/org/yaml/snakeyaml/1.6/snakeyaml-1.6.jar
Download https://repo.gradle.org/gradle/libs/org/hamcrest/hamcrest-core/1.3/hamcrest-core-1.3.jar
:plugins:processResources
:wrapper:classpathManifest
:wrapper:compileJava
:wrapper:compileGroovy UP-TO-DATE
:wrapper:processResources UP-TO-DATE
:wrapper:classes
:wrapper:executableJar
:plugins:wrapperJar
:antlr:processResources
:internalTesting:classpathManifest
Download https://repo.gradle.org/gradle/libs/org/jmock/jmock/2.5.1/jmock-2.5.1.pom
Download https://repo.gradle.org/gradle/libs/org/jmock/jmock-parent/2.5.1/jmock-parent-2.5.1.pom
Download https://repo.gradle.org/gradle/libs/org/hamcrest/hamcrest-library/1.3/hamcrest-library-1.3.pom
Download https://repo.gradle.org/gradle/libs/org/jmock/jmock-junit4/2.5.1/jmock-junit4-2.5.1.pom
Download https://repo.gradle.org/gradle/libs/org/jmock/jmock-legacy/2.5.1/jmock-legacy-2.5.1.pom
Download https://repo.gradle.org/gradle/libs/org/spockframework/spock-core/0.7-groovy-2.0/spock-core-0.7-groovy-2.0.pom
Download https://repo.gradle.org/gradle/libs/com/google/code/findbugs/jsr305/1.3.9/jsr305-1.3.9.pom
Download https://repo.gradle.org/gradle/libs/cglib/cglib-nodep/2.2.2/cglib-nodep-2.2.2.pom
Download https://repo.gradle.org/gradle/libs/org/jmock/jmock/2.5.1/jmock-2.5.1.jar
Download https://repo.gradle.org/gradle/libs/org/hamcrest/hamcrest-library/1.3/hamcrest-library-1.3.jar
Download https://repo.gradle.org/gradle/libs/org/jmock/jmock-junit4/2.5.1/jmock-junit4-2.5.1.jar
Download https://repo.gradle.org/gradle/libs/org/jmock/jmock-legacy/2.5.1/jmock-legacy-2.5.1.jar
Download https://repo.gradle.org/gradle/libs/org/spockframework/spock-core/0.7-groovy-2.0/spock-core-0.7-groovy-2.0.jar
Download https://repo.gradle.org/gradle/libs/com/google/code/findbugs/jsr305/1.3.9/jsr305-1.3.9.jar
Download https://repo.gradle.org/gradle/libs/cglib/cglib-nodep/2.2.2/cglib-nodep-2.2.2.jar
:internalTesting:compileJava UP-TO-DATE
:internalTesting:compileGroovyNote: /home/travis/build/gradle/gradle/subprojects/internal-testing/src/main/groovy/org/gradle/test/fixtures/file/TestFile.java uses or overrides a deprecated API.
Note: Recompile with -Xlint:deprecation for details.

:internalTesting:processResources UP-TO-DATE
:internalTesting:classes
:internalTesting:jar
:core:processTestFixturesResources UP-TO-DATE
:antlr:processTestResources UP-TO-DATE
:internalIntegTesting:classpathManifest
Download https://repo.gradle.org/gradle/libs/org/mortbay/jetty/jetty/6.1.25/jetty-6.1.25.pom
Download https://repo.gradle.org/gradle/libs/org/mortbay/jetty/project/6.1.25/project-6.1.25.pom
Download https://repo.gradle.org/gradle/libs/org/mortbay/jetty/jetty-parent/10/jetty-parent-10.pom
Download https://repo.gradle.org/gradle/libs/org/eclipse/jetty/jetty-parent/14/jetty-parent-14.pom
Download https://repo.gradle.org/gradle/libs/org/littleshoot/littleproxy/0.4/littleproxy-0.4.pom
Download https://repo.gradle.org/gradle/libs/org/apache/sshd/sshd-core/0.13.0/sshd-core-0.13.0.pom
Download https://repo.gradle.org/gradle/libs/org/apache/sshd/sshd/0.13.0/sshd-0.13.0.pom
Download https://repo.gradle.org/gradle/libs/org/apache/apache/15/apache-15.pom
Download https://repo.gradle.org/gradle/libs/joda-time/joda-time/2.8.2/joda-time-2.8.2.pom
Download https://repo.gradle.org/gradle/libs/org/samba/jcifs/jcifs/1.3.17/jcifs-1.3.17.pom
Download https://repo.gradle.org/gradle/libs/org/mortbay/jetty/jetty-util/6.1.25/jetty-util-6.1.25.pom
Download https://repo.gradle.org/gradle/libs/org/mortbay/jetty/servlet-api/2.5-20081211/servlet-api-2.5-20081211.pom
Download https://repo.gradle.org/gradle/libs/org/mortbay/jetty/jetty-parent/7/jetty-parent-7.pom
Download https://repo.gradle.org/gradle/libs/org/jboss/netty/netty/3.2.4.Final/netty-3.2.4.Final.pom
Download https://repo.gradle.org/gradle/libs/org/jboss/jboss-parent/5/jboss-parent-5.pom
Download https://repo.gradle.org/gradle/libs/org/apache/mina/mina-core/2.0.8/mina-core-2.0.8.pom
Download https://repo.gradle.org/gradle/libs/org/apache/mina/mina-parent/2.0.8/mina-parent-2.0.8.pom
Download https://repo.gradle.org/gradle/libs/org/apache/apache/14/apache-14.pom
Download https://repo.gradle.org/gradle/libs/dom4j/dom4j/1.6.1/dom4j-1.6.1.pom
Download https://repo.gradle.org/gradle/libs/jaxen/jaxen/1.1/jaxen-1.1.pom
Download https://repo.gradle.org/gradle/libs/org/apache/httpcomponents/httpclient/4.2.2/httpclient-4.2.2.pom
Download https://repo.gradle.org/gradle/libs/org/apache/httpcomponents/httpcomponents-client/4.2.2/httpcomponents-client-4.2.2.pom
Download https://repo.gradle.org/gradle/libs/org/apache/httpcomponents/project/6/project-6.pom
Download https://repo.gradle.org/gradle/libs/net/sourceforge/nekohtml/nekohtml/1.9.14/nekohtml-1.9.14.pom
Download https://repo.gradle.org/gradle/libs/commons-codec/commons-codec/1.6/commons-codec-1.6.pom
Download https://repo.gradle.org/gradle/libs/org/apache/commons/commons-parent/22/commons-parent-22.pom
Download https://repo.gradle.org/gradle/libs/org/apache/httpcomponents/httpcore/4.2.2/httpcore-4.2.2.pom
Download https://repo.gradle.org/gradle/libs/org/apache/httpcomponents/httpcomponents-core/4.2.2/httpcomponents-core-4.2.2.pom
Download https://repo.gradle.org/gradle/libs/xerces/xercesImpl/2.9.1/xercesImpl-2.9.1.pom
Download https://repo.gradle.org/gradle/libs/xml-apis/xml-apis/1.3.04/xml-apis-1.3.04.pom
Download https://repo.gradle.org/gradle/libs/org/apache/apache/3/apache-3.pom
Download https://repo.gradle.org/gradle/libs/org/mortbay/jetty/jetty/6.1.25/jetty-6.1.25.jar
Download https://repo.gradle.org/gradle/libs/org/littleshoot/littleproxy/0.4/littleproxy-0.4.jar
Download https://repo.gradle.org/gradle/libs/org/apache/sshd/sshd-core/0.13.0/sshd-core-0.13.0.jar
Download https://repo.gradle.org/gradle/libs/joda-time/joda-time/2.8.2/joda-time-2.8.2.jar
Download https://repo.gradle.org/gradle/libs/org/samba/jcifs/jcifs/1.3.17/jcifs-1.3.17.jar
Download https://repo.gradle.org/gradle/libs/org/mortbay/jetty/servlet-api/2.5-20081211/servlet-api-2.5-20081211.jar
Download https://repo.gradle.org/gradle/libs/org/mortbay/jetty/jetty-util/6.1.25/jetty-util-6.1.25.jar
Download https://repo.gradle.org/gradle/libs/org/jboss/netty/netty/3.2.4.Final/netty-3.2.4.Final.jar
Download https://repo.gradle.org/gradle/libs/org/apache/mina/mina-core/2.0.8/mina-core-2.0.8.jar
:launcher:classpathManifest
:openApi:classpathManifest
:openApi:compileJavaNote: Some input files use or override a deprecated API.
Note: Recompile with -Xlint:deprecation for details.

:openApi:compileGroovy UP-TO-DATE
:openApi:processResources UP-TO-DATE
:openApi:classes
:openApi:jar
:toolingApi:classpathManifest
:wrapper:jar
:toolingApi:processResources UP-TO-DATE
:ui:classpathManifest
Download https://repo.gradle.org/gradle/libs/dom4j/dom4j/1.6.1/dom4j-1.6.1.jar
Download https://repo.gradle.org/gradle/libs/jaxen/jaxen/1.1/jaxen-1.1.jar
:ui:processResources
:launcher:processResources
:internalIntegTesting:prepareVersionsInfo
:internalIntegTesting:processResources
:pluginUse:classpathManifest
:resourcesHttp:classpathManifest
Download https://repo.gradle.org/gradle/libs/org/apache/httpcomponents/httpclient/4.2.2/httpclient-4.2.2.jar
Download https://repo.gradle.org/gradle/libs/net/sourceforge/nekohtml/nekohtml/1.9.14/nekohtml-1.9.14.jar
Download https://repo.gradle.org/gradle/libs/commons-codec/commons-codec/1.6/commons-codec-1.6.jar
Download https://repo.gradle.org/gradle/libs/org/apache/httpcomponents/httpcore/4.2.2/httpcore-4.2.2.jar
Download https://repo.gradle.org/gradle/libs/xml-apis/xml-apis/1.3.04/xml-apis-1.3.04.jar
Download https://repo.gradle.org/gradle/libs/xerces/xercesImpl/2.9.1/xercesImpl-2.9.1.jar
:resourcesHttp:processResources
:pluginUse:processResources
:antlr:processIntegTestResources UP-TO-DATE
:antlr:codenarcIntegTest
:antlr:codenarcMain UP-TO-DATE
:antlr:codenarcTest
:buildInit:classpathManifest
:buildInit:generateTemplateVersionFile
Download https://repo.gradle.org/gradle/libs/org/scala-lang/scala-library/2.12.0-M3/scala-library-2.12.0-M3.pom
Download https://repo.gradle.org/gradle/libs/org/scala-lang/scala-library/2.12.0-M2/scala-library-2.12.0-M2.pom
Download https://repo.gradle.org/gradle/libs/org/scala-lang/scala-library/2.12.0-M1/scala-library-2.12.0-M1.pom
Download https://repo.gradle.org/gradle/libs/org/scala-lang/scala-library/2.11.7/scala-library-2.11.7.pom
Download https://repo.gradle.org/gradle/libs/org/scalatest/scalatest_2.11/3.0.0-SNAP13/scalatest_2.11-3.0.0-SNAP13.pom
Download https://repo.gradle.org/gradle/libs/org/scalatest/scalatest_2.11/3.0.0-SNAP12/scalatest_2.11-3.0.0-SNAP12.pom
Download https://repo.gradle.org/gradle/libs/org/scalatest/scalatest_2.11/3.0.0-SNAP11/scalatest_2.11-3.0.0-SNAP11.pom
Download https://repo.gradle.org/gradle/libs/org/scalatest/scalatest_2.11/3.0.0-SNAP10/scalatest_2.11-3.0.0-SNAP10.pom
Download https://repo.gradle.org/gradle/libs/org/scalatest/scalatest_2.11/3.0.0-SNAP9/scalatest_2.11-3.0.0-SNAP9.pom
Download https://repo.gradle.org/gradle/libs/org/scalatest/scalatest_2.11/3.0.0-SNAP8/scalatest_2.11-3.0.0-SNAP8.pom
Download https://repo.gradle.org/gradle/libs/org/scalatest/scalatest_2.11/3.0.0-SNAP7/scalatest_2.11-3.0.0-SNAP7.pom
Download https://repo.gradle.org/gradle/libs/org/scalatest/scalatest_2.11/3.0.0-SNAP6/scalatest_2.11-3.0.0-SNAP6.pom
Download https://repo.gradle.org/gradle/libs/org/scalatest/scalatest_2.11/3.0.0-SNAP5/scalatest_2.11-3.0.0-SNAP5.pom
Download https://repo.gradle.org/gradle/libs/org/scalatest/scalatest_2.11/3.0.0-SNAP4/scalatest_2.11-3.0.0-SNAP4.pom
Download https://repo.gradle.org/gradle/libs/org/scalatest/scalatest_2.11/3.0.0-SNAP3/scalatest_2.11-3.0.0-SNAP3.pom
Download https://repo.gradle.org/gradle/libs/org/scalatest/scalatest_2.11/3.0.0-SNAP2/scalatest_2.11-3.0.0-SNAP2.pom
Download https://repo.gradle.org/gradle/libs/org/scalatest/scalatest_2.11/3.0.0-SNAP1/scalatest_2.11-3.0.0-SNAP1.pom
Download https://repo.gradle.org/gradle/libs/org/scalatest/scalatest_2.11/3.0.0-M12/scalatest_2.11-3.0.0-M12.pom
Download https://repo.gradle.org/gradle/libs/org/scalatest/scalatest_2.11/3.0.0-M11/scalatest_2.11-3.0.0-M11.pom
Download https://repo.gradle.org/gradle/libs/org/scalatest/scalatest_2.11/3.0.0-M10/scalatest_2.11-3.0.0-M10.pom
Download https://repo.gradle.org/gradle/libs/org/scalatest/scalatest_2.11/3.0.0-M9/scalatest_2.11-3.0.0-M9.pom
Download https://repo.gradle.org/gradle/libs/org/scalatest/scalatest_2.11/3.0.0-M8/scalatest_2.11-3.0.0-M8.pom
Download https://repo.gradle.org/gradle/libs/org/scalatest/scalatest_2.11/3.0.0-M7/scalatest_2.11-3.0.0-M7.pom
Download https://repo.gradle.org/gradle/libs/org/scalatest/scalatest_2.11/3.0.0-M6/scalatest_2.11-3.0.0-M6.pom
Download https://repo.gradle.org/gradle/libs/org/scalatest/scalatest_2.11/3.0.0-M5/scalatest_2.11-3.0.0-M5.pom
Download https://repo.gradle.org/gradle/libs/org/scalatest/scalatest_2.11/3.0.0-M4/scalatest_2.11-3.0.0-M4.pom
Download https://repo.gradle.org/gradle/libs/org/scalatest/scalatest_2.11/3.0.0-M3/scalatest_2.11-3.0.0-M3.pom
Download https://repo.gradle.org/gradle/libs/org/scalatest/scalatest_2.11/3.0.0-M2/scalatest_2.11-3.0.0-M2.pom
Download https://repo.gradle.org/gradle/libs/org/scalatest/scalatest_2.11/3.0.0-M1/scalatest_2.11-3.0.0-M1.pom
Download https://repo.gradle.org/gradle/libs/org/scalatest/scalatest_2.11/2.3.0-SNAP2/scalatest_2.11-2.3.0-SNAP2.pom
Download https://repo.gradle.org/gradle/libs/org/scalatest/scalatest_2.11/2.3.0-SNAP1/scalatest_2.11-2.3.0-SNAP1.pom
Download https://repo.gradle.org/gradle/libs/org/scalatest/scalatest_2.11/2.2.6-SNAP1/scalatest_2.11-2.2.6-SNAP1.pom
Download https://repo.gradle.org/gradle/libs/org/scalatest/scalatest_2.11/2.2.6-M1/scalatest_2.11-2.2.6-M1.pom
Download https://repo.gradle.org/gradle/libs/org/scalatest/scalatest_2.11/2.2.5/scalatest_2.11-2.2.5.pom
Download https://repo.gradle.org/gradle/libs/org/scala-lang/modules/scala-xml_2.11/1.0.5/scala-xml_2.11-1.0.5.pom
Download https://repo.gradle.org/gradle/libs/org/codehaus/groovy/groovy/2.4.5/groovy-2.4.5.pom
Download https://repo.gradle.org/gradle/libs/org/slf4j/slf4j-api/1.7.13/slf4j-api-1.7.13.pom
Download https://repo.gradle.org/gradle/libs/org/slf4j/slf4j-parent/1.7.13/slf4j-parent-1.7.13.pom
:buildInit:processResources
:buildInit:processTestResources UP-TO-DATE
:buildInit:processIntegTestResources
:buildInit:codenarcIntegTest
:buildInit:codenarcMain
:buildInit:codenarcTest
:dependencyManagement:processTestFixturesResources UP-TO-DATE
:messaging:compileTestFixturesJava UP-TO-DATE
:messaging:compileTestFixturesGroovy
:messaging:processTestFixturesResources UP-TO-DATE
:messaging:testFixturesClasses
:dependencyManagement:processTestResources
:dependencyManagement:processIntegTestResources
:dependencyManagement:codenarcIntegTest
:dependencyManagement:codenarcMain UP-TO-DATE
:dependencyManagement:codenarcTest
:dependencyManagement:codenarcTestFixtures
:docs:checkstyleApi
:ear:classpathManifest
:ear:processResources
:ear:processTestResources UP-TO-DATE
:ear:processIntegTestResources
:ear:codenarcIntegTest
:ear:codenarcMain
:ear:codenarcTest
:internalIntegTesting:processTestResources UP-TO-DATE
:internalIntegTesting:processIntegTestResources UP-TO-DATE
:internalIntegTesting:codenarcIntegTest UP-TO-DATE
:internalIntegTesting:codenarcMain
:internalIntegTesting:codenarcTest
:javascript:classpathManifest
Download https://repo.gradle.org/gradle/libs/org/mozilla/rhino/1.7R3/rhino-1.7R3.pom
Download https://repo.gradle.org/gradle/libs/org/simpleframework/simple/4.1.21/simple-4.1.21.pom
Download https://repo.gradle.org/gradle/libs/org/mozilla/rhino/1.7R3/rhino-1.7R3.jar
Download https://repo.gradle.org/gradle/libs/org/simpleframework/simple/4.1.21/simple-4.1.21.jar
:javascript:processResources
:javascript:processTestFixturesResources UP-TO-DATE
:javascript:processTestResources UP-TO-DATE
:javascript:processIntegTestResources UP-TO-DATE
:javascript:codenarcIntegTest
:javascript:codenarcMain
:javascript:codenarcTest
:javascript:codenarcTestFixtures
:launcher:processTestFixturesResources UP-TO-DATE
:languageJvm:processTestFixturesResources UP-TO-DATE
:languageJvm:processTestResources UP-TO-DATE
:languageJvm:processIntegTestResources UP-TO-DATE
:languageJvm:codenarcIntegTest
:languageJvm:codenarcMain UP-TO-DATE
:languageJvm:codenarcTest
:languageJvm:codenarcTestFixtures
:publish:classpathManifest
:publish:processResources
:platformNative:classpathManifest
:platformNative:processResources
:platformNative:processTestFixturesResources UP-TO-DATE
:diagnostics:processTestFixturesResources UP-TO-DATE
:maven:classpathManifest
Download https://repo.gradle.org/gradle/libs/org/sonatype/pmaven/pmaven-common/0.8-20100325/pmaven-common-0.8-20100325.pom
Download https://repo.gradle.org/gradle/libs/org/sonatype/pmaven/pmaven-groovy/0.8-20100325/pmaven-groovy-0.8-20100325.pom
Download https://repo.gradle.org/gradle/libs/org/codehaus/plexus/plexus-component-annotations/1.5.2/plexus-component-annotations-1.5.2.pom
Download https://repo.gradle.org/gradle/libs/org/codehaus/plexus/plexus-containers/1.5.2/plexus-containers-1.5.2.pom
Download https://repo.gradle.org/gradle/libs/org/codehaus/plexus/plexus/2.0.3/plexus-2.0.3.pom
Download https://repo.gradle.org/gradle/libs/org/sonatype/pmaven/pmaven-common/0.8-20100325/pmaven-common-0.8-20100325.jar
Download https://repo.gradle.org/gradle/libs/org/sonatype/pmaven/pmaven-groovy/0.8-20100325/pmaven-groovy-0.8-20100325.jar
:maven:processResources
:maven:processTestFixturesResources UP-TO-DATE
:modelCore:processTestFixturesResources
:maven:processTestResources UP-TO-DATE
:maven:processIntegTestResources
:maven:codenarcIntegTest
:maven:codenarcMain
:maven:codenarcTest
:maven:codenarcTestFixtures
:native:checkstyleGroovy UP-TO-DATE
:native:processTestResources UP-TO-DATE
:native:processIntegTestResources UP-TO-DATE
:native:checkstyleMain
:native:classycleMain
Download https://repo.gradle.org/gradle/libs/classycle/classycle/1.4/classycle-1.4.pom
Download https://repo.gradle.org/gradle/libs/classycle/classycle/1.4/classycle-1.4.jar
:native:codenarcIntegTest UP-TO-DATE
:native:codenarcMain UP-TO-DATE
:native:codenarcTest
:platformBase:processTestFixturesResources UP-TO-DATE
:platformBase:processTestResources UP-TO-DATE
:platformBase:processIntegTestResources UP-TO-DATE
:platformBase:codenarcIntegTest
:platformBase:codenarcMain UP-TO-DATE
:platformBase:codenarcTest
:platformBase:codenarcTestFixtures
:pluginDevelopment:classpathManifest
:pluginDevelopment:processResources
:pluginDevelopment:processTestResources UP-TO-DATE
:pluginDevelopment:processIntegTestResources UP-TO-DATE
:pluginDevelopment:codenarcIntegTest
:pluginDevelopment:codenarcMain UP-TO-DATE
:pluginDevelopment:codenarcTest
:reporting:processTestResources UP-TO-DATE
:reporting:processIntegTestResources UP-TO-DATE
:reporting:codenarcIntegTest
:reporting:codenarcMain UP-TO-DATE
:reporting:codenarcTest
:ivy:classpathManifest
:ivy:processResources
:ivy:processTestFixturesResources UP-TO-DATE
:resourcesSftp:classpathManifest
:resourcesSftp:processResources
:resourcesSftp:processTestResources UP-TO-DATE
:resourcesSftp:processIntegTestResources UP-TO-DATE
:resourcesSftp:codenarcIntegTest
:resourcesSftp:codenarcMain UP-TO-DATE
:resourcesSftp:codenarcTest
:testKit:classpathManifest
:testKit:processResources UP-TO-DATE
:testKit:processTestResources UP-TO-DATE
:testKit:processIntegTestResources UP-TO-DATE
:testKit:codenarcIntegTest
:testKit:codenarcMain UP-TO-DATE
:testKit:codenarcTest
:toolingApiBuilders:classpathManifest
:toolingApiBuilders:processResources
:toolingApiBuilders:processTestResources UP-TO-DATE
:toolingApiBuilders:processIntegTestResources UP-TO-DATE
:toolingApiBuilders:codenarcIntegTest UP-TO-DATE
:toolingApiBuilders:codenarcMain UP-TO-DATE
:toolingApiBuilders:codenarcTest
:stopHeartBeat
Shutting down heartbeat.
Heartbeat thread Interrupted

FAILURE: Build failed with an exception.

* What went wrong:
Execution failed for task ':core:compileGroovy'.
> Compilation failed; see the compiler error output for details.

* Try:
Run with --info or --debug option to get more log output.

* Exception is:
org.gradle.api.tasks.TaskExecutionException: Execution failed for task ':core:compileGroovy'.
	at org.gradle.api.internal.tasks.execution.ExecuteActionsTaskExecuter.executeActions(ExecuteActionsTaskExecuter.java:69)
	at org.gradle.api.internal.tasks.execution.ExecuteActionsTaskExecuter.execute(ExecuteActionsTaskExecuter.java:46)
	at org.gradle.api.internal.tasks.execution.PostExecutionAnalysisTaskExecuter.execute(PostExecutionAnalysisTaskExecuter.java:35)
	at org.gradle.api.internal.tasks.execution.SkipUpToDateTaskExecuter.execute(SkipUpToDateTaskExecuter.java:64)
	at org.gradle.api.internal.tasks.execution.ValidatingTaskExecuter.execute(ValidatingTaskExecuter.java:58)
	at org.gradle.api.internal.tasks.execution.SkipEmptySourceFilesTaskExecuter.execute(SkipEmptySourceFilesTaskExecuter.java:52)
	at org.gradle.api.internal.tasks.execution.SkipTaskWithNoActionsExecuter.execute(SkipTaskWithNoActionsExecuter.java:52)
	at org.gradle.api.internal.tasks.execution.SkipOnlyIfTaskExecuter.execute(SkipOnlyIfTaskExecuter.java:53)
	at org.gradle.api.internal.tasks.execution.ExecuteAtMostOnceTaskExecuter.execute(ExecuteAtMostOnceTaskExecuter.java:43)
	at org.gradle.execution.taskgraph.DefaultTaskGraphExecuter$EventFiringTaskWorker.execute(DefaultTaskGraphExecuter.java:203)
	at org.gradle.execution.taskgraph.DefaultTaskGraphExecuter$EventFiringTaskWorker.execute(DefaultTaskGraphExecuter.java:185)
	at org.gradle.execution.taskgraph.AbstractTaskPlanExecutor$TaskExecutorWorker.processTask(AbstractTaskPlanExecutor.java:66)
	at org.gradle.execution.taskgraph.AbstractTaskPlanExecutor$TaskExecutorWorker.run(AbstractTaskPlanExecutor.java:50)
	at org.gradle.execution.taskgraph.DefaultTaskPlanExecutor.process(DefaultTaskPlanExecutor.java:25)
	at org.gradle.execution.taskgraph.DefaultTaskGraphExecuter.execute(DefaultTaskGraphExecuter.java:110)
	at org.gradle.execution.SelectedTaskExecutionAction.execute(SelectedTaskExecutionAction.java:37)
	at org.gradle.execution.DefaultBuildExecuter.execute(DefaultBuildExecuter.java:37)
	at org.gradle.execution.DefaultBuildExecuter.access$000(DefaultBuildExecuter.java:23)
	at org.gradle.execution.DefaultBuildExecuter$1.proceed(DefaultBuildExecuter.java:43)
	at org.gradle.execution.DryRunBuildExecutionAction.execute(DryRunBuildExecutionAction.java:32)
	at org.gradle.execution.DefaultBuildExecuter.execute(DefaultBuildExecuter.java:37)
	at org.gradle.execution.DefaultBuildExecuter.execute(DefaultBuildExecuter.java:30)
	at org.gradle.initialization.DefaultGradleLauncher$4.run(DefaultGradleLauncher.java:154)
	at org.gradle.internal.Factories$1.create(Factories.java:22)
	at org.gradle.internal.progress.DefaultBuildOperationExecutor.run(DefaultBuildOperationExecutor.java:90)
	at org.gradle.internal.progress.DefaultBuildOperationExecutor.run(DefaultBuildOperationExecutor.java:52)
	at org.gradle.initialization.DefaultGradleLauncher.doBuildStages(DefaultGradleLauncher.java:151)
	at org.gradle.initialization.DefaultGradleLauncher.access$200(DefaultGradleLauncher.java:32)
	at org.gradle.initialization.DefaultGradleLauncher$1.create(DefaultGradleLauncher.java:99)
	at org.gradle.initialization.DefaultGradleLauncher$1.create(DefaultGradleLauncher.java:93)
	at org.gradle.internal.progress.DefaultBuildOperationExecutor.run(DefaultBuildOperationExecutor.java:90)
	at org.gradle.internal.progress.DefaultBuildOperationExecutor.run(DefaultBuildOperationExecutor.java:62)
	at org.gradle.initialization.DefaultGradleLauncher.doBuild(DefaultGradleLauncher.java:93)
	at org.gradle.initialization.DefaultGradleLauncher.run(DefaultGradleLauncher.java:82)
	at org.gradle.launcher.exec.InProcessBuildActionExecuter$DefaultBuildController.run(InProcessBuildActionExecuter.java:94)
	at org.gradle.tooling.internal.provider.ExecuteBuildActionRunner.run(ExecuteBuildActionRunner.java:28)
	at org.gradle.launcher.exec.ChainingBuildActionRunner.run(ChainingBuildActionRunner.java:35)
	at org.gradle.launcher.exec.InProcessBuildActionExecuter.execute(InProcessBuildActionExecuter.java:43)
	at org.gradle.launcher.exec.InProcessBuildActionExecuter.execute(InProcessBuildActionExecuter.java:28)
	at org.gradle.launcher.exec.ContinuousBuildActionExecuter.execute(ContinuousBuildActionExecuter.java:77)
	at org.gradle.launcher.exec.ContinuousBuildActionExecuter.execute(ContinuousBuildActionExecuter.java:47)
	at org.gradle.launcher.exec.DaemonUsageSuggestingBuildActionExecuter.execute(DaemonUsageSuggestingBuildActionExecuter.java:51)
	at org.gradle.launcher.exec.DaemonUsageSuggestingBuildActionExecuter.execute(DaemonUsageSuggestingBuildActionExecuter.java:28)
	at org.gradle.launcher.cli.RunBuildAction.run(RunBuildAction.java:43)
	at org.gradle.internal.Actions$RunnableActionAdapter.execute(Actions.java:170)
	at org.gradle.launcher.cli.CommandLineActionFactory$ParseAndBuildAction.execute(CommandLineActionFactory.java:237)
	at org.gradle.launcher.cli.CommandLineActionFactory$ParseAndBuildAction.execute(CommandLineActionFactory.java:210)
	at org.gradle.launcher.cli.JavaRuntimeValidationAction.execute(JavaRuntimeValidationAction.java:35)
	at org.gradle.launcher.cli.JavaRuntimeValidationAction.execute(JavaRuntimeValidationAction.java:24)
	at org.gradle.launcher.cli.CommandLineActionFactory$WithLogging.execute(CommandLineActionFactory.java:206)
	at org.gradle.launcher.cli.CommandLineActionFactory$WithLogging.execute(CommandLineActionFactory.java:169)
	at org.gradle.launcher.cli.ExceptionReportingAction.execute(ExceptionReportingAction.java:33)
	at org.gradle.launcher.cli.ExceptionReportingAction.execute(ExceptionReportingAction.java:22)
	at org.gradle.launcher.Main.doAction(Main.java:33)
	at org.gradle.launcher.bootstrap.EntryPoint.run(EntryPoint.java:45)
	at org.gradle.launcher.bootstrap.ProcessBootstrap.runNoExit(ProcessBootstrap.java:54)
	at org.gradle.launcher.bootstrap.ProcessBootstrap.run(ProcessBootstrap.java:35)
	at org.gradle.launcher.GradleMain.main(GradleMain.java:23)
	at org.gradle.wrapper.BootstrapMainStarter.start(BootstrapMainStarter.java:30)
	at org.gradle.wrapper.WrapperExecutor.execute(WrapperExecutor.java:129)
	at org.gradle.wrapper.GradleWrapperMain.main(GradleWrapperMain.java:61)
Caused by: org.gradle.api.internal.tasks.compile.CompilationFailedException: Compilation failed; see the compiler error output for details.
	at org.gradle.api.internal.tasks.compile.ApiGroovyCompiler.execute(ApiGroovyCompiler.java:167)
	at org.gradle.api.internal.tasks.compile.ApiGroovyCompiler.execute(ApiGroovyCompiler.java:52)
	at org.gradle.api.internal.tasks.compile.daemon.CompilerDaemonServer.execute(CompilerDaemonServer.java:53)
	at org.gradle.messaging.dispatch.ReflectionDispatch.dispatch(ReflectionDispatch.java:35)
	at org.gradle.messaging.dispatch.ReflectionDispatch.dispatch(ReflectionDispatch.java:24)
	at org.gradle.messaging.remote.internal.hub.MessageHub$Handler.run(MessageHub.java:360)
	at org.gradle.internal.concurrent.ExecutorPolicy$CatchAndRecordFailures.onExecute(ExecutorPolicy.java:54)
	at org.gradle.internal.concurrent.StoppableExecutorImpl$1.run(StoppableExecutorImpl.java:40)


BUILD FAILED

Total time: 3 mins 10.555 secs
travis_time:end:0baa3b08:start=1449485644632267170,finish=1449485835688285431,duration=191056018261[0K
[31;1mThe command "./travisci_build.sh" exited with 1.[0m

Done. Your build exited with 1.
